------------------------------------------------------------------------------------------------------------------------

[2020-05-04 00:01:32 #1 store] 
Database 'C:\Users\marko\git\LPCIS\Bets\resources\bets.temp' is opened by 14640@Marcos

[2020-05-04 00:01:32 #2 type] 
Type domain.Usuario is not enhanced.

[2020-05-04 00:01:32 #3 type] 
Type domain.Apuesta is not enhanced.

[2020-05-04 00:01:32 #4 type] 
Type domain.Monedero is not enhanced.

[2020-05-04 00:01:32 #5 type] 
Type domain.Event is not enhanced.

[2020-05-04 00:01:32 #6 type] 
Type domain.Pronostico is not enhanced.

[2020-05-04 00:01:32 #7 type] 
Type domain.Question is not enhanced.

[2020-05-04 00:01:32 #8 type] 
Type domain.Deporte is not enhanced.

------------------------------------------------------------------------------------------------------------------------

[2020-05-04 00:02:44 #1 store] 
Database 'C:\Users\marko\git\LPCIS\Bets\resources\bets.temp' is opened by 8200@Marcos

[2020-05-04 00:02:44 #2 type] 
Type domain.Usuario is not enhanced.

[2020-05-04 00:02:44 #3 type] 
Type domain.Apuesta is not enhanced.

[2020-05-04 00:02:44 #4 type] 
Type domain.Monedero is not enhanced.

[2020-05-04 00:02:44 #5 type] 
Type domain.Event is not enhanced.

[2020-05-04 00:02:44 #6 type] 
Type domain.Pronostico is not enhanced.

[2020-05-04 00:02:44 #7 type] 
Type domain.Question is not enhanced.

[2020-05-04 00:02:44 #8 type] 
Type domain.Deporte is not enhanced.

------------------------------------------------------------------------------------------------------------------------

[2020-05-04 00:03:59 #1 store] 
Database 'C:\Users\marko\git\LPCIS\Bets\resources\bets.temp' is opened by 18016@Marcos

[2020-05-04 00:03:59 #2 type] 
Type domain.Usuario is not enhanced.

[2020-05-04 00:03:59 #3 type] 
Type domain.Apuesta is not enhanced.

[2020-05-04 00:03:59 #4 type] 
Type domain.Monedero is not enhanced.

[2020-05-04 00:03:59 #5 type] 
Type domain.Event is not enhanced.

[2020-05-04 00:03:59 #6 type] 
Type domain.Pronostico is not enhanced.

[2020-05-04 00:03:59 #7 type] 
Type domain.Question is not enhanced.

[2020-05-04 00:03:59 #8 type] 
Type domain.Deporte is not enhanced.

------------------------------------------------------------------------------------------------------------------------

[2020-05-04 00:05:25 #1 store] 
Database 'C:\Users\marko\git\LPCIS\Bets\resources\bets.temp' is opened by 6364@Marcos

[2020-05-04 00:05:25 #2 type] 
Type domain.Usuario is not enhanced.

[2020-05-04 00:05:25 #3 type] 
Type domain.Apuesta is not enhanced.

[2020-05-04 00:05:25 #4 type] 
Type domain.Monedero is not enhanced.

[2020-05-04 00:05:25 #5 type] 
Type domain.Event is not enhanced.

[2020-05-04 00:05:25 #6 type] 
Type domain.Pronostico is not enhanced.

[2020-05-04 00:05:25 #7 type] 
Type domain.Question is not enhanced.

[2020-05-04 00:05:25 #8 type] 
Type domain.Deporte is not enhanced.

------------------------------------------------------------------------------------------------------------------------

[2020-05-04 00:11:29 #1 store] 
Database 'C:\Users\marko\git\LPCIS\Bets\resources\bets.temp' is opened by 8020@Marcos

[2020-05-04 00:11:29 #2 type] 
Type domain.Usuario is not enhanced.

[2020-05-04 00:11:29 #3 type] 
Type domain.Apuesta is not enhanced.

[2020-05-04 00:11:29 #4 type] 
Type domain.Monedero is not enhanced.

[2020-05-04 00:11:29 #5 type] 
Type domain.Event is not enhanced.

[2020-05-04 00:11:29 #6 type] 
Type domain.Pronostico is not enhanced.

[2020-05-04 00:11:29 #7 type] 
Type domain.Question is not enhanced.

[2020-05-04 00:11:29 #8 type] 
Type domain.Deporte is not enhanced.

------------------------------------------------------------------------------------------------------------------------

[2020-05-04 00:26:14 #1 store] 
Database 'C:\Users\marko\git\LPCIS\Bets\resources\bets.temp' is opened by 12472@Marcos

[2020-05-04 00:26:14 #2 type] 
Type domain.Usuario is not enhanced.

[2020-05-04 00:26:14 #3 type] 
Type domain.Apuesta is not enhanced.

[2020-05-04 00:26:14 #4 type] 
Type domain.Monedero is not enhanced.

[2020-05-04 00:26:14 #5 type] 
Type domain.Event is not enhanced.

[2020-05-04 00:26:14 #6 type] 
Type domain.Pronostico is not enhanced.

[2020-05-04 00:26:14 #7 type] 
Type domain.Question is not enhanced.

[2020-05-04 00:26:14 #8 type] 
Type domain.Deporte is not enhanced.

------------------------------------------------------------------------------------------------------------------------

[2020-05-04 00:31:37 #1 store] 
Database 'C:\Users\marko\git\LPCIS\Bets\resources\bets.temp' is opened by 4108@Marcos

[2020-05-04 00:31:37 #2 type] 
Type domain.Usuario is not enhanced.

[2020-05-04 00:31:37 #3 type] 
Type domain.Apuesta is not enhanced.

[2020-05-04 00:31:37 #4 type] 
Type domain.Monedero is not enhanced.

[2020-05-04 00:31:37 #5 type] 
Type domain.Event is not enhanced.

[2020-05-04 00:31:37 #6 type] 
Type domain.Pronostico is not enhanced.

[2020-05-04 00:31:37 #7 type] 
Type domain.Question is not enhanced.

[2020-05-04 00:31:37 #8 type] 
Type domain.Deporte is not enhanced.

------------------------------------------------------------------------------------------------------------------------

[2020-05-04 00:34:55 #1 store] 
Database 'C:\Users\marko\git\LPCIS\Bets\resources\bets.temp' is opened by 16856@Marcos

[2020-05-04 00:34:55 #2 type] 
Type domain.Usuario is not enhanced.

[2020-05-04 00:34:55 #3 type] 
Type domain.Apuesta is not enhanced.

[2020-05-04 00:34:55 #4 type] 
Type domain.Monedero is not enhanced.

[2020-05-04 00:34:55 #5 type] 
Type domain.Event is not enhanced.

[2020-05-04 00:34:55 #6 type] 
Type domain.Pronostico is not enhanced.

[2020-05-04 00:34:55 #7 type] 
Type domain.Question is not enhanced.

[2020-05-04 00:34:55 #8 type] 
Type domain.Deporte is not enhanced.

------------------------------------------------------------------------------------------------------------------------

[2020-05-04 00:38:37 #1 store] 
Database 'C:\Users\marko\git\LPCIS\Bets\resources\bets.temp' is opened by 10444@Marcos

[2020-05-04 00:38:37 #2 type] 
Type domain.Usuario is not enhanced.

[2020-05-04 00:38:37 #3 type] 
Type domain.Apuesta is not enhanced.

[2020-05-04 00:38:37 #4 type] 
Type domain.Monedero is not enhanced.

[2020-05-04 00:38:37 #5 type] 
Type domain.Event is not enhanced.

[2020-05-04 00:38:37 #6 type] 
Type domain.Pronostico is not enhanced.

[2020-05-04 00:38:37 #7 type] 
Type domain.Question is not enhanced.

[2020-05-04 00:38:37 #8 type] 
Type domain.Deporte is not enhanced.

------------------------------------------------------------------------------------------------------------------------

[2020-05-04 11:05:20 #1 store] 
Database 'C:\Users\marko\git\LPCIS\Bets\resources\bets.temp' is opened by 17264@Marcos

[2020-05-04 11:05:20 #2 type] 
Type domain.Usuario is not enhanced.

[2020-05-04 11:05:20 #3 type] 
Type domain.Apuesta is not enhanced.

[2020-05-04 11:05:20 #4 type] 
Type domain.Monedero is not enhanced.

[2020-05-04 11:05:20 #5 type] 
Type domain.Event is not enhanced.

[2020-05-04 11:05:20 #6 type] 
Type domain.Pronostico is not enhanced.

[2020-05-04 11:05:20 #7 type] 
Type domain.Question is not enhanced.

[2020-05-04 11:05:20 #8 type] 
Type domain.Deporte is not enhanced.

------------------------------------------------------------------------------------------------------------------------

[2020-05-04 11:08:11 #1 store] 
Database 'C:\Users\marko\git\LPCIS\Bets\resources\bets.temp' is opened by 15424@Marcos

[2020-05-04 11:08:11 #2 type] 
Type domain.Usuario is not enhanced.

[2020-05-04 11:08:11 #3 type] 
Type domain.Apuesta is not enhanced.

[2020-05-04 11:08:11 #4 type] 
Type domain.Monedero is not enhanced.

[2020-05-04 11:08:11 #5 type] 
Type domain.Event is not enhanced.

[2020-05-04 11:08:11 #6 type] 
Type domain.Pronostico is not enhanced.

[2020-05-04 11:08:11 #7 type] 
Type domain.Question is not enhanced.

[2020-05-04 11:08:11 #8 type] 
Type domain.Deporte is not enhanced.

------------------------------------------------------------------------------------------------------------------------

[2020-05-04 11:17:37 #1 store] 
Database 'C:\Users\marko\git\LPCIS\Bets\resources\bets.temp' is opened by 7300@Marcos

[2020-05-04 11:17:37 #2 type] 
Type domain.Usuario is not enhanced.

[2020-05-04 11:17:37 #3 type] 
Type domain.Apuesta is not enhanced.

[2020-05-04 11:17:37 #4 type] 
Type domain.Monedero is not enhanced.

[2020-05-04 11:17:37 #5 type] 
Type domain.Event is not enhanced.

[2020-05-04 11:17:37 #6 type] 
Type domain.Pronostico is not enhanced.

[2020-05-04 11:17:37 #7 type] 
Type domain.Question is not enhanced.

[2020-05-04 11:17:37 #8 type] 
Type domain.Deporte is not enhanced.

------------------------------------------------------------------------------------------------------------------------

[2020-05-04 11:18:16 #1 store] 
Database 'C:\Users\marko\git\LPCIS\Bets\resources\bets.temp' is opened by 3960@Marcos

[2020-05-04 11:18:16 #2 type] 
Type domain.Usuario is not enhanced.

[2020-05-04 11:18:16 #3 type] 
Type domain.Apuesta is not enhanced.

[2020-05-04 11:18:16 #4 type] 
Type domain.Monedero is not enhanced.

[2020-05-04 11:18:16 #5 type] 
Type domain.Event is not enhanced.

[2020-05-04 11:18:16 #6 type] 
Type domain.Pronostico is not enhanced.

[2020-05-04 11:18:16 #7 type] 
Type domain.Question is not enhanced.

[2020-05-04 11:18:16 #8 type] 
Type domain.Deporte is not enhanced.

------------------------------------------------------------------------------------------------------------------------

[2020-05-04 11:19:04 #1 store] 
Database 'C:\Users\marko\git\LPCIS\Bets\resources\bets.temp' is opened by 2272@Marcos

[2020-05-04 11:19:04 #2 type] 
Type domain.Usuario is not enhanced.

[2020-05-04 11:19:04 #3 type] 
Type domain.Apuesta is not enhanced.

[2020-05-04 11:19:04 #4 type] 
Type domain.Monedero is not enhanced.

[2020-05-04 11:19:04 #5 type] 
Type domain.Event is not enhanced.

[2020-05-04 11:19:04 #6 type] 
Type domain.Pronostico is not enhanced.

[2020-05-04 11:19:04 #7 type] 
Type domain.Question is not enhanced.

[2020-05-04 11:19:04 #8 type] 
Type domain.Deporte is not enhanced.

------------------------------------------------------------------------------------------------------------------------

[2020-05-04 11:21:32 #1 store] 
Database 'C:\Users\marko\git\LPCIS\Bets\resources\bets.temp' is opened by 12320@Marcos

[2020-05-04 11:21:32 #2 type] 
Type domain.Usuario is not enhanced.

[2020-05-04 11:21:32 #3 type] 
Type domain.Apuesta is not enhanced.

[2020-05-04 11:21:32 #4 type] 
Type domain.Monedero is not enhanced.

[2020-05-04 11:21:32 #5 type] 
Type domain.Event is not enhanced.

[2020-05-04 11:21:32 #6 type] 
Type domain.Pronostico is not enhanced.

[2020-05-04 11:21:32 #7 type] 
Type domain.Question is not enhanced.

[2020-05-04 11:21:32 #8 type] 
Type domain.Deporte is not enhanced.

------------------------------------------------------------------------------------------------------------------------

[2020-05-04 11:22:30 #1 store] 
Database 'C:\Users\marko\git\LPCIS\Bets\resources\bets.temp' is opened by 12980@Marcos

[2020-05-04 11:22:30 #2 type] 
Type domain.Usuario is not enhanced.

[2020-05-04 11:22:30 #3 type] 
Type domain.Apuesta is not enhanced.

[2020-05-04 11:22:30 #4 type] 
Type domain.Monedero is not enhanced.

[2020-05-04 11:22:30 #5 type] 
Type domain.Event is not enhanced.

[2020-05-04 11:22:30 #6 type] 
Type domain.Pronostico is not enhanced.

[2020-05-04 11:22:30 #7 type] 
Type domain.Question is not enhanced.

[2020-05-04 11:22:30 #8 type] 
Type domain.Deporte is not enhanced.

------------------------------------------------------------------------------------------------------------------------

[2020-05-04 11:24:11 #1 store] 
Database 'C:\Users\marko\git\LPCIS\Bets\resources\bets.temp' is opened by 5916@Marcos

[2020-05-04 11:24:11 #2 type] 
Type domain.Usuario is not enhanced.

[2020-05-04 11:24:11 #3 type] 
Type domain.Apuesta is not enhanced.

[2020-05-04 11:24:11 #4 type] 
Type domain.Monedero is not enhanced.

[2020-05-04 11:24:11 #5 type] 
Type domain.Event is not enhanced.

[2020-05-04 11:24:11 #6 type] 
Type domain.Pronostico is not enhanced.

[2020-05-04 11:24:11 #7 type] 
Type domain.Question is not enhanced.

[2020-05-04 11:24:11 #8 type] 
Type domain.Deporte is not enhanced.

------------------------------------------------------------------------------------------------------------------------

[2020-05-04 11:24:42 #1 store] 
Database 'C:\Users\marko\git\LPCIS\Bets\resources\bets.temp' is opened by 14280@Marcos

[2020-05-04 11:24:42 #2 type] 
Type domain.Usuario is not enhanced.

[2020-05-04 11:24:42 #3 type] 
Type domain.Apuesta is not enhanced.

[2020-05-04 11:24:42 #4 type] 
Type domain.Monedero is not enhanced.

[2020-05-04 11:24:42 #5 type] 
Type domain.Event is not enhanced.

[2020-05-04 11:24:42 #6 type] 
Type domain.Pronostico is not enhanced.

[2020-05-04 11:24:42 #7 type] 
Type domain.Question is not enhanced.

[2020-05-04 11:24:42 #8 type] 
Type domain.Deporte is not enhanced.

------------------------------------------------------------------------------------------------------------------------

[2020-05-04 11:26:36 #1 store] 
Database 'C:\Users\marko\git\LPCIS\Bets\resources\bets.temp' is opened by 12876@Marcos

[2020-05-04 11:26:36 #2 type] 
Type domain.Usuario is not enhanced.

[2020-05-04 11:26:36 #3 type] 
Type domain.Apuesta is not enhanced.

[2020-05-04 11:26:36 #4 type] 
Type domain.Monedero is not enhanced.

[2020-05-04 11:26:36 #5 type] 
Type domain.Event is not enhanced.

[2020-05-04 11:26:36 #6 type] 
Type domain.Pronostico is not enhanced.

[2020-05-04 11:26:36 #7 type] 
Type domain.Question is not enhanced.

[2020-05-04 11:26:36 #8 type] 
Type domain.Deporte is not enhanced.

------------------------------------------------------------------------------------------------------------------------

[2020-05-04 11:27:28 #1 store] 
Database 'C:\Users\marko\git\LPCIS\Bets\resources\bets.temp' is opened by 1640@Marcos

[2020-05-04 11:27:28 #2 type] 
Type domain.Usuario is not enhanced.

[2020-05-04 11:27:28 #3 type] 
Type domain.Apuesta is not enhanced.

[2020-05-04 11:27:28 #4 type] 
Type domain.Monedero is not enhanced.

[2020-05-04 11:27:28 #5 type] 
Type domain.Event is not enhanced.

[2020-05-04 11:27:28 #6 type] 
Type domain.Pronostico is not enhanced.

[2020-05-04 11:27:28 #7 type] 
Type domain.Question is not enhanced.

[2020-05-04 11:27:28 #8 type] 
Type domain.Deporte is not enhanced.

------------------------------------------------------------------------------------------------------------------------

[2020-05-04 11:28:44 #1 store] 
Database 'C:\Users\marko\git\LPCIS\Bets\resources\bets.temp' is opened by 1508@Marcos

[2020-05-04 11:28:45 #2 type] 
Type domain.Usuario is not enhanced.

[2020-05-04 11:28:45 #3 type] 
Type domain.Apuesta is not enhanced.

[2020-05-04 11:28:45 #4 type] 
Type domain.Monedero is not enhanced.

[2020-05-04 11:28:45 #5 type] 
Type domain.Event is not enhanced.

[2020-05-04 11:28:45 #6 type] 
Type domain.Pronostico is not enhanced.

[2020-05-04 11:28:45 #7 type] 
Type domain.Question is not enhanced.

[2020-05-04 11:28:45 #8 type] 
Type domain.Deporte is not enhanced.

------------------------------------------------------------------------------------------------------------------------

[2020-05-04 11:30:11 #1 store] 
Database 'C:\Users\marko\git\LPCIS\Bets\resources\bets.temp' is opened by 5648@Marcos

[2020-05-04 11:30:11 #2 type] 
Type domain.Usuario is not enhanced.

[2020-05-04 11:30:11 #3 type] 
Type domain.Apuesta is not enhanced.

[2020-05-04 11:30:11 #4 type] 
Type domain.Monedero is not enhanced.

[2020-05-04 11:30:11 #5 type] 
Type domain.Event is not enhanced.

[2020-05-04 11:30:11 #6 type] 
Type domain.Pronostico is not enhanced.

[2020-05-04 11:30:11 #7 type] 
Type domain.Question is not enhanced.

[2020-05-04 11:30:11 #8 type] 
Type domain.Deporte is not enhanced.

------------------------------------------------------------------------------------------------------------------------

[2020-05-04 11:33:55 #1 store] 
Database 'C:\Users\marko\git\LPCIS\Bets\resources\bets.temp' is opened by 1056@Marcos

[2020-05-04 11:33:55 #2 type] 
Type domain.Usuario is not enhanced.

[2020-05-04 11:33:55 #3 type] 
Type domain.Apuesta is not enhanced.

[2020-05-04 11:33:55 #4 type] 
Type domain.Monedero is not enhanced.

[2020-05-04 11:33:55 #5 type] 
Type domain.Event is not enhanced.

[2020-05-04 11:33:55 #6 type] 
Type domain.Pronostico is not enhanced.

[2020-05-04 11:33:55 #7 type] 
Type domain.Question is not enhanced.

[2020-05-04 11:33:55 #8 type] 
Type domain.Deporte is not enhanced.

