------------------------------------------------------------------------------------------------------------------------

[2020-03-16 19:00:00 #1 store] 
Database '/Users/adriansanse/git/LPCIS/Bets/resources/bets.temp' has been recovered (tr. 7-8)

[2020-03-16 19:00:00 #2 store] 
Database '/Users/adriansanse/git/LPCIS/Bets/resources/bets.temp' is opened by 22048@pc-1-128.customer.ask4.lan

[2020-03-16 19:00:00 #3 type] 
Type domain.Usuario is not enhanced.

[2020-03-16 19:00:00 #4 type] 
Type domain.Question is not enhanced.

[2020-03-16 19:00:00 #5 type] 
Type domain.Pronostico is not enhanced.

[2020-03-16 19:00:00 #6 type] 
Type domain.Event is not enhanced.

------------------------------------------------------------------------------------------------------------------------

[2020-03-16 19:01:48 #1 store] 
Database '/Users/adriansanse/git/LPCIS/Bets/resources/bets.temp' is opened by 22080@pc-1-128.customer.ask4.lan

[2020-03-16 19:01:48 #2 type] 
Type domain.Usuario is not enhanced.

[2020-03-16 19:01:48 #3 type] 
Type domain.Question is not enhanced.

[2020-03-16 19:01:48 #4 type] 
Type domain.Pronostico is not enhanced.

[2020-03-16 19:01:48 #5 type] 
Type domain.Event is not enhanced.

------------------------------------------------------------------------------------------------------------------------

[2020-03-16 19:03:25 #1 store] 
Database '/Users/adriansanse/git/LPCIS/Bets/resources/bets.temp' has been recovered (tr. 9-9)

[2020-03-16 19:03:25 #2 store] 
Database '/Users/adriansanse/git/LPCIS/Bets/resources/bets.temp' is opened by 22082@pc-1-128.customer.ask4.lan

[2020-03-16 19:03:25 #3 type] 
Type domain.Usuario is not enhanced.

[2020-03-16 19:03:25 #4 type] 
Type domain.Question is not enhanced.

[2020-03-16 19:03:25 #5 type] 
Type domain.Pronostico is not enhanced.

[2020-03-16 19:03:25 #6 type] 
Type domain.Event is not enhanced.

------------------------------------------------------------------------------------------------------------------------

[2020-03-16 19:03:39 #1 store] 
Database '/Users/adriansanse/git/LPCIS/Bets/resources/bets.temp' is opened by 22084@pc-1-128.customer.ask4.lan

[2020-03-16 19:03:39 #2 type] 
Type domain.Usuario is not enhanced.

[2020-03-16 19:03:39 #3 type] 
Type domain.Question is not enhanced.

[2020-03-16 19:03:39 #4 type] 
Type domain.Pronostico is not enhanced.

[2020-03-16 19:03:39 #5 type] 
Type domain.Event is not enhanced.

