------------------------------------------------------------------------------------------------------------------------

[2020-04-11 16:49:41 #1 store] 
Database '/Users/adriansanse/git/LPCIS/Bets/resources/bets.temp' is opened by 4866@MacBook-Pro-de-Adrian.local

[2020-04-11 16:49:41 #2 type] 
Type domain.Usuario is not enhanced.

[2020-04-11 16:49:41 #3 type] 
Type domain.Apuesta is not enhanced.

[2020-04-11 16:49:41 #4 type] 
Type domain.Monedero is not enhanced.

[2020-04-11 16:49:41 #5 type] 
Type domain.Event is not enhanced.

[2020-04-11 16:49:41 #6 type] 
Type domain.Pronostico is not enhanced.

[2020-04-11 16:49:41 #7 type] 
Type domain.Question is not enhanced.

------------------------------------------------------------------------------------------------------------------------

[2020-04-11 16:52:02 #1 store] 
Database '/Users/adriansanse/git/LPCIS/Bets/resources/bets.temp' is opened by 4870@MacBook-Pro-de-Adrian.local

[2020-04-11 16:52:02 #2 type] 
Type domain.Usuario is not enhanced.

[2020-04-11 16:52:02 #3 type] 
Type domain.Apuesta is not enhanced.

[2020-04-11 16:52:02 #4 type] 
Type domain.Monedero is not enhanced.

[2020-04-11 16:52:02 #5 type] 
Type domain.Event is not enhanced.

[2020-04-11 16:52:02 #6 type] 
Type domain.Pronostico is not enhanced.

[2020-04-11 16:52:02 #7 type] 
Type domain.Question is not enhanced.

------------------------------------------------------------------------------------------------------------------------

[2020-04-11 16:54:47 #1 store] 
Database '/Users/adriansanse/git/LPCIS/Bets/resources/bets.temp' is opened by 4874@MacBook-Pro-de-Adrian.local

[2020-04-11 16:54:47 #2 type] 
Type domain.Usuario is not enhanced.

[2020-04-11 16:54:47 #3 type] 
Type domain.Apuesta is not enhanced.

[2020-04-11 16:54:47 #4 type] 
Type domain.Monedero is not enhanced.

[2020-04-11 16:54:47 #5 type] 
Type domain.Event is not enhanced.

[2020-04-11 16:54:47 #6 type] 
Type domain.Pronostico is not enhanced.

[2020-04-11 16:54:47 #7 type] 
Type domain.Question is not enhanced.

------------------------------------------------------------------------------------------------------------------------

[2020-04-11 17:01:06 #1 store] 
Database '/Users/adriansanse/git/LPCIS/Bets/resources/bets.temp' is opened by 4877@MacBook-Pro-de-Adrian.local

[2020-04-11 17:01:06 #2 type] 
Type domain.Usuario is not enhanced.

[2020-04-11 17:01:06 #3 type] 
Type domain.Apuesta is not enhanced.

[2020-04-11 17:01:06 #4 type] 
Type domain.Monedero is not enhanced.

[2020-04-11 17:01:06 #5 type] 
Type domain.Event is not enhanced.

[2020-04-11 17:01:06 #6 type] 
Type domain.Pronostico is not enhanced.

[2020-04-11 17:01:06 #7 type] 
Type domain.Question is not enhanced.

------------------------------------------------------------------------------------------------------------------------

[2020-04-11 17:01:52 #1 store] 
Database '/Users/adriansanse/git/LPCIS/Bets/resources/bets.temp' is opened by 4879@MacBook-Pro-de-Adrian.local

[2020-04-11 17:01:52 #2 type] 
Type domain.Usuario is not enhanced.

[2020-04-11 17:01:52 #3 type] 
Type domain.Apuesta is not enhanced.

[2020-04-11 17:01:52 #4 type] 
Type domain.Monedero is not enhanced.

[2020-04-11 17:01:52 #5 type] 
Type domain.Event is not enhanced.

[2020-04-11 17:01:52 #6 type] 
Type domain.Pronostico is not enhanced.

[2020-04-11 17:01:52 #7 type] 
Type domain.Question is not enhanced.

------------------------------------------------------------------------------------------------------------------------

[2020-04-11 17:18:18 #1 store] 
Database '/Users/adriansanse/git/LPCIS/Bets/resources/bets.temp' is opened by 4918@MacBook-Pro-de-Adrian.local

[2020-04-11 17:18:19 #2 type] 
Type domain.Usuario is not enhanced.

[2020-04-11 17:18:19 #3 type] 
Type domain.Apuesta is not enhanced.

[2020-04-11 17:18:19 #4 type] 
Type domain.Monedero is not enhanced.

[2020-04-11 17:18:19 #5 type] 
Type domain.Event is not enhanced.

[2020-04-11 17:18:19 #6 type] 
Type domain.Pronostico is not enhanced.

[2020-04-11 17:18:19 #7 type] 
Type domain.Question is not enhanced.

------------------------------------------------------------------------------------------------------------------------

[2020-04-11 17:22:21 #1 store] 
Database '/Users/adriansanse/git/LPCIS/Bets/resources/bets.temp' is opened by 4921@MacBook-Pro-de-Adrian.local

[2020-04-11 17:22:21 #2 type] 
Type domain.Usuario is not enhanced.

[2020-04-11 17:22:21 #3 type] 
Type domain.Apuesta is not enhanced.

[2020-04-11 17:22:21 #4 type] 
Type domain.Monedero is not enhanced.

[2020-04-11 17:22:21 #5 type] 
Type domain.Event is not enhanced.

[2020-04-11 17:22:21 #6 type] 
Type domain.Pronostico is not enhanced.

[2020-04-11 17:22:21 #7 type] 
Type domain.Question is not enhanced.

------------------------------------------------------------------------------------------------------------------------

[2020-04-11 17:27:24 #1 store] 
Database '/Users/adriansanse/git/LPCIS/Bets/resources/bets.temp' is opened by 4945@MacBook-Pro-de-Adrian.local

[2020-04-11 17:27:24 #2 type] 
Type domain.Usuario is not enhanced.

[2020-04-11 17:27:24 #3 type] 
Type domain.Apuesta is not enhanced.

[2020-04-11 17:27:24 #4 type] 
Type domain.Monedero is not enhanced.

[2020-04-11 17:27:24 #5 type] 
Type domain.Event is not enhanced.

[2020-04-11 17:27:24 #6 type] 
Type domain.Pronostico is not enhanced.

[2020-04-11 17:27:24 #7 type] 
Type domain.Question is not enhanced.

------------------------------------------------------------------------------------------------------------------------

[2020-04-11 17:28:39 #1 store] 
Database '/Users/adriansanse/git/LPCIS/Bets/resources/bets.temp' is opened by 4947@MacBook-Pro-de-Adrian.local

[2020-04-11 17:28:39 #2 type] 
Type domain.Usuario is not enhanced.

[2020-04-11 17:28:39 #3 type] 
Type domain.Apuesta is not enhanced.

[2020-04-11 17:28:39 #4 type] 
Type domain.Monedero is not enhanced.

[2020-04-11 17:28:39 #5 type] 
Type domain.Event is not enhanced.

[2020-04-11 17:28:39 #6 type] 
Type domain.Pronostico is not enhanced.

[2020-04-11 17:28:39 #7 type] 
Type domain.Question is not enhanced.

------------------------------------------------------------------------------------------------------------------------

[2020-04-11 17:30:12 #1 store] 
Database '/Users/adriansanse/git/LPCIS/Bets/resources/bets.temp' is opened by 4950@MacBook-Pro-de-Adrian.local

[2020-04-11 17:30:13 #2 type] 
Type domain.Usuario is not enhanced.

[2020-04-11 17:30:13 #3 type] 
Type domain.Apuesta is not enhanced.

[2020-04-11 17:30:13 #4 type] 
Type domain.Monedero is not enhanced.

[2020-04-11 17:30:13 #5 type] 
Type domain.Event is not enhanced.

[2020-04-11 17:30:13 #6 type] 
Type domain.Pronostico is not enhanced.

[2020-04-11 17:30:13 #7 type] 
Type domain.Question is not enhanced.

------------------------------------------------------------------------------------------------------------------------

[2020-04-11 17:32:01 #1 store] 
Database '/Users/adriansanse/git/LPCIS/Bets/resources/bets.temp' is opened by 4954@MacBook-Pro-de-Adrian.local

[2020-04-11 17:32:01 #2 type] 
Type domain.Usuario is not enhanced.

[2020-04-11 17:32:01 #3 type] 
Type domain.Apuesta is not enhanced.

[2020-04-11 17:32:01 #4 type] 
Type domain.Monedero is not enhanced.

[2020-04-11 17:32:01 #5 type] 
Type domain.Event is not enhanced.

[2020-04-11 17:32:01 #6 type] 
Type domain.Pronostico is not enhanced.

[2020-04-11 17:32:01 #7 type] 
Type domain.Question is not enhanced.

------------------------------------------------------------------------------------------------------------------------

[2020-04-11 17:33:05 #1 store] 
Database '/Users/adriansanse/git/LPCIS/Bets/resources/bets.temp' is opened by 4956@MacBook-Pro-de-Adrian.local

[2020-04-11 17:33:05 #2 type] 
Type domain.Usuario is not enhanced.

[2020-04-11 17:33:05 #3 type] 
Type domain.Apuesta is not enhanced.

[2020-04-11 17:33:05 #4 type] 
Type domain.Monedero is not enhanced.

[2020-04-11 17:33:05 #5 type] 
Type domain.Event is not enhanced.

[2020-04-11 17:33:05 #6 type] 
Type domain.Pronostico is not enhanced.

[2020-04-11 17:33:05 #7 type] 
Type domain.Question is not enhanced.

------------------------------------------------------------------------------------------------------------------------

[2020-04-11 17:34:57 #1 store] 
Database '/Users/adriansanse/git/LPCIS/Bets/resources/bets.temp' is opened by 4958@MacBook-Pro-de-Adrian.local

[2020-04-11 17:34:57 #2 type] 
Type domain.Usuario is not enhanced.

[2020-04-11 17:34:57 #3 type] 
Type domain.Apuesta is not enhanced.

[2020-04-11 17:34:58 #4 type] 
Type domain.Monedero is not enhanced.

[2020-04-11 17:34:58 #5 type] 
Type domain.Event is not enhanced.

[2020-04-11 17:34:58 #6 type] 
Type domain.Pronostico is not enhanced.

[2020-04-11 17:34:58 #7 type] 
Type domain.Question is not enhanced.

------------------------------------------------------------------------------------------------------------------------

[2020-04-11 17:35:56 #1 store] 
Database '/Users/adriansanse/git/LPCIS/Bets/resources/bets.temp' is opened by 4960@MacBook-Pro-de-Adrian.local

[2020-04-11 17:35:56 #2 type] 
Type domain.Usuario is not enhanced.

[2020-04-11 17:35:56 #3 type] 
Type domain.Apuesta is not enhanced.

[2020-04-11 17:35:56 #4 type] 
Type domain.Monedero is not enhanced.

[2020-04-11 17:35:56 #5 type] 
Type domain.Event is not enhanced.

[2020-04-11 17:35:56 #6 type] 
Type domain.Pronostico is not enhanced.

[2020-04-11 17:35:56 #7 type] 
Type domain.Question is not enhanced.

------------------------------------------------------------------------------------------------------------------------

[2020-04-11 17:38:15 #1 store] 
Database '/Users/adriansanse/git/LPCIS/Bets/resources/bets.temp' is opened by 4962@MacBook-Pro-de-Adrian.local

[2020-04-11 17:38:15 #2 type] 
Type domain.Usuario is not enhanced.

[2020-04-11 17:38:15 #3 type] 
Type domain.Apuesta is not enhanced.

[2020-04-11 17:38:15 #4 type] 
Type domain.Monedero is not enhanced.

[2020-04-11 17:38:15 #5 type] 
Type domain.Event is not enhanced.

[2020-04-11 17:38:15 #6 type] 
Type domain.Pronostico is not enhanced.

[2020-04-11 17:38:15 #7 type] 
Type domain.Question is not enhanced.

------------------------------------------------------------------------------------------------------------------------

[2020-04-11 17:40:37 #1 store] 
Database '/Users/adriansanse/git/LPCIS/Bets/resources/bets.temp' is opened by 4966@MacBook-Pro-de-Adrian.local

[2020-04-11 17:40:37 #2 type] 
Type domain.Usuario is not enhanced.

[2020-04-11 17:40:37 #3 type] 
Type domain.Apuesta is not enhanced.

[2020-04-11 17:40:37 #4 type] 
Type domain.Monedero is not enhanced.

[2020-04-11 17:40:37 #5 type] 
Type domain.Event is not enhanced.

[2020-04-11 17:40:37 #6 type] 
Type domain.Pronostico is not enhanced.

[2020-04-11 17:40:37 #7 type] 
Type domain.Question is not enhanced.

------------------------------------------------------------------------------------------------------------------------

[2020-04-11 17:42:01 #1 store] 
Database '/Users/adriansanse/git/LPCIS/Bets/resources/bets.temp' is opened by 4969@MacBook-Pro-de-Adrian.local

[2020-04-11 17:42:01 #2 type] 
Type domain.Usuario is not enhanced.

[2020-04-11 17:42:01 #3 type] 
Type domain.Apuesta is not enhanced.

[2020-04-11 17:42:01 #4 type] 
Type domain.Monedero is not enhanced.

[2020-04-11 17:42:01 #5 type] 
Type domain.Event is not enhanced.

[2020-04-11 17:42:01 #6 type] 
Type domain.Pronostico is not enhanced.

[2020-04-11 17:42:01 #7 type] 
Type domain.Question is not enhanced.

------------------------------------------------------------------------------------------------------------------------

[2020-04-11 17:54:15 #1 store] 
Database '/Users/adriansanse/git/LPCIS/Bets/resources/bets.temp' is opened by 4979@MacBook-Pro-de-Adrian.local

[2020-04-11 17:54:15 #2 type] 
Type domain.Usuario is not enhanced.

[2020-04-11 17:54:15 #3 type] 
Type domain.Apuesta is not enhanced.

[2020-04-11 17:54:15 #4 type] 
Type domain.Monedero is not enhanced.

[2020-04-11 17:54:15 #5 type] 
Type domain.Event is not enhanced.

[2020-04-11 17:54:15 #6 type] 
Type domain.Pronostico is not enhanced.

[2020-04-11 17:54:15 #7 type] 
Type domain.Question is not enhanced.

------------------------------------------------------------------------------------------------------------------------

[2020-04-11 17:55:04 #1 store] 
Database '/Users/adriansanse/git/LPCIS/Bets/resources/bets.temp' is opened by 4982@MacBook-Pro-de-Adrian.local

[2020-04-11 17:55:04 #2 type] 
Type domain.Usuario is not enhanced.

[2020-04-11 17:55:04 #3 type] 
Type domain.Apuesta is not enhanced.

[2020-04-11 17:55:04 #4 type] 
Type domain.Monedero is not enhanced.

[2020-04-11 17:55:04 #5 type] 
Type domain.Event is not enhanced.

[2020-04-11 17:55:04 #6 type] 
Type domain.Pronostico is not enhanced.

[2020-04-11 17:55:04 #7 type] 
Type domain.Question is not enhanced.

------------------------------------------------------------------------------------------------------------------------

[2020-04-11 19:28:04 #1 store] 
Database '/Users/adriansanse/git/LPCIS/Bets/resources/bets.temp' is opened by 5003@MacBook-Pro-de-Adrian.local

[2020-04-11 19:28:04 #2 type] 
Type domain.Usuario is not enhanced.

[2020-04-11 19:28:04 #3 type] 
Type domain.Apuesta is not enhanced.

[2020-04-11 19:28:04 #4 type] 
Type domain.Monedero is not enhanced.

[2020-04-11 19:28:04 #5 type] 
Type domain.Event is not enhanced.

[2020-04-11 19:28:04 #6 type] 
Type domain.Pronostico is not enhanced.

[2020-04-11 19:28:04 #7 type] 
Type domain.Question is not enhanced.

------------------------------------------------------------------------------------------------------------------------

[2020-04-11 19:48:43 #1 store] 
Database '/Users/adriansanse/git/LPCIS/Bets/resources/bets.temp' is opened by 5038@MacBook-Pro-de-Adrian.local

[2020-04-11 19:48:44 #2 type] 
Type domain.Usuario is not enhanced.

[2020-04-11 19:48:44 #3 type] 
Type domain.Apuesta is not enhanced.

[2020-04-11 19:48:44 #4 type] 
Type domain.Monedero is not enhanced.

[2020-04-11 19:48:44 #5 type] 
Type domain.Event is not enhanced.

[2020-04-11 19:48:44 #6 type] 
Type domain.Pronostico is not enhanced.

[2020-04-11 19:48:44 #7 type] 
Type domain.Question is not enhanced.

------------------------------------------------------------------------------------------------------------------------

[2020-04-11 19:50:05 #1 store] 
Database '/Users/adriansanse/git/LPCIS/Bets/resources/bets.temp' is opened by 5041@MacBook-Pro-de-Adrian.local

[2020-04-11 19:50:05 #2 type] 
Type domain.Usuario is not enhanced.

[2020-04-11 19:50:05 #3 type] 
Type domain.Apuesta is not enhanced.

[2020-04-11 19:50:05 #4 type] 
Type domain.Monedero is not enhanced.

[2020-04-11 19:50:05 #5 type] 
Type domain.Event is not enhanced.

[2020-04-11 19:50:05 #6 type] 
Type domain.Pronostico is not enhanced.

[2020-04-11 19:50:05 #7 type] 
Type domain.Question is not enhanced.

------------------------------------------------------------------------------------------------------------------------

[2020-04-11 19:51:25 #1 store] 
Database '/Users/adriansanse/git/LPCIS/Bets/resources/bets.temp' is opened by 5043@MacBook-Pro-de-Adrian.local

[2020-04-11 19:51:25 #2 type] 
Type domain.Usuario is not enhanced.

[2020-04-11 19:51:25 #3 type] 
Type domain.Apuesta is not enhanced.

[2020-04-11 19:51:25 #4 type] 
Type domain.Monedero is not enhanced.

[2020-04-11 19:51:25 #5 type] 
Type domain.Event is not enhanced.

[2020-04-11 19:51:25 #6 type] 
Type domain.Pronostico is not enhanced.

[2020-04-11 19:51:25 #7 type] 
Type domain.Question is not enhanced.

------------------------------------------------------------------------------------------------------------------------

[2020-04-11 19:52:18 #1 store] 
Database '/Users/adriansanse/git/LPCIS/Bets/resources/bets.temp' is opened by 5045@MacBook-Pro-de-Adrian.local

[2020-04-11 19:52:18 #2 type] 
Type domain.Usuario is not enhanced.

[2020-04-11 19:52:18 #3 type] 
Type domain.Apuesta is not enhanced.

[2020-04-11 19:52:18 #4 type] 
Type domain.Monedero is not enhanced.

[2020-04-11 19:52:18 #5 type] 
Type domain.Event is not enhanced.

[2020-04-11 19:52:18 #6 type] 
Type domain.Pronostico is not enhanced.

[2020-04-11 19:52:18 #7 type] 
Type domain.Question is not enhanced.

------------------------------------------------------------------------------------------------------------------------

[2020-04-11 19:59:24 #1 store] 
Database '/Users/adriansanse/git/LPCIS/Bets/resources/bets.temp' is opened by 5060@MacBook-Pro-de-Adrian.local

[2020-04-11 19:59:24 #2 type] 
Type domain.Usuario is not enhanced.

[2020-04-11 19:59:24 #3 type] 
Type domain.Apuesta is not enhanced.

[2020-04-11 19:59:24 #4 type] 
Type domain.Monedero is not enhanced.

[2020-04-11 19:59:24 #5 type] 
Type domain.Event is not enhanced.

[2020-04-11 19:59:24 #6 type] 
Type domain.Pronostico is not enhanced.

[2020-04-11 19:59:24 #7 type] 
Type domain.Question is not enhanced.

------------------------------------------------------------------------------------------------------------------------

[2020-04-11 20:03:50 #1 store] 
Database '/Users/adriansanse/git/LPCIS/Bets/resources/bets.temp' is opened by 5062@MacBook-Pro-de-Adrian.local

[2020-04-11 20:03:50 #2 type] 
Type domain.Usuario is not enhanced.

[2020-04-11 20:03:50 #3 type] 
Type domain.Apuesta is not enhanced.

[2020-04-11 20:03:50 #4 type] 
Type domain.Monedero is not enhanced.

[2020-04-11 20:03:50 #5 type] 
Type domain.Event is not enhanced.

[2020-04-11 20:03:50 #6 type] 
Type domain.Pronostico is not enhanced.

[2020-04-11 20:03:50 #7 type] 
Type domain.Question is not enhanced.

------------------------------------------------------------------------------------------------------------------------

[2020-04-11 20:04:52 #1 store] 
Database '/Users/adriansanse/git/LPCIS/Bets/resources/bets.temp' is opened by 5065@MacBook-Pro-de-Adrian.local

[2020-04-11 20:04:52 #2 type] 
Type domain.Usuario is not enhanced.

[2020-04-11 20:04:52 #3 type] 
Type domain.Apuesta is not enhanced.

[2020-04-11 20:04:52 #4 type] 
Type domain.Monedero is not enhanced.

[2020-04-11 20:04:52 #5 type] 
Type domain.Event is not enhanced.

[2020-04-11 20:04:52 #6 type] 
Type domain.Pronostico is not enhanced.

[2020-04-11 20:04:52 #7 type] 
Type domain.Question is not enhanced.

------------------------------------------------------------------------------------------------------------------------

[2020-04-11 20:08:24 #1 store] 
Database '/Users/adriansanse/git/LPCIS/Bets/resources/bets.temp' is opened by 5069@MacBook-Pro-de-Adrian.local

[2020-04-11 20:08:24 #2 type] 
Type domain.Usuario is not enhanced.

[2020-04-11 20:08:24 #3 type] 
Type domain.Apuesta is not enhanced.

[2020-04-11 20:08:24 #4 type] 
Type domain.Monedero is not enhanced.

[2020-04-11 20:08:24 #5 type] 
Type domain.Event is not enhanced.

[2020-04-11 20:08:24 #6 type] 
Type domain.Pronostico is not enhanced.

[2020-04-11 20:08:24 #7 type] 
Type domain.Question is not enhanced.

------------------------------------------------------------------------------------------------------------------------

[2020-04-11 20:10:14 #1 store] 
Database '/Users/adriansanse/git/LPCIS/Bets/resources/bets.temp' is opened by 5071@MacBook-Pro-de-Adrian.local

[2020-04-11 20:10:14 #2 type] 
Type domain.Usuario is not enhanced.

[2020-04-11 20:10:14 #3 type] 
Type domain.Apuesta is not enhanced.

[2020-04-11 20:10:14 #4 type] 
Type domain.Monedero is not enhanced.

[2020-04-11 20:10:14 #5 type] 
Type domain.Event is not enhanced.

[2020-04-11 20:10:14 #6 type] 
Type domain.Pronostico is not enhanced.

[2020-04-11 20:10:14 #7 type] 
Type domain.Question is not enhanced.

------------------------------------------------------------------------------------------------------------------------

[2020-04-11 20:11:58 #1 store] 
Database '/Users/adriansanse/git/LPCIS/Bets/resources/bets.temp' is opened by 5076@MacBook-Pro-de-Adrian.local

[2020-04-11 20:11:58 #2 type] 
Type domain.Usuario is not enhanced.

[2020-04-11 20:11:58 #3 type] 
Type domain.Apuesta is not enhanced.

[2020-04-11 20:11:58 #4 type] 
Type domain.Monedero is not enhanced.

[2020-04-11 20:11:58 #5 type] 
Type domain.Event is not enhanced.

[2020-04-11 20:11:58 #6 type] 
Type domain.Pronostico is not enhanced.

[2020-04-11 20:11:58 #7 type] 
Type domain.Question is not enhanced.

------------------------------------------------------------------------------------------------------------------------

[2020-04-11 20:13:01 #1 store] 
Database '/Users/adriansanse/git/LPCIS/Bets/resources/bets.temp' is opened by 5077@MacBook-Pro-de-Adrian.local

[2020-04-11 20:13:01 #2 type] 
Type domain.Usuario is not enhanced.

[2020-04-11 20:13:01 #3 type] 
Type domain.Apuesta is not enhanced.

[2020-04-11 20:13:01 #4 type] 
Type domain.Monedero is not enhanced.

[2020-04-11 20:13:01 #5 type] 
Type domain.Event is not enhanced.

[2020-04-11 20:13:01 #6 type] 
Type domain.Pronostico is not enhanced.

[2020-04-11 20:13:01 #7 type] 
Type domain.Question is not enhanced.

------------------------------------------------------------------------------------------------------------------------

[2020-04-11 20:14:18 #1 store] 
Database '/Users/adriansanse/git/LPCIS/Bets/resources/bets.temp' is opened by 5079@MacBook-Pro-de-Adrian.local

[2020-04-11 20:14:18 #2 type] 
Type domain.Usuario is not enhanced.

[2020-04-11 20:14:18 #3 type] 
Type domain.Apuesta is not enhanced.

[2020-04-11 20:14:18 #4 type] 
Type domain.Monedero is not enhanced.

[2020-04-11 20:14:18 #5 type] 
Type domain.Event is not enhanced.

[2020-04-11 20:14:18 #6 type] 
Type domain.Pronostico is not enhanced.

[2020-04-11 20:14:18 #7 type] 
Type domain.Question is not enhanced.

------------------------------------------------------------------------------------------------------------------------

[2020-04-11 20:15:48 #1 store] 
Database '/Users/adriansanse/git/LPCIS/Bets/resources/bets.temp' is opened by 5083@MacBook-Pro-de-Adrian.local

[2020-04-11 20:15:49 #2 type] 
Type domain.Usuario is not enhanced.

[2020-04-11 20:15:49 #3 type] 
Type domain.Apuesta is not enhanced.

[2020-04-11 20:15:49 #4 type] 
Type domain.Monedero is not enhanced.

[2020-04-11 20:15:49 #5 type] 
Type domain.Event is not enhanced.

[2020-04-11 20:15:49 #6 type] 
Type domain.Pronostico is not enhanced.

[2020-04-11 20:15:49 #7 type] 
Type domain.Question is not enhanced.

