------------------------------------------------------------------------------------------------------------------------

[2020-03-02 10:58:27 #1 store] 
Database '/home/marcos/Desktop/IS/Bets/resources/bets.temp' is opened by 3803@marcos-N552VX

[2020-03-02 10:58:27 #2 type] 
Type domain.Usuario is not enhanced.

[2020-03-02 10:58:28 #3 type] 
Type domain.Question is not enhanced.

[2020-03-02 10:58:28 #4 type] 
Type domain.Event is not enhanced.

[2020-03-02 10:58:28 #5 type] 
Type domain.Pronostico is not enhanced.

------------------------------------------------------------------------------------------------------------------------

[2020-03-02 15:22:39 #1 store] 
Database '/home/marcos/Desktop/IS/Bets/resources/bets.temp' is opened by 4750@marcos-N552VX

[2020-03-02 15:22:39 #2 type] 
Type domain.Usuario is not enhanced.

[2020-03-02 15:22:39 #3 type] 
Type domain.Question is not enhanced.

[2020-03-02 15:22:39 #4 type] 
Type domain.Event is not enhanced.

[2020-03-02 15:22:39 #5 type] 
Type domain.Pronostico is not enhanced.

------------------------------------------------------------------------------------------------------------------------

[2020-03-02 16:16:13 #1 store] 
Database '/home/marcos/Desktop/IS/Bets/resources/bets.temp' is opened by 5858@marcos-N552VX

[2020-03-02 16:16:13 #2 type] 
Type domain.Usuario is not enhanced.

[2020-03-02 16:16:13 #3 type] 
Type domain.Question is not enhanced.

[2020-03-02 16:16:13 #4 type] 
Type domain.Event is not enhanced.

[2020-03-02 16:16:13 #5 type] 
Type domain.Pronostico is not enhanced.

------------------------------------------------------------------------------------------------------------------------

[2020-03-02 16:16:23 #1 store] 
Database '/home/marcos/Desktop/IS/Bets/resources/bets.temp' is opened by 5900@marcos-N552VX

[2020-03-02 16:16:23 #2 type] 
Type domain.Usuario is not enhanced.

[2020-03-02 16:16:23 #3 type] 
Type domain.Question is not enhanced.

[2020-03-02 16:16:23 #4 type] 
Type domain.Event is not enhanced.

[2020-03-02 16:16:23 #5 type] 
Type domain.Pronostico is not enhanced.

------------------------------------------------------------------------------------------------------------------------

[2020-03-02 17:08:23 #1 store] 
Database '/home/marcos/Desktop/IS/Bets/resources/bets.temp' is opened by 7827@marcos-N552VX

[2020-03-02 17:08:23 #2 type] 
Type domain.Usuario is not enhanced.

[2020-03-02 17:08:23 #3 type] 
Type domain.Question is not enhanced.

[2020-03-02 17:08:23 #4 type] 
Type domain.Event is not enhanced.

[2020-03-02 17:08:23 #5 type] 
Type domain.Pronostico is not enhanced.

------------------------------------------------------------------------------------------------------------------------

[2020-03-02 17:53:34 #1 store] 
Database '/home/marcos/Desktop/IS/Bets/resources/bets.temp' is opened by 10726@marcos-N552VX

[2020-03-02 17:53:34 #2 type] 
Type domain.Usuario is not enhanced.

[2020-03-02 17:53:34 #3 type] 
Type domain.Question is not enhanced.

[2020-03-02 17:53:34 #4 type] 
Type domain.Event is not enhanced.

[2020-03-02 17:53:34 #5 type] 
Type domain.Pronostico is not enhanced.

------------------------------------------------------------------------------------------------------------------------

[2020-03-02 18:39:07 #1 store] 
Database '/home/marcos/Desktop/IS/Bets/resources/bets.temp' is opened by 12555@marcos-N552VX

[2020-03-02 18:39:07 #2 type] 
Type domain.Usuario is not enhanced.

[2020-03-02 18:39:07 #3 type] 
Type domain.Question is not enhanced.

[2020-03-02 18:39:07 #4 type] 
Type domain.Event is not enhanced.

[2020-03-02 18:39:07 #5 type] 
Type domain.Pronostico is not enhanced.

------------------------------------------------------------------------------------------------------------------------

[2020-03-02 18:39:22 #1 store] 
Database '/home/marcos/Desktop/IS/Bets/resources/bets.temp' is opened by 12594@marcos-N552VX

[2020-03-02 18:39:22 #2 type] 
Type domain.Usuario is not enhanced.

[2020-03-02 18:39:22 #3 type] 
Type domain.Question is not enhanced.

[2020-03-02 18:39:22 #4 type] 
Type domain.Event is not enhanced.

[2020-03-02 18:39:22 #5 type] 
Type domain.Pronostico is not enhanced.

------------------------------------------------------------------------------------------------------------------------

[2020-03-02 19:05:40 #1 store] 
Database '/home/marcos/Desktop/IS/Bets/resources/bets.temp' is opened by 13279@marcos-N552VX

[2020-03-02 19:05:40 #2 type] 
Type domain.Usuario is not enhanced.

[2020-03-02 19:05:40 #3 type] 
Type domain.Question is not enhanced.

[2020-03-02 19:05:40 #4 type] 
Type domain.Event is not enhanced.

[2020-03-02 19:05:40 #5 type] 
Type domain.Pronostico is not enhanced.

------------------------------------------------------------------------------------------------------------------------

[2020-03-02 19:06:30 #1 store] 
Database '/home/marcos/Desktop/IS/Bets/resources/bets.temp' is opened by 13341@marcos-N552VX

[2020-03-02 19:06:30 #2 type] 
Type domain.Usuario is not enhanced.

[2020-03-02 19:06:30 #3 type] 
Type domain.Question is not enhanced.

[2020-03-02 19:06:30 #4 type] 
Type domain.Event is not enhanced.

[2020-03-02 19:06:30 #5 type] 
Type domain.Pronostico is not enhanced.

------------------------------------------------------------------------------------------------------------------------

[2020-03-02 19:08:21 #1 store] 
Database '/home/marcos/Desktop/IS/Bets/resources/bets.temp' is opened by 13464@marcos-N552VX

[2020-03-02 19:08:21 #2 type] 
Type domain.Usuario is not enhanced.

[2020-03-02 19:08:21 #3 type] 
Type domain.Question is not enhanced.

[2020-03-02 19:08:21 #4 type] 
Type domain.Event is not enhanced.

[2020-03-02 19:08:21 #5 type] 
Type domain.Pronostico is not enhanced.

------------------------------------------------------------------------------------------------------------------------

[2020-03-02 19:11:05 #1 store] 
Database '/home/marcos/Desktop/IS/Bets/resources/bets.temp' is opened by 13527@marcos-N552VX

[2020-03-02 19:11:05 #2 type] 
Type domain.Usuario is not enhanced.

[2020-03-02 19:11:05 #3 type] 
Type domain.Question is not enhanced.

[2020-03-02 19:11:05 #4 type] 
Type domain.Event is not enhanced.

[2020-03-02 19:11:05 #5 type] 
Type domain.Pronostico is not enhanced.

------------------------------------------------------------------------------------------------------------------------

[2020-03-02 19:12:00 #1 store] 
Database '/home/marcos/Desktop/IS/Bets/resources/bets.temp' is opened by 13626@marcos-N552VX

[2020-03-02 19:12:00 #2 type] 
Type domain.Usuario is not enhanced.

[2020-03-02 19:12:00 #3 type] 
Type domain.Question is not enhanced.

[2020-03-02 19:12:00 #4 type] 
Type domain.Event is not enhanced.

[2020-03-02 19:12:00 #5 type] 
Type domain.Pronostico is not enhanced.

------------------------------------------------------------------------------------------------------------------------

[2020-03-02 19:12:40 #1 store] 
Database '/home/marcos/Desktop/IS/Bets/resources/bets.temp' is opened by 13678@marcos-N552VX

[2020-03-02 19:12:40 #2 type] 
Type domain.Usuario is not enhanced.

[2020-03-02 19:12:40 #3 type] 
Type domain.Question is not enhanced.

[2020-03-02 19:12:40 #4 type] 
Type domain.Event is not enhanced.

[2020-03-02 19:12:40 #5 type] 
Type domain.Pronostico is not enhanced.

------------------------------------------------------------------------------------------------------------------------

[2020-03-02 19:13:35 #1 store] 
Database '/home/marcos/Desktop/IS/Bets/resources/bets.temp' is opened by 13726@marcos-N552VX

[2020-03-02 19:13:35 #2 type] 
Type domain.Usuario is not enhanced.

[2020-03-02 19:13:35 #3 type] 
Type domain.Question is not enhanced.

[2020-03-02 19:13:35 #4 type] 
Type domain.Event is not enhanced.

[2020-03-02 19:13:35 #5 type] 
Type domain.Pronostico is not enhanced.

------------------------------------------------------------------------------------------------------------------------

[2020-03-02 19:21:11 #1 store] 
Database '/home/marcos/Desktop/IS/Bets/resources/bets.temp' is opened by 13855@marcos-N552VX

[2020-03-02 19:21:11 #2 type] 
Type domain.Usuario is not enhanced.

[2020-03-02 19:21:11 #3 type] 
Type domain.Question is not enhanced.

[2020-03-02 19:21:11 #4 type] 
Type domain.Event is not enhanced.

[2020-03-02 19:21:11 #5 type] 
Type domain.Pronostico is not enhanced.

------------------------------------------------------------------------------------------------------------------------

[2020-03-02 19:27:07 #1 store] 
Database '/home/marcos/Desktop/IS/Bets/resources/bets.temp' has been recovered (tr. 21-21)

[2020-03-02 19:27:07 #2 store] 
Database '/home/marcos/Desktop/IS/Bets/resources/bets.temp' is opened by 14346@marcos-N552VX

[2020-03-02 19:27:07 #3 type] 
Type domain.Usuario is not enhanced.

[2020-03-02 19:27:07 #4 type] 
Type domain.Question is not enhanced.

[2020-03-02 19:27:07 #5 type] 
Type domain.Event is not enhanced.

[2020-03-02 19:27:07 #6 type] 
Type domain.Pronostico is not enhanced.

------------------------------------------------------------------------------------------------------------------------

[2020-03-02 19:28:33 #1 store] 
Database '/home/marcos/Desktop/IS/Bets/resources/bets.temp' is opened by 14541@marcos-N552VX

[2020-03-02 19:28:33 #2 type] 
Type domain.Usuario is not enhanced.

[2020-03-02 19:28:33 #3 type] 
Type domain.Question is not enhanced.

[2020-03-02 19:28:33 #4 type] 
Type domain.Event is not enhanced.

[2020-03-02 19:28:33 #5 type] 
Type domain.Pronostico is not enhanced.

------------------------------------------------------------------------------------------------------------------------

[2020-03-02 19:30:36 #1 store] 
Database '/home/marcos/Desktop/IS/Bets/resources/bets.temp' is opened by 14705@marcos-N552VX

[2020-03-02 19:30:36 #2 type] 
Type domain.Usuario is not enhanced.

[2020-03-02 19:30:36 #3 type] 
Type domain.Question is not enhanced.

[2020-03-02 19:30:36 #4 type] 
Type domain.Event is not enhanced.

[2020-03-02 19:30:36 #5 type] 
Type domain.Pronostico is not enhanced.

------------------------------------------------------------------------------------------------------------------------

[2020-03-02 19:31:30 #1 store] 
Database '/home/marcos/Desktop/IS/Bets/resources/bets.temp' is opened by 14816@marcos-N552VX

[2020-03-02 19:31:30 #2 type] 
Type domain.Usuario is not enhanced.

[2020-03-02 19:31:30 #3 type] 
Type domain.Question is not enhanced.

[2020-03-02 19:31:30 #4 type] 
Type domain.Event is not enhanced.

[2020-03-02 19:31:30 #5 type] 
Type domain.Pronostico is not enhanced.

------------------------------------------------------------------------------------------------------------------------

[2020-03-02 19:34:10 #1 store] 
Database '/home/marcos/Desktop/IS/Bets/resources/bets.temp' is opened by 15000@marcos-N552VX

[2020-03-02 19:34:10 #2 type] 
Type domain.Usuario is not enhanced.

[2020-03-02 19:34:10 #3 type] 
Type domain.Question is not enhanced.

[2020-03-02 19:34:10 #4 type] 
Type domain.Event is not enhanced.

[2020-03-02 19:34:10 #5 type] 
Type domain.Pronostico is not enhanced.

------------------------------------------------------------------------------------------------------------------------

[2020-03-02 19:35:08 #1 store] 
Database '/home/marcos/Desktop/IS/Bets/resources/bets.temp' is opened by 15056@marcos-N552VX

[2020-03-02 19:35:08 #2 type] 
Type domain.Usuario is not enhanced.

[2020-03-02 19:35:08 #3 type] 
Type domain.Question is not enhanced.

[2020-03-02 19:35:08 #4 type] 
Type domain.Event is not enhanced.

[2020-03-02 19:35:08 #5 type] 
Type domain.Pronostico is not enhanced.

------------------------------------------------------------------------------------------------------------------------

[2020-03-02 19:44:11 #1 store] 
Database '/home/marcos/Desktop/IS/Bets/resources/bets.temp' is opened by 15637@marcos-N552VX

[2020-03-02 19:44:11 #2 type] 
Type domain.Usuario is not enhanced.

[2020-03-02 19:44:11 #3 type] 
Type domain.Question is not enhanced.

[2020-03-02 19:44:11 #4 type] 
Type domain.Event is not enhanced.

[2020-03-02 19:44:11 #5 type] 
Type domain.Pronostico is not enhanced.

------------------------------------------------------------------------------------------------------------------------

[2020-03-02 19:45:30 #1 store] 
Database '/home/marcos/Desktop/IS/Bets/resources/bets.temp' is opened by 15724@marcos-N552VX

[2020-03-02 19:45:30 #2 type] 
Type domain.Usuario is not enhanced.

[2020-03-02 19:45:30 #3 type] 
Type domain.Question is not enhanced.

[2020-03-02 19:45:30 #4 type] 
Type domain.Event is not enhanced.

[2020-03-02 19:45:30 #5 type] 
Type domain.Pronostico is not enhanced.

------------------------------------------------------------------------------------------------------------------------

[2020-03-02 19:47:15 #1 store] 
Database '/home/marcos/Desktop/IS/Bets/resources/bets.temp' is opened by 15861@marcos-N552VX

[2020-03-02 19:47:15 #2 type] 
Type domain.Usuario is not enhanced.

[2020-03-02 19:47:15 #3 type] 
Type domain.Question is not enhanced.

[2020-03-02 19:47:15 #4 type] 
Type domain.Event is not enhanced.

[2020-03-02 19:47:15 #5 type] 
Type domain.Pronostico is not enhanced.

------------------------------------------------------------------------------------------------------------------------

[2020-03-02 20:09:22 #1 store] 
Database '/home/marcos/Desktop/IS/Bets/resources/bets.temp' is opened by 17407@marcos-N552VX

[2020-03-02 20:09:22 #2 type] 
Type domain.Usuario is not enhanced.

[2020-03-02 20:09:22 #3 type] 
Type domain.Question is not enhanced.

[2020-03-02 20:09:22 #4 type] 
Type domain.Event is not enhanced.

[2020-03-02 20:09:22 #5 type] 
Type domain.Pronostico is not enhanced.

------------------------------------------------------------------------------------------------------------------------

[2020-03-02 20:10:48 #1 store] 
Database '/home/marcos/Desktop/IS/Bets/resources/bets.temp' has been recovered (tr. 22-22)

[2020-03-02 20:10:48 #2 store] 
Database '/home/marcos/Desktop/IS/Bets/resources/bets.temp' is opened by 17522@marcos-N552VX

[2020-03-02 20:10:48 #3 type] 
Type domain.Usuario is not enhanced.

[2020-03-02 20:10:48 #4 type] 
Type domain.Question is not enhanced.

[2020-03-02 20:10:48 #5 type] 
Type domain.Event is not enhanced.

[2020-03-02 20:10:48 #6 type] 
Type domain.Pronostico is not enhanced.

------------------------------------------------------------------------------------------------------------------------

[2020-03-02 20:20:01 #1 store] 
Database '/home/marcos/Desktop/IS/Bets/resources/bets.temp' is opened by 18020@marcos-N552VX

[2020-03-02 20:20:01 #2 type] 
Type domain.Usuario is not enhanced.

[2020-03-02 20:20:01 #3 type] 
Type domain.Question is not enhanced.

[2020-03-02 20:20:01 #4 type] 
Type domain.Event is not enhanced.

[2020-03-02 20:20:01 #5 type] 
Type domain.Pronostico is not enhanced.

------------------------------------------------------------------------------------------------------------------------

[2020-03-02 22:10:49 #1 store] 
Database 'C:\Users\marko\OneDrive\Escritorio\IS\Bets\resources\bets.temp' is opened by 4040@Marcos

[2020-03-02 22:10:49 #2 type] 
Type domain.Usuario is not enhanced.

[2020-03-02 22:10:49 #3 type] 
Type domain.Question is not enhanced.

[2020-03-02 22:10:49 #4 type] 
Type domain.Event is not enhanced.

[2020-03-02 22:10:49 #5 type] 
Type domain.Pronostico is not enhanced.

------------------------------------------------------------------------------------------------------------------------

[2020-03-02 22:15:52 #1 store] 
Database 'C:\Users\marko\OneDrive\Escritorio\IS\Bets\resources\bets.temp' is opened by 10228@Marcos

[2020-03-02 22:15:52 #2 type] 
Type domain.Usuario is not enhanced.

[2020-03-02 22:15:52 #3 type] 
Type domain.Question is not enhanced.

[2020-03-02 22:15:52 #4 type] 
Type domain.Event is not enhanced.

[2020-03-02 22:15:52 #5 type] 
Type domain.Pronostico is not enhanced.

------------------------------------------------------------------------------------------------------------------------

[2020-03-02 22:24:02 #1 store] 
Database 'C:\Users\marko\OneDrive\Escritorio\IS\Bets\resources\bets.temp' has been recovered (tr. 24-24)

[2020-03-02 22:24:02 #2 store] 
Database 'C:\Users\marko\OneDrive\Escritorio\IS\Bets\resources\bets.temp' is opened by 12836@Marcos

[2020-03-02 22:24:02 #3 type] 
Type domain.Usuario is not enhanced.

[2020-03-02 22:24:02 #4 type] 
Type domain.Question is not enhanced.

[2020-03-02 22:24:02 #5 type] 
Type domain.Event is not enhanced.

[2020-03-02 22:24:02 #6 type] 
Type domain.Pronostico is not enhanced.

------------------------------------------------------------------------------------------------------------------------

[2020-03-02 22:24:18 #1 store] 
Database 'C:\Users\marko\OneDrive\Escritorio\IS\Bets\resources\bets.temp' is opened by 748@Marcos

[2020-03-02 22:24:18 #2 type] 
Type domain.Usuario is not enhanced.

[2020-03-02 22:24:18 #3 type] 
Type domain.Question is not enhanced.

[2020-03-02 22:24:18 #4 type] 
Type domain.Event is not enhanced.

[2020-03-02 22:24:18 #5 type] 
Type domain.Pronostico is not enhanced.

------------------------------------------------------------------------------------------------------------------------

[2020-03-02 22:27:15 #1 store] 
Database 'C:\Users\marko\OneDrive\Escritorio\IS\Bets\resources\bets.temp' is opened by 5380@Marcos

[2020-03-02 22:27:15 #2 type] 
Type domain.Usuario is not enhanced.

[2020-03-02 22:27:15 #3 type] 
Type domain.Question is not enhanced.

[2020-03-02 22:27:15 #4 type] 
Type domain.Event is not enhanced.

[2020-03-02 22:27:15 #5 type] 
Type domain.Pronostico is not enhanced.

------------------------------------------------------------------------------------------------------------------------

[2020-03-02 22:28:02 #1 store] 
Database 'C:\Users\marko\OneDrive\Escritorio\IS\Bets\resources\bets.temp' is opened by 11548@Marcos

[2020-03-02 22:28:03 #2 type] 
Type domain.Usuario is not enhanced.

[2020-03-02 22:28:03 #3 type] 
Type domain.Question is not enhanced.

[2020-03-02 22:28:03 #4 type] 
Type domain.Event is not enhanced.

[2020-03-02 22:28:03 #5 type] 
Type domain.Pronostico is not enhanced.

------------------------------------------------------------------------------------------------------------------------

[2020-03-02 22:34:13 #1 store] 
Database 'C:\Users\marko\OneDrive\Escritorio\IS\Bets\resources\bets.temp' is opened by 17508@Marcos

[2020-03-02 22:34:13 #2 type] 
Type domain.Usuario is not enhanced.

[2020-03-02 22:34:13 #3 type] 
Type domain.Question is not enhanced.

[2020-03-02 22:34:13 #4 type] 
Type domain.Event is not enhanced.

[2020-03-02 22:34:13 #5 type] 
Type domain.Pronostico is not enhanced.

------------------------------------------------------------------------------------------------------------------------

[2020-03-02 22:48:48 #1 store] 
Database 'C:\Users\marko\OneDrive\Escritorio\IS\Bets\resources\bets.temp' is opened by 11364@Marcos

[2020-03-02 22:48:48 #2 type] 
Type domain.Usuario is not enhanced.

[2020-03-02 22:48:48 #3 type] 
Type domain.Question is not enhanced.

[2020-03-02 22:48:48 #4 type] 
Type domain.Event is not enhanced.

[2020-03-02 22:48:48 #5 type] 
Type domain.Pronostico is not enhanced.

------------------------------------------------------------------------------------------------------------------------

[2020-03-02 22:56:22 #1 store] 
Database 'C:\Users\marko\OneDrive\Escritorio\IS\Bets\resources\bets.temp' is opened by 17256@Marcos

[2020-03-02 22:56:22 #2 type] 
Type domain.Usuario is not enhanced.

[2020-03-02 22:56:22 #3 type] 
Type domain.Question is not enhanced.

[2020-03-02 22:56:22 #4 type] 
Type domain.Event is not enhanced.

[2020-03-02 22:56:22 #5 type] 
Type domain.Pronostico is not enhanced.

------------------------------------------------------------------------------------------------------------------------

[2020-03-02 22:57:22 #1 store] 
Database 'C:\Users\marko\OneDrive\Escritorio\IS\Bets\resources\bets.temp' is opened by 7308@Marcos

[2020-03-02 22:57:22 #2 type] 
Type domain.Usuario is not enhanced.

[2020-03-02 22:57:22 #3 type] 
Type domain.Question is not enhanced.

[2020-03-02 22:57:22 #4 type] 
Type domain.Event is not enhanced.

[2020-03-02 22:57:22 #5 type] 
Type domain.Pronostico is not enhanced.

------------------------------------------------------------------------------------------------------------------------

[2020-03-02 22:58:05 #1 store] 
Database 'C:\Users\marko\OneDrive\Escritorio\IS\Bets\resources\bets.temp' is opened by 15520@Marcos

[2020-03-02 22:58:05 #2 type] 
Type domain.Usuario is not enhanced.

[2020-03-02 22:58:05 #3 type] 
Type domain.Question is not enhanced.

[2020-03-02 22:58:05 #4 type] 
Type domain.Event is not enhanced.

[2020-03-02 22:58:05 #5 type] 
Type domain.Pronostico is not enhanced.

------------------------------------------------------------------------------------------------------------------------

[2020-03-02 22:58:56 #1 store] 
Database 'C:\Users\marko\OneDrive\Escritorio\IS\Bets\resources\bets.temp' is opened by 16680@Marcos

[2020-03-02 22:58:56 #2 type] 
Type domain.Usuario is not enhanced.

[2020-03-02 22:58:56 #3 type] 
Type domain.Question is not enhanced.

[2020-03-02 22:58:56 #4 type] 
Type domain.Event is not enhanced.

[2020-03-02 22:58:56 #5 type] 
Type domain.Pronostico is not enhanced.

------------------------------------------------------------------------------------------------------------------------

[2020-03-02 22:59:37 #1 store] 
Database 'C:\Users\marko\OneDrive\Escritorio\IS\Bets\resources\bets.temp' is opened by 3972@Marcos

[2020-03-02 22:59:37 #2 type] 
Type domain.Usuario is not enhanced.

[2020-03-02 22:59:37 #3 type] 
Type domain.Question is not enhanced.

[2020-03-02 22:59:37 #4 type] 
Type domain.Event is not enhanced.

[2020-03-02 22:59:37 #5 type] 
Type domain.Pronostico is not enhanced.

------------------------------------------------------------------------------------------------------------------------

[2020-03-02 23:00:12 #1 store] 
Database 'C:\Users\marko\OneDrive\Escritorio\IS\Bets\resources\bets.temp' is opened by 1832@Marcos

[2020-03-02 23:00:13 #2 type] 
Type domain.Usuario is not enhanced.

[2020-03-02 23:00:13 #3 type] 
Type domain.Question is not enhanced.

[2020-03-02 23:00:13 #4 type] 
Type domain.Event is not enhanced.

[2020-03-02 23:00:13 #5 type] 
Type domain.Pronostico is not enhanced.

------------------------------------------------------------------------------------------------------------------------

[2020-03-02 23:01:10 #1 store] 
Database 'C:\Users\marko\OneDrive\Escritorio\IS\Bets\resources\bets.temp' is opened by 1308@Marcos

[2020-03-02 23:01:10 #2 type] 
Type domain.Usuario is not enhanced.

[2020-03-02 23:01:10 #3 type] 
Type domain.Question is not enhanced.

[2020-03-02 23:01:10 #4 type] 
Type domain.Event is not enhanced.

[2020-03-02 23:01:10 #5 type] 
Type domain.Pronostico is not enhanced.

------------------------------------------------------------------------------------------------------------------------

[2020-03-02 23:04:21 #1 store] 
Database 'C:\Users\marko\OneDrive\Escritorio\IS\Bets\resources\bets.temp' is opened by 12144@Marcos

[2020-03-02 23:04:21 #2 type] 
Type domain.Usuario is not enhanced.

[2020-03-02 23:04:21 #3 type] 
Type domain.Question is not enhanced.

[2020-03-02 23:04:21 #4 type] 
Type domain.Event is not enhanced.

[2020-03-02 23:04:21 #5 type] 
Type domain.Pronostico is not enhanced.

------------------------------------------------------------------------------------------------------------------------

[2020-03-02 23:07:39 #1 store] 
Database 'C:\Users\marko\OneDrive\Escritorio\IS\Bets\resources\bets.temp' is opened by 7924@Marcos

[2020-03-02 23:07:39 #2 type] 
Type domain.Usuario is not enhanced.

[2020-03-02 23:07:39 #3 type] 
Type domain.Question is not enhanced.

[2020-03-02 23:07:39 #4 type] 
Type domain.Event is not enhanced.

[2020-03-02 23:07:39 #5 type] 
Type domain.Pronostico is not enhanced.

------------------------------------------------------------------------------------------------------------------------

[2020-03-02 23:09:47 #1 store] 
Database 'C:\Users\marko\OneDrive\Escritorio\IS\Bets\resources\bets.temp' is opened by 276@Marcos

[2020-03-02 23:09:47 #2 type] 
Type domain.Usuario is not enhanced.

[2020-03-02 23:09:48 #3 type] 
Type domain.Question is not enhanced.

[2020-03-02 23:09:48 #4 type] 
Type domain.Event is not enhanced.

[2020-03-02 23:09:48 #5 type] 
Type domain.Pronostico is not enhanced.

------------------------------------------------------------------------------------------------------------------------

[2020-03-02 23:10:55 #1 store] 
Database 'C:\Users\marko\OneDrive\Escritorio\IS\Bets\resources\bets.temp' is opened by 7644@Marcos

[2020-03-02 23:10:55 #2 type] 
Type domain.Usuario is not enhanced.

[2020-03-02 23:10:55 #3 type] 
Type domain.Question is not enhanced.

[2020-03-02 23:10:55 #4 type] 
Type domain.Event is not enhanced.

[2020-03-02 23:10:55 #5 type] 
Type domain.Pronostico is not enhanced.

------------------------------------------------------------------------------------------------------------------------

[2020-03-02 23:11:31 #1 store] 
Database 'C:\Users\marko\OneDrive\Escritorio\IS\Bets\resources\bets.temp' is opened by 17472@Marcos

[2020-03-02 23:11:31 #2 type] 
Type domain.Usuario is not enhanced.

[2020-03-02 23:11:31 #3 type] 
Type domain.Question is not enhanced.

[2020-03-02 23:11:31 #4 type] 
Type domain.Event is not enhanced.

[2020-03-02 23:11:31 #5 type] 
Type domain.Pronostico is not enhanced.

------------------------------------------------------------------------------------------------------------------------

[2020-03-02 23:47:15 #1 store] 
Database 'C:\Users\marko\OneDrive\Escritorio\IS\Bets\resources\bets.temp' is opened by 8976@Marcos

[2020-03-02 23:47:15 #2 type] 
Type domain.Usuario is not enhanced.

[2020-03-02 23:47:15 #3 type] 
Type domain.Question is not enhanced.

[2020-03-02 23:47:15 #4 type] 
Type domain.Event is not enhanced.

[2020-03-02 23:47:15 #5 type] 
Type domain.Pronostico is not enhanced.

------------------------------------------------------------------------------------------------------------------------

[2020-03-02 23:49:52 #1 store] 
Database 'C:\Users\marko\OneDrive\Escritorio\IS\Bets\resources\bets.temp' is opened by 9904@Marcos

[2020-03-02 23:49:52 #2 type] 
Type domain.Usuario is not enhanced.

[2020-03-02 23:49:52 #3 type] 
Type domain.Question is not enhanced.

[2020-03-02 23:49:52 #4 type] 
Type domain.Event is not enhanced.

[2020-03-02 23:49:52 #5 type] 
Type domain.Pronostico is not enhanced.

------------------------------------------------------------------------------------------------------------------------

[2020-03-02 23:50:18 #1 store] 
Database 'C:\Users\marko\OneDrive\Escritorio\IS\Bets\resources\bets.temp' is opened by 14028@Marcos

[2020-03-02 23:50:18 #2 type] 
Type domain.Usuario is not enhanced.

[2020-03-02 23:50:18 #3 type] 
Type domain.Question is not enhanced.

[2020-03-02 23:50:18 #4 type] 
Type domain.Event is not enhanced.

[2020-03-02 23:50:18 #5 type] 
Type domain.Pronostico is not enhanced.

------------------------------------------------------------------------------------------------------------------------

[2020-03-02 23:52:48 #1 store] 
Database 'C:\Users\marko\OneDrive\Escritorio\IS\Bets\resources\bets.temp' is opened by 16428@Marcos

[2020-03-02 23:52:48 #2 type] 
Type domain.Usuario is not enhanced.

[2020-03-02 23:52:48 #3 type] 
Type domain.Question is not enhanced.

[2020-03-02 23:52:48 #4 type] 
Type domain.Event is not enhanced.

[2020-03-02 23:52:48 #5 type] 
Type domain.Pronostico is not enhanced.

