------------------------------------------------------------------------------------------------------------------------

[2020-03-23 15:23:35 #1 store] 
Database 'C:\Users\marko\OneDrive\Documentos\GitHub\LPCIS\Bets\resources\bets.temp' is opened by 11300@Marcos

[2020-03-23 15:23:35 #2 type] 
Type domain.Usuario is not enhanced.

[2020-03-23 15:23:35 #3 type] 
Type domain.Apuesta is not enhanced.

[2020-03-23 15:23:35 #4 type] 
Type domain.Monedero is not enhanced.

[2020-03-23 15:23:35 #5 type] 
Type domain.Question is not enhanced.

[2020-03-23 15:23:35 #6 type] 
Type domain.Pronostico is not enhanced.

[2020-03-23 15:23:35 #7 type] 
Type domain.Event is not enhanced.

------------------------------------------------------------------------------------------------------------------------

[2020-03-23 15:28:50 #1 store] 
Database 'C:\Users\marko\OneDrive\Documentos\GitHub\LPCIS\Bets\resources\bets.temp' is opened by 12064@Marcos

[2020-03-23 15:28:50 #2 type] 
Type domain.Usuario is not enhanced.

[2020-03-23 15:28:50 #3 type] 
Type domain.Apuesta is not enhanced.

[2020-03-23 15:28:50 #4 type] 
Type domain.Monedero is not enhanced.

[2020-03-23 15:28:50 #5 type] 
Type domain.Question is not enhanced.

[2020-03-23 15:28:50 #6 type] 
Type domain.Pronostico is not enhanced.

[2020-03-23 15:28:50 #7 type] 
Type domain.Event is not enhanced.

------------------------------------------------------------------------------------------------------------------------

[2020-03-23 15:31:48 #1 store] 
Database 'C:\Users\marko\OneDrive\Documentos\GitHub\LPCIS\Bets\resources\bets.temp' is opened by 15168@Marcos

[2020-03-23 15:31:48 #2 type] 
Type domain.Usuario is not enhanced.

[2020-03-23 15:31:48 #3 type] 
Type domain.Apuesta is not enhanced.

[2020-03-23 15:31:48 #4 type] 
Type domain.Monedero is not enhanced.

[2020-03-23 15:31:49 #5 type] 
Type domain.Question is not enhanced.

[2020-03-23 15:31:49 #6 type] 
Type domain.Pronostico is not enhanced.

[2020-03-23 15:31:49 #7 type] 
Type domain.Event is not enhanced.

------------------------------------------------------------------------------------------------------------------------

[2020-03-23 15:32:16 #1 store] 
Database 'C:\Users\marko\OneDrive\Documentos\GitHub\LPCIS\Bets\resources\bets.temp' is opened by 4516@Marcos

[2020-03-23 15:32:16 #2 type] 
Type domain.Usuario is not enhanced.

[2020-03-23 15:32:16 #3 type] 
Type domain.Apuesta is not enhanced.

[2020-03-23 15:32:16 #4 type] 
Type domain.Monedero is not enhanced.

[2020-03-23 15:32:16 #5 type] 
Type domain.Question is not enhanced.

[2020-03-23 15:32:16 #6 type] 
Type domain.Pronostico is not enhanced.

[2020-03-23 15:32:16 #7 type] 
Type domain.Event is not enhanced.

------------------------------------------------------------------------------------------------------------------------

[2020-03-23 15:44:27 #1 store] 
Database 'C:\Users\marko\OneDrive\Documentos\GitHub\LPCIS\Bets\resources\bets.temp' is opened by 3956@Marcos

[2020-03-23 15:44:27 #2 type] 
Type domain.Usuario is not enhanced.

[2020-03-23 15:44:27 #3 type] 
Type domain.Apuesta is not enhanced.

[2020-03-23 15:44:27 #4 type] 
Type domain.Monedero is not enhanced.

[2020-03-23 15:44:27 #5 type] 
Type domain.Question is not enhanced.

[2020-03-23 15:44:27 #6 type] 
Type domain.Pronostico is not enhanced.

[2020-03-23 15:44:27 #7 type] 
Type domain.Event is not enhanced.

------------------------------------------------------------------------------------------------------------------------

[2020-03-23 15:49:22 #1 store] 
Database 'C:\Users\marko\OneDrive\Documentos\GitHub\LPCIS\Bets\resources\bets.temp' is opened by 3856@Marcos

[2020-03-23 15:49:22 #2 type] 
Type domain.Usuario is not enhanced.

[2020-03-23 15:49:22 #3 type] 
Type domain.Apuesta is not enhanced.

[2020-03-23 15:49:22 #4 type] 
Type domain.Monedero is not enhanced.

[2020-03-23 15:49:22 #5 type] 
Type domain.Question is not enhanced.

[2020-03-23 15:49:22 #6 type] 
Type domain.Pronostico is not enhanced.

[2020-03-23 15:49:22 #7 type] 
Type domain.Event is not enhanced.

------------------------------------------------------------------------------------------------------------------------

[2020-03-23 15:53:12 #1 store] 
Database 'C:\Users\marko\OneDrive\Documentos\GitHub\LPCIS\Bets\resources\bets.temp' is opened by 2000@Marcos

[2020-03-23 15:53:12 #2 type] 
Type domain.Usuario is not enhanced.

[2020-03-23 15:53:12 #3 type] 
Type domain.Apuesta is not enhanced.

[2020-03-23 15:53:12 #4 type] 
Type domain.Monedero is not enhanced.

[2020-03-23 15:53:12 #5 type] 
Type domain.Question is not enhanced.

[2020-03-23 15:53:12 #6 type] 
Type domain.Pronostico is not enhanced.

[2020-03-23 15:53:12 #7 type] 
Type domain.Event is not enhanced.

------------------------------------------------------------------------------------------------------------------------

[2020-03-23 15:54:29 #1 store] 
Database 'C:\Users\marko\OneDrive\Documentos\GitHub\LPCIS\Bets\resources\bets.temp' is opened by 3688@Marcos

[2020-03-23 15:54:29 #2 type] 
Type domain.Usuario is not enhanced.

[2020-03-23 15:54:29 #3 type] 
Type domain.Apuesta is not enhanced.

[2020-03-23 15:54:29 #4 type] 
Type domain.Monedero is not enhanced.

[2020-03-23 15:54:29 #5 type] 
Type domain.Question is not enhanced.

[2020-03-23 15:54:29 #6 type] 
Type domain.Pronostico is not enhanced.

[2020-03-23 15:54:29 #7 type] 
Type domain.Event is not enhanced.

------------------------------------------------------------------------------------------------------------------------

[2020-03-23 15:55:41 #1 store] 
Database 'C:\Users\marko\OneDrive\Documentos\GitHub\LPCIS\Bets\resources\bets.temp' is opened by 4416@Marcos

[2020-03-23 15:55:41 #2 type] 
Type domain.Usuario is not enhanced.

[2020-03-23 15:55:41 #3 type] 
Type domain.Apuesta is not enhanced.

[2020-03-23 15:55:41 #4 type] 
Type domain.Monedero is not enhanced.

[2020-03-23 15:55:41 #5 type] 
Type domain.Question is not enhanced.

[2020-03-23 15:55:41 #6 type] 
Type domain.Pronostico is not enhanced.

[2020-03-23 15:55:41 #7 type] 
Type domain.Event is not enhanced.

------------------------------------------------------------------------------------------------------------------------

[2020-03-23 15:57:07 #1 store] 
Database 'C:\Users\marko\OneDrive\Documentos\GitHub\LPCIS\Bets\resources\bets.temp' is opened by 11772@Marcos

[2020-03-23 15:57:07 #2 type] 
Type domain.Usuario is not enhanced.

[2020-03-23 15:57:07 #3 type] 
Type domain.Apuesta is not enhanced.

[2020-03-23 15:57:07 #4 type] 
Type domain.Monedero is not enhanced.

[2020-03-23 15:57:07 #5 type] 
Type domain.Question is not enhanced.

[2020-03-23 15:57:07 #6 type] 
Type domain.Pronostico is not enhanced.

[2020-03-23 15:57:07 #7 type] 
Type domain.Event is not enhanced.

------------------------------------------------------------------------------------------------------------------------

[2020-03-23 15:57:53 #1 store] 
Database 'C:\Users\marko\OneDrive\Documentos\GitHub\LPCIS\Bets\resources\bets.temp' is opened by 15840@Marcos

[2020-03-23 15:57:54 #2 type] 
Type domain.Usuario is not enhanced.

[2020-03-23 15:57:54 #3 type] 
Type domain.Apuesta is not enhanced.

[2020-03-23 15:57:54 #4 type] 
Type domain.Monedero is not enhanced.

[2020-03-23 15:57:54 #5 type] 
Type domain.Question is not enhanced.

[2020-03-23 15:57:54 #6 type] 
Type domain.Pronostico is not enhanced.

[2020-03-23 15:57:54 #7 type] 
Type domain.Event is not enhanced.

------------------------------------------------------------------------------------------------------------------------

[2020-03-23 15:58:47 #1 store] 
Database 'C:\Users\marko\OneDrive\Documentos\GitHub\LPCIS\Bets\resources\bets.temp' is opened by 11820@Marcos

[2020-03-23 15:58:47 #2 type] 
Type domain.Usuario is not enhanced.

[2020-03-23 15:58:47 #3 type] 
Type domain.Apuesta is not enhanced.

[2020-03-23 15:58:47 #4 type] 
Type domain.Monedero is not enhanced.

[2020-03-23 15:58:47 #5 type] 
Type domain.Question is not enhanced.

[2020-03-23 15:58:47 #6 type] 
Type domain.Pronostico is not enhanced.

[2020-03-23 15:58:47 #7 type] 
Type domain.Event is not enhanced.

------------------------------------------------------------------------------------------------------------------------

[2020-03-23 15:59:18 #1 store] 
Database 'C:\Users\marko\OneDrive\Documentos\GitHub\LPCIS\Bets\resources\bets.temp' is opened by 2592@Marcos

[2020-03-23 15:59:19 #2 type] 
Type domain.Usuario is not enhanced.

[2020-03-23 15:59:19 #3 type] 
Type domain.Apuesta is not enhanced.

[2020-03-23 15:59:19 #4 type] 
Type domain.Monedero is not enhanced.

[2020-03-23 15:59:19 #5 type] 
Type domain.Question is not enhanced.

[2020-03-23 15:59:19 #6 type] 
Type domain.Pronostico is not enhanced.

[2020-03-23 15:59:19 #7 type] 
Type domain.Event is not enhanced.

------------------------------------------------------------------------------------------------------------------------

[2020-03-23 15:59:57 #1 store] 
Database 'C:\Users\marko\OneDrive\Documentos\GitHub\LPCIS\Bets\resources\bets.temp' is opened by 12764@Marcos

[2020-03-23 15:59:57 #2 type] 
Type domain.Usuario is not enhanced.

[2020-03-23 15:59:57 #3 type] 
Type domain.Apuesta is not enhanced.

[2020-03-23 15:59:57 #4 type] 
Type domain.Monedero is not enhanced.

[2020-03-23 15:59:57 #5 type] 
Type domain.Question is not enhanced.

[2020-03-23 15:59:57 #6 type] 
Type domain.Pronostico is not enhanced.

[2020-03-23 15:59:57 #7 type] 
Type domain.Event is not enhanced.

------------------------------------------------------------------------------------------------------------------------

[2020-03-23 16:00:41 #1 store] 
Database 'C:\Users\marko\OneDrive\Documentos\GitHub\LPCIS\Bets\resources\bets.temp' is opened by 9052@Marcos

[2020-03-23 16:00:41 #2 type] 
Type domain.Usuario is not enhanced.

[2020-03-23 16:00:41 #3 type] 
Type domain.Apuesta is not enhanced.

[2020-03-23 16:00:41 #4 type] 
Type domain.Monedero is not enhanced.

[2020-03-23 16:00:41 #5 type] 
Type domain.Question is not enhanced.

[2020-03-23 16:00:41 #6 type] 
Type domain.Pronostico is not enhanced.

[2020-03-23 16:00:41 #7 type] 
Type domain.Event is not enhanced.

------------------------------------------------------------------------------------------------------------------------

[2020-03-23 16:01:03 #1 store] 
Database 'C:\Users\marko\OneDrive\Documentos\GitHub\LPCIS\Bets\resources\bets.temp' is opened by 11316@Marcos

[2020-03-23 16:01:04 #2 type] 
Type domain.Usuario is not enhanced.

[2020-03-23 16:01:04 #3 type] 
Type domain.Apuesta is not enhanced.

[2020-03-23 16:01:04 #4 type] 
Type domain.Monedero is not enhanced.

[2020-03-23 16:01:04 #5 type] 
Type domain.Question is not enhanced.

[2020-03-23 16:01:04 #6 type] 
Type domain.Pronostico is not enhanced.

[2020-03-23 16:01:04 #7 type] 
Type domain.Event is not enhanced.

------------------------------------------------------------------------------------------------------------------------

[2020-03-23 16:01:34 #1 store] 
Database 'C:\Users\marko\OneDrive\Documentos\GitHub\LPCIS\Bets\resources\bets.temp' is opened by 13016@Marcos

[2020-03-23 16:01:34 #2 type] 
Type domain.Usuario is not enhanced.

[2020-03-23 16:01:34 #3 type] 
Type domain.Apuesta is not enhanced.

[2020-03-23 16:01:34 #4 type] 
Type domain.Monedero is not enhanced.

[2020-03-23 16:01:34 #5 type] 
Type domain.Question is not enhanced.

[2020-03-23 16:01:34 #6 type] 
Type domain.Pronostico is not enhanced.

[2020-03-23 16:01:34 #7 type] 
Type domain.Event is not enhanced.

------------------------------------------------------------------------------------------------------------------------

[2020-03-23 16:02:12 #1 store] 
Database 'C:\Users\marko\OneDrive\Documentos\GitHub\LPCIS\Bets\resources\bets.temp' is opened by 7948@Marcos

[2020-03-23 16:02:12 #2 type] 
Type domain.Usuario is not enhanced.

[2020-03-23 16:02:12 #3 type] 
Type domain.Apuesta is not enhanced.

[2020-03-23 16:02:12 #4 type] 
Type domain.Monedero is not enhanced.

[2020-03-23 16:02:12 #5 type] 
Type domain.Question is not enhanced.

[2020-03-23 16:02:12 #6 type] 
Type domain.Pronostico is not enhanced.

[2020-03-23 16:02:12 #7 type] 
Type domain.Event is not enhanced.

------------------------------------------------------------------------------------------------------------------------

[2020-03-23 16:02:32 #1 store] 
Database 'C:\Users\marko\OneDrive\Documentos\GitHub\LPCIS\Bets\resources\bets.temp' is opened by 11672@Marcos

[2020-03-23 16:02:32 #2 type] 
Type domain.Usuario is not enhanced.

[2020-03-23 16:02:32 #3 type] 
Type domain.Apuesta is not enhanced.

[2020-03-23 16:02:32 #4 type] 
Type domain.Monedero is not enhanced.

[2020-03-23 16:02:32 #5 type] 
Type domain.Question is not enhanced.

[2020-03-23 16:02:32 #6 type] 
Type domain.Pronostico is not enhanced.

[2020-03-23 16:02:32 #7 type] 
Type domain.Event is not enhanced.

------------------------------------------------------------------------------------------------------------------------

[2020-03-23 16:03:43 #1 store] 
Database 'C:\Users\marko\OneDrive\Documentos\GitHub\LPCIS\Bets\resources\bets.temp' is opened by 8852@Marcos

[2020-03-23 16:03:43 #2 type] 
Type domain.Usuario is not enhanced.

[2020-03-23 16:03:43 #3 type] 
Type domain.Apuesta is not enhanced.

[2020-03-23 16:03:43 #4 type] 
Type domain.Monedero is not enhanced.

[2020-03-23 16:03:43 #5 type] 
Type domain.Question is not enhanced.

[2020-03-23 16:03:43 #6 type] 
Type domain.Pronostico is not enhanced.

[2020-03-23 16:03:43 #7 type] 
Type domain.Event is not enhanced.

------------------------------------------------------------------------------------------------------------------------

[2020-03-23 16:05:07 #1 store] 
Database 'C:\Users\marko\OneDrive\Documentos\GitHub\LPCIS\Bets\resources\bets.temp' is opened by 7964@Marcos

[2020-03-23 16:05:07 #2 type] 
Type domain.Usuario is not enhanced.

[2020-03-23 16:05:07 #3 type] 
Type domain.Apuesta is not enhanced.

[2020-03-23 16:05:07 #4 type] 
Type domain.Monedero is not enhanced.

[2020-03-23 16:05:07 #5 type] 
Type domain.Question is not enhanced.

[2020-03-23 16:05:07 #6 type] 
Type domain.Pronostico is not enhanced.

[2020-03-23 16:05:07 #7 type] 
Type domain.Event is not enhanced.

------------------------------------------------------------------------------------------------------------------------

[2020-03-23 16:05:49 #1 store] 
Database 'C:\Users\marko\OneDrive\Documentos\GitHub\LPCIS\Bets\resources\bets.temp' is opened by 4712@Marcos

[2020-03-23 16:05:49 #2 type] 
Type domain.Usuario is not enhanced.

[2020-03-23 16:05:49 #3 type] 
Type domain.Apuesta is not enhanced.

[2020-03-23 16:05:49 #4 type] 
Type domain.Monedero is not enhanced.

[2020-03-23 16:05:49 #5 type] 
Type domain.Question is not enhanced.

[2020-03-23 16:05:49 #6 type] 
Type domain.Pronostico is not enhanced.

[2020-03-23 16:05:49 #7 type] 
Type domain.Event is not enhanced.

------------------------------------------------------------------------------------------------------------------------

[2020-03-23 16:10:14 #1 store] 
Database 'C:\Users\marko\OneDrive\Documentos\GitHub\LPCIS\Bets\resources\bets.temp' is opened by 14032@Marcos

[2020-03-23 16:10:14 #2 type] 
Type domain.Usuario is not enhanced.

[2020-03-23 16:10:14 #3 type] 
Type domain.Apuesta is not enhanced.

[2020-03-23 16:10:14 #4 type] 
Type domain.Monedero is not enhanced.

[2020-03-23 16:10:14 #5 type] 
Type domain.Question is not enhanced.

[2020-03-23 16:10:14 #6 type] 
Type domain.Pronostico is not enhanced.

[2020-03-23 16:10:14 #7 type] 
Type domain.Event is not enhanced.

------------------------------------------------------------------------------------------------------------------------

[2020-03-23 16:13:38 #1 store] 
Database 'C:\Users\marko\OneDrive\Documentos\GitHub\LPCIS\Bets\resources\bets.temp' is opened by 736@Marcos

[2020-03-23 16:13:38 #2 type] 
Type domain.Usuario is not enhanced.

[2020-03-23 16:13:38 #3 type] 
Type domain.Apuesta is not enhanced.

[2020-03-23 16:13:38 #4 type] 
Type domain.Monedero is not enhanced.

[2020-03-23 16:13:38 #5 type] 
Type domain.Question is not enhanced.

[2020-03-23 16:13:38 #6 type] 
Type domain.Pronostico is not enhanced.

[2020-03-23 16:13:38 #7 type] 
Type domain.Event is not enhanced.

------------------------------------------------------------------------------------------------------------------------

[2020-03-23 16:15:47 #1 store] 
Database 'C:\Users\marko\OneDrive\Documentos\GitHub\LPCIS\Bets\resources\bets.temp' is opened by 14808@Marcos

[2020-03-23 16:15:47 #2 type] 
Type domain.Usuario is not enhanced.

[2020-03-23 16:15:47 #3 type] 
Type domain.Apuesta is not enhanced.

[2020-03-23 16:15:47 #4 type] 
Type domain.Monedero is not enhanced.

[2020-03-23 16:15:47 #5 type] 
Type domain.Question is not enhanced.

[2020-03-23 16:15:47 #6 type] 
Type domain.Pronostico is not enhanced.

[2020-03-23 16:15:47 #7 type] 
Type domain.Event is not enhanced.

------------------------------------------------------------------------------------------------------------------------

[2020-03-23 16:17:06 #1 store] 
Database 'C:\Users\marko\OneDrive\Documentos\GitHub\LPCIS\Bets\resources\bets.temp' is opened by 14616@Marcos

[2020-03-23 16:17:06 #2 type] 
Type domain.Usuario is not enhanced.

[2020-03-23 16:17:06 #3 type] 
Type domain.Apuesta is not enhanced.

[2020-03-23 16:17:06 #4 type] 
Type domain.Monedero is not enhanced.

[2020-03-23 16:17:06 #5 type] 
Type domain.Question is not enhanced.

[2020-03-23 16:17:06 #6 type] 
Type domain.Pronostico is not enhanced.

[2020-03-23 16:17:06 #7 type] 
Type domain.Event is not enhanced.

------------------------------------------------------------------------------------------------------------------------

[2020-03-23 16:18:10 #1 store] 
Database 'C:\Users\marko\OneDrive\Documentos\GitHub\LPCIS\Bets\resources\bets.temp' is opened by 9884@Marcos

[2020-03-23 16:18:10 #2 type] 
Type domain.Usuario is not enhanced.

[2020-03-23 16:18:10 #3 type] 
Type domain.Apuesta is not enhanced.

[2020-03-23 16:18:10 #4 type] 
Type domain.Monedero is not enhanced.

[2020-03-23 16:18:10 #5 type] 
Type domain.Question is not enhanced.

[2020-03-23 16:18:10 #6 type] 
Type domain.Pronostico is not enhanced.

[2020-03-23 16:18:10 #7 type] 
Type domain.Event is not enhanced.

------------------------------------------------------------------------------------------------------------------------

[2020-03-23 16:21:09 #1 store] 
Database 'C:\Users\marko\OneDrive\Documentos\GitHub\LPCIS\Bets\resources\bets.temp' is opened by 10280@Marcos

[2020-03-23 16:21:09 #2 type] 
Type domain.Usuario is not enhanced.

[2020-03-23 16:21:09 #3 type] 
Type domain.Apuesta is not enhanced.

[2020-03-23 16:21:09 #4 type] 
Type domain.Monedero is not enhanced.

[2020-03-23 16:21:09 #5 type] 
Type domain.Question is not enhanced.

[2020-03-23 16:21:09 #6 type] 
Type domain.Pronostico is not enhanced.

[2020-03-23 16:21:09 #7 type] 
Type domain.Event is not enhanced.

------------------------------------------------------------------------------------------------------------------------

[2020-03-23 16:21:40 #1 store] 
Database 'C:\Users\marko\OneDrive\Documentos\GitHub\LPCIS\Bets\resources\bets.temp' is opened by 11588@Marcos

[2020-03-23 16:21:40 #2 type] 
Type domain.Usuario is not enhanced.

[2020-03-23 16:21:40 #3 type] 
Type domain.Apuesta is not enhanced.

[2020-03-23 16:21:40 #4 type] 
Type domain.Monedero is not enhanced.

[2020-03-23 16:21:40 #5 type] 
Type domain.Question is not enhanced.

[2020-03-23 16:21:40 #6 type] 
Type domain.Pronostico is not enhanced.

[2020-03-23 16:21:40 #7 type] 
Type domain.Event is not enhanced.

------------------------------------------------------------------------------------------------------------------------

[2020-03-23 16:22:01 #1 store] 
Database 'C:\Users\marko\OneDrive\Documentos\GitHub\LPCIS\Bets\resources\bets.temp' is opened by 10732@Marcos

[2020-03-23 16:22:01 #2 type] 
Type domain.Usuario is not enhanced.

[2020-03-23 16:22:01 #3 type] 
Type domain.Apuesta is not enhanced.

[2020-03-23 16:22:01 #4 type] 
Type domain.Monedero is not enhanced.

[2020-03-23 16:22:01 #5 type] 
Type domain.Question is not enhanced.

[2020-03-23 16:22:01 #6 type] 
Type domain.Pronostico is not enhanced.

[2020-03-23 16:22:01 #7 type] 
Type domain.Event is not enhanced.

------------------------------------------------------------------------------------------------------------------------

[2020-03-23 16:22:29 #1 store] 
Database 'C:\Users\marko\OneDrive\Documentos\GitHub\LPCIS\Bets\resources\bets.temp' is opened by 12112@Marcos

[2020-03-23 16:22:30 #2 type] 
Type domain.Usuario is not enhanced.

[2020-03-23 16:22:30 #3 type] 
Type domain.Apuesta is not enhanced.

[2020-03-23 16:22:30 #4 type] 
Type domain.Monedero is not enhanced.

[2020-03-23 16:22:30 #5 type] 
Type domain.Question is not enhanced.

[2020-03-23 16:22:30 #6 type] 
Type domain.Pronostico is not enhanced.

[2020-03-23 16:22:30 #7 type] 
Type domain.Event is not enhanced.

------------------------------------------------------------------------------------------------------------------------

[2020-03-23 16:31:13 #1 store] 
Database 'C:\Users\marko\OneDrive\Documentos\GitHub\LPCIS\Bets\resources\bets.temp' is opened by 2768@Marcos

[2020-03-23 16:31:13 #2 type] 
Type domain.Usuario is not enhanced.

[2020-03-23 16:31:13 #3 type] 
Type domain.Apuesta is not enhanced.

[2020-03-23 16:31:13 #4 type] 
Type domain.Monedero is not enhanced.

[2020-03-23 16:31:13 #5 type] 
Type domain.Question is not enhanced.

[2020-03-23 16:31:13 #6 type] 
Type domain.Pronostico is not enhanced.

[2020-03-23 16:31:13 #7 type] 
Type domain.Event is not enhanced.

------------------------------------------------------------------------------------------------------------------------

[2020-03-23 16:32:22 #1 store] 
Database 'C:\Users\marko\OneDrive\Documentos\GitHub\LPCIS\Bets\resources\bets.temp' is opened by 4896@Marcos

[2020-03-23 16:32:22 #2 type] 
Type domain.Usuario is not enhanced.

[2020-03-23 16:32:22 #3 type] 
Type domain.Apuesta is not enhanced.

[2020-03-23 16:32:22 #4 type] 
Type domain.Monedero is not enhanced.

[2020-03-23 16:32:22 #5 type] 
Type domain.Question is not enhanced.

[2020-03-23 16:32:22 #6 type] 
Type domain.Pronostico is not enhanced.

[2020-03-23 16:32:22 #7 type] 
Type domain.Event is not enhanced.

------------------------------------------------------------------------------------------------------------------------

[2020-03-23 16:34:34 #1 store] 
Database 'C:\Users\marko\OneDrive\Documentos\GitHub\LPCIS\Bets\resources\bets.temp' is opened by 3848@Marcos

[2020-03-23 16:34:34 #2 type] 
Type domain.Usuario is not enhanced.

[2020-03-23 16:34:34 #3 type] 
Type domain.Apuesta is not enhanced.

[2020-03-23 16:34:34 #4 type] 
Type domain.Monedero is not enhanced.

[2020-03-23 16:34:34 #5 type] 
Type domain.Question is not enhanced.

[2020-03-23 16:34:34 #6 type] 
Type domain.Pronostico is not enhanced.

[2020-03-23 16:34:34 #7 type] 
Type domain.Event is not enhanced.

------------------------------------------------------------------------------------------------------------------------

[2020-03-23 16:37:35 #1 store] 
Database 'C:\Users\marko\OneDrive\Documentos\GitHub\LPCIS\Bets\resources\bets.temp' is opened by 11708@Marcos

[2020-03-23 16:37:35 #2 type] 
Type domain.Usuario is not enhanced.

[2020-03-23 16:37:35 #3 type] 
Type domain.Apuesta is not enhanced.

[2020-03-23 16:37:35 #4 type] 
Type domain.Monedero is not enhanced.

[2020-03-23 16:37:35 #5 type] 
Type domain.Question is not enhanced.

[2020-03-23 16:37:35 #6 type] 
Type domain.Pronostico is not enhanced.

[2020-03-23 16:37:35 #7 type] 
Type domain.Event is not enhanced.

------------------------------------------------------------------------------------------------------------------------

[2020-03-23 16:40:51 #1 store] 
Database 'C:\Users\marko\OneDrive\Documentos\GitHub\LPCIS\Bets\resources\bets.temp' is opened by 11312@Marcos

[2020-03-23 16:40:51 #2 type] 
Type domain.Usuario is not enhanced.

[2020-03-23 16:40:51 #3 type] 
Type domain.Apuesta is not enhanced.

[2020-03-23 16:40:51 #4 type] 
Type domain.Monedero is not enhanced.

[2020-03-23 16:40:51 #5 type] 
Type domain.Question is not enhanced.

[2020-03-23 16:40:51 #6 type] 
Type domain.Pronostico is not enhanced.

[2020-03-23 16:40:51 #7 type] 
Type domain.Event is not enhanced.

------------------------------------------------------------------------------------------------------------------------

[2020-03-23 16:41:42 #1 store] 
Database 'C:\Users\marko\OneDrive\Documentos\GitHub\LPCIS\Bets\resources\bets.temp' is opened by 6088@Marcos

[2020-03-23 16:41:42 #2 type] 
Type domain.Usuario is not enhanced.

[2020-03-23 16:41:42 #3 type] 
Type domain.Apuesta is not enhanced.

[2020-03-23 16:41:42 #4 type] 
Type domain.Monedero is not enhanced.

[2020-03-23 16:41:42 #5 type] 
Type domain.Question is not enhanced.

[2020-03-23 16:41:42 #6 type] 
Type domain.Pronostico is not enhanced.

[2020-03-23 16:41:42 #7 type] 
Type domain.Event is not enhanced.

------------------------------------------------------------------------------------------------------------------------

[2020-03-23 16:44:54 #1 store] 
Database 'C:\Users\marko\OneDrive\Documentos\GitHub\LPCIS\Bets\resources\bets.temp' is opened by 9372@Marcos

[2020-03-23 16:44:54 #2 type] 
Type domain.Usuario is not enhanced.

[2020-03-23 16:44:54 #3 type] 
Type domain.Apuesta is not enhanced.

[2020-03-23 16:44:54 #4 type] 
Type domain.Monedero is not enhanced.

[2020-03-23 16:44:54 #5 type] 
Type domain.Question is not enhanced.

[2020-03-23 16:44:54 #6 type] 
Type domain.Pronostico is not enhanced.

[2020-03-23 16:44:54 #7 type] 
Type domain.Event is not enhanced.

------------------------------------------------------------------------------------------------------------------------

[2020-03-23 17:12:09 #1 store] 
Database 'C:\Users\marko\OneDrive\Documentos\GitHub\LPCIS\Bets\resources\bets.temp' has been recovered (tr. 15-15)

[2020-03-23 17:12:09 #2 store] 
Database 'C:\Users\marko\OneDrive\Documentos\GitHub\LPCIS\Bets\resources\bets.temp' is opened by 18072@Marcos

[2020-03-23 17:12:09 #3 type] 
Type domain.Usuario is not enhanced.

[2020-03-23 17:12:09 #4 type] 
Type domain.Apuesta is not enhanced.

[2020-03-23 17:12:09 #5 type] 
Type domain.Monedero is not enhanced.

[2020-03-23 17:12:09 #6 type] 
Type domain.Question is not enhanced.

[2020-03-23 17:12:09 #7 type] 
Type domain.Pronostico is not enhanced.

[2020-03-23 17:12:09 #8 type] 
Type domain.Event is not enhanced.

