------------------------------------------------------------------------------------------------------------------------

[2020-03-20 16:57:04 #1 store] 
Database '/Users/adriansanse/git/LPCIS/Bets/resources/bets.temp' is opened by 566@MacBook-Pro-de-Adrian.local

[2020-03-20 16:57:04 #2 type] 
Type domain.Usuario is not enhanced.

[2020-03-20 16:57:04 #3 type] 
Type domain.Monedero is not enhanced.

[2020-03-20 16:57:04 #4 type] 
Type domain.Question is not enhanced.

[2020-03-20 16:57:04 #5 type] 
Type domain.Pronostico is not enhanced.

[2020-03-20 16:57:04 #6 type] 
Type domain.Event is not enhanced.

------------------------------------------------------------------------------------------------------------------------

[2020-03-20 17:04:13 #1 store] 
Database '/Users/adriansanse/git/LPCIS/Bets/resources/bets.temp' is opened by 585@MacBook-Pro-de-Adrian.local

[2020-03-20 17:04:14 #2 type.registry] 
New type domain.Usuario

[2020-03-20 17:04:14 #3 type] 
Type domain.Usuario is not enhanced.

[2020-03-20 17:04:14 #4 type.registry] 
New type domain.Monedero

[2020-03-20 17:04:14 #5 type] 
Type domain.Monedero is not enhanced.

[2020-03-20 17:04:14 #6 type.registry] 
New type domain.Question

[2020-03-20 17:04:14 #7 type] 
Type domain.Question is not enhanced.

[2020-03-20 17:04:14 #8 type.registry] 
New type domain.Pronostico

[2020-03-20 17:04:14 #9 type.registry] 
New type java.util.Vector<domain.Pronostico>

[2020-03-20 17:04:14 #10 type.registry] 
New type domain.Event

[2020-03-20 17:04:14 #11 type] 
Type domain.Pronostico is not enhanced.

[2020-03-20 17:04:14 #12 type] 
Type domain.Event is not enhanced.

[2020-03-20 17:04:14 #13 type.registry] 
New type java.util.Vector<domain.Question>

[2020-03-20 17:04:14 #14 type.registry] 
New type java.util.Vector<java.lang.Object>

------------------------------------------------------------------------------------------------------------------------

[2020-03-20 17:10:24 #1 store] 
Database '/Users/adriansanse/git/LPCIS/Bets/resources/bets.temp' is opened by 587@MacBook-Pro-de-Adrian.local

[2020-03-20 17:10:24 #2 type.registry] 
New type domain.Usuario

[2020-03-20 17:10:24 #3 type] 
Type domain.Usuario is not enhanced.

[2020-03-20 17:10:24 #4 type.registry] 
New type domain.Monedero

[2020-03-20 17:10:24 #5 type] 
Type domain.Monedero is not enhanced.

[2020-03-20 17:10:24 #6 type.registry] 
New type domain.Question

[2020-03-20 17:10:24 #7 type] 
Type domain.Question is not enhanced.

[2020-03-20 17:10:24 #8 type.registry] 
New type domain.Pronostico

[2020-03-20 17:10:24 #9 type.registry] 
New type java.util.Vector<domain.Pronostico>

[2020-03-20 17:10:24 #10 type.registry] 
New type domain.Event

[2020-03-20 17:10:24 #11 type] 
Type domain.Pronostico is not enhanced.

[2020-03-20 17:10:24 #12 type] 
Type domain.Event is not enhanced.

[2020-03-20 17:10:24 #13 type.registry] 
New type java.util.Vector<domain.Question>

[2020-03-20 17:10:24 #14 type.registry] 
New type java.util.Vector<java.lang.Object>

------------------------------------------------------------------------------------------------------------------------

[2020-03-20 17:12:39 #1 store] 
Database '/Users/adriansanse/git/LPCIS/Bets/resources/bets.temp' is opened by 590@MacBook-Pro-de-Adrian.local

[2020-03-20 17:12:40 #2 type.registry] 
New type domain.Usuario

[2020-03-20 17:12:40 #3 type] 
Type domain.Usuario is not enhanced.

[2020-03-20 17:12:40 #4 type.registry] 
New type domain.Monedero

[2020-03-20 17:12:40 #5 type] 
Type domain.Monedero is not enhanced.

[2020-03-20 17:12:40 #6 type.registry] 
New type domain.Question

[2020-03-20 17:12:40 #7 type] 
Type domain.Question is not enhanced.

[2020-03-20 17:12:40 #8 type.registry] 
New type domain.Pronostico

[2020-03-20 17:12:40 #9 type.registry] 
New type java.util.Vector<domain.Pronostico>

[2020-03-20 17:12:40 #10 type.registry] 
New type domain.Event

[2020-03-20 17:12:40 #11 type] 
Type domain.Pronostico is not enhanced.

[2020-03-20 17:12:40 #12 type] 
Type domain.Event is not enhanced.

[2020-03-20 17:12:40 #13 type.registry] 
New type java.util.Vector<domain.Question>

[2020-03-20 17:12:40 #14 type.registry] 
New type java.util.Vector<java.lang.Object>

------------------------------------------------------------------------------------------------------------------------

[2020-03-20 17:14:20 #1 store] 
Database '/Users/adriansanse/git/LPCIS/Bets/resources/bets.temp' is opened by 592@MacBook-Pro-de-Adrian.local

[2020-03-20 17:14:20 #2 type.registry] 
New type domain.Usuario

[2020-03-20 17:14:20 #3 type] 
Type domain.Usuario is not enhanced.

[2020-03-20 17:14:20 #4 type.registry] 
New type domain.Monedero

[2020-03-20 17:14:20 #5 type] 
Type domain.Monedero is not enhanced.

[2020-03-20 17:14:21 #6 type.registry] 
New type domain.Question

[2020-03-20 17:14:21 #7 type] 
Type domain.Question is not enhanced.

[2020-03-20 17:14:21 #8 type.registry] 
New type domain.Pronostico

[2020-03-20 17:14:21 #9 type.registry] 
New type java.util.Vector<domain.Pronostico>

[2020-03-20 17:14:21 #10 type.registry] 
New type domain.Event

[2020-03-20 17:14:21 #11 type] 
Type domain.Pronostico is not enhanced.

[2020-03-20 17:14:21 #12 type] 
Type domain.Event is not enhanced.

[2020-03-20 17:14:21 #13 type.registry] 
New type java.util.Vector<domain.Question>

[2020-03-20 17:14:21 #14 type.registry] 
New type java.util.Vector<java.lang.Object>

------------------------------------------------------------------------------------------------------------------------

[2020-03-20 17:17:15 #1 store] 
Database '/Users/adriansanse/git/LPCIS/Bets/resources/bets.temp' is opened by 596@MacBook-Pro-de-Adrian.local

[2020-03-20 17:17:15 #2 type.registry] 
New type domain.Usuario

[2020-03-20 17:17:15 #3 type] 
Type domain.Usuario is not enhanced.

[2020-03-20 17:17:15 #4 type.registry] 
New type domain.Monedero

[2020-03-20 17:17:15 #5 type] 
Type domain.Monedero is not enhanced.

[2020-03-20 17:17:15 #6 type.registry] 
New type domain.Question

[2020-03-20 17:17:15 #7 type] 
Type domain.Question is not enhanced.

[2020-03-20 17:17:15 #8 type.registry] 
New type domain.Pronostico

[2020-03-20 17:17:15 #9 type.registry] 
New type java.util.Vector<domain.Pronostico>

[2020-03-20 17:17:15 #10 type.registry] 
New type domain.Event

[2020-03-20 17:17:15 #11 type] 
Type domain.Pronostico is not enhanced.

[2020-03-20 17:17:15 #12 type] 
Type domain.Event is not enhanced.

[2020-03-20 17:17:15 #13 type.registry] 
New type java.util.Vector<domain.Question>

[2020-03-20 17:17:15 #14 type.registry] 
New type java.util.Vector<java.lang.Object>

------------------------------------------------------------------------------------------------------------------------

[2020-03-20 17:21:26 #1 store] 
Database '/Users/adriansanse/git/LPCIS/Bets/resources/bets.temp' is opened by 598@MacBook-Pro-de-Adrian.local

[2020-03-20 17:21:26 #2 type.registry] 
New type domain.Usuario

[2020-03-20 17:21:26 #3 type] 
Type domain.Usuario is not enhanced.

[2020-03-20 17:21:26 #4 type.registry] 
New type domain.Monedero

[2020-03-20 17:21:26 #5 type] 
Type domain.Monedero is not enhanced.

[2020-03-20 17:21:26 #6 type.registry] 
New type domain.Question

[2020-03-20 17:21:26 #7 type] 
Type domain.Question is not enhanced.

[2020-03-20 17:21:26 #8 type.registry] 
New type domain.Pronostico

[2020-03-20 17:21:26 #9 type.registry] 
New type java.util.Vector<domain.Pronostico>

[2020-03-20 17:21:26 #10 type.registry] 
New type domain.Event

[2020-03-20 17:21:26 #11 type] 
Type domain.Pronostico is not enhanced.

[2020-03-20 17:21:26 #12 type] 
Type domain.Event is not enhanced.

[2020-03-20 17:21:26 #13 type.registry] 
New type java.util.Vector<domain.Question>

[2020-03-20 17:21:26 #14 type.registry] 
New type java.util.Vector<java.lang.Object>

------------------------------------------------------------------------------------------------------------------------

[2020-03-20 17:24:44 #1 store] 
Database '/Users/adriansanse/git/LPCIS/Bets/resources/bets.temp' is opened by 600@MacBook-Pro-de-Adrian.local

[2020-03-20 17:24:44 #2 type.registry] 
New type domain.Usuario

[2020-03-20 17:24:44 #3 type] 
Type domain.Usuario is not enhanced.

[2020-03-20 17:24:44 #4 type.registry] 
New type domain.Monedero

[2020-03-20 17:24:44 #5 type] 
Type domain.Monedero is not enhanced.

[2020-03-20 17:24:44 #6 type.registry] 
New type domain.Question

[2020-03-20 17:24:44 #7 type] 
Type domain.Question is not enhanced.

[2020-03-20 17:24:44 #8 type.registry] 
New type domain.Pronostico

[2020-03-20 17:24:44 #9 type.registry] 
New type java.util.Vector<domain.Pronostico>

[2020-03-20 17:24:44 #10 type.registry] 
New type domain.Event

[2020-03-20 17:24:44 #11 type] 
Type domain.Pronostico is not enhanced.

[2020-03-20 17:24:44 #12 type] 
Type domain.Event is not enhanced.

[2020-03-20 17:24:44 #13 type.registry] 
New type java.util.Vector<domain.Question>

[2020-03-20 17:24:44 #14 type.registry] 
New type java.util.Vector<java.lang.Object>

------------------------------------------------------------------------------------------------------------------------

[2020-03-20 17:27:14 #1 store] 
Database '/Users/adriansanse/git/LPCIS/Bets/resources/bets.temp' is opened by 602@MacBook-Pro-de-Adrian.local

[2020-03-20 17:27:14 #2 type.registry] 
New type domain.Usuario

[2020-03-20 17:27:14 #3 type] 
Type domain.Usuario is not enhanced.

[2020-03-20 17:27:14 #4 type.registry] 
New type domain.Monedero

[2020-03-20 17:27:14 #5 type] 
Type domain.Monedero is not enhanced.

[2020-03-20 17:27:14 #6 type.registry] 
New type domain.Question

[2020-03-20 17:27:14 #7 type] 
Type domain.Question is not enhanced.

[2020-03-20 17:27:14 #8 type.registry] 
New type domain.Pronostico

[2020-03-20 17:27:14 #9 type.registry] 
New type java.util.Vector<domain.Pronostico>

[2020-03-20 17:27:14 #10 type.registry] 
New type domain.Event

[2020-03-20 17:27:14 #11 type] 
Type domain.Pronostico is not enhanced.

[2020-03-20 17:27:14 #12 type] 
Type domain.Event is not enhanced.

[2020-03-20 17:27:14 #13 type.registry] 
New type java.util.Vector<domain.Question>

[2020-03-20 17:27:14 #14 type.registry] 
New type java.util.Vector<java.lang.Object>

------------------------------------------------------------------------------------------------------------------------

[2020-03-20 17:27:50 #1 store] 
Database '/Users/adriansanse/git/LPCIS/Bets/resources/bets.temp' is opened by 604@MacBook-Pro-de-Adrian.local

[2020-03-20 17:27:50 #2 type.registry] 
New type domain.Usuario

[2020-03-20 17:27:50 #3 type] 
Type domain.Usuario is not enhanced.

[2020-03-20 17:27:50 #4 type.registry] 
New type domain.Monedero

[2020-03-20 17:27:50 #5 type] 
Type domain.Monedero is not enhanced.

[2020-03-20 17:27:50 #6 type.registry] 
New type domain.Question

[2020-03-20 17:27:50 #7 type] 
Type domain.Question is not enhanced.

[2020-03-20 17:27:50 #8 type.registry] 
New type domain.Pronostico

[2020-03-20 17:27:50 #9 type.registry] 
New type java.util.Vector<domain.Pronostico>

[2020-03-20 17:27:50 #10 type.registry] 
New type domain.Event

[2020-03-20 17:27:50 #11 type] 
Type domain.Pronostico is not enhanced.

[2020-03-20 17:27:50 #12 type] 
Type domain.Event is not enhanced.

[2020-03-20 17:27:50 #13 type.registry] 
New type java.util.Vector<domain.Question>

[2020-03-20 17:27:50 #14 type.registry] 
New type java.util.Vector<java.lang.Object>

------------------------------------------------------------------------------------------------------------------------

[2020-03-20 17:30:15 #1 store] 
Database '/Users/adriansanse/git/LPCIS/Bets/resources/bets.temp' is opened by 608@MacBook-Pro-de-Adrian.local

[2020-03-20 17:30:15 #2 type.registry] 
New type domain.Usuario

[2020-03-20 17:30:15 #3 type] 
Type domain.Usuario is not enhanced.

[2020-03-20 17:30:15 #4 type.registry] 
New type domain.Monedero

[2020-03-20 17:30:15 #5 type] 
Type domain.Monedero is not enhanced.

[2020-03-20 17:30:15 #6 type.registry] 
New type domain.Question

[2020-03-20 17:30:15 #7 type] 
Type domain.Question is not enhanced.

[2020-03-20 17:30:15 #8 type.registry] 
New type domain.Pronostico

[2020-03-20 17:30:15 #9 type.registry] 
New type java.util.Vector<domain.Pronostico>

[2020-03-20 17:30:15 #10 type.registry] 
New type domain.Event

[2020-03-20 17:30:15 #11 type] 
Type domain.Pronostico is not enhanced.

[2020-03-20 17:30:15 #12 type] 
Type domain.Event is not enhanced.

[2020-03-20 17:30:15 #13 type.registry] 
New type java.util.Vector<domain.Question>

[2020-03-20 17:30:15 #14 type.registry] 
New type java.util.Vector<java.lang.Object>

------------------------------------------------------------------------------------------------------------------------

[2020-03-20 17:32:16 #1 store] 
Database '/Users/adriansanse/git/LPCIS/Bets/resources/bets.temp' has been recovered (tr. 1-7)

[2020-03-20 17:32:21 #2 store] 
Database '/Users/adriansanse/git/LPCIS/Bets/resources/bets.temp' is opened by 619@MacBook-Pro-de-Adrian.local

[2020-03-20 17:32:21 #3 type] 
Type domain.Usuario is not enhanced.

[2020-03-20 17:32:21 #4 type] 
Type domain.Monedero is not enhanced.

[2020-03-20 17:32:21 #5 type] 
Type domain.Question is not enhanced.

[2020-03-20 17:32:21 #6 type] 
Type domain.Pronostico is not enhanced.

[2020-03-20 17:32:21 #7 type] 
Type domain.Event is not enhanced.

------------------------------------------------------------------------------------------------------------------------

[2020-03-20 17:32:38 #1 store] 
Database '/Users/adriansanse/git/LPCIS/Bets/resources/bets.temp' is opened by 621@MacBook-Pro-de-Adrian.local

[2020-03-20 17:32:38 #2 type] 
Type domain.Usuario is not enhanced.

[2020-03-20 17:32:38 #3 type] 
Type domain.Monedero is not enhanced.

[2020-03-20 17:32:38 #4 type] 
Type domain.Question is not enhanced.

[2020-03-20 17:32:38 #5 type] 
Type domain.Pronostico is not enhanced.

[2020-03-20 17:32:38 #6 type] 
Type domain.Event is not enhanced.

------------------------------------------------------------------------------------------------------------------------

[2020-03-20 17:35:41 #1 store] 
Database '/Users/adriansanse/git/LPCIS/Bets/resources/bets.temp' is opened by 640@MacBook-Pro-de-Adrian.local

[2020-03-20 17:35:41 #2 type.registry] 
New type domain.Usuario

[2020-03-20 17:35:41 #3 type] 
Type domain.Usuario is not enhanced.

[2020-03-20 17:35:41 #4 type.registry] 
New type domain.Monedero

[2020-03-20 17:35:41 #5 type] 
Type domain.Monedero is not enhanced.

[2020-03-20 17:35:41 #6 type.registry] 
New type domain.Question

[2020-03-20 17:35:41 #7 type] 
Type domain.Question is not enhanced.

[2020-03-20 17:35:41 #8 type.registry] 
New type domain.Pronostico

[2020-03-20 17:35:41 #9 type.registry] 
New type java.util.Vector<domain.Pronostico>

[2020-03-20 17:35:41 #10 type.registry] 
New type domain.Event

[2020-03-20 17:35:41 #11 type] 
Type domain.Pronostico is not enhanced.

[2020-03-20 17:35:41 #12 type] 
Type domain.Event is not enhanced.

[2020-03-20 17:35:41 #13 type.registry] 
New type java.util.Vector<domain.Question>

[2020-03-20 17:35:41 #14 type.registry] 
New type java.util.Vector<java.lang.Object>

------------------------------------------------------------------------------------------------------------------------

[2020-03-20 17:38:11 #1 store] 
Database '/Users/adriansanse/git/LPCIS/Bets/resources/bets.temp' is opened by 649@MacBook-Pro-de-Adrian.local

[2020-03-20 17:38:11 #2 type.registry] 
New type domain.Usuario

[2020-03-20 17:38:11 #3 type] 
Type domain.Usuario is not enhanced.

[2020-03-20 17:38:11 #4 type.registry] 
New type domain.Monedero

[2020-03-20 17:38:11 #5 type] 
Type domain.Monedero is not enhanced.

[2020-03-20 17:38:11 #6 type.registry] 
New type domain.Question

[2020-03-20 17:38:11 #7 type] 
Type domain.Question is not enhanced.

[2020-03-20 17:38:11 #8 type.registry] 
New type domain.Pronostico

[2020-03-20 17:38:11 #9 type.registry] 
New type java.util.Vector<domain.Pronostico>

[2020-03-20 17:38:11 #10 type.registry] 
New type domain.Event

[2020-03-20 17:38:11 #11 type] 
Type domain.Pronostico is not enhanced.

[2020-03-20 17:38:11 #12 type] 
Type domain.Event is not enhanced.

[2020-03-20 17:38:11 #13 type.registry] 
New type java.util.Vector<domain.Question>

[2020-03-20 17:38:11 #14 type.registry] 
New type java.util.Vector<java.lang.Object>

------------------------------------------------------------------------------------------------------------------------

[2020-03-20 17:41:16 #1 store] 
Database '/Users/adriansanse/git/LPCIS/Bets/resources/bets.temp' is opened by 651@MacBook-Pro-de-Adrian.local

[2020-03-20 17:41:16 #2 type.registry] 
New type domain.Usuario

[2020-03-20 17:41:16 #3 type] 
Type domain.Usuario is not enhanced.

[2020-03-20 17:41:16 #4 type.registry] 
New type domain.Monedero

[2020-03-20 17:41:16 #5 type] 
Type domain.Monedero is not enhanced.

[2020-03-20 17:41:16 #6 type.registry] 
New type domain.Question

[2020-03-20 17:41:16 #7 type] 
Type domain.Question is not enhanced.

[2020-03-20 17:41:16 #8 type.registry] 
New type domain.Pronostico

[2020-03-20 17:41:16 #9 type.registry] 
New type java.util.Vector<domain.Pronostico>

[2020-03-20 17:41:16 #10 type.registry] 
New type domain.Event

[2020-03-20 17:41:16 #11 type] 
Type domain.Pronostico is not enhanced.

[2020-03-20 17:41:16 #12 type] 
Type domain.Event is not enhanced.

[2020-03-20 17:41:16 #13 type.registry] 
New type java.util.Vector<domain.Question>

[2020-03-20 17:41:16 #14 type.registry] 
New type java.util.Vector<java.lang.Object>

------------------------------------------------------------------------------------------------------------------------

[2020-03-20 17:47:27 #1 store] 
Database '/Users/adriansanse/git/LPCIS/Bets/resources/bets.temp' is opened by 661@MacBook-Pro-de-Adrian.local

[2020-03-20 17:47:27 #2 type.registry] 
New type domain.Usuario

[2020-03-20 17:47:27 #3 type] 
Type domain.Usuario is not enhanced.

[2020-03-20 17:47:27 #4 type.registry] 
New type domain.Monedero

[2020-03-20 17:47:27 #5 type] 
Type domain.Monedero is not enhanced.

[2020-03-20 17:47:27 #6 type.registry] 
New type domain.Question

[2020-03-20 17:47:27 #7 type] 
Type domain.Question is not enhanced.

[2020-03-20 17:47:27 #8 type.registry] 
New type domain.Pronostico

[2020-03-20 17:47:27 #9 type.registry] 
New type java.util.Vector<domain.Pronostico>

[2020-03-20 17:47:27 #10 type.registry] 
New type domain.Event

[2020-03-20 17:47:27 #11 type] 
Type domain.Pronostico is not enhanced.

[2020-03-20 17:47:27 #12 type] 
Type domain.Event is not enhanced.

[2020-03-20 17:47:27 #13 type.registry] 
New type java.util.Vector<domain.Question>

[2020-03-20 17:47:27 #14 type.registry] 
New type java.util.Vector<java.lang.Object>

------------------------------------------------------------------------------------------------------------------------

[2020-03-20 17:48:29 #1 store] 
Database '/Users/adriansanse/git/LPCIS/Bets/resources/bets.temp' is opened by 665@MacBook-Pro-de-Adrian.local

[2020-03-20 17:48:29 #2 type.registry] 
New type domain.Usuario

[2020-03-20 17:48:29 #3 type] 
Type domain.Usuario is not enhanced.

[2020-03-20 17:48:29 #4 type.registry] 
New type domain.Monedero

[2020-03-20 17:48:29 #5 type] 
Type domain.Monedero is not enhanced.

[2020-03-20 17:48:29 #6 type.registry] 
New type domain.Question

[2020-03-20 17:48:29 #7 type] 
Type domain.Question is not enhanced.

[2020-03-20 17:48:29 #8 type.registry] 
New type domain.Pronostico

[2020-03-20 17:48:29 #9 type.registry] 
New type java.util.Vector<domain.Pronostico>

[2020-03-20 17:48:29 #10 type.registry] 
New type domain.Event

[2020-03-20 17:48:29 #11 type] 
Type domain.Pronostico is not enhanced.

[2020-03-20 17:48:29 #12 type] 
Type domain.Event is not enhanced.

[2020-03-20 17:48:29 #13 type.registry] 
New type java.util.Vector<domain.Question>

[2020-03-20 17:48:29 #14 type.registry] 
New type java.util.Vector<java.lang.Object>

------------------------------------------------------------------------------------------------------------------------

[2020-03-20 17:51:07 #1 store] 
Database '/Users/adriansanse/git/LPCIS/Bets/resources/bets.temp' is opened by 668@MacBook-Pro-de-Adrian.local

[2020-03-20 17:51:07 #2 type.registry] 
New type domain.Usuario

[2020-03-20 17:51:07 #3 type] 
Type domain.Usuario is not enhanced.

[2020-03-20 17:51:07 #4 type.registry] 
New type domain.Monedero

[2020-03-20 17:51:07 #5 type] 
Type domain.Monedero is not enhanced.

[2020-03-20 17:51:07 #6 type.registry] 
New type domain.Question

[2020-03-20 17:51:07 #7 type] 
Type domain.Question is not enhanced.

[2020-03-20 17:51:07 #8 type.registry] 
New type domain.Pronostico

[2020-03-20 17:51:07 #9 type.registry] 
New type java.util.Vector<domain.Pronostico>

[2020-03-20 17:51:07 #10 type.registry] 
New type domain.Event

[2020-03-20 17:51:07 #11 type] 
Type domain.Pronostico is not enhanced.

[2020-03-20 17:51:07 #12 type] 
Type domain.Event is not enhanced.

[2020-03-20 17:51:07 #13 type.registry] 
New type java.util.Vector<domain.Question>

[2020-03-20 17:51:07 #14 type.registry] 
New type java.util.Vector<java.lang.Object>

------------------------------------------------------------------------------------------------------------------------

[2020-03-20 18:20:07 #1 store] 
Database '/Users/adriansanse/git/LPCIS/Bets/resources/bets.temp' is opened by 719@MacBook-Pro-de-Adrian.local

[2020-03-20 18:20:07 #2 type.registry] 
New type domain.Usuario

[2020-03-20 18:20:07 #3 type] 
Type domain.Usuario is not enhanced.

[2020-03-20 18:20:07 #4 type.registry] 
New type domain.Monedero

[2020-03-20 18:20:07 #5 type] 
Type domain.Monedero is not enhanced.

[2020-03-20 18:20:08 #6 type.registry] 
New type domain.Question

[2020-03-20 18:20:08 #7 type] 
Type domain.Question is not enhanced.

[2020-03-20 18:20:08 #8 type.registry] 
New type domain.Pronostico

[2020-03-20 18:20:08 #9 type.registry] 
New type java.util.Vector<domain.Pronostico>

[2020-03-20 18:20:08 #10 type.registry] 
New type domain.Event

[2020-03-20 18:20:08 #11 type] 
Type domain.Pronostico is not enhanced.

[2020-03-20 18:20:08 #12 type] 
Type domain.Event is not enhanced.

[2020-03-20 18:20:08 #13 type.registry] 
New type java.util.Vector<domain.Question>

[2020-03-20 18:20:08 #14 type.registry] 
New type java.util.Vector<java.lang.Object>

------------------------------------------------------------------------------------------------------------------------

[2020-03-20 18:22:43 #1 store] 
Database '/Users/adriansanse/git/LPCIS/Bets/resources/bets.temp' is opened by 722@MacBook-Pro-de-Adrian.local

[2020-03-20 18:22:44 #2 type.registry] 
New type domain.Usuario

[2020-03-20 18:22:44 #3 type] 
Type domain.Usuario is not enhanced.

[2020-03-20 18:22:44 #4 type.registry] 
New type domain.Monedero

[2020-03-20 18:22:44 #5 type] 
Type domain.Monedero is not enhanced.

[2020-03-20 18:22:44 #6 type.registry] 
New type domain.Question

[2020-03-20 18:22:44 #7 type] 
Type domain.Question is not enhanced.

[2020-03-20 18:22:44 #8 type.registry] 
New type domain.Pronostico

[2020-03-20 18:22:44 #9 type.registry] 
New type java.util.Vector<domain.Pronostico>

[2020-03-20 18:22:44 #10 type.registry] 
New type domain.Event

[2020-03-20 18:22:44 #11 type] 
Type domain.Pronostico is not enhanced.

[2020-03-20 18:22:44 #12 type] 
Type domain.Event is not enhanced.

[2020-03-20 18:22:44 #13 type.registry] 
New type java.util.Vector<domain.Question>

[2020-03-20 18:22:44 #14 type.registry] 
New type java.util.Vector<java.lang.Object>

------------------------------------------------------------------------------------------------------------------------

[2020-03-20 18:32:43 #1 store] 
Database '/Users/adriansanse/git/LPCIS/Bets/resources/bets.temp' is opened by 727@MacBook-Pro-de-Adrian.local

[2020-03-20 18:32:43 #2 type.registry] 
New type domain.Usuario

[2020-03-20 18:32:43 #3 type] 
Type domain.Usuario is not enhanced.

[2020-03-20 18:32:43 #4 type.registry] 
New type domain.Monedero

[2020-03-20 18:32:43 #5 type] 
Type domain.Monedero is not enhanced.

[2020-03-20 18:32:43 #6 type.registry] 
New type domain.Question

[2020-03-20 18:32:43 #7 type] 
Type domain.Question is not enhanced.

[2020-03-20 18:32:43 #8 type.registry] 
New type domain.Pronostico

[2020-03-20 18:32:43 #9 type.registry] 
New type java.util.Vector<domain.Pronostico>

[2020-03-20 18:32:43 #10 type.registry] 
New type domain.Event

[2020-03-20 18:32:43 #11 type] 
Type domain.Pronostico is not enhanced.

[2020-03-20 18:32:43 #12 type] 
Type domain.Event is not enhanced.

[2020-03-20 18:32:43 #13 type.registry] 
New type java.util.Vector<domain.Question>

[2020-03-20 18:32:43 #14 type.registry] 
New type java.util.Vector<java.lang.Object>

------------------------------------------------------------------------------------------------------------------------

[2020-03-20 18:35:35 #1 store] 
Database '/Users/adriansanse/git/LPCIS/Bets/resources/bets.temp' is opened by 730@MacBook-Pro-de-Adrian.local

[2020-03-20 18:35:35 #2 type.registry] 
New type domain.Usuario

[2020-03-20 18:35:35 #3 type] 
Type domain.Usuario is not enhanced.

[2020-03-20 18:35:35 #4 type.registry] 
New type domain.Monedero

[2020-03-20 18:35:35 #5 type] 
Type domain.Monedero is not enhanced.

[2020-03-20 18:35:35 #6 type.registry] 
New type domain.Question

[2020-03-20 18:35:35 #7 type] 
Type domain.Question is not enhanced.

[2020-03-20 18:35:35 #8 type.registry] 
New type domain.Pronostico

[2020-03-20 18:35:35 #9 type.registry] 
New type java.util.Vector<domain.Pronostico>

[2020-03-20 18:35:35 #10 type.registry] 
New type domain.Event

[2020-03-20 18:35:35 #11 type] 
Type domain.Pronostico is not enhanced.

[2020-03-20 18:35:35 #12 type] 
Type domain.Event is not enhanced.

[2020-03-20 18:35:35 #13 type.registry] 
New type java.util.Vector<domain.Question>

[2020-03-20 18:35:35 #14 type.registry] 
New type java.util.Vector<java.lang.Object>

------------------------------------------------------------------------------------------------------------------------

[2020-03-20 18:37:05 #1 store] 
Database '/Users/adriansanse/git/LPCIS/Bets/resources/bets.temp' is opened by 763@MacBook-Pro-de-Adrian.local

[2020-03-20 18:37:05 #2 type.registry] 
New type domain.Usuario

[2020-03-20 18:37:05 #3 type] 
Type domain.Usuario is not enhanced.

[2020-03-20 18:37:05 #4 type.registry] 
New type domain.Monedero

[2020-03-20 18:37:05 #5 type] 
Type domain.Monedero is not enhanced.

[2020-03-20 18:37:05 #6 type.registry] 
New type domain.Question

[2020-03-20 18:37:05 #7 type] 
Type domain.Question is not enhanced.

[2020-03-20 18:37:05 #8 type.registry] 
New type domain.Pronostico

[2020-03-20 18:37:05 #9 type.registry] 
New type java.util.Vector<domain.Pronostico>

[2020-03-20 18:37:05 #10 type.registry] 
New type domain.Event

[2020-03-20 18:37:05 #11 type] 
Type domain.Pronostico is not enhanced.

[2020-03-20 18:37:05 #12 type] 
Type domain.Event is not enhanced.

[2020-03-20 18:37:05 #13 type.registry] 
New type java.util.Vector<domain.Question>

[2020-03-20 18:37:05 #14 type.registry] 
New type java.util.Vector<java.lang.Object>

------------------------------------------------------------------------------------------------------------------------

[2020-03-20 18:38:04 #1 store] 
Database '/Users/adriansanse/git/LPCIS/Bets/resources/bets.temp' is opened by 765@MacBook-Pro-de-Adrian.local

[2020-03-20 18:38:05 #2 type.registry] 
New type domain.Usuario

[2020-03-20 18:38:05 #3 type] 
Type domain.Usuario is not enhanced.

[2020-03-20 18:38:05 #4 type.registry] 
New type domain.Monedero

[2020-03-20 18:38:05 #5 type] 
Type domain.Monedero is not enhanced.

[2020-03-20 18:38:05 #6 type.registry] 
New type domain.Question

[2020-03-20 18:38:05 #7 type] 
Type domain.Question is not enhanced.

[2020-03-20 18:38:05 #8 type.registry] 
New type domain.Pronostico

[2020-03-20 18:38:05 #9 type.registry] 
New type java.util.Vector<domain.Pronostico>

[2020-03-20 18:38:05 #10 type.registry] 
New type domain.Event

[2020-03-20 18:38:05 #11 type] 
Type domain.Pronostico is not enhanced.

[2020-03-20 18:38:05 #12 type] 
Type domain.Event is not enhanced.

[2020-03-20 18:38:05 #13 type.registry] 
New type java.util.Vector<domain.Question>

[2020-03-20 18:38:05 #14 type.registry] 
New type java.util.Vector<java.lang.Object>

------------------------------------------------------------------------------------------------------------------------

[2020-03-20 18:40:12 #1 store] 
Database '/Users/adriansanse/git/LPCIS/Bets/resources/bets.temp' is opened by 767@MacBook-Pro-de-Adrian.local

[2020-03-20 18:40:12 #2 type.registry] 
New type domain.Usuario

[2020-03-20 18:40:12 #3 type] 
Type domain.Usuario is not enhanced.

[2020-03-20 18:40:12 #4 type.registry] 
New type domain.Monedero

[2020-03-20 18:40:12 #5 type] 
Type domain.Monedero is not enhanced.

[2020-03-20 18:40:12 #6 type.registry] 
New type domain.Question

[2020-03-20 18:40:12 #7 type] 
Type domain.Question is not enhanced.

[2020-03-20 18:40:12 #8 type.registry] 
New type domain.Pronostico

[2020-03-20 18:40:12 #9 type.registry] 
New type java.util.Vector<domain.Pronostico>

[2020-03-20 18:40:12 #10 type.registry] 
New type domain.Event

[2020-03-20 18:40:12 #11 type] 
Type domain.Pronostico is not enhanced.

[2020-03-20 18:40:12 #12 type] 
Type domain.Event is not enhanced.

[2020-03-20 18:40:12 #13 type.registry] 
New type java.util.Vector<domain.Question>

[2020-03-20 18:40:12 #14 type.registry] 
New type java.util.Vector<java.lang.Object>

------------------------------------------------------------------------------------------------------------------------

[2020-03-20 18:45:16 #1 store] 
Database '/Users/adriansanse/git/LPCIS/Bets/resources/bets.temp' is opened by 770@MacBook-Pro-de-Adrian.local

[2020-03-20 18:45:16 #2 type.registry] 
New type domain.Usuario

[2020-03-20 18:45:16 #3 type] 
Type domain.Usuario is not enhanced.

[2020-03-20 18:45:16 #4 type.registry] 
New type domain.Monedero

[2020-03-20 18:45:16 #5 type] 
Type domain.Monedero is not enhanced.

[2020-03-20 18:45:16 #6 type.registry] 
New type domain.Question

[2020-03-20 18:45:16 #7 type] 
Type domain.Question is not enhanced.

[2020-03-20 18:45:16 #8 type.registry] 
New type domain.Pronostico

[2020-03-20 18:45:16 #9 type.registry] 
New type java.util.Vector<domain.Pronostico>

[2020-03-20 18:45:16 #10 type.registry] 
New type domain.Event

[2020-03-20 18:45:16 #11 type] 
Type domain.Pronostico is not enhanced.

[2020-03-20 18:45:16 #12 type] 
Type domain.Event is not enhanced.

[2020-03-20 18:45:16 #13 type.registry] 
New type java.util.Vector<domain.Question>

[2020-03-20 18:45:16 #14 type.registry] 
New type java.util.Vector<java.lang.Object>

------------------------------------------------------------------------------------------------------------------------

[2020-03-20 18:49:59 #1 store] 
Database '/Users/adriansanse/git/LPCIS/Bets/resources/bets.temp' is opened by 782@MacBook-Pro-de-Adrian.local

[2020-03-20 18:49:59 #2 type.registry] 
New type domain.Usuario

[2020-03-20 18:49:59 #3 type] 
Type domain.Usuario is not enhanced.

[2020-03-20 18:49:59 #4 type.registry] 
New type domain.Monedero

[2020-03-20 18:49:59 #5 type] 
Type domain.Monedero is not enhanced.

[2020-03-20 18:49:59 #6 type.registry] 
New type domain.Question

[2020-03-20 18:49:59 #7 type] 
Type domain.Question is not enhanced.

[2020-03-20 18:49:59 #8 type.registry] 
New type domain.Pronostico

[2020-03-20 18:49:59 #9 type.registry] 
New type java.util.Vector<domain.Pronostico>

[2020-03-20 18:49:59 #10 type.registry] 
New type domain.Event

[2020-03-20 18:49:59 #11 type] 
Type domain.Pronostico is not enhanced.

[2020-03-20 18:49:59 #12 type] 
Type domain.Event is not enhanced.

[2020-03-20 18:49:59 #13 type.registry] 
New type java.util.Vector<domain.Question>

[2020-03-20 18:49:59 #14 type.registry] 
New type java.util.Vector<java.lang.Object>

------------------------------------------------------------------------------------------------------------------------

[2020-03-20 18:50:50 #1 store] 
Database '/Users/adriansanse/git/LPCIS/Bets/resources/bets.temp' is opened by 785@MacBook-Pro-de-Adrian.local

[2020-03-20 18:50:50 #2 type.registry] 
New type domain.Usuario

[2020-03-20 18:50:50 #3 type] 
Type domain.Usuario is not enhanced.

[2020-03-20 18:50:50 #4 type.registry] 
New type domain.Monedero

[2020-03-20 18:50:50 #5 type] 
Type domain.Monedero is not enhanced.

[2020-03-20 18:50:50 #6 type.registry] 
New type domain.Question

[2020-03-20 18:50:50 #7 type] 
Type domain.Question is not enhanced.

[2020-03-20 18:50:50 #8 type.registry] 
New type domain.Pronostico

[2020-03-20 18:50:50 #9 type.registry] 
New type java.util.Vector<domain.Pronostico>

[2020-03-20 18:50:50 #10 type.registry] 
New type domain.Event

[2020-03-20 18:50:50 #11 type] 
Type domain.Pronostico is not enhanced.

[2020-03-20 18:50:50 #12 type] 
Type domain.Event is not enhanced.

[2020-03-20 18:50:50 #13 type.registry] 
New type java.util.Vector<domain.Question>

[2020-03-20 18:50:50 #14 type.registry] 
New type java.util.Vector<java.lang.Object>

------------------------------------------------------------------------------------------------------------------------

[2020-03-20 18:56:35 #1 store] 
Database '/Users/adriansanse/git/LPCIS/Bets/resources/bets.temp' is opened by 790@MacBook-Pro-de-Adrian.local

[2020-03-20 18:56:35 #2 type.registry] 
New type domain.Usuario

[2020-03-20 18:56:35 #3 type] 
Type domain.Usuario is not enhanced.

[2020-03-20 18:56:35 #4 type.registry] 
New type domain.Monedero

[2020-03-20 18:56:35 #5 type] 
Type domain.Monedero is not enhanced.

[2020-03-20 18:56:35 #6 type.registry] 
New type domain.Question

[2020-03-20 18:56:35 #7 type] 
Type domain.Question is not enhanced.

[2020-03-20 18:56:35 #8 type.registry] 
New type domain.Pronostico

[2020-03-20 18:56:35 #9 type.registry] 
New type java.util.Vector<domain.Pronostico>

[2020-03-20 18:56:35 #10 type.registry] 
New type domain.Event

[2020-03-20 18:56:35 #11 type] 
Type domain.Pronostico is not enhanced.

[2020-03-20 18:56:35 #12 type] 
Type domain.Event is not enhanced.

[2020-03-20 18:56:35 #13 type.registry] 
New type java.util.Vector<domain.Question>

[2020-03-20 18:56:35 #14 type.registry] 
New type java.util.Vector<java.lang.Object>

------------------------------------------------------------------------------------------------------------------------

[2020-03-20 18:57:30 #1 store] 
Database '/Users/adriansanse/git/LPCIS/Bets/resources/bets.temp' is opened by 792@MacBook-Pro-de-Adrian.local

[2020-03-20 18:57:30 #2 type.registry] 
New type domain.Usuario

[2020-03-20 18:57:30 #3 type] 
Type domain.Usuario is not enhanced.

[2020-03-20 18:57:30 #4 type.registry] 
New type domain.Monedero

[2020-03-20 18:57:30 #5 type] 
Type domain.Monedero is not enhanced.

[2020-03-20 18:57:30 #6 type.registry] 
New type domain.Question

[2020-03-20 18:57:30 #7 type] 
Type domain.Question is not enhanced.

[2020-03-20 18:57:30 #8 type.registry] 
New type domain.Pronostico

[2020-03-20 18:57:30 #9 type.registry] 
New type java.util.Vector<domain.Pronostico>

[2020-03-20 18:57:30 #10 type.registry] 
New type domain.Event

[2020-03-20 18:57:30 #11 type] 
Type domain.Pronostico is not enhanced.

[2020-03-20 18:57:30 #12 type] 
Type domain.Event is not enhanced.

[2020-03-20 18:57:30 #13 type.registry] 
New type java.util.Vector<domain.Question>

[2020-03-20 18:57:30 #14 type.registry] 
New type java.util.Vector<java.lang.Object>

------------------------------------------------------------------------------------------------------------------------

[2020-03-20 19:18:35 #1 store] 
Database '/Users/adriansanse/git/LPCIS/Bets/resources/bets.temp' is opened by 815@MacBook-Pro-de-Adrian.local

[2020-03-20 19:18:36 #2 type.registry] 
New type domain.Usuario

[2020-03-20 19:18:36 #3 type] 
Type domain.Usuario is not enhanced.

[2020-03-20 19:18:36 #4 type.registry] 
New type domain.Monedero

[2020-03-20 19:18:36 #5 type] 
Type domain.Monedero is not enhanced.

[2020-03-20 19:18:36 #6 type.registry] 
New type domain.Question

[2020-03-20 19:18:36 #7 type] 
Type domain.Question is not enhanced.

[2020-03-20 19:18:36 #8 type.registry] 
New type domain.Pronostico

[2020-03-20 19:18:36 #9 type.registry] 
New type java.util.Vector<domain.Pronostico>

[2020-03-20 19:18:36 #10 type.registry] 
New type domain.Event

[2020-03-20 19:18:36 #11 type] 
Type domain.Pronostico is not enhanced.

[2020-03-20 19:18:36 #12 type] 
Type domain.Event is not enhanced.

[2020-03-20 19:18:36 #13 type.registry] 
New type java.util.Vector<domain.Question>

[2020-03-20 19:18:36 #14 type.registry] 
New type java.util.Vector<java.lang.Object>

------------------------------------------------------------------------------------------------------------------------

[2020-03-20 19:35:10 #1 store] 
Database '/Users/adriansanse/git/LPCIS/Bets/resources/bets.temp' is opened by 820@MacBook-Pro-de-Adrian.local

[2020-03-20 19:35:10 #2 type.registry] 
New type domain.Usuario

[2020-03-20 19:35:10 #3 type] 
Type domain.Usuario is not enhanced.

[2020-03-20 19:35:10 #4 type.registry] 
New type domain.Monedero

[2020-03-20 19:35:10 #5 type] 
Type domain.Monedero is not enhanced.

[2020-03-20 19:35:10 #6 type.registry] 
New type domain.Question

[2020-03-20 19:35:10 #7 type] 
Type domain.Question is not enhanced.

[2020-03-20 19:35:10 #8 type.registry] 
New type domain.Pronostico

[2020-03-20 19:35:10 #9 type.registry] 
New type java.util.Vector<domain.Pronostico>

[2020-03-20 19:35:10 #10 type.registry] 
New type domain.Event

[2020-03-20 19:35:10 #11 type] 
Type domain.Pronostico is not enhanced.

[2020-03-20 19:35:10 #12 type] 
Type domain.Event is not enhanced.

[2020-03-20 19:35:10 #13 type.registry] 
New type java.util.Vector<domain.Question>

[2020-03-20 19:35:10 #14 type.registry] 
New type java.util.Vector<java.lang.Object>

------------------------------------------------------------------------------------------------------------------------

[2020-03-20 19:36:17 #1 store] 
Database '/Users/adriansanse/git/LPCIS/Bets/resources/bets.temp' is opened by 823@MacBook-Pro-de-Adrian.local

[2020-03-20 19:36:17 #2 type.registry] 
New type domain.Usuario

[2020-03-20 19:36:17 #3 type] 
Type domain.Usuario is not enhanced.

[2020-03-20 19:36:17 #4 type.registry] 
New type domain.Monedero

[2020-03-20 19:36:17 #5 type] 
Type domain.Monedero is not enhanced.

[2020-03-20 19:36:17 #6 type.registry] 
New type domain.Question

[2020-03-20 19:36:17 #7 type] 
Type domain.Question is not enhanced.

[2020-03-20 19:36:17 #8 type.registry] 
New type domain.Pronostico

[2020-03-20 19:36:17 #9 type.registry] 
New type java.util.Vector<domain.Pronostico>

[2020-03-20 19:36:17 #10 type.registry] 
New type domain.Event

[2020-03-20 19:36:17 #11 type] 
Type domain.Pronostico is not enhanced.

[2020-03-20 19:36:17 #12 type] 
Type domain.Event is not enhanced.

[2020-03-20 19:36:17 #13 type.registry] 
New type java.util.Vector<domain.Question>

[2020-03-20 19:36:17 #14 type.registry] 
New type java.util.Vector<java.lang.Object>

------------------------------------------------------------------------------------------------------------------------

[2020-03-20 19:47:30 #1 store] 
Database '/Users/adriansanse/git/LPCIS/Bets/resources/bets.temp' is opened by 831@MacBook-Pro-de-Adrian.local

[2020-03-20 19:47:31 #2 type.registry] 
New type domain.Usuario

[2020-03-20 19:47:31 #3 type] 
Type domain.Usuario is not enhanced.

[2020-03-20 19:47:31 #4 type.registry] 
New type domain.Monedero

[2020-03-20 19:47:31 #5 type] 
Type domain.Monedero is not enhanced.

[2020-03-20 19:47:31 #6 type.registry] 
New type domain.Question

[2020-03-20 19:47:31 #7 type] 
Type domain.Question is not enhanced.

[2020-03-20 19:47:31 #8 type.registry] 
New type domain.Pronostico

[2020-03-20 19:47:31 #9 type.registry] 
New type java.util.Vector<domain.Pronostico>

[2020-03-20 19:47:31 #10 type.registry] 
New type domain.Event

[2020-03-20 19:47:31 #11 type] 
Type domain.Pronostico is not enhanced.

[2020-03-20 19:47:31 #12 type] 
Type domain.Event is not enhanced.

[2020-03-20 19:47:31 #13 type.registry] 
New type java.util.Vector<domain.Question>

[2020-03-20 19:47:31 #14 type.registry] 
New type java.util.Vector<java.lang.Object>

------------------------------------------------------------------------------------------------------------------------

[2020-03-20 19:49:41 #1 store] 
Database '/Users/adriansanse/git/LPCIS/Bets/resources/bets.temp' is opened by 833@MacBook-Pro-de-Adrian.local

[2020-03-20 19:49:42 #2 type.registry] 
New type domain.Usuario

[2020-03-20 19:49:42 #3 type] 
Type domain.Usuario is not enhanced.

[2020-03-20 19:49:42 #4 type.registry] 
New type domain.Monedero

[2020-03-20 19:49:42 #5 type] 
Type domain.Monedero is not enhanced.

[2020-03-20 19:49:42 #6 type.registry] 
New type domain.Question

[2020-03-20 19:49:42 #7 type] 
Type domain.Question is not enhanced.

[2020-03-20 19:49:42 #8 type.registry] 
New type domain.Pronostico

[2020-03-20 19:49:42 #9 type.registry] 
New type java.util.Vector<domain.Pronostico>

[2020-03-20 19:49:42 #10 type.registry] 
New type domain.Event

[2020-03-20 19:49:42 #11 type] 
Type domain.Pronostico is not enhanced.

[2020-03-20 19:49:42 #12 type] 
Type domain.Event is not enhanced.

[2020-03-20 19:49:42 #13 type.registry] 
New type java.util.Vector<domain.Question>

[2020-03-20 19:49:42 #14 type.registry] 
New type java.util.Vector<java.lang.Object>

------------------------------------------------------------------------------------------------------------------------

[2020-03-20 19:50:32 #1 store] 
Database '/Users/adriansanse/git/LPCIS/Bets/resources/bets.temp' is opened by 835@MacBook-Pro-de-Adrian.local

[2020-03-20 19:50:32 #2 type.registry] 
New type domain.Usuario

[2020-03-20 19:50:32 #3 type] 
Type domain.Usuario is not enhanced.

[2020-03-20 19:50:32 #4 type.registry] 
New type domain.Monedero

[2020-03-20 19:50:32 #5 type] 
Type domain.Monedero is not enhanced.

[2020-03-20 19:50:32 #6 type.registry] 
New type domain.Question

[2020-03-20 19:50:32 #7 type] 
Type domain.Question is not enhanced.

[2020-03-20 19:50:32 #8 type.registry] 
New type domain.Pronostico

[2020-03-20 19:50:32 #9 type.registry] 
New type java.util.Vector<domain.Pronostico>

[2020-03-20 19:50:32 #10 type.registry] 
New type domain.Event

[2020-03-20 19:50:32 #11 type] 
Type domain.Pronostico is not enhanced.

[2020-03-20 19:50:32 #12 type] 
Type domain.Event is not enhanced.

[2020-03-20 19:50:32 #13 type.registry] 
New type java.util.Vector<domain.Question>

[2020-03-20 19:50:32 #14 type.registry] 
New type java.util.Vector<java.lang.Object>

------------------------------------------------------------------------------------------------------------------------

[2020-03-20 20:07:28 #1 store] 
Database '/Users/adriansanse/git/LPCIS/Bets/resources/bets.temp' is opened by 837@MacBook-Pro-de-Adrian.local

[2020-03-20 20:07:29 #2 type.registry] 
New type domain.Usuario

[2020-03-20 20:07:29 #3 type] 
Type domain.Usuario is not enhanced.

[2020-03-20 20:07:29 #4 type.registry] 
New type domain.Monedero

[2020-03-20 20:07:29 #5 type] 
Type domain.Monedero is not enhanced.

[2020-03-20 20:07:29 #6 type.registry] 
New type domain.Question

[2020-03-20 20:07:29 #7 type] 
Type domain.Question is not enhanced.

[2020-03-20 20:07:29 #8 type.registry] 
New type domain.Pronostico

[2020-03-20 20:07:29 #9 type.registry] 
New type java.util.Vector<domain.Pronostico>

[2020-03-20 20:07:29 #10 type.registry] 
New type domain.Event

[2020-03-20 20:07:29 #11 type] 
Type domain.Pronostico is not enhanced.

[2020-03-20 20:07:29 #12 type] 
Type domain.Event is not enhanced.

[2020-03-20 20:07:29 #13 type.registry] 
New type java.util.Vector<domain.Question>

[2020-03-20 20:07:29 #14 type.registry] 
New type java.util.Vector<java.lang.Object>

------------------------------------------------------------------------------------------------------------------------

[2020-03-20 20:10:34 #1 store] 
Database '/Users/adriansanse/git/LPCIS/Bets/resources/bets.temp' is opened by 842@MacBook-Pro-de-Adrian.local

[2020-03-20 20:10:34 #2 type.registry] 
New type domain.Usuario

[2020-03-20 20:10:34 #3 type] 
Type domain.Usuario is not enhanced.

[2020-03-20 20:10:34 #4 type.registry] 
New type domain.Monedero

[2020-03-20 20:10:34 #5 type] 
Type domain.Monedero is not enhanced.

[2020-03-20 20:10:34 #6 type.registry] 
New type domain.Question

[2020-03-20 20:10:34 #7 type] 
Type domain.Question is not enhanced.

[2020-03-20 20:10:34 #8 type.registry] 
New type domain.Pronostico

[2020-03-20 20:10:34 #9 type.registry] 
New type java.util.Vector<domain.Pronostico>

[2020-03-20 20:10:34 #10 type.registry] 
New type domain.Event

[2020-03-20 20:10:34 #11 type] 
Type domain.Pronostico is not enhanced.

[2020-03-20 20:10:34 #12 type] 
Type domain.Event is not enhanced.

[2020-03-20 20:10:34 #13 type.registry] 
New type java.util.Vector<domain.Question>

[2020-03-20 20:10:34 #14 type.registry] 
New type java.util.Vector<java.lang.Object>

------------------------------------------------------------------------------------------------------------------------

[2020-03-20 20:16:54 #1 store] 
Database '/Users/adriansanse/git/LPCIS/Bets/resources/bets.temp' is opened by 844@MacBook-Pro-de-Adrian.local

[2020-03-20 20:16:54 #2 type.registry] 
New type domain.Usuario

[2020-03-20 20:16:54 #3 type] 
Type domain.Usuario is not enhanced.

[2020-03-20 20:16:54 #4 type.registry] 
New type domain.Monedero

[2020-03-20 20:16:54 #5 type] 
Type domain.Monedero is not enhanced.

[2020-03-20 20:16:54 #6 type.registry] 
New type domain.Question

[2020-03-20 20:16:54 #7 type] 
Type domain.Question is not enhanced.

[2020-03-20 20:16:54 #8 type.registry] 
New type domain.Pronostico

[2020-03-20 20:16:54 #9 type.registry] 
New type java.util.Vector<domain.Pronostico>

[2020-03-20 20:16:54 #10 type.registry] 
New type domain.Event

[2020-03-20 20:16:54 #11 type] 
Type domain.Pronostico is not enhanced.

[2020-03-20 20:16:54 #12 type] 
Type domain.Event is not enhanced.

[2020-03-20 20:16:54 #13 type.registry] 
New type java.util.Vector<domain.Question>

[2020-03-20 20:16:54 #14 type.registry] 
New type java.util.Vector<java.lang.Object>

------------------------------------------------------------------------------------------------------------------------

[2020-03-20 20:17:42 #1 store] 
Database '/Users/adriansanse/git/LPCIS/Bets/resources/bets.temp' is opened by 847@MacBook-Pro-de-Adrian.local

[2020-03-20 20:17:42 #2 type.registry] 
New type domain.Usuario

[2020-03-20 20:17:42 #3 type] 
Type domain.Usuario is not enhanced.

[2020-03-20 20:17:42 #4 type.registry] 
New type domain.Monedero

[2020-03-20 20:17:42 #5 type] 
Type domain.Monedero is not enhanced.

[2020-03-20 20:17:42 #6 type.registry] 
New type domain.Question

[2020-03-20 20:17:42 #7 type] 
Type domain.Question is not enhanced.

[2020-03-20 20:17:42 #8 type.registry] 
New type domain.Pronostico

[2020-03-20 20:17:42 #9 type.registry] 
New type java.util.Vector<domain.Pronostico>

[2020-03-20 20:17:42 #10 type.registry] 
New type domain.Event

[2020-03-20 20:17:42 #11 type] 
Type domain.Pronostico is not enhanced.

[2020-03-20 20:17:42 #12 type] 
Type domain.Event is not enhanced.

[2020-03-20 20:17:42 #13 type.registry] 
New type java.util.Vector<domain.Question>

[2020-03-20 20:17:42 #14 type.registry] 
New type java.util.Vector<java.lang.Object>

------------------------------------------------------------------------------------------------------------------------

[2020-03-20 20:18:25 #1 store] 
Database '/Users/adriansanse/git/LPCIS/Bets/resources/bets.temp' is opened by 849@MacBook-Pro-de-Adrian.local

[2020-03-20 20:18:25 #2 type.registry] 
New type domain.Usuario

[2020-03-20 20:18:25 #3 type] 
Type domain.Usuario is not enhanced.

[2020-03-20 20:18:25 #4 type.registry] 
New type domain.Monedero

[2020-03-20 20:18:25 #5 type] 
Type domain.Monedero is not enhanced.

[2020-03-20 20:18:25 #6 type.registry] 
New type domain.Question

[2020-03-20 20:18:25 #7 type] 
Type domain.Question is not enhanced.

[2020-03-20 20:18:25 #8 type.registry] 
New type domain.Pronostico

[2020-03-20 20:18:25 #9 type.registry] 
New type java.util.Vector<domain.Pronostico>

[2020-03-20 20:18:25 #10 type.registry] 
New type domain.Event

[2020-03-20 20:18:25 #11 type] 
Type domain.Pronostico is not enhanced.

[2020-03-20 20:18:25 #12 type] 
Type domain.Event is not enhanced.

[2020-03-20 20:18:25 #13 type.registry] 
New type java.util.Vector<domain.Question>

[2020-03-20 20:18:25 #14 type.registry] 
New type java.util.Vector<java.lang.Object>

------------------------------------------------------------------------------------------------------------------------

[2020-03-20 20:22:38 #1 store] 
Database '/Users/adriansanse/git/LPCIS/Bets/resources/bets.temp' is opened by 854@MacBook-Pro-de-Adrian.local

[2020-03-20 20:22:38 #2 type.registry] 
New type domain.Usuario

[2020-03-20 20:22:38 #3 type] 
Type domain.Usuario is not enhanced.

[2020-03-20 20:22:38 #4 type.registry] 
New type domain.Monedero

[2020-03-20 20:22:38 #5 type] 
Type domain.Monedero is not enhanced.

[2020-03-20 20:22:38 #6 type.registry] 
New type domain.Question

[2020-03-20 20:22:38 #7 type] 
Type domain.Question is not enhanced.

[2020-03-20 20:22:38 #8 type.registry] 
New type domain.Pronostico

[2020-03-20 20:22:38 #9 type.registry] 
New type java.util.Vector<domain.Pronostico>

[2020-03-20 20:22:38 #10 type.registry] 
New type domain.Event

[2020-03-20 20:22:38 #11 type] 
Type domain.Pronostico is not enhanced.

[2020-03-20 20:22:38 #12 type] 
Type domain.Event is not enhanced.

[2020-03-20 20:22:38 #13 type.registry] 
New type java.util.Vector<domain.Question>

[2020-03-20 20:22:38 #14 type.registry] 
New type java.util.Vector<java.lang.Object>

------------------------------------------------------------------------------------------------------------------------

[2020-03-20 20:23:22 #1 store] 
Database '/Users/adriansanse/git/LPCIS/Bets/resources/bets.temp' is opened by 856@MacBook-Pro-de-Adrian.local

[2020-03-20 20:23:22 #2 type.registry] 
New type domain.Usuario

[2020-03-20 20:23:22 #3 type] 
Type domain.Usuario is not enhanced.

[2020-03-20 20:23:22 #4 type.registry] 
New type domain.Monedero

[2020-03-20 20:23:22 #5 type] 
Type domain.Monedero is not enhanced.

[2020-03-20 20:23:22 #6 type.registry] 
New type domain.Question

[2020-03-20 20:23:22 #7 type] 
Type domain.Question is not enhanced.

[2020-03-20 20:23:22 #8 type.registry] 
New type domain.Pronostico

[2020-03-20 20:23:22 #9 type.registry] 
New type java.util.Vector<domain.Pronostico>

[2020-03-20 20:23:22 #10 type.registry] 
New type domain.Event

[2020-03-20 20:23:22 #11 type] 
Type domain.Pronostico is not enhanced.

[2020-03-20 20:23:22 #12 type] 
Type domain.Event is not enhanced.

[2020-03-20 20:23:22 #13 type.registry] 
New type java.util.Vector<domain.Question>

[2020-03-20 20:23:22 #14 type.registry] 
New type java.util.Vector<java.lang.Object>

------------------------------------------------------------------------------------------------------------------------

[2020-03-20 20:24:20 #1 store] 
Database '/Users/adriansanse/git/LPCIS/Bets/resources/bets.temp' is opened by 858@MacBook-Pro-de-Adrian.local

[2020-03-20 20:24:20 #2 type.registry] 
New type domain.Usuario

[2020-03-20 20:24:20 #3 type] 
Type domain.Usuario is not enhanced.

[2020-03-20 20:24:20 #4 type.registry] 
New type domain.Monedero

[2020-03-20 20:24:20 #5 type] 
Type domain.Monedero is not enhanced.

[2020-03-20 20:24:20 #6 type.registry] 
New type domain.Question

[2020-03-20 20:24:20 #7 type] 
Type domain.Question is not enhanced.

[2020-03-20 20:24:20 #8 type.registry] 
New type domain.Pronostico

[2020-03-20 20:24:20 #9 type.registry] 
New type java.util.Vector<domain.Pronostico>

[2020-03-20 20:24:20 #10 type.registry] 
New type domain.Event

[2020-03-20 20:24:20 #11 type] 
Type domain.Pronostico is not enhanced.

[2020-03-20 20:24:20 #12 type] 
Type domain.Event is not enhanced.

[2020-03-20 20:24:20 #13 type.registry] 
New type java.util.Vector<domain.Question>

[2020-03-20 20:24:20 #14 type.registry] 
New type java.util.Vector<java.lang.Object>

------------------------------------------------------------------------------------------------------------------------

[2020-03-20 20:25:47 #1 store] 
Database '/Users/adriansanse/git/LPCIS/Bets/resources/bets.temp' is opened by 860@MacBook-Pro-de-Adrian.local

[2020-03-20 20:25:48 #2 type.registry] 
New type domain.Usuario

[2020-03-20 20:25:48 #3 type] 
Type domain.Usuario is not enhanced.

[2020-03-20 20:25:48 #4 type.registry] 
New type domain.Monedero

[2020-03-20 20:25:48 #5 type] 
Type domain.Monedero is not enhanced.

[2020-03-20 20:25:48 #6 type.registry] 
New type domain.Question

[2020-03-20 20:25:48 #7 type] 
Type domain.Question is not enhanced.

[2020-03-20 20:25:48 #8 type.registry] 
New type domain.Pronostico

