------------------------------------------------------------------------------------------------------------------------

[2020-04-02 00:02:13 #1 store] 
Database 'C:\Users\unais\Desktop\bets-workspace\LPCIS\Bets\resources\bets.temp' is opened by 4776@DESKTOP-9ERLLO7

[2020-04-02 00:02:13 #2 type] 
Type domain.Usuario is not enhanced.

[2020-04-02 00:02:13 #3 type] 
Type domain.Apuesta is not enhanced.

[2020-04-02 00:02:13 #4 type] 
Type domain.Monedero is not enhanced.

[2020-04-02 00:02:13 #5 type] 
Type domain.Question is not enhanced.

[2020-04-02 00:02:13 #6 type] 
Type domain.Pronostico is not enhanced.

[2020-04-02 00:02:13 #7 type] 
Type domain.Event is not enhanced.

------------------------------------------------------------------------------------------------------------------------

[2020-04-02 00:03:26 #1 store] 
Database 'C:\Users\unais\Desktop\bets-workspace\LPCIS\Bets\resources\bets.temp' is opened by 19360@DESKTOP-9ERLLO7

[2020-04-02 00:03:26 #2 type] 
Type domain.Usuario is not enhanced.

[2020-04-02 00:03:26 #3 type] 
Type domain.Apuesta is not enhanced.

[2020-04-02 00:03:26 #4 type] 
Type domain.Monedero is not enhanced.

[2020-04-02 00:03:26 #5 type] 
Type domain.Question is not enhanced.

[2020-04-02 00:03:26 #6 type] 
Type domain.Pronostico is not enhanced.

[2020-04-02 00:03:26 #7 type] 
Type domain.Event is not enhanced.

------------------------------------------------------------------------------------------------------------------------

[2020-04-02 00:12:59 #1 store] 
Database 'C:\Users\unais\Desktop\bets-workspace\LPCIS\Bets\resources\bets.temp' is opened by 2076@DESKTOP-9ERLLO7

[2020-04-02 00:12:59 #2 type] 
Type domain.Usuario is not enhanced.

[2020-04-02 00:12:59 #3 type] 
Type domain.Apuesta is not enhanced.

[2020-04-02 00:12:59 #4 type] 
Type domain.Monedero is not enhanced.

[2020-04-02 00:12:59 #5 type] 
Type domain.Question is not enhanced.

[2020-04-02 00:12:59 #6 type] 
Type domain.Pronostico is not enhanced.

[2020-04-02 00:12:59 #7 type] 
Type domain.Event is not enhanced.

------------------------------------------------------------------------------------------------------------------------

[2020-04-02 00:13:27 #1 store] 
Database 'C:\Users\unais\Desktop\bets-workspace\LPCIS\Bets\resources\bets.temp' is opened by 1392@DESKTOP-9ERLLO7

[2020-04-02 00:13:28 #2 type] 
Type domain.Usuario is not enhanced.

[2020-04-02 00:13:28 #3 type] 
Type domain.Apuesta is not enhanced.

[2020-04-02 00:13:28 #4 type] 
Type domain.Monedero is not enhanced.

[2020-04-02 00:13:28 #5 type] 
Type domain.Question is not enhanced.

[2020-04-02 00:13:28 #6 type] 
Type domain.Pronostico is not enhanced.

[2020-04-02 00:13:28 #7 type] 
Type domain.Event is not enhanced.

------------------------------------------------------------------------------------------------------------------------

[2020-04-02 00:15:10 #1 store] 
Database 'C:\Users\unais\Desktop\bets-workspace\LPCIS\Bets\resources\bets.temp' is opened by 14864@DESKTOP-9ERLLO7

[2020-04-02 00:15:10 #2 type] 
Type domain.Usuario is not enhanced.

[2020-04-02 00:15:10 #3 type] 
Type domain.Apuesta is not enhanced.

[2020-04-02 00:15:10 #4 type] 
Type domain.Monedero is not enhanced.

[2020-04-02 00:15:10 #5 type] 
Type domain.Question is not enhanced.

[2020-04-02 00:15:10 #6 type] 
Type domain.Pronostico is not enhanced.

[2020-04-02 00:15:10 #7 type] 
Type domain.Event is not enhanced.

------------------------------------------------------------------------------------------------------------------------

[2020-04-02 00:20:01 #1 store] 
Database 'C:\Users\unais\Desktop\bets-workspace\LPCIS\Bets\resources\bets.temp' is opened by 13988@DESKTOP-9ERLLO7

[2020-04-02 00:20:02 #2 type] 
Type domain.Usuario is not enhanced.

[2020-04-02 00:20:02 #3 type] 
Type domain.Apuesta is not enhanced.

[2020-04-02 00:20:02 #4 type] 
Type domain.Monedero is not enhanced.

[2020-04-02 00:20:02 #5 type] 
Type domain.Question is not enhanced.

[2020-04-02 00:20:02 #6 type] 
Type domain.Pronostico is not enhanced.

[2020-04-02 00:20:02 #7 type] 
Type domain.Event is not enhanced.

------------------------------------------------------------------------------------------------------------------------

[2020-04-02 00:21:52 #1 store] 
Database 'C:\Users\unais\Desktop\bets-workspace\LPCIS\Bets\resources\bets.temp' is opened by 10572@DESKTOP-9ERLLO7

[2020-04-02 00:21:52 #2 type] 
Type domain.Usuario is not enhanced.

[2020-04-02 00:21:52 #3 type] 
Type domain.Apuesta is not enhanced.

[2020-04-02 00:21:52 #4 type] 
Type domain.Monedero is not enhanced.

[2020-04-02 00:21:52 #5 type] 
Type domain.Question is not enhanced.

[2020-04-02 00:21:52 #6 type] 
Type domain.Pronostico is not enhanced.

[2020-04-02 00:21:52 #7 type] 
Type domain.Event is not enhanced.

------------------------------------------------------------------------------------------------------------------------

[2020-04-02 00:23:03 #1 store] 
Database 'C:\Users\unais\Desktop\bets-workspace\LPCIS\Bets\resources\bets.temp' is opened by 13408@DESKTOP-9ERLLO7

[2020-04-02 00:23:04 #2 type] 
Type domain.Usuario is not enhanced.

[2020-04-02 00:23:04 #3 type] 
Type domain.Apuesta is not enhanced.

[2020-04-02 00:23:04 #4 type] 
Type domain.Monedero is not enhanced.

[2020-04-02 00:23:04 #5 type] 
Type domain.Question is not enhanced.

[2020-04-02 00:23:04 #6 type] 
Type domain.Pronostico is not enhanced.

[2020-04-02 00:23:04 #7 type] 
Type domain.Event is not enhanced.

------------------------------------------------------------------------------------------------------------------------

[2020-04-02 00:35:13 #1 store] 
Database 'C:\Users\unais\Desktop\bets-workspace\LPCIS\Bets\resources\bets.temp' is opened by 7984@DESKTOP-9ERLLO7

[2020-04-02 00:35:13 #2 type] 
Type domain.Usuario is not enhanced.

[2020-04-02 00:35:13 #3 type] 
Type domain.Apuesta is not enhanced.

[2020-04-02 00:35:13 #4 type] 
Type domain.Monedero is not enhanced.

[2020-04-02 00:35:13 #5 type] 
Type domain.Question is not enhanced.

[2020-04-02 00:35:13 #6 type] 
Type domain.Pronostico is not enhanced.

[2020-04-02 00:35:13 #7 type] 
Type domain.Event is not enhanced.

------------------------------------------------------------------------------------------------------------------------

[2020-04-02 09:29:18 #1 store] 
Database '/Users/haizea/Desktop/ISFM/Bets/resources/bets.temp' is opened by 14010@MacBook-Pro-de-Haizea.local

[2020-04-02 09:29:18 #2 type] 
Type domain.Usuario is not enhanced.

[2020-04-02 09:29:18 #3 type] 
Type domain.Apuesta is not enhanced.

[2020-04-02 09:29:18 #4 type] 
Type domain.Monedero is not enhanced.

[2020-04-02 09:29:18 #5 type] 
Type domain.Question is not enhanced.

[2020-04-02 09:29:18 #6 type] 
Type domain.Pronostico is not enhanced.

[2020-04-02 09:29:18 #7 type] 
Type domain.Event is not enhanced.

------------------------------------------------------------------------------------------------------------------------

[2020-04-02 09:30:23 #1 store] 
Database '/Users/haizea/Desktop/ISFM/Bets/resources/bets.temp' is opened by 14019@MacBook-Pro-de-Haizea.local

[2020-04-02 09:30:23 #2 type] 
Type domain.Usuario is not enhanced.

[2020-04-02 09:30:23 #3 type] 
Type domain.Apuesta is not enhanced.

[2020-04-02 09:30:23 #4 type] 
Type domain.Monedero is not enhanced.

[2020-04-02 09:30:23 #5 type] 
Type domain.Question is not enhanced.

[2020-04-02 09:30:23 #6 type] 
Type domain.Pronostico is not enhanced.

[2020-04-02 09:30:23 #7 type] 
Type domain.Event is not enhanced.

------------------------------------------------------------------------------------------------------------------------

[2020-04-02 09:32:48 #1 store] 
Database '/Users/haizea/Desktop/ISFM/Bets/resources/bets.temp' has been recovered (tr. 20-20)

[2020-04-02 09:32:53 #2 store] 
Database '/Users/haizea/Desktop/ISFM/Bets/resources/bets.temp' is opened by 14031@MacBook-Pro-de-Haizea.local

[2020-04-02 09:32:53 #3 type] 
Type domain.Usuario is not enhanced.

[2020-04-02 09:32:53 #4 type] 
Type domain.Apuesta is not enhanced.

[2020-04-02 09:32:53 #5 type] 
Type domain.Monedero is not enhanced.

[2020-04-02 09:32:53 #6 type] 
Type domain.Question is not enhanced.

[2020-04-02 09:32:53 #7 type] 
Type domain.Pronostico is not enhanced.

[2020-04-02 09:32:53 #8 type] 
Type domain.Event is not enhanced.

------------------------------------------------------------------------------------------------------------------------

[2020-04-02 17:44:22 #1 store] 
Database '/Users/adriansanse/git/LPCIS/Bets/resources/bets.temp' has been recovered (tr. 21-21)

[2020-04-02 17:44:27 #2 store] 
Database '/Users/adriansanse/git/LPCIS/Bets/resources/bets.temp' is opened by 11347@MacBook-Pro-de-Adrian.local

[2020-04-02 17:44:27 #3 type] 
Type domain.Usuario is not enhanced.

[2020-04-02 17:44:27 #4 type] 
Type domain.Apuesta is not enhanced.

[2020-04-02 17:44:27 #5 type] 
Type domain.Monedero is not enhanced.

[2020-04-02 17:44:27 #6 type] 
Type domain.Question is not enhanced.

[2020-04-02 17:44:27 #7 type] 
Type domain.Pronostico is not enhanced.

[2020-04-02 17:44:27 #8 type] 
Type domain.Event is not enhanced.

------------------------------------------------------------------------------------------------------------------------

[2020-04-02 17:53:28 #1 store] 
Database '/Users/adriansanse/git/LPCIS/Bets/resources/bets.temp' has been recovered (tr. 22-24)

[2020-04-02 17:53:33 #2 store] 
Database '/Users/adriansanse/git/LPCIS/Bets/resources/bets.temp' is opened by 11354@MacBook-Pro-de-Adrian.local

[2020-04-02 17:53:33 #3 type] 
Type domain.Usuario is not enhanced.

[2020-04-02 17:53:33 #4 type] 
Type domain.Apuesta is not enhanced.

[2020-04-02 17:53:33 #5 type] 
Type domain.Monedero is not enhanced.

[2020-04-02 17:53:33 #6 type] 
Type domain.Question is not enhanced.

[2020-04-02 17:53:33 #7 type] 
Type domain.Pronostico is not enhanced.

[2020-04-02 17:53:33 #8 type] 
Type domain.Event is not enhanced.

------------------------------------------------------------------------------------------------------------------------

[2020-04-02 17:56:59 #1 store] 
Database '/Users/adriansanse/git/LPCIS/Bets/resources/bets.temp' has been recovered (tr. 25-26)

[2020-04-02 17:57:04 #2 store] 
Database '/Users/adriansanse/git/LPCIS/Bets/resources/bets.temp' is opened by 11358@MacBook-Pro-de-Adrian.local

[2020-04-02 17:57:04 #3 type] 
Type domain.Usuario is not enhanced.

[2020-04-02 17:57:04 #4 type] 
Type domain.Apuesta is not enhanced.

[2020-04-02 17:57:04 #5 type] 
Type domain.Monedero is not enhanced.

[2020-04-02 17:57:04 #6 type] 
Type domain.Question is not enhanced.

[2020-04-02 17:57:04 #7 type] 
Type domain.Pronostico is not enhanced.

[2020-04-02 17:57:04 #8 type] 
Type domain.Event is not enhanced.

------------------------------------------------------------------------------------------------------------------------

[2020-04-02 17:59:18 #1 store] 
Database '/Users/adriansanse/git/LPCIS/Bets/resources/bets.temp' has been recovered (tr. 27-28)

[2020-04-02 17:59:23 #2 store] 
Database '/Users/adriansanse/git/LPCIS/Bets/resources/bets.temp' is opened by 11361@MacBook-Pro-de-Adrian.local

[2020-04-02 17:59:23 #3 type] 
Type domain.Usuario is not enhanced.

[2020-04-02 17:59:23 #4 type] 
Type domain.Apuesta is not enhanced.

[2020-04-02 17:59:23 #5 type] 
Type domain.Monedero is not enhanced.

[2020-04-02 17:59:23 #6 type] 
Type domain.Question is not enhanced.

[2020-04-02 17:59:23 #7 type] 
Type domain.Pronostico is not enhanced.

[2020-04-02 17:59:23 #8 type] 
Type domain.Event is not enhanced.

------------------------------------------------------------------------------------------------------------------------

[2020-04-02 18:02:49 #1 store] 
Database '/Users/adriansanse/git/LPCIS/Bets/resources/bets.temp' is opened by 11363@MacBook-Pro-de-Adrian.local

[2020-04-02 18:02:49 #2 type] 
Type domain.Usuario is not enhanced.

[2020-04-02 18:02:49 #3 type] 
Type domain.Apuesta is not enhanced.

[2020-04-02 18:02:49 #4 type] 
Type domain.Monedero is not enhanced.

[2020-04-02 18:02:49 #5 type] 
Type domain.Question is not enhanced.

[2020-04-02 18:02:49 #6 type] 
Type domain.Pronostico is not enhanced.

[2020-04-02 18:02:49 #7 type] 
Type domain.Event is not enhanced.

------------------------------------------------------------------------------------------------------------------------

[2020-04-02 18:10:55 #1 store] 
Database '/Users/adriansanse/git/LPCIS/Bets/resources/bets.temp' is opened by 11375@MacBook-Pro-de-Adrian.local

[2020-04-02 18:10:55 #2 type] 
Type domain.Usuario is not enhanced.

[2020-04-02 18:10:55 #3 type] 
Type domain.Apuesta is not enhanced.

[2020-04-02 18:10:55 #4 type] 
Type domain.Monedero is not enhanced.

[2020-04-02 18:10:55 #5 type] 
Type domain.Question is not enhanced.

[2020-04-02 18:10:55 #6 type] 
Type domain.Pronostico is not enhanced.

[2020-04-02 18:10:55 #7 type] 
Type domain.Event is not enhanced.

------------------------------------------------------------------------------------------------------------------------

[2020-04-02 18:12:27 #1 store] 
Database '/Users/adriansanse/git/LPCIS/Bets/resources/bets.temp' has been recovered (tr. 30-32)

[2020-04-02 18:12:32 #2 store] 
Database '/Users/adriansanse/git/LPCIS/Bets/resources/bets.temp' is opened by 11379@MacBook-Pro-de-Adrian.local

[2020-04-02 18:12:32 #3 type] 
Type domain.Usuario is not enhanced.

[2020-04-02 18:12:32 #4 type] 
Type domain.Apuesta is not enhanced.

[2020-04-02 18:12:32 #5 type] 
Type domain.Monedero is not enhanced.

[2020-04-02 18:12:32 #6 type] 
Type domain.Question is not enhanced.

[2020-04-02 18:12:32 #7 type] 
Type domain.Pronostico is not enhanced.

[2020-04-02 18:12:32 #8 type] 
Type domain.Event is not enhanced.

------------------------------------------------------------------------------------------------------------------------

[2020-04-02 18:13:43 #1 store] 
Database '/Users/adriansanse/git/LPCIS/Bets/resources/bets.temp' has been recovered (tr. 33-34)

[2020-04-02 18:13:48 #2 store] 
Database '/Users/adriansanse/git/LPCIS/Bets/resources/bets.temp' is opened by 11381@MacBook-Pro-de-Adrian.local

[2020-04-02 18:13:48 #3 type] 
Type domain.Usuario is not enhanced.

[2020-04-02 18:13:48 #4 type] 
Type domain.Apuesta is not enhanced.

[2020-04-02 18:13:48 #5 type] 
Type domain.Monedero is not enhanced.

[2020-04-02 18:13:48 #6 type] 
Type domain.Question is not enhanced.

[2020-04-02 18:13:48 #7 type] 
Type domain.Pronostico is not enhanced.

[2020-04-02 18:13:48 #8 type] 
Type domain.Event is not enhanced.

------------------------------------------------------------------------------------------------------------------------

[2020-04-02 18:14:45 #1 store] 
Database '/Users/adriansanse/git/LPCIS/Bets/resources/bets.temp' has been recovered (tr. 35-36)

[2020-04-02 18:14:51 #2 store] 
Database '/Users/adriansanse/git/LPCIS/Bets/resources/bets.temp' is opened by 11384@MacBook-Pro-de-Adrian.local

[2020-04-02 18:14:51 #3 type] 
Type domain.Usuario is not enhanced.

[2020-04-02 18:14:51 #4 type] 
Type domain.Apuesta is not enhanced.

[2020-04-02 18:14:51 #5 type] 
Type domain.Monedero is not enhanced.

[2020-04-02 18:14:51 #6 type] 
Type domain.Question is not enhanced.

[2020-04-02 18:14:51 #7 type] 
Type domain.Pronostico is not enhanced.

[2020-04-02 18:14:51 #8 type] 
Type domain.Event is not enhanced.

------------------------------------------------------------------------------------------------------------------------

[2020-04-02 18:18:30 #1 store] 
Database '/Users/adriansanse/git/LPCIS/Bets/resources/bets.temp' has been recovered (tr. 37-38)

[2020-04-02 18:18:35 #2 store] 
Database '/Users/adriansanse/git/LPCIS/Bets/resources/bets.temp' is opened by 11390@MacBook-Pro-de-Adrian.local

[2020-04-02 18:18:35 #3 type] 
Type domain.Usuario is not enhanced.

[2020-04-02 18:18:35 #4 type] 
Type domain.Apuesta is not enhanced.

[2020-04-02 18:18:35 #5 type] 
Type domain.Monedero is not enhanced.

[2020-04-02 18:18:35 #6 type] 
Type domain.Question is not enhanced.

[2020-04-02 18:18:35 #7 type] 
Type domain.Pronostico is not enhanced.

[2020-04-02 18:18:35 #8 type] 
Type domain.Event is not enhanced.

------------------------------------------------------------------------------------------------------------------------

[2020-04-02 18:21:00 #1 store] 
Database '/Users/adriansanse/git/LPCIS/Bets/resources/bets.temp' is opened by 11400@MacBook-Pro-de-Adrian.local

[2020-04-02 18:21:00 #2 type.registry] 
New type domain.Usuario

[2020-04-02 18:21:00 #3 type] 
Type domain.Usuario is not enhanced.

[2020-04-02 18:21:00 #4 type.registry] 
New type domain.Apuesta

[2020-04-02 18:21:01 #5 type.registry] 
New type java.util.Vector<domain.Apuesta>

[2020-04-02 18:21:01 #6 type.registry] 
New type domain.Monedero

[2020-04-02 18:21:01 #7 type] 
Type domain.Apuesta is not enhanced.

[2020-04-02 18:21:01 #8 type.registry] 
New type domain.Event

[2020-04-02 18:21:01 #9 type] 
Type domain.Monedero is not enhanced.

[2020-04-02 18:21:01 #10 type] 
Type domain.Event is not enhanced.

[2020-04-02 18:21:01 #11 type.registry] 
New type domain.Question

[2020-04-02 18:21:01 #12 type.registry] 
New type java.util.Vector<domain.Question>

[2020-04-02 18:21:01 #13 type] 
Type domain.Question is not enhanced.

[2020-04-02 18:21:01 #14 type.registry] 
New type domain.Pronostico

[2020-04-02 18:21:01 #15 type.registry] 
New type java.util.Vector<domain.Pronostico>

[2020-04-02 18:21:01 #16 type] 
Type domain.Pronostico is not enhanced.

[2020-04-02 18:21:01 #17 type.registry] 
New type java.util.Vector<java.lang.Object>

------------------------------------------------------------------------------------------------------------------------

[2020-04-02 18:24:08 #1 store] 
Database '/Users/adriansanse/git/LPCIS/Bets/resources/bets.temp' is opened by 11409@MacBook-Pro-de-Adrian.local

[2020-04-02 18:24:08 #2 type.registry] 
New type domain.Usuario

[2020-04-02 18:24:08 #3 type] 
Type domain.Usuario is not enhanced.

[2020-04-02 18:24:08 #4 type.registry] 
New type domain.Apuesta

[2020-04-02 18:24:08 #5 type.registry] 
New type java.util.Vector<domain.Apuesta>

[2020-04-02 18:24:08 #6 type.registry] 
New type domain.Monedero

[2020-04-02 18:24:08 #7 type] 
Type domain.Apuesta is not enhanced.

[2020-04-02 18:24:08 #8 type.registry] 
New type domain.Event

[2020-04-02 18:24:08 #9 type] 
Type domain.Monedero is not enhanced.

[2020-04-02 18:24:08 #10 type] 
Type domain.Event is not enhanced.

[2020-04-02 18:24:08 #11 type.registry] 
New type domain.Question

[2020-04-02 18:24:08 #12 type.registry] 
New type java.util.Vector<domain.Question>

[2020-04-02 18:24:08 #13 type] 
Type domain.Question is not enhanced.

[2020-04-02 18:24:08 #14 type.registry] 
New type domain.Pronostico

[2020-04-02 18:24:08 #15 type.registry] 
New type java.util.Vector<domain.Pronostico>

[2020-04-02 18:24:08 #16 type] 
Type domain.Pronostico is not enhanced.

[2020-04-02 18:24:08 #17 type.registry] 
New type java.util.Vector<java.lang.Object>

------------------------------------------------------------------------------------------------------------------------

[2020-04-02 18:29:53 #1 store] 
Database '/Users/adriansanse/git/LPCIS/Bets/resources/bets.temp' is opened by 11419@MacBook-Pro-de-Adrian.local

[2020-04-02 18:29:53 #2 type.registry] 
New type domain.Usuario

[2020-04-02 18:29:53 #3 type] 
Type domain.Usuario is not enhanced.

[2020-04-02 18:29:53 #4 type.registry] 
New type domain.Apuesta

[2020-04-02 18:29:53 #5 type.registry] 
New type java.util.Vector<domain.Apuesta>

[2020-04-02 18:29:53 #6 type.registry] 
New type domain.Monedero

[2020-04-02 18:29:53 #7 type] 
Type domain.Apuesta is not enhanced.

[2020-04-02 18:29:53 #8 type.registry] 
New type domain.Event

[2020-04-02 18:29:53 #9 type] 
Type domain.Monedero is not enhanced.

[2020-04-02 18:29:53 #10 type] 
Type domain.Event is not enhanced.

[2020-04-02 18:29:53 #11 type.registry] 
New type domain.Question

[2020-04-02 18:29:53 #12 type.registry] 
New type java.util.Vector<domain.Question>

[2020-04-02 18:29:53 #13 type] 
Type domain.Question is not enhanced.

[2020-04-02 18:29:53 #14 type.registry] 
New type domain.Pronostico

[2020-04-02 18:29:53 #15 type.registry] 
New type java.util.Vector<domain.Pronostico>

[2020-04-02 18:29:53 #16 type] 
Type domain.Pronostico is not enhanced.

[2020-04-02 18:29:53 #17 type.registry] 
New type java.util.Vector<java.lang.Object>

------------------------------------------------------------------------------------------------------------------------

[2020-04-02 18:36:17 #1 store] 
Database '/Users/adriansanse/git/LPCIS/Bets/resources/bets.temp' is opened by 11431@MacBook-Pro-de-Adrian.local

[2020-04-02 18:36:17 #2 type.registry] 
New type domain.Usuario

[2020-04-02 18:36:17 #3 type] 
Type domain.Usuario is not enhanced.

[2020-04-02 18:36:17 #4 type.registry] 
New type domain.Apuesta

[2020-04-02 18:36:17 #5 type.registry] 
New type java.util.Vector<domain.Apuesta>

[2020-04-02 18:36:17 #6 type.registry] 
New type domain.Monedero

[2020-04-02 18:36:17 #7 type] 
Type domain.Apuesta is not enhanced.

[2020-04-02 18:36:17 #8 type.registry] 
New type domain.Event

[2020-04-02 18:36:17 #9 type] 
Type domain.Monedero is not enhanced.

[2020-04-02 18:36:17 #10 type] 
Type domain.Event is not enhanced.

[2020-04-02 18:36:17 #11 type.registry] 
New type domain.Question

[2020-04-02 18:36:17 #12 type.registry] 
New type java.util.Vector<domain.Question>

[2020-04-02 18:36:17 #13 type] 
Type domain.Question is not enhanced.

[2020-04-02 18:36:17 #14 type.registry] 
New type domain.Pronostico

[2020-04-02 18:36:17 #15 type.registry] 
New type java.util.Vector<domain.Pronostico>

[2020-04-02 18:36:17 #16 type] 
Type domain.Pronostico is not enhanced.

[2020-04-02 18:36:17 #17 type.registry] 
New type java.util.Vector<java.lang.Object>

------------------------------------------------------------------------------------------------------------------------

[2020-04-02 18:40:25 #1 store] 
Database '/Users/adriansanse/git/LPCIS/Bets/resources/bets.temp' is opened by 11436@MacBook-Pro-de-Adrian.local

[2020-04-02 18:40:25 #2 type.registry] 
New type domain.Usuario

[2020-04-02 18:40:25 #3 type] 
Type domain.Usuario is not enhanced.

[2020-04-02 18:40:25 #4 type.registry] 
New type domain.Apuesta

[2020-04-02 18:40:25 #5 type.registry] 
New type java.util.Vector<domain.Apuesta>

[2020-04-02 18:40:25 #6 type.registry] 
New type domain.Monedero

[2020-04-02 18:40:25 #7 type] 
Type domain.Apuesta is not enhanced.

[2020-04-02 18:40:25 #8 type.registry] 
New type domain.Event

[2020-04-02 18:40:25 #9 type] 
Type domain.Monedero is not enhanced.

[2020-04-02 18:40:25 #10 type] 
Type domain.Event is not enhanced.

[2020-04-02 18:40:25 #11 type.registry] 
New type domain.Question

[2020-04-02 18:40:25 #12 type.registry] 
New type java.util.Vector<domain.Question>

[2020-04-02 18:40:25 #13 type] 
Type domain.Question is not enhanced.

[2020-04-02 18:40:25 #14 type.registry] 
New type domain.Pronostico

[2020-04-02 18:40:25 #15 type.registry] 
New type java.util.Vector<domain.Pronostico>

[2020-04-02 18:40:25 #16 type] 
Type domain.Pronostico is not enhanced.

[2020-04-02 18:40:25 #17 type.registry] 
New type java.util.Vector<java.lang.Object>

------------------------------------------------------------------------------------------------------------------------

[2020-04-02 18:52:22 #1 store] 
Database '/Users/adriansanse/git/LPCIS/Bets/resources/bets.temp' is opened by 11443@MacBook-Pro-de-Adrian.local

[2020-04-02 18:52:22 #2 type.registry] 
New type domain.Usuario

[2020-04-02 18:52:22 #3 type] 
Type domain.Usuario is not enhanced.

[2020-04-02 18:52:22 #4 type.registry] 
New type domain.Apuesta

[2020-04-02 18:52:22 #5 type.registry] 
New type java.util.Vector<domain.Apuesta>

[2020-04-02 18:52:22 #6 type.registry] 
New type domain.Monedero

[2020-04-02 18:52:22 #7 type] 
Type domain.Apuesta is not enhanced.

[2020-04-02 18:52:22 #8 type.registry] 
New type domain.Event

[2020-04-02 18:52:22 #9 type] 
Type domain.Monedero is not enhanced.

[2020-04-02 18:52:22 #10 type] 
Type domain.Event is not enhanced.

[2020-04-02 18:52:22 #11 type.registry] 
New type domain.Question

[2020-04-02 18:52:22 #12 type.registry] 
New type java.util.Vector<domain.Question>

[2020-04-02 18:52:22 #13 type] 
Type domain.Question is not enhanced.

[2020-04-02 18:52:22 #14 type.registry] 
New type domain.Pronostico

[2020-04-02 18:52:22 #15 type.registry] 
New type java.util.Vector<domain.Pronostico>

[2020-04-02 18:52:22 #16 type] 
Type domain.Pronostico is not enhanced.

[2020-04-02 18:52:22 #17 type.registry] 
New type java.util.Vector<java.lang.Object>

------------------------------------------------------------------------------------------------------------------------

[2020-04-02 18:54:39 #1 store] 
Database '/Users/adriansanse/git/LPCIS/Bets/resources/bets.temp' is opened by 11454@MacBook-Pro-de-Adrian.local

[2020-04-02 18:54:39 #2 type.registry] 
New type domain.Usuario

[2020-04-02 18:54:39 #3 type] 
Type domain.Usuario is not enhanced.

[2020-04-02 18:54:39 #4 type.registry] 
New type domain.Apuesta

[2020-04-02 18:54:39 #5 type.registry] 
New type java.util.Vector<domain.Apuesta>

[2020-04-02 18:54:39 #6 type.registry] 
New type domain.Monedero

[2020-04-02 18:54:39 #7 type] 
Type domain.Apuesta is not enhanced.

[2020-04-02 18:54:39 #8 type.registry] 
New type domain.Event

[2020-04-02 18:54:39 #9 type] 
Type domain.Monedero is not enhanced.

[2020-04-02 18:54:39 #10 type] 
Type domain.Event is not enhanced.

[2020-04-02 18:54:39 #11 type.registry] 
New type domain.Question

[2020-04-02 18:54:39 #12 type.registry] 
New type java.util.Vector<domain.Question>

[2020-04-02 18:54:39 #13 type] 
Type domain.Question is not enhanced.

[2020-04-02 18:54:39 #14 type.registry] 
New type domain.Pronostico

[2020-04-02 18:54:39 #15 type.registry] 
New type java.util.Vector<domain.Pronostico>

[2020-04-02 18:54:39 #16 type] 
Type domain.Pronostico is not enhanced.

[2020-04-02 18:54:39 #17 type.registry] 
New type java.util.Vector<java.lang.Object>

------------------------------------------------------------------------------------------------------------------------

[2020-04-02 19:04:57 #1 store] 
Database '/Users/adriansanse/git/LPCIS/Bets/resources/bets.temp' is opened by 11483@pc-1-128.customer.ask4.lan

[2020-04-02 19:04:57 #2 type.registry] 
New type domain.Usuario

[2020-04-02 19:04:57 #3 type] 
Type domain.Usuario is not enhanced.

[2020-04-02 19:04:57 #4 type.registry] 
New type domain.Apuesta

[2020-04-02 19:04:57 #5 type.registry] 
New type java.util.Vector<domain.Apuesta>

[2020-04-02 19:04:57 #6 type.registry] 
New type domain.Monedero

[2020-04-02 19:04:57 #7 type] 
Type domain.Apuesta is not enhanced.

[2020-04-02 19:04:57 #8 type.registry] 
New type domain.Event

[2020-04-02 19:04:57 #9 type] 
Type domain.Monedero is not enhanced.

[2020-04-02 19:04:57 #10 type] 
Type domain.Event is not enhanced.

[2020-04-02 19:04:57 #11 type.registry] 
New type domain.Question

[2020-04-02 19:04:57 #12 type.registry] 
New type java.util.Vector<domain.Question>

[2020-04-02 19:04:57 #13 type] 
Type domain.Question is not enhanced.

[2020-04-02 19:04:57 #14 type.registry] 
New type domain.Pronostico

[2020-04-02 19:04:57 #15 type.registry] 
New type java.util.Vector<domain.Pronostico>

[2020-04-02 19:04:57 #16 type] 
Type domain.Pronostico is not enhanced.

[2020-04-02 19:04:57 #17 type.registry] 
New type java.util.Vector<java.lang.Object>

------------------------------------------------------------------------------------------------------------------------

[2020-04-02 19:07:17 #1 store] 
Database '/Users/adriansanse/git/LPCIS/Bets/resources/bets.temp' is opened by 11494@pc-1-128.customer.ask4.lan

[2020-04-02 19:07:17 #2 type.registry] 
New type domain.Usuario

[2020-04-02 19:07:17 #3 type] 
Type domain.Usuario is not enhanced.

[2020-04-02 19:07:17 #4 type.registry] 
New type domain.Apuesta

[2020-04-02 19:07:17 #5 type.registry] 
New type java.util.Vector<domain.Apuesta>

[2020-04-02 19:07:17 #6 type.registry] 
New type domain.Monedero

[2020-04-02 19:07:17 #7 type] 
Type domain.Apuesta is not enhanced.

[2020-04-02 19:07:17 #8 type.registry] 
New type domain.Event

[2020-04-02 19:07:17 #9 type] 
Type domain.Monedero is not enhanced.

[2020-04-02 19:07:17 #10 type] 
Type domain.Event is not enhanced.

[2020-04-02 19:07:17 #11 type.registry] 
New type domain.Question

[2020-04-02 19:07:17 #12 type.registry] 
New type java.util.Vector<domain.Question>

[2020-04-02 19:07:17 #13 type] 
Type domain.Question is not enhanced.

[2020-04-02 19:07:17 #14 type.registry] 
New type domain.Pronostico

[2020-04-02 19:07:17 #15 type.registry] 
New type java.util.Vector<domain.Pronostico>

[2020-04-02 19:07:17 #16 type] 
Type domain.Pronostico is not enhanced.

[2020-04-02 19:07:17 #17 type.registry] 
New type java.util.Vector<java.lang.Object>

------------------------------------------------------------------------------------------------------------------------

[2020-04-02 19:09:36 #1 store] 
Database '/Users/adriansanse/git/LPCIS/Bets/resources/bets.temp' is opened by 11509@pc-1-128.customer.ask4.lan

[2020-04-02 19:09:36 #2 type.registry] 
New type domain.Usuario

[2020-04-02 19:09:36 #3 type] 
Type domain.Usuario is not enhanced.

[2020-04-02 19:09:36 #4 type.registry] 
New type domain.Apuesta

[2020-04-02 19:09:36 #5 type.registry] 
New type java.util.Vector<domain.Apuesta>

[2020-04-02 19:09:36 #6 type.registry] 
New type domain.Monedero

[2020-04-02 19:09:36 #7 type] 
Type domain.Apuesta is not enhanced.

[2020-04-02 19:09:36 #8 type.registry] 
New type domain.Event

[2020-04-02 19:09:36 #9 type] 
Type domain.Monedero is not enhanced.

[2020-04-02 19:09:36 #10 type] 
Type domain.Event is not enhanced.

[2020-04-02 19:09:36 #11 type.registry] 
New type domain.Question

[2020-04-02 19:09:36 #12 type.registry] 
New type java.util.Vector<domain.Question>

[2020-04-02 19:09:36 #13 type] 
Type domain.Question is not enhanced.

[2020-04-02 19:09:36 #14 type.registry] 
New type domain.Pronostico

[2020-04-02 19:09:36 #15 type.registry] 
New type java.util.Vector<domain.Pronostico>

[2020-04-02 19:09:36 #16 type] 
Type domain.Pronostico is not enhanced.

[2020-04-02 19:09:36 #17 type.registry] 
New type java.util.Vector<java.lang.Object>

------------------------------------------------------------------------------------------------------------------------

[2020-04-02 19:12:02 #1 store] 
Database '/Users/adriansanse/git/LPCIS/Bets/resources/bets.temp' is opened by 11517@pc-1-128.customer.ask4.lan

[2020-04-02 19:12:02 #2 type.registry] 
New type domain.Usuario

[2020-04-02 19:12:02 #3 type] 
Type domain.Usuario is not enhanced.

[2020-04-02 19:12:02 #4 type.registry] 
New type domain.Apuesta

[2020-04-02 19:12:02 #5 type.registry] 
New type java.util.Vector<domain.Apuesta>

[2020-04-02 19:12:02 #6 type.registry] 
New type domain.Monedero

[2020-04-02 19:12:02 #7 type] 
Type domain.Apuesta is not enhanced.

[2020-04-02 19:12:02 #8 type.registry] 
New type domain.Event

[2020-04-02 19:12:02 #9 type] 
Type domain.Monedero is not enhanced.

[2020-04-02 19:12:02 #10 type] 
Type domain.Event is not enhanced.

[2020-04-02 19:12:02 #11 type.registry] 
New type domain.Question

[2020-04-02 19:12:02 #12 type.registry] 
New type java.util.Vector<domain.Question>

[2020-04-02 19:12:02 #13 type] 
Type domain.Question is not enhanced.

[2020-04-02 19:12:02 #14 type.registry] 
New type domain.Pronostico

[2020-04-02 19:12:02 #15 type.registry] 
New type java.util.Vector<domain.Pronostico>

[2020-04-02 19:12:02 #16 type] 
Type domain.Pronostico is not enhanced.

[2020-04-02 19:12:02 #17 type.registry] 
New type java.util.Vector<java.lang.Object>

------------------------------------------------------------------------------------------------------------------------

[2020-04-02 21:11:26 #1 store] 
Database 'C:\Users\unais\Desktop\bets-workspace\LPCIS\Bets\resources\bets.temp' is opened by 6888@DESKTOP-9ERLLO7

[2020-04-02 21:11:26 #2 type.registry] 
New type domain.Usuario

[2020-04-02 21:11:26 #3 type] 
Type domain.Usuario is not enhanced.

[2020-04-02 21:11:26 #4 type.registry] 
New type domain.Apuesta

[2020-04-02 21:11:26 #5 type.registry] 
New type java.util.Vector<domain.Apuesta>

[2020-04-02 21:11:26 #6 type.registry] 
New type domain.Monedero

[2020-04-02 21:11:26 #7 type] 
Type domain.Apuesta is not enhanced.

[2020-04-02 21:11:26 #8 type.registry] 
New type domain.Event

[2020-04-02 21:11:26 #9 type] 
Type domain.Monedero is not enhanced.

[2020-04-02 21:11:26 #10 type] 
Type domain.Event is not enhanced.

[2020-04-02 21:11:26 #11 type.registry] 
New type domain.Question

[2020-04-02 21:11:26 #12 type.registry] 
New type java.util.Vector<domain.Question>

[2020-04-02 21:11:26 #13 type] 
Type domain.Question is not enhanced.

[2020-04-02 21:11:26 #14 type.registry] 
New type domain.Pronostico

[2020-04-02 21:11:26 #15 type.registry] 
New type java.util.Vector<domain.Pronostico>

[2020-04-02 21:11:26 #16 type] 
Type domain.Pronostico is not enhanced.

[2020-04-02 21:11:26 #17 type.registry] 
New type java.util.Vector<java.lang.Object>

------------------------------------------------------------------------------------------------------------------------

[2020-04-02 21:20:24 #1 store] 
Database 'C:\Users\unais\Desktop\bets-workspace\LPCIS\Bets\resources\bets.temp' is opened by 288@DESKTOP-9ERLLO7

[2020-04-02 21:20:25 #2 type.registry] 
New type domain.Usuario

[2020-04-02 21:20:25 #3 type] 
Type domain.Usuario is not enhanced.

[2020-04-02 21:20:25 #4 type.registry] 
New type domain.Apuesta

[2020-04-02 21:20:25 #5 type.registry] 
New type java.util.Vector<domain.Apuesta>

[2020-04-02 21:20:25 #6 type.registry] 
New type domain.Monedero

[2020-04-02 21:20:25 #7 type] 
Type domain.Apuesta is not enhanced.

[2020-04-02 21:20:25 #8 type.registry] 
New type domain.Event

[2020-04-02 21:20:25 #9 type] 
Type domain.Monedero is not enhanced.

[2020-04-02 21:20:25 #10 type] 
Type domain.Event is not enhanced.

[2020-04-02 21:20:25 #11 type.registry] 
New type domain.Question

[2020-04-02 21:20:25 #12 type.registry] 
New type java.util.Vector<domain.Question>

[2020-04-02 21:20:25 #13 type] 
Type domain.Question is not enhanced.

[2020-04-02 21:20:25 #14 type.registry] 
New type domain.Pronostico

[2020-04-02 21:20:25 #15 type.registry] 
New type java.util.Vector<domain.Pronostico>

[2020-04-02 21:20:25 #16 type] 
Type domain.Pronostico is not enhanced.

[2020-04-02 21:20:25 #17 type.registry] 
New type java.util.Vector<java.lang.Object>

------------------------------------------------------------------------------------------------------------------------

[2020-04-02 23:14:56 #1 store] 
Database 'C:\Users\unais\Desktop\bets-workspace\LPCIS\Bets\resources\bets.temp' is opened by 11472@DESKTOP-9ERLLO7

[2020-04-02 23:14:56 #2 type.registry] 
New type domain.Usuario

[2020-04-02 23:14:56 #3 type] 
Type domain.Usuario is not enhanced.

[2020-04-02 23:14:56 #4 type.registry] 
New type domain.Apuesta

[2020-04-02 23:14:56 #5 type.registry] 
New type java.util.Vector<domain.Apuesta>

[2020-04-02 23:14:56 #6 type.registry] 
New type domain.Monedero

[2020-04-02 23:14:56 #7 type] 
Type domain.Apuesta is not enhanced.

[2020-04-02 23:14:56 #8 type.registry] 
New type domain.Event

[2020-04-02 23:14:56 #9 type] 
Type domain.Monedero is not enhanced.

[2020-04-02 23:14:56 #10 type] 
Type domain.Event is not enhanced.

[2020-04-02 23:14:56 #11 type.registry] 
New type domain.Question

[2020-04-02 23:14:56 #12 type.registry] 
New type java.util.Vector<domain.Question>

[2020-04-02 23:14:56 #13 type] 
Type domain.Question is not enhanced.

[2020-04-02 23:14:56 #14 type.registry] 
New type domain.Pronostico

[2020-04-02 23:14:56 #15 type.registry] 
New type java.util.Vector<domain.Pronostico>

[2020-04-02 23:14:56 #16 type] 
Type domain.Pronostico is not enhanced.

[2020-04-02 23:14:56 #17 type.registry] 
New type java.util.Vector<java.lang.Object>

------------------------------------------------------------------------------------------------------------------------

[2020-04-02 23:27:12 #1 store] 
Database 'C:\Users\unais\Desktop\bets-workspace\LPCIS\Bets\resources\bets.temp' has been recovered (tr. 1-28)

[2020-04-02 23:27:12 #2 store] 
Database 'C:\Users\unais\Desktop\bets-workspace\LPCIS\Bets\resources\bets.temp' is opened by 13924@DESKTOP-9ERLLO7

[2020-04-02 23:27:12 #3 type] 
Type domain.Usuario is not enhanced.

[2020-04-02 23:27:12 #4 type] 
Type domain.Apuesta is not enhanced.

[2020-04-02 23:27:12 #5 type] 
Type domain.Monedero is not enhanced.

[2020-04-02 23:27:12 #6 type] 
Type domain.Event is not enhanced.

[2020-04-02 23:27:12 #7 type] 
Type domain.Question is not enhanced.

[2020-04-02 23:27:12 #8 type] 
Type domain.Pronostico is not enhanced.

------------------------------------------------------------------------------------------------------------------------

[2020-04-02 23:27:43 #1 store] 
Database 'C:\Users\unais\Desktop\bets-workspace\LPCIS\Bets\resources\bets.temp' is opened by 14656@DESKTOP-9ERLLO7

[2020-04-02 23:27:43 #2 type.registry] 
New type domain.Usuario

[2020-04-02 23:27:43 #3 type] 
Type domain.Usuario is not enhanced.

[2020-04-02 23:27:43 #4 type.registry] 
New type domain.Apuesta

[2020-04-02 23:27:43 #5 type.registry] 
New type java.util.Vector<domain.Apuesta>

[2020-04-02 23:27:43 #6 type.registry] 
New type domain.Monedero

[2020-04-02 23:27:43 #7 type] 
Type domain.Apuesta is not enhanced.

[2020-04-02 23:27:43 #8 type.registry] 
New type domain.Event

[2020-04-02 23:27:43 #9 type] 
Type domain.Monedero is not enhanced.

[2020-04-02 23:27:43 #10 type] 
Type domain.Event is not enhanced.

[2020-04-02 23:27:43 #11 type.registry] 
New type domain.Question

[2020-04-02 23:27:43 #12 type.registry] 
New type java.util.Vector<domain.Question>

[2020-04-02 23:27:43 #13 type] 
Type domain.Question is not enhanced.

[2020-04-02 23:27:43 #14 type.registry] 
New type domain.Pronostico

[2020-04-02 23:27:43 #15 type.registry] 
New type java.util.Vector<domain.Pronostico>

[2020-04-02 23:27:43 #16 type] 
Type domain.Pronostico is not enhanced.

[2020-04-02 23:27:43 #17 type.registry] 
New type java.util.Vector<java.lang.Object>

