------------------------------------------------------------------------------------------------------------------------

[2020-05-01 09:41:25 #1 store] 
Database '/Users/haizea/Desktop/ULTIMO/Bets/resources/bets.temp' is opened by 5897@MacBook-Pro-de-Haizea.local

[2020-05-01 09:41:25 #2 type.registry] 
New type domain.Usuario

[2020-05-01 09:41:25 #3 type] 
Type domain.Usuario is not enhanced.

[2020-05-01 09:41:25 #4 type.registry] 
New type domain.Apuesta

[2020-05-01 09:41:25 #5 type.registry] 
New type java.util.Vector<domain.Apuesta>

[2020-05-01 09:41:25 #6 type.registry] 
New type domain.Monedero

[2020-05-01 09:41:25 #7 type] 
Type domain.Apuesta is not enhanced.

[2020-05-01 09:41:25 #8 type.registry] 
New type domain.Event

[2020-05-01 09:41:25 #9 type.registry] 
New type domain.Pronostico

[2020-05-01 09:41:25 #10 type] 
Type domain.Monedero is not enhanced.

[2020-05-01 09:41:25 #11 type] 
Type domain.Event is not enhanced.

[2020-05-01 09:41:25 #12 type.registry] 
New type domain.Question

[2020-05-01 09:41:25 #13 type.registry] 
New type java.util.Vector<domain.Question>

[2020-05-01 09:41:25 #14 type.registry] 
New type domain.Deporte

[2020-05-01 09:41:25 #15 type] 
Type domain.Pronostico is not enhanced.

[2020-05-01 09:41:25 #16 type] 
Type domain.Question is not enhanced.

[2020-05-01 09:41:25 #17 type.registry] 
New type java.util.Vector<domain.Pronostico>

[2020-05-01 09:41:25 #18 type] 
Type domain.Deporte is not enhanced.

[2020-05-01 09:41:25 #19 type.registry] 
New type java.util.Vector<domain.Event>

[2020-05-01 09:41:25 #20 type.registry] 
New type java.util.Vector<java.lang.Object>

------------------------------------------------------------------------------------------------------------------------

[2020-05-01 09:50:44 #1 store] 
Database '/Users/haizea/Desktop/ULTIMO/Bets/resources/bets.temp' is opened by 5988@MacBook-Pro-de-Haizea.local

[2020-05-01 09:50:44 #2 type.registry] 
New type domain.Usuario

[2020-05-01 09:50:44 #3 type] 
Type domain.Usuario is not enhanced.

[2020-05-01 09:50:44 #4 type.registry] 
New type domain.Apuesta

[2020-05-01 09:50:44 #5 type.registry] 
New type java.util.Vector<domain.Apuesta>

[2020-05-01 09:50:44 #6 type.registry] 
New type domain.Monedero

[2020-05-01 09:50:44 #7 type] 
Type domain.Apuesta is not enhanced.

[2020-05-01 09:50:44 #8 type.registry] 
New type domain.Event

[2020-05-01 09:50:44 #9 type.registry] 
New type domain.Pronostico

[2020-05-01 09:50:44 #10 type] 
Type domain.Monedero is not enhanced.

[2020-05-01 09:50:44 #11 type] 
Type domain.Event is not enhanced.

[2020-05-01 09:50:44 #12 type.registry] 
New type domain.Question

[2020-05-01 09:50:44 #13 type.registry] 
New type java.util.Vector<domain.Question>

[2020-05-01 09:50:44 #14 type.registry] 
New type domain.Deporte

[2020-05-01 09:50:44 #15 type] 
Type domain.Pronostico is not enhanced.

[2020-05-01 09:50:44 #16 type] 
Type domain.Question is not enhanced.

[2020-05-01 09:50:44 #17 type.registry] 
New type java.util.Vector<domain.Pronostico>

[2020-05-01 09:50:44 #18 type] 
Type domain.Deporte is not enhanced.

[2020-05-01 09:50:44 #19 type.registry] 
New type java.util.Vector<domain.Event>

[2020-05-01 09:50:44 #20 type.registry] 
New type java.util.Vector<java.lang.Object>

------------------------------------------------------------------------------------------------------------------------

[2020-05-01 11:41:53 #1 store] 
Database 'C:\Users\marko\git\LPCIS\Bets\resources\bets.temp' is opened by 11588@Marcos

[2020-05-01 11:41:54 #2 type.registry] 
New type domain.Usuario

[2020-05-01 11:41:54 #3 type] 
Type domain.Usuario is not enhanced.

[2020-05-01 11:41:54 #4 type.registry] 
New type domain.Apuesta

[2020-05-01 11:41:54 #5 type.registry] 
New type java.util.Vector<domain.Apuesta>

[2020-05-01 11:41:54 #6 type.registry] 
New type domain.Monedero

[2020-05-01 11:41:54 #7 type] 
Type domain.Apuesta is not enhanced.

[2020-05-01 11:41:54 #8 type.registry] 
New type domain.Event

[2020-05-01 11:41:54 #9 type.registry] 
New type domain.Pronostico

[2020-05-01 11:41:54 #10 type] 
Type domain.Monedero is not enhanced.

[2020-05-01 11:41:54 #11 type] 
Type domain.Event is not enhanced.

[2020-05-01 11:41:54 #12 type.registry] 
New type domain.Question

[2020-05-01 11:41:54 #13 type.registry] 
New type java.util.Vector<domain.Question>

[2020-05-01 11:41:54 #14 type.registry] 
New type domain.Deporte

[2020-05-01 11:41:54 #15 type] 
Type domain.Pronostico is not enhanced.

[2020-05-01 11:41:54 #16 type] 
Type domain.Question is not enhanced.

[2020-05-01 11:41:54 #17 type.registry] 
New type java.util.Vector<domain.Pronostico>

[2020-05-01 11:41:54 #18 type] 
Type domain.Deporte is not enhanced.

[2020-05-01 11:41:54 #19 type.registry] 
New type java.util.Vector<domain.Event>

[2020-05-01 11:41:54 #20 type.registry] 
New type java.util.Vector<java.lang.Object>

------------------------------------------------------------------------------------------------------------------------

[2020-05-01 14:40:35 #1 store] 
Database 'C:\Users\marko\git\LPCIS\Bets\resources\bets.temp' has been recovered (tr. 1-5)

[2020-05-01 14:40:35 #2 store] 
Database 'C:\Users\marko\git\LPCIS\Bets\resources\bets.temp' is opened by 16860@Marcos

[2020-05-01 14:40:35 #3 type] 
Type domain.Usuario is not enhanced.

[2020-05-01 14:40:35 #4 type] 
Type domain.Apuesta is not enhanced.

[2020-05-01 14:40:35 #5 type] 
Type domain.Monedero is not enhanced.

[2020-05-01 14:40:35 #6 type] 
Type domain.Event is not enhanced.

[2020-05-01 14:40:35 #7 type] 
Type domain.Pronostico is not enhanced.

[2020-05-01 14:40:35 #8 type] 
Type domain.Question is not enhanced.

[2020-05-01 14:40:35 #9 type] 
Type domain.Deporte is not enhanced.

------------------------------------------------------------------------------------------------------------------------

[2020-05-01 14:45:09 #1 store] 
Database 'C:\Users\marko\git\LPCIS\Bets\resources\bets.temp' is opened by 10936@Marcos

[2020-05-01 14:45:09 #2 type.registry] 
New type domain.Usuario

[2020-05-01 14:45:09 #3 type] 
Type domain.Usuario is not enhanced.

[2020-05-01 14:45:09 #4 type.registry] 
New type domain.Apuesta

[2020-05-01 14:45:09 #5 type.registry] 
New type java.util.Vector<domain.Apuesta>

[2020-05-01 14:45:09 #6 type.registry] 
New type domain.Monedero

[2020-05-01 14:45:09 #7 type] 
Type domain.Apuesta is not enhanced.

[2020-05-01 14:45:09 #8 type.registry] 
New type domain.Event

[2020-05-01 14:45:09 #9 type.registry] 
New type domain.Pronostico

[2020-05-01 14:45:09 #10 type] 
Type domain.Monedero is not enhanced.

[2020-05-01 14:45:09 #11 type] 
Type domain.Event is not enhanced.

[2020-05-01 14:45:09 #12 type.registry] 
New type domain.Question

[2020-05-01 14:45:09 #13 type.registry] 
New type java.util.Vector<domain.Question>

[2020-05-01 14:45:09 #14 type.registry] 
New type domain.Deporte

[2020-05-01 14:45:09 #15 type] 
Type domain.Pronostico is not enhanced.

[2020-05-01 14:45:09 #16 type] 
Type domain.Question is not enhanced.

[2020-05-01 14:45:09 #17 type.registry] 
New type java.util.Vector<domain.Pronostico>

[2020-05-01 14:45:09 #18 type] 
Type domain.Deporte is not enhanced.

[2020-05-01 14:45:09 #19 type.registry] 
New type java.util.Vector<domain.Event>

[2020-05-01 14:45:09 #20 type.registry] 
New type java.util.Vector<java.lang.Object>

------------------------------------------------------------------------------------------------------------------------

[2020-05-01 15:01:03 #1 store] 
Database 'C:\Users\marko\git\LPCIS\Bets\resources\bets.temp' has been recovered (tr. 1-5)

[2020-05-01 15:01:03 #2 store] 
Database 'C:\Users\marko\git\LPCIS\Bets\resources\bets.temp' is opened by 17060@Marcos

[2020-05-01 15:01:03 #3 type] 
Type domain.Usuario is not enhanced.

[2020-05-01 15:01:03 #4 type] 
Type domain.Apuesta is not enhanced.

[2020-05-01 15:01:03 #5 type] 
Type domain.Monedero is not enhanced.

[2020-05-01 15:01:03 #6 type] 
Type domain.Event is not enhanced.

[2020-05-01 15:01:03 #7 type] 
Type domain.Pronostico is not enhanced.

[2020-05-01 15:01:03 #8 type] 
Type domain.Question is not enhanced.

[2020-05-01 15:01:03 #9 type] 
Type domain.Deporte is not enhanced.

------------------------------------------------------------------------------------------------------------------------

[2020-05-01 15:01:34 #1 store] 
Database 'C:\Users\marko\git\LPCIS\Bets\resources\bets.temp' is opened by 1708@Marcos

[2020-05-01 15:01:34 #2 type] 
Type domain.Usuario is not enhanced.

[2020-05-01 15:01:34 #3 type] 
Type domain.Apuesta is not enhanced.

[2020-05-01 15:01:34 #4 type] 
Type domain.Monedero is not enhanced.

[2020-05-01 15:01:34 #5 type] 
Type domain.Event is not enhanced.

[2020-05-01 15:01:34 #6 type] 
Type domain.Pronostico is not enhanced.

[2020-05-01 15:01:34 #7 type] 
Type domain.Question is not enhanced.

[2020-05-01 15:01:34 #8 type] 
Type domain.Deporte is not enhanced.

------------------------------------------------------------------------------------------------------------------------

[2020-05-01 15:14:56 #1 store] 
Database 'C:\Users\marko\git\LPCIS\Bets\resources\bets.temp' has been recovered (tr. 6-7)

[2020-05-01 15:14:56 #2 store] 
Database 'C:\Users\marko\git\LPCIS\Bets\resources\bets.temp' is opened by 17700@Marcos

[2020-05-01 15:14:56 #3 type] 
Type domain.Usuario is not enhanced.

[2020-05-01 15:14:56 #4 type] 
Type domain.Apuesta is not enhanced.

[2020-05-01 15:14:56 #5 type] 
Type domain.Monedero is not enhanced.

[2020-05-01 15:14:56 #6 type] 
Type domain.Event is not enhanced.

[2020-05-01 15:14:56 #7 type] 
Type domain.Pronostico is not enhanced.

[2020-05-01 15:14:56 #8 type] 
Type domain.Question is not enhanced.

[2020-05-01 15:14:56 #9 type] 
Type domain.Deporte is not enhanced.

------------------------------------------------------------------------------------------------------------------------

[2020-05-01 15:19:37 #1 store] 
Database 'C:\Users\marko\git\LPCIS\Bets\resources\bets.temp' is opened by 11492@Marcos

[2020-05-01 15:19:37 #2 type] 
Type domain.Usuario is not enhanced.

[2020-05-01 15:19:37 #3 type] 
Type domain.Apuesta is not enhanced.

[2020-05-01 15:19:37 #4 type] 
Type domain.Monedero is not enhanced.

[2020-05-01 15:19:37 #5 type] 
Type domain.Event is not enhanced.

[2020-05-01 15:19:37 #6 type] 
Type domain.Pronostico is not enhanced.

[2020-05-01 15:19:37 #7 type] 
Type domain.Question is not enhanced.

[2020-05-01 15:19:37 #8 type] 
Type domain.Deporte is not enhanced.

------------------------------------------------------------------------------------------------------------------------

[2020-05-01 15:20:04 #1 store] 
Database 'C:\Users\marko\git\LPCIS\Bets\resources\bets.temp' is opened by 14008@Marcos

[2020-05-01 15:20:04 #2 type] 
Type domain.Usuario is not enhanced.

[2020-05-01 15:20:04 #3 type] 
Type domain.Apuesta is not enhanced.

[2020-05-01 15:20:04 #4 type] 
Type domain.Monedero is not enhanced.

[2020-05-01 15:20:04 #5 type] 
Type domain.Event is not enhanced.

[2020-05-01 15:20:04 #6 type] 
Type domain.Pronostico is not enhanced.

[2020-05-01 15:20:04 #7 type] 
Type domain.Question is not enhanced.

[2020-05-01 15:20:04 #8 type] 
Type domain.Deporte is not enhanced.

------------------------------------------------------------------------------------------------------------------------

[2020-05-01 15:20:37 #1 store] 
Database 'C:\Users\marko\git\LPCIS\Bets\resources\bets.temp' is opened by 10152@Marcos

[2020-05-01 15:20:37 #2 type] 
Type domain.Usuario is not enhanced.

[2020-05-01 15:20:37 #3 type] 
Type domain.Apuesta is not enhanced.

[2020-05-01 15:20:37 #4 type] 
Type domain.Monedero is not enhanced.

[2020-05-01 15:20:37 #5 type] 
Type domain.Event is not enhanced.

[2020-05-01 15:20:37 #6 type] 
Type domain.Pronostico is not enhanced.

[2020-05-01 15:20:37 #7 type] 
Type domain.Question is not enhanced.

[2020-05-01 15:20:37 #8 type] 
Type domain.Deporte is not enhanced.

------------------------------------------------------------------------------------------------------------------------

[2020-05-01 15:33:12 #1 store] 
Database 'C:\Users\marko\git\LPCIS\Bets\resources\bets.temp' is opened by 11404@Marcos

[2020-05-01 15:33:12 #2 type] 
Type domain.Usuario is not enhanced.

[2020-05-01 15:33:12 #3 type] 
Type domain.Apuesta is not enhanced.

[2020-05-01 15:33:12 #4 type] 
Type domain.Monedero is not enhanced.

[2020-05-01 15:33:12 #5 type] 
Type domain.Event is not enhanced.

[2020-05-01 15:33:12 #6 type] 
Type domain.Pronostico is not enhanced.

[2020-05-01 15:33:12 #7 type] 
Type domain.Question is not enhanced.

[2020-05-01 15:33:12 #8 type] 
Type domain.Deporte is not enhanced.

------------------------------------------------------------------------------------------------------------------------

[2020-05-01 15:38:39 #1 store] 
Database 'C:\Users\marko\git\LPCIS\Bets\resources\bets.temp' is opened by 1412@Marcos

[2020-05-01 15:38:39 #2 type] 
Type domain.Usuario is not enhanced.

[2020-05-01 15:38:39 #3 type] 
Type domain.Apuesta is not enhanced.

[2020-05-01 15:38:39 #4 type] 
Type domain.Monedero is not enhanced.

[2020-05-01 15:38:39 #5 type] 
Type domain.Event is not enhanced.

[2020-05-01 15:38:39 #6 type] 
Type domain.Pronostico is not enhanced.

[2020-05-01 15:38:39 #7 type] 
Type domain.Question is not enhanced.

[2020-05-01 15:38:39 #8 type] 
Type domain.Deporte is not enhanced.

------------------------------------------------------------------------------------------------------------------------

[2020-05-01 15:40:42 #1 store] 
Database 'C:\Users\marko\git\LPCIS\Bets\resources\bets.temp' is opened by 14684@Marcos

[2020-05-01 15:40:42 #2 type] 
Type domain.Usuario is not enhanced.

[2020-05-01 15:40:42 #3 type] 
Type domain.Apuesta is not enhanced.

[2020-05-01 15:40:42 #4 type] 
Type domain.Monedero is not enhanced.

[2020-05-01 15:40:42 #5 type] 
Type domain.Event is not enhanced.

[2020-05-01 15:40:42 #6 type] 
Type domain.Pronostico is not enhanced.

[2020-05-01 15:40:42 #7 type] 
Type domain.Question is not enhanced.

[2020-05-01 15:40:42 #8 type] 
Type domain.Deporte is not enhanced.

------------------------------------------------------------------------------------------------------------------------

[2020-05-01 15:41:53 #1 store] 
Database 'C:\Users\marko\git\LPCIS\Bets\resources\bets.temp' is opened by 11776@Marcos

[2020-05-01 15:41:53 #2 type] 
Type domain.Usuario is not enhanced.

[2020-05-01 15:41:53 #3 type] 
Type domain.Apuesta is not enhanced.

[2020-05-01 15:41:53 #4 type] 
Type domain.Monedero is not enhanced.

[2020-05-01 15:41:53 #5 type] 
Type domain.Event is not enhanced.

[2020-05-01 15:41:53 #6 type] 
Type domain.Pronostico is not enhanced.

[2020-05-01 15:41:53 #7 type] 
Type domain.Question is not enhanced.

[2020-05-01 15:41:53 #8 type] 
Type domain.Deporte is not enhanced.

------------------------------------------------------------------------------------------------------------------------

[2020-05-01 15:45:32 #1 store] 
Database 'C:\Users\marko\git\LPCIS\Bets\resources\bets.temp' is opened by 11292@Marcos

[2020-05-01 15:45:32 #2 type] 
Type domain.Usuario is not enhanced.

[2020-05-01 15:45:32 #3 type] 
Type domain.Apuesta is not enhanced.

[2020-05-01 15:45:32 #4 type] 
Type domain.Monedero is not enhanced.

[2020-05-01 15:45:32 #5 type] 
Type domain.Event is not enhanced.

[2020-05-01 15:45:32 #6 type] 
Type domain.Pronostico is not enhanced.

[2020-05-01 15:45:32 #7 type] 
Type domain.Question is not enhanced.

[2020-05-01 15:45:32 #8 type] 
Type domain.Deporte is not enhanced.

------------------------------------------------------------------------------------------------------------------------

[2020-05-01 16:05:01 #1 store] 
Database 'C:\Users\marko\git\LPCIS\Bets\resources\bets.temp' is opened by 10304@Marcos

[2020-05-01 16:05:01 #2 type] 
Type domain.Usuario is not enhanced.

[2020-05-01 16:05:01 #3 type] 
Type domain.Apuesta is not enhanced.

[2020-05-01 16:05:01 #4 type] 
Type domain.Monedero is not enhanced.

[2020-05-01 16:05:01 #5 type] 
Type domain.Event is not enhanced.

[2020-05-01 16:05:01 #6 type] 
Type domain.Pronostico is not enhanced.

[2020-05-01 16:05:01 #7 type] 
Type domain.Question is not enhanced.

[2020-05-01 16:05:01 #8 type] 
Type domain.Deporte is not enhanced.

------------------------------------------------------------------------------------------------------------------------

[2020-05-01 16:08:12 #1 store] 
Database 'C:\Users\marko\git\LPCIS\Bets\resources\bets.temp' is opened by 12636@Marcos

[2020-05-01 16:08:12 #2 type] 
Type domain.Usuario is not enhanced.

[2020-05-01 16:08:12 #3 type] 
Type domain.Apuesta is not enhanced.

[2020-05-01 16:08:12 #4 type] 
Type domain.Monedero is not enhanced.

[2020-05-01 16:08:12 #5 type] 
Type domain.Event is not enhanced.

[2020-05-01 16:08:12 #6 type] 
Type domain.Pronostico is not enhanced.

[2020-05-01 16:08:12 #7 type] 
Type domain.Question is not enhanced.

[2020-05-01 16:08:12 #8 type] 
Type domain.Deporte is not enhanced.

------------------------------------------------------------------------------------------------------------------------

[2020-05-01 16:09:23 #1 store] 
Database 'C:\Users\marko\git\LPCIS\Bets\resources\bets.temp' is opened by 10276@Marcos

[2020-05-01 16:09:24 #2 type] 
Type domain.Usuario is not enhanced.

[2020-05-01 16:09:24 #3 type] 
Type domain.Apuesta is not enhanced.

[2020-05-01 16:09:24 #4 type] 
Type domain.Monedero is not enhanced.

[2020-05-01 16:09:24 #5 type] 
Type domain.Event is not enhanced.

[2020-05-01 16:09:24 #6 type] 
Type domain.Pronostico is not enhanced.

[2020-05-01 16:09:24 #7 type] 
Type domain.Question is not enhanced.

[2020-05-01 16:09:24 #8 type] 
Type domain.Deporte is not enhanced.

------------------------------------------------------------------------------------------------------------------------

[2020-05-01 16:10:55 #1 store] 
Database 'C:\Users\marko\git\LPCIS\Bets\resources\bets.temp' is opened by 2960@Marcos

[2020-05-01 16:10:55 #2 type] 
Type domain.Usuario is not enhanced.

[2020-05-01 16:10:55 #3 type] 
Type domain.Apuesta is not enhanced.

[2020-05-01 16:10:55 #4 type] 
Type domain.Monedero is not enhanced.

[2020-05-01 16:10:55 #5 type] 
Type domain.Event is not enhanced.

[2020-05-01 16:10:55 #6 type] 
Type domain.Pronostico is not enhanced.

[2020-05-01 16:10:55 #7 type] 
Type domain.Question is not enhanced.

[2020-05-01 16:10:55 #8 type] 
Type domain.Deporte is not enhanced.

------------------------------------------------------------------------------------------------------------------------

[2020-05-01 16:37:10 #1 store] 
Database 'C:\Users\marko\git\LPCIS\Bets\resources\bets.temp' is opened by 1796@Marcos

[2020-05-01 16:37:10 #2 type] 
Type domain.Usuario is not enhanced.

[2020-05-01 16:37:10 #3 type] 
Type domain.Apuesta is not enhanced.

[2020-05-01 16:37:10 #4 type] 
Type domain.Monedero is not enhanced.

[2020-05-01 16:37:10 #5 type] 
Type domain.Event is not enhanced.

[2020-05-01 16:37:10 #6 type] 
Type domain.Pronostico is not enhanced.

[2020-05-01 16:37:10 #7 type] 
Type domain.Question is not enhanced.

[2020-05-01 16:37:10 #8 type] 
Type domain.Deporte is not enhanced.

------------------------------------------------------------------------------------------------------------------------

[2020-05-01 16:42:52 #1 store] 
Database 'C:\Users\marko\git\LPCIS\Bets\resources\bets.temp' is opened by 9496@Marcos

[2020-05-01 16:42:52 #2 type] 
Type domain.Usuario is not enhanced.

[2020-05-01 16:42:52 #3 type] 
Type domain.Apuesta is not enhanced.

[2020-05-01 16:42:52 #4 type] 
Type domain.Monedero is not enhanced.

[2020-05-01 16:42:52 #5 type] 
Type domain.Event is not enhanced.

[2020-05-01 16:42:52 #6 type] 
Type domain.Pronostico is not enhanced.

[2020-05-01 16:42:52 #7 type] 
Type domain.Question is not enhanced.

[2020-05-01 16:42:52 #8 type] 
Type domain.Deporte is not enhanced.

------------------------------------------------------------------------------------------------------------------------

[2020-05-01 16:43:42 #1 store] 
Database 'C:\Users\marko\git\LPCIS\Bets\resources\bets.temp' is opened by 7684@Marcos

[2020-05-01 16:43:42 #2 type] 
Type domain.Usuario is not enhanced.

[2020-05-01 16:43:42 #3 type] 
Type domain.Apuesta is not enhanced.

[2020-05-01 16:43:42 #4 type] 
Type domain.Monedero is not enhanced.

[2020-05-01 16:43:42 #5 type] 
Type domain.Event is not enhanced.

[2020-05-01 16:43:42 #6 type] 
Type domain.Pronostico is not enhanced.

[2020-05-01 16:43:42 #7 type] 
Type domain.Question is not enhanced.

[2020-05-01 16:43:42 #8 type] 
Type domain.Deporte is not enhanced.

------------------------------------------------------------------------------------------------------------------------

[2020-05-01 16:51:39 #1 store] 
Database 'C:\Users\marko\git\LPCIS\Bets\resources\bets.temp' is opened by 18556@Marcos

[2020-05-01 16:51:39 #2 type] 
Type domain.Usuario is not enhanced.

[2020-05-01 16:51:39 #3 type] 
Type domain.Apuesta is not enhanced.

[2020-05-01 16:51:39 #4 type] 
Type domain.Monedero is not enhanced.

[2020-05-01 16:51:39 #5 type] 
Type domain.Event is not enhanced.

[2020-05-01 16:51:39 #6 type] 
Type domain.Pronostico is not enhanced.

[2020-05-01 16:51:39 #7 type] 
Type domain.Question is not enhanced.

[2020-05-01 16:51:39 #8 type] 
Type domain.Deporte is not enhanced.

------------------------------------------------------------------------------------------------------------------------

[2020-05-01 16:52:37 #1 store] 
Database 'C:\Users\marko\git\LPCIS\Bets\resources\bets.temp' is opened by 17500@Marcos

[2020-05-01 16:52:37 #2 type] 
Type domain.Usuario is not enhanced.

[2020-05-01 16:52:37 #3 type] 
Type domain.Apuesta is not enhanced.

[2020-05-01 16:52:37 #4 type] 
Type domain.Monedero is not enhanced.

[2020-05-01 16:52:37 #5 type] 
Type domain.Event is not enhanced.

[2020-05-01 16:52:37 #6 type] 
Type domain.Pronostico is not enhanced.

[2020-05-01 16:52:37 #7 type] 
Type domain.Question is not enhanced.

[2020-05-01 16:52:37 #8 type] 
Type domain.Deporte is not enhanced.

------------------------------------------------------------------------------------------------------------------------

[2020-05-01 16:52:54 #1 store] 
Database 'C:\Users\marko\git\LPCIS\Bets\resources\bets.temp' is opened by 13172@Marcos

[2020-05-01 16:52:54 #2 type] 
Type domain.Usuario is not enhanced.

[2020-05-01 16:52:54 #3 type] 
Type domain.Apuesta is not enhanced.

[2020-05-01 16:52:54 #4 type] 
Type domain.Monedero is not enhanced.

[2020-05-01 16:52:54 #5 type] 
Type domain.Event is not enhanced.

[2020-05-01 16:52:54 #6 type] 
Type domain.Pronostico is not enhanced.

[2020-05-01 16:52:54 #7 type] 
Type domain.Question is not enhanced.

[2020-05-01 16:52:54 #8 type] 
Type domain.Deporte is not enhanced.

------------------------------------------------------------------------------------------------------------------------

[2020-05-01 16:53:22 #1 store] 
Database 'C:\Users\marko\git\LPCIS\Bets\resources\bets.temp' is opened by 11632@Marcos

[2020-05-01 16:53:22 #2 type] 
Type domain.Usuario is not enhanced.

[2020-05-01 16:53:22 #3 type] 
Type domain.Apuesta is not enhanced.

[2020-05-01 16:53:22 #4 type] 
Type domain.Monedero is not enhanced.

[2020-05-01 16:53:22 #5 type] 
Type domain.Event is not enhanced.

[2020-05-01 16:53:22 #6 type] 
Type domain.Pronostico is not enhanced.

[2020-05-01 16:53:22 #7 type] 
Type domain.Question is not enhanced.

[2020-05-01 16:53:22 #8 type] 
Type domain.Deporte is not enhanced.

------------------------------------------------------------------------------------------------------------------------

[2020-05-01 16:58:48 #1 store] 
Database 'C:\Users\marko\git\LPCIS\Bets\resources\bets.temp' is opened by 13568@Marcos

[2020-05-01 16:58:48 #2 type] 
Type domain.Usuario is not enhanced.

[2020-05-01 16:58:48 #3 type] 
Type domain.Apuesta is not enhanced.

[2020-05-01 16:58:48 #4 type] 
Type domain.Monedero is not enhanced.

[2020-05-01 16:58:48 #5 type] 
Type domain.Event is not enhanced.

[2020-05-01 16:58:48 #6 type] 
Type domain.Pronostico is not enhanced.

[2020-05-01 16:58:48 #7 type] 
Type domain.Question is not enhanced.

[2020-05-01 16:58:48 #8 type] 
Type domain.Deporte is not enhanced.

------------------------------------------------------------------------------------------------------------------------

[2020-05-01 16:59:41 #1 store] 
Database 'C:\Users\marko\git\LPCIS\Bets\resources\bets.temp' is opened by 10632@Marcos

[2020-05-01 16:59:41 #2 type] 
Type domain.Usuario is not enhanced.

[2020-05-01 16:59:41 #3 type] 
Type domain.Apuesta is not enhanced.

[2020-05-01 16:59:41 #4 type] 
Type domain.Monedero is not enhanced.

[2020-05-01 16:59:41 #5 type] 
Type domain.Event is not enhanced.

[2020-05-01 16:59:41 #6 type] 
Type domain.Pronostico is not enhanced.

[2020-05-01 16:59:41 #7 type] 
Type domain.Question is not enhanced.

[2020-05-01 16:59:41 #8 type] 
Type domain.Deporte is not enhanced.

------------------------------------------------------------------------------------------------------------------------

[2020-05-01 21:01:05 #1 store] 
Database 'C:\Users\marko\git\LPCIS\Bets\resources\bets.temp' is opened by 11472@Marcos

[2020-05-01 21:01:05 #2 type] 
Type domain.Usuario is not enhanced.

[2020-05-01 21:01:05 #3 type] 
Type domain.Apuesta is not enhanced.

[2020-05-01 21:01:05 #4 type] 
Type domain.Monedero is not enhanced.

[2020-05-01 21:01:05 #5 type] 
Type domain.Event is not enhanced.

[2020-05-01 21:01:05 #6 type] 
Type domain.Pronostico is not enhanced.

[2020-05-01 21:01:05 #7 type] 
Type domain.Question is not enhanced.

[2020-05-01 21:01:05 #8 type] 
Type domain.Deporte is not enhanced.

------------------------------------------------------------------------------------------------------------------------

[2020-05-01 21:01:49 #1 store] 
Database 'C:\Users\marko\git\LPCIS\Bets\resources\bets.temp' is opened by 18108@Marcos

[2020-05-01 21:01:49 #2 type] 
Type domain.Usuario is not enhanced.

[2020-05-01 21:01:49 #3 type] 
Type domain.Apuesta is not enhanced.

[2020-05-01 21:01:49 #4 type] 
Type domain.Monedero is not enhanced.

[2020-05-01 21:01:49 #5 type] 
Type domain.Event is not enhanced.

[2020-05-01 21:01:49 #6 type] 
Type domain.Pronostico is not enhanced.

[2020-05-01 21:01:49 #7 type] 
Type domain.Question is not enhanced.

[2020-05-01 21:01:49 #8 type] 
Type domain.Deporte is not enhanced.

------------------------------------------------------------------------------------------------------------------------

[2020-05-01 21:06:50 #1 store] 
Database 'C:\Users\marko\git\LPCIS\Bets\resources\bets.temp' is opened by 16616@Marcos

[2020-05-01 21:06:50 #2 type] 
Type domain.Usuario is not enhanced.

[2020-05-01 21:06:50 #3 type] 
Type domain.Apuesta is not enhanced.

[2020-05-01 21:06:50 #4 type] 
Type domain.Monedero is not enhanced.

[2020-05-01 21:06:50 #5 type] 
Type domain.Event is not enhanced.

[2020-05-01 21:06:50 #6 type] 
Type domain.Pronostico is not enhanced.

[2020-05-01 21:06:50 #7 type] 
Type domain.Question is not enhanced.

[2020-05-01 21:06:50 #8 type] 
Type domain.Deporte is not enhanced.

------------------------------------------------------------------------------------------------------------------------

[2020-05-01 21:07:16 #1 store] 
Database 'C:\Users\marko\git\LPCIS\Bets\resources\bets.temp' is opened by 20352@Marcos

[2020-05-01 21:07:16 #2 type] 
Type domain.Usuario is not enhanced.

[2020-05-01 21:07:16 #3 type] 
Type domain.Apuesta is not enhanced.

[2020-05-01 21:07:16 #4 type] 
Type domain.Monedero is not enhanced.

[2020-05-01 21:07:16 #5 type] 
Type domain.Event is not enhanced.

[2020-05-01 21:07:16 #6 type] 
Type domain.Pronostico is not enhanced.

[2020-05-01 21:07:16 #7 type] 
Type domain.Question is not enhanced.

[2020-05-01 21:07:16 #8 type] 
Type domain.Deporte is not enhanced.

------------------------------------------------------------------------------------------------------------------------

[2020-05-01 21:32:18 #1 store] 
Database 'C:\Users\marko\git\LPCIS\Bets\resources\bets.temp' is opened by 3048@Marcos

[2020-05-01 21:32:18 #2 type] 
Type domain.Usuario is not enhanced.

[2020-05-01 21:32:18 #3 type] 
Type domain.Apuesta is not enhanced.

[2020-05-01 21:32:18 #4 type] 
Type domain.Monedero is not enhanced.

[2020-05-01 21:32:18 #5 type] 
Type domain.Event is not enhanced.

[2020-05-01 21:32:18 #6 type] 
Type domain.Pronostico is not enhanced.

[2020-05-01 21:32:18 #7 type] 
Type domain.Question is not enhanced.

[2020-05-01 21:32:18 #8 type] 
Type domain.Deporte is not enhanced.

------------------------------------------------------------------------------------------------------------------------

[2020-05-01 21:32:49 #1 store] 
Database 'C:\Users\marko\git\LPCIS\Bets\resources\bets.temp' is opened by 12860@Marcos

[2020-05-01 21:32:50 #2 type] 
Type domain.Usuario is not enhanced.

[2020-05-01 21:32:50 #3 type] 
Type domain.Apuesta is not enhanced.

[2020-05-01 21:32:50 #4 type] 
Type domain.Monedero is not enhanced.

[2020-05-01 21:32:50 #5 type] 
Type domain.Event is not enhanced.

[2020-05-01 21:32:50 #6 type] 
Type domain.Pronostico is not enhanced.

[2020-05-01 21:32:50 #7 type] 
Type domain.Question is not enhanced.

[2020-05-01 21:32:50 #8 type] 
Type domain.Deporte is not enhanced.

------------------------------------------------------------------------------------------------------------------------

[2020-05-01 21:33:07 #1 store] 
Database 'C:\Users\marko\git\LPCIS\Bets\resources\bets.temp' is opened by 11352@Marcos

[2020-05-01 21:33:07 #2 type] 
Type domain.Usuario is not enhanced.

[2020-05-01 21:33:07 #3 type] 
Type domain.Apuesta is not enhanced.

[2020-05-01 21:33:07 #4 type] 
Type domain.Monedero is not enhanced.

[2020-05-01 21:33:07 #5 type] 
Type domain.Event is not enhanced.

[2020-05-01 21:33:07 #6 type] 
Type domain.Pronostico is not enhanced.

[2020-05-01 21:33:07 #7 type] 
Type domain.Question is not enhanced.

[2020-05-01 21:33:07 #8 type] 
Type domain.Deporte is not enhanced.

------------------------------------------------------------------------------------------------------------------------

[2020-05-01 21:35:51 #1 store] 
Database 'C:\Users\marko\git\LPCIS\Bets\resources\bets.temp' is opened by 18424@Marcos

[2020-05-01 21:35:51 #2 type] 
Type domain.Usuario is not enhanced.

[2020-05-01 21:35:51 #3 type] 
Type domain.Apuesta is not enhanced.

[2020-05-01 21:35:51 #4 type] 
Type domain.Monedero is not enhanced.

[2020-05-01 21:35:51 #5 type] 
Type domain.Event is not enhanced.

[2020-05-01 21:35:51 #6 type] 
Type domain.Pronostico is not enhanced.

[2020-05-01 21:35:51 #7 type] 
Type domain.Question is not enhanced.

[2020-05-01 21:35:51 #8 type] 
Type domain.Deporte is not enhanced.

------------------------------------------------------------------------------------------------------------------------

[2020-05-01 21:37:57 #1 store] 
Database 'C:\Users\marko\git\LPCIS\Bets\resources\bets.temp' has been recovered (tr. 8-8)

[2020-05-01 21:37:57 #2 store] 
Database 'C:\Users\marko\git\LPCIS\Bets\resources\bets.temp' is opened by 17332@Marcos

[2020-05-01 21:37:57 #3 type] 
Type domain.Usuario is not enhanced.

[2020-05-01 21:37:57 #4 type] 
Type domain.Apuesta is not enhanced.

[2020-05-01 21:37:57 #5 type] 
Type domain.Monedero is not enhanced.

[2020-05-01 21:37:57 #6 type] 
Type domain.Event is not enhanced.

[2020-05-01 21:37:57 #7 type] 
Type domain.Pronostico is not enhanced.

[2020-05-01 21:37:57 #8 type] 
Type domain.Question is not enhanced.

[2020-05-01 21:37:57 #9 type] 
Type domain.Deporte is not enhanced.

------------------------------------------------------------------------------------------------------------------------

[2020-05-01 21:39:59 #1 store] 
Database 'C:\Users\marko\git\LPCIS\Bets\resources\bets.temp' is opened by 20220@Marcos

[2020-05-01 21:39:59 #2 type] 
Type domain.Usuario is not enhanced.

[2020-05-01 21:39:59 #3 type] 
Type domain.Apuesta is not enhanced.

[2020-05-01 21:39:59 #4 type] 
Type domain.Monedero is not enhanced.

[2020-05-01 21:39:59 #5 type] 
Type domain.Event is not enhanced.

[2020-05-01 21:39:59 #6 type] 
Type domain.Pronostico is not enhanced.

[2020-05-01 21:39:59 #7 type] 
Type domain.Question is not enhanced.

[2020-05-01 21:39:59 #8 type] 
Type domain.Deporte is not enhanced.

------------------------------------------------------------------------------------------------------------------------

[2020-05-01 21:40:34 #1 store] 
Database 'C:\Users\marko\git\LPCIS\Bets\resources\bets.temp' is opened by 13172@Marcos

[2020-05-01 21:40:34 #2 type] 
Type domain.Usuario is not enhanced.

[2020-05-01 21:40:34 #3 type] 
Type domain.Apuesta is not enhanced.

[2020-05-01 21:40:34 #4 type] 
Type domain.Monedero is not enhanced.

[2020-05-01 21:40:34 #5 type] 
Type domain.Event is not enhanced.

[2020-05-01 21:40:34 #6 type] 
Type domain.Pronostico is not enhanced.

[2020-05-01 21:40:34 #7 type] 
Type domain.Question is not enhanced.

[2020-05-01 21:40:34 #8 type] 
Type domain.Deporte is not enhanced.

------------------------------------------------------------------------------------------------------------------------

[2020-05-01 21:42:09 #1 store] 
Database 'C:\Users\marko\git\LPCIS\Bets\resources\bets.temp' is opened by 18316@Marcos

[2020-05-01 21:42:09 #2 type] 
Type domain.Usuario is not enhanced.

[2020-05-01 21:42:09 #3 type] 
Type domain.Apuesta is not enhanced.

[2020-05-01 21:42:09 #4 type] 
Type domain.Monedero is not enhanced.

[2020-05-01 21:42:09 #5 type] 
Type domain.Event is not enhanced.

[2020-05-01 21:42:09 #6 type] 
Type domain.Pronostico is not enhanced.

[2020-05-01 21:42:09 #7 type] 
Type domain.Question is not enhanced.

[2020-05-01 21:42:09 #8 type] 
Type domain.Deporte is not enhanced.

------------------------------------------------------------------------------------------------------------------------

[2020-05-01 21:43:03 #1 store] 
Database 'C:\Users\marko\git\LPCIS\Bets\resources\bets.temp' is opened by 18460@Marcos

[2020-05-01 21:43:03 #2 type] 
Type domain.Usuario is not enhanced.

[2020-05-01 21:43:03 #3 type] 
Type domain.Apuesta is not enhanced.

[2020-05-01 21:43:03 #4 type] 
Type domain.Monedero is not enhanced.

[2020-05-01 21:43:03 #5 type] 
Type domain.Event is not enhanced.

[2020-05-01 21:43:03 #6 type] 
Type domain.Pronostico is not enhanced.

[2020-05-01 21:43:03 #7 type] 
Type domain.Question is not enhanced.

[2020-05-01 21:43:03 #8 type] 
Type domain.Deporte is not enhanced.

------------------------------------------------------------------------------------------------------------------------

[2020-05-01 21:45:22 #1 store] 
Database 'C:\Users\marko\git\LPCIS\Bets\resources\bets.temp' is opened by 7068@Marcos

[2020-05-01 21:45:22 #2 type] 
Type domain.Usuario is not enhanced.

[2020-05-01 21:45:22 #3 type] 
Type domain.Apuesta is not enhanced.

[2020-05-01 21:45:22 #4 type] 
Type domain.Monedero is not enhanced.

[2020-05-01 21:45:22 #5 type] 
Type domain.Event is not enhanced.

[2020-05-01 21:45:22 #6 type] 
Type domain.Pronostico is not enhanced.

[2020-05-01 21:45:22 #7 type] 
Type domain.Question is not enhanced.

[2020-05-01 21:45:22 #8 type] 
Type domain.Deporte is not enhanced.

------------------------------------------------------------------------------------------------------------------------

[2020-05-01 21:45:54 #1 store] 
Database 'C:\Users\marko\git\LPCIS\Bets\resources\bets.temp' is opened by 19044@Marcos

[2020-05-01 21:45:54 #2 type] 
Type domain.Usuario is not enhanced.

[2020-05-01 21:45:54 #3 type] 
Type domain.Apuesta is not enhanced.

[2020-05-01 21:45:54 #4 type] 
Type domain.Monedero is not enhanced.

[2020-05-01 21:45:54 #5 type] 
Type domain.Event is not enhanced.

[2020-05-01 21:45:54 #6 type] 
Type domain.Pronostico is not enhanced.

[2020-05-01 21:45:54 #7 type] 
Type domain.Question is not enhanced.

[2020-05-01 21:45:54 #8 type] 
Type domain.Deporte is not enhanced.

------------------------------------------------------------------------------------------------------------------------

[2020-05-01 21:55:49 #1 store] 
Database 'C:\Users\marko\git\LPCIS\Bets\resources\bets.temp' is opened by 4476@Marcos

[2020-05-01 21:55:50 #2 type] 
Type domain.Usuario is not enhanced.

[2020-05-01 21:55:50 #3 type] 
Type domain.Apuesta is not enhanced.

[2020-05-01 21:55:50 #4 type] 
Type domain.Monedero is not enhanced.

[2020-05-01 21:55:50 #5 type] 
Type domain.Event is not enhanced.

[2020-05-01 21:55:50 #6 type] 
Type domain.Pronostico is not enhanced.

[2020-05-01 21:55:50 #7 type] 
Type domain.Question is not enhanced.

[2020-05-01 21:55:50 #8 type] 
Type domain.Deporte is not enhanced.

------------------------------------------------------------------------------------------------------------------------

[2020-05-01 21:57:59 #1 store] 
Database 'C:\Users\marko\git\LPCIS\Bets\resources\bets.temp' is opened by 15028@Marcos

[2020-05-01 21:57:59 #2 type] 
Type domain.Usuario is not enhanced.

[2020-05-01 21:57:59 #3 type] 
Type domain.Apuesta is not enhanced.

[2020-05-01 21:57:59 #4 type] 
Type domain.Monedero is not enhanced.

[2020-05-01 21:57:59 #5 type] 
Type domain.Event is not enhanced.

[2020-05-01 21:57:59 #6 type] 
Type domain.Pronostico is not enhanced.

[2020-05-01 21:57:59 #7 type] 
Type domain.Question is not enhanced.

[2020-05-01 21:57:59 #8 type] 
Type domain.Deporte is not enhanced.

------------------------------------------------------------------------------------------------------------------------

[2020-05-01 21:59:54 #1 store] 
Database 'C:\Users\marko\git\LPCIS\Bets\resources\bets.temp' is opened by 1476@Marcos

[2020-05-01 21:59:54 #2 type] 
Type domain.Usuario is not enhanced.

[2020-05-01 21:59:54 #3 type] 
Type domain.Apuesta is not enhanced.

[2020-05-01 21:59:54 #4 type] 
Type domain.Monedero is not enhanced.

[2020-05-01 21:59:54 #5 type] 
Type domain.Event is not enhanced.

[2020-05-01 21:59:54 #6 type] 
Type domain.Pronostico is not enhanced.

[2020-05-01 21:59:54 #7 type] 
Type domain.Question is not enhanced.

[2020-05-01 21:59:54 #8 type] 
Type domain.Deporte is not enhanced.

------------------------------------------------------------------------------------------------------------------------

[2020-05-01 22:59:59 #1 store] 
Database 'C:\Users\marko\git\LPCIS\Bets\resources\bets.temp' is opened by 19744@Marcos

[2020-05-01 22:59:59 #2 type] 
Type domain.Usuario is not enhanced.

[2020-05-01 22:59:59 #3 type] 
Type domain.Apuesta is not enhanced.

[2020-05-01 22:59:59 #4 type] 
Type domain.Monedero is not enhanced.

[2020-05-01 22:59:59 #5 type] 
Type domain.Event is not enhanced.

[2020-05-01 22:59:59 #6 type] 
Type domain.Pronostico is not enhanced.

[2020-05-01 22:59:59 #7 type] 
Type domain.Question is not enhanced.

[2020-05-01 22:59:59 #8 type] 
Type domain.Deporte is not enhanced.

------------------------------------------------------------------------------------------------------------------------

[2020-05-01 23:06:23 #1 store] 
Database 'C:\Users\marko\git\LPCIS\Bets\resources\bets.temp' is opened by 7704@Marcos

[2020-05-01 23:06:23 #2 type] 
Type domain.Usuario is not enhanced.

[2020-05-01 23:06:23 #3 type] 
Type domain.Apuesta is not enhanced.

[2020-05-01 23:06:23 #4 type] 
Type domain.Monedero is not enhanced.

[2020-05-01 23:06:23 #5 type] 
Type domain.Event is not enhanced.

[2020-05-01 23:06:23 #6 type] 
Type domain.Pronostico is not enhanced.

[2020-05-01 23:06:23 #7 type] 
Type domain.Question is not enhanced.

[2020-05-01 23:06:23 #8 type] 
Type domain.Deporte is not enhanced.

------------------------------------------------------------------------------------------------------------------------

[2020-05-01 23:07:14 #1 store] 
Database 'C:\Users\marko\git\LPCIS\Bets\resources\bets.temp' is opened by 3080@Marcos

[2020-05-01 23:07:14 #2 type] 
Type domain.Usuario is not enhanced.

[2020-05-01 23:07:14 #3 type] 
Type domain.Apuesta is not enhanced.

[2020-05-01 23:07:14 #4 type] 
Type domain.Monedero is not enhanced.

[2020-05-01 23:07:14 #5 type] 
Type domain.Event is not enhanced.

[2020-05-01 23:07:14 #6 type] 
Type domain.Pronostico is not enhanced.

[2020-05-01 23:07:14 #7 type] 
Type domain.Question is not enhanced.

[2020-05-01 23:07:14 #8 type] 
Type domain.Deporte is not enhanced.

------------------------------------------------------------------------------------------------------------------------

[2020-05-01 23:07:39 #1 store] 
Database 'C:\Users\marko\git\LPCIS\Bets\resources\bets.temp' is opened by 15240@Marcos

[2020-05-01 23:07:39 #2 type] 
Type domain.Usuario is not enhanced.

[2020-05-01 23:07:39 #3 type] 
Type domain.Apuesta is not enhanced.

[2020-05-01 23:07:39 #4 type] 
Type domain.Monedero is not enhanced.

[2020-05-01 23:07:39 #5 type] 
Type domain.Event is not enhanced.

[2020-05-01 23:07:39 #6 type] 
Type domain.Pronostico is not enhanced.

[2020-05-01 23:07:39 #7 type] 
Type domain.Question is not enhanced.

[2020-05-01 23:07:39 #8 type] 
Type domain.Deporte is not enhanced.

------------------------------------------------------------------------------------------------------------------------

[2020-05-01 23:07:59 #1 store] 
Database 'C:\Users\marko\git\LPCIS\Bets\resources\bets.temp' is opened by 17580@Marcos

[2020-05-01 23:07:59 #2 type] 
Type domain.Usuario is not enhanced.

[2020-05-01 23:07:59 #3 type] 
Type domain.Apuesta is not enhanced.

[2020-05-01 23:07:59 #4 type] 
Type domain.Monedero is not enhanced.

[2020-05-01 23:07:59 #5 type] 
Type domain.Event is not enhanced.

[2020-05-01 23:07:59 #6 type] 
Type domain.Pronostico is not enhanced.

[2020-05-01 23:07:59 #7 type] 
Type domain.Question is not enhanced.

[2020-05-01 23:07:59 #8 type] 
Type domain.Deporte is not enhanced.

------------------------------------------------------------------------------------------------------------------------

[2020-05-01 23:08:56 #1 store] 
Database 'C:\Users\marko\git\LPCIS\Bets\resources\bets.temp' is opened by 11692@Marcos

[2020-05-01 23:08:56 #2 type] 
Type domain.Usuario is not enhanced.

[2020-05-01 23:08:56 #3 type] 
Type domain.Apuesta is not enhanced.

[2020-05-01 23:08:56 #4 type] 
Type domain.Monedero is not enhanced.

[2020-05-01 23:08:56 #5 type] 
Type domain.Event is not enhanced.

[2020-05-01 23:08:56 #6 type] 
Type domain.Pronostico is not enhanced.

[2020-05-01 23:08:56 #7 type] 
Type domain.Question is not enhanced.

[2020-05-01 23:08:56 #8 type] 
Type domain.Deporte is not enhanced.

------------------------------------------------------------------------------------------------------------------------

[2020-05-01 23:09:33 #1 store] 
Database 'C:\Users\marko\git\LPCIS\Bets\resources\bets.temp' is opened by 19164@Marcos

[2020-05-01 23:09:33 #2 type] 
Type domain.Usuario is not enhanced.

[2020-05-01 23:09:33 #3 type] 
Type domain.Apuesta is not enhanced.

[2020-05-01 23:09:33 #4 type] 
Type domain.Monedero is not enhanced.

[2020-05-01 23:09:33 #5 type] 
Type domain.Event is not enhanced.

[2020-05-01 23:09:33 #6 type] 
Type domain.Pronostico is not enhanced.

[2020-05-01 23:09:33 #7 type] 
Type domain.Question is not enhanced.

[2020-05-01 23:09:33 #8 type] 
Type domain.Deporte is not enhanced.

------------------------------------------------------------------------------------------------------------------------

[2020-05-01 23:10:38 #1 store] 
Database 'C:\Users\marko\git\LPCIS\Bets\resources\bets.temp' is opened by 19896@Marcos

[2020-05-01 23:10:38 #2 type] 
Type domain.Usuario is not enhanced.

[2020-05-01 23:10:38 #3 type] 
Type domain.Apuesta is not enhanced.

[2020-05-01 23:10:38 #4 type] 
Type domain.Monedero is not enhanced.

[2020-05-01 23:10:38 #5 type] 
Type domain.Event is not enhanced.

[2020-05-01 23:10:38 #6 type] 
Type domain.Pronostico is not enhanced.

[2020-05-01 23:10:38 #7 type] 
Type domain.Question is not enhanced.

[2020-05-01 23:10:38 #8 type] 
Type domain.Deporte is not enhanced.

------------------------------------------------------------------------------------------------------------------------

[2020-05-01 23:12:30 #1 store] 
Database 'C:\Users\marko\git\LPCIS\Bets\resources\bets.temp' is opened by 14548@Marcos

[2020-05-01 23:12:30 #2 type] 
Type domain.Usuario is not enhanced.

[2020-05-01 23:12:30 #3 type] 
Type domain.Apuesta is not enhanced.

[2020-05-01 23:12:30 #4 type] 
Type domain.Monedero is not enhanced.

[2020-05-01 23:12:30 #5 type] 
Type domain.Event is not enhanced.

[2020-05-01 23:12:30 #6 type] 
Type domain.Pronostico is not enhanced.

[2020-05-01 23:12:30 #7 type] 
Type domain.Question is not enhanced.

[2020-05-01 23:12:30 #8 type] 
Type domain.Deporte is not enhanced.

------------------------------------------------------------------------------------------------------------------------

[2020-05-01 23:13:30 #1 store] 
Database 'C:\Users\marko\git\LPCIS\Bets\resources\bets.temp' is opened by 17904@Marcos

[2020-05-01 23:13:30 #2 type.registry] 
New type domain.Usuario

[2020-05-01 23:13:30 #3 type] 
Type domain.Usuario is not enhanced.

[2020-05-01 23:13:30 #4 type.registry] 
New type domain.Apuesta

[2020-05-01 23:13:30 #5 type.registry] 
New type java.util.Vector<domain.Apuesta>

[2020-05-01 23:13:30 #6 type.registry] 
New type domain.Monedero

[2020-05-01 23:13:30 #7 type] 
Type domain.Apuesta is not enhanced.

[2020-05-01 23:13:30 #8 type.registry] 
New type domain.Event

[2020-05-01 23:13:30 #9 type.registry] 
New type domain.Pronostico

[2020-05-01 23:13:30 #10 type] 
Type domain.Monedero is not enhanced.

[2020-05-01 23:13:30 #11 type] 
Type domain.Event is not enhanced.

[2020-05-01 23:13:30 #12 type.registry] 
New type domain.Question

[2020-05-01 23:13:30 #13 type.registry] 
New type java.util.Vector<domain.Question>

[2020-05-01 23:13:30 #14 type.registry] 
New type domain.Deporte

[2020-05-01 23:13:30 #15 type] 
Type domain.Pronostico is not enhanced.

[2020-05-01 23:13:30 #16 type] 
Type domain.Question is not enhanced.

[2020-05-01 23:13:30 #17 type.registry] 
New type java.util.Vector<domain.Pronostico>

[2020-05-01 23:13:30 #18 type] 
Type domain.Deporte is not enhanced.

[2020-05-01 23:13:30 #19 type.registry] 
New type java.util.Vector<domain.Event>

[2020-05-01 23:13:30 #20 type.registry] 
New type java.util.Vector<java.lang.Object>

------------------------------------------------------------------------------------------------------------------------

[2020-05-01 23:13:40 #1 store] 
Database 'C:\Users\marko\git\LPCIS\Bets\resources\bets.temp' has been recovered (tr. 1-5)

[2020-05-01 23:13:40 #2 store] 
Database 'C:\Users\marko\git\LPCIS\Bets\resources\bets.temp' is opened by 10668@Marcos

[2020-05-01 23:13:40 #3 type] 
Type domain.Usuario is not enhanced.

[2020-05-01 23:13:40 #4 type] 
Type domain.Apuesta is not enhanced.

[2020-05-01 23:13:40 #5 type] 
Type domain.Monedero is not enhanced.

[2020-05-01 23:13:40 #6 type] 
Type domain.Event is not enhanced.

[2020-05-01 23:13:40 #7 type] 
Type domain.Pronostico is not enhanced.

[2020-05-01 23:13:40 #8 type] 
Type domain.Question is not enhanced.

[2020-05-01 23:13:40 #9 type] 
Type domain.Deporte is not enhanced.

