------------------------------------------------------------------------------------------------------------------------

[2020-05-09 00:05:25 #1 store] 
Database '/Users/adriansanse/git/LPCIS/Bets/resources/bets.temp' is opened by 4937@MacBook-Pro-de-Adrian.local

[2020-05-09 00:05:25 #2 type.registry] 
New type domain.Usuario

[2020-05-09 00:05:25 #3 type] 
Type domain.Usuario is not enhanced.

[2020-05-09 00:05:25 #4 type.registry] 
New type domain.Apuesta

[2020-05-09 00:05:25 #5 type.registry] 
New type java.util.Vector<domain.Apuesta>

[2020-05-09 00:05:25 #6 type.registry] 
New type domain.Monedero

[2020-05-09 00:05:25 #7 type] 
Type domain.Apuesta is not enhanced.

[2020-05-09 00:05:25 #8 type.registry] 
New type domain.Event

[2020-05-09 00:05:25 #9 type.registry] 
New type domain.Pronostico

[2020-05-09 00:05:25 #10 type] 
Type domain.Monedero is not enhanced.

[2020-05-09 00:05:25 #11 type] 
Type domain.Event is not enhanced.

[2020-05-09 00:05:25 #12 type.registry] 
New type domain.Question

[2020-05-09 00:05:25 #13 type.registry] 
New type java.util.Vector<domain.Question>

[2020-05-09 00:05:25 #14 type.registry] 
New type domain.Deporte

[2020-05-09 00:05:25 #15 type] 
Type domain.Pronostico is not enhanced.

[2020-05-09 00:05:25 #16 type] 
Type domain.Question is not enhanced.

[2020-05-09 00:05:25 #17 type.registry] 
New type java.util.Vector<domain.Pronostico>

[2020-05-09 00:05:25 #18 type] 
Type domain.Deporte is not enhanced.

[2020-05-09 00:05:25 #19 type.registry] 
New type java.util.Vector<domain.Event>

[2020-05-09 00:05:25 #20 type.registry] 
New type java.util.Vector<java.lang.Object>

------------------------------------------------------------------------------------------------------------------------

[2020-05-09 00:06:02 #1 store] 
Database '/Users/adriansanse/git/LPCIS/Bets/resources/bets.temp' is opened by 4940@MacBook-Pro-de-Adrian.local

[2020-05-09 00:06:02 #2 type.registry] 
New type domain.Usuario

[2020-05-09 00:06:02 #3 type] 
Type domain.Usuario is not enhanced.

[2020-05-09 00:06:02 #4 type.registry] 
New type domain.Apuesta

[2020-05-09 00:06:02 #5 type.registry] 
New type java.util.Vector<domain.Apuesta>

[2020-05-09 00:06:02 #6 type.registry] 
New type domain.Monedero

[2020-05-09 00:06:02 #7 type] 
Type domain.Apuesta is not enhanced.

[2020-05-09 00:06:02 #8 type.registry] 
New type domain.Event

[2020-05-09 00:06:02 #9 type.registry] 
New type domain.Pronostico

[2020-05-09 00:06:02 #10 type] 
Type domain.Monedero is not enhanced.

[2020-05-09 00:06:02 #11 type] 
Type domain.Event is not enhanced.

[2020-05-09 00:06:02 #12 type.registry] 
New type domain.Question

[2020-05-09 00:06:02 #13 type.registry] 
New type java.util.Vector<domain.Question>

[2020-05-09 00:06:02 #14 type.registry] 
New type domain.Deporte

[2020-05-09 00:06:02 #15 type] 
Type domain.Pronostico is not enhanced.

[2020-05-09 00:06:02 #16 type] 
Type domain.Question is not enhanced.

[2020-05-09 00:06:02 #17 type.registry] 
New type java.util.Vector<domain.Pronostico>

[2020-05-09 00:06:02 #18 type] 
Type domain.Deporte is not enhanced.

[2020-05-09 00:06:02 #19 type.registry] 
New type java.util.Vector<domain.Event>

[2020-05-09 00:06:02 #20 type.registry] 
New type java.util.Vector<java.lang.Object>

------------------------------------------------------------------------------------------------------------------------

[2020-05-09 00:06:43 #1 store] 
Database '/Users/adriansanse/git/LPCIS/Bets/resources/bets.temp' is opened by 4942@MacBook-Pro-de-Adrian.local

[2020-05-09 00:06:43 #2 type.registry] 
New type domain.Usuario

[2020-05-09 00:06:43 #3 type] 
Type domain.Usuario is not enhanced.

[2020-05-09 00:06:43 #4 type.registry] 
New type domain.Apuesta

[2020-05-09 00:06:43 #5 type.registry] 
New type java.util.Vector<domain.Apuesta>

[2020-05-09 00:06:43 #6 type.registry] 
New type domain.Monedero

[2020-05-09 00:06:43 #7 type] 
Type domain.Apuesta is not enhanced.

[2020-05-09 00:06:43 #8 type.registry] 
New type domain.Event

[2020-05-09 00:06:43 #9 type.registry] 
New type domain.Pronostico

[2020-05-09 00:06:43 #10 type] 
Type domain.Monedero is not enhanced.

[2020-05-09 00:06:43 #11 type] 
Type domain.Event is not enhanced.

[2020-05-09 00:06:43 #12 type.registry] 
New type domain.Question

[2020-05-09 00:06:43 #13 type.registry] 
New type java.util.Vector<domain.Question>

[2020-05-09 00:06:43 #14 type.registry] 
New type domain.Deporte

[2020-05-09 00:06:43 #15 type] 
Type domain.Pronostico is not enhanced.

[2020-05-09 00:06:43 #16 type] 
Type domain.Question is not enhanced.

[2020-05-09 00:06:43 #17 type.registry] 
New type java.util.Vector<domain.Pronostico>

[2020-05-09 00:06:43 #18 type] 
Type domain.Deporte is not enhanced.

[2020-05-09 00:06:43 #19 type.registry] 
New type java.util.Vector<domain.Event>

[2020-05-09 00:06:43 #20 type.registry] 
New type java.util.Vector<java.lang.Object>

------------------------------------------------------------------------------------------------------------------------

[2020-05-09 00:07:10 #1 store] 
Database '/Users/adriansanse/git/LPCIS/Bets/resources/bets.temp' is opened by 4944@MacBook-Pro-de-Adrian.local

[2020-05-09 00:07:10 #2 type.registry] 
New type domain.Usuario

[2020-05-09 00:07:10 #3 type] 
Type domain.Usuario is not enhanced.

[2020-05-09 00:07:10 #4 type.registry] 
New type domain.Apuesta

[2020-05-09 00:07:10 #5 type.registry] 
New type java.util.Vector<domain.Apuesta>

[2020-05-09 00:07:10 #6 type.registry] 
New type domain.Monedero

[2020-05-09 00:07:10 #7 type] 
Type domain.Apuesta is not enhanced.

[2020-05-09 00:07:10 #8 type.registry] 
New type domain.Event

[2020-05-09 00:07:10 #9 type.registry] 
New type domain.Pronostico

[2020-05-09 00:07:10 #10 type] 
Type domain.Monedero is not enhanced.

[2020-05-09 00:07:10 #11 type] 
Type domain.Event is not enhanced.

[2020-05-09 00:07:10 #12 type.registry] 
New type domain.Question

[2020-05-09 00:07:10 #13 type.registry] 
New type java.util.Vector<domain.Question>

[2020-05-09 00:07:10 #14 type.registry] 
New type domain.Deporte

[2020-05-09 00:07:10 #15 type] 
Type domain.Pronostico is not enhanced.

[2020-05-09 00:07:10 #16 type] 
Type domain.Question is not enhanced.

[2020-05-09 00:07:10 #17 type.registry] 
New type java.util.Vector<domain.Pronostico>

[2020-05-09 00:07:10 #18 type] 
Type domain.Deporte is not enhanced.

[2020-05-09 00:07:10 #19 type.registry] 
New type java.util.Vector<domain.Event>

[2020-05-09 00:07:10 #20 type.registry] 
New type java.util.Vector<java.lang.Object>

------------------------------------------------------------------------------------------------------------------------

[2020-05-09 00:08:02 #1 store] 
Database '/Users/adriansanse/git/LPCIS/Bets/resources/bets.temp' is opened by 4946@MacBook-Pro-de-Adrian.local

[2020-05-09 00:08:02 #2 type.registry] 
New type domain.Usuario

[2020-05-09 00:08:02 #3 type] 
Type domain.Usuario is not enhanced.

[2020-05-09 00:08:02 #4 type.registry] 
New type domain.Apuesta

[2020-05-09 00:08:02 #5 type.registry] 
New type java.util.Vector<domain.Apuesta>

[2020-05-09 00:08:02 #6 type.registry] 
New type domain.Monedero

[2020-05-09 00:08:02 #7 type] 
Type domain.Apuesta is not enhanced.

[2020-05-09 00:08:02 #8 type.registry] 
New type domain.Event

[2020-05-09 00:08:02 #9 type.registry] 
New type domain.Pronostico

[2020-05-09 00:08:02 #10 type] 
Type domain.Monedero is not enhanced.

[2020-05-09 00:08:02 #11 type] 
Type domain.Event is not enhanced.

[2020-05-09 00:08:02 #12 type.registry] 
New type domain.Question

[2020-05-09 00:08:02 #13 type.registry] 
New type java.util.Vector<domain.Question>

[2020-05-09 00:08:02 #14 type.registry] 
New type domain.Deporte

[2020-05-09 00:08:02 #15 type] 
Type domain.Pronostico is not enhanced.

[2020-05-09 00:08:02 #16 type] 
Type domain.Question is not enhanced.

[2020-05-09 00:08:02 #17 type.registry] 
New type java.util.Vector<domain.Pronostico>

[2020-05-09 00:08:02 #18 type] 
Type domain.Deporte is not enhanced.

[2020-05-09 00:08:02 #19 type.registry] 
New type java.util.Vector<domain.Event>

[2020-05-09 00:08:02 #20 type.registry] 
New type java.util.Vector<java.lang.Object>

------------------------------------------------------------------------------------------------------------------------

[2020-05-09 00:09:30 #1 store] 
Database '/Users/adriansanse/git/LPCIS/Bets/resources/bets.temp' is opened by 4948@MacBook-Pro-de-Adrian.local

[2020-05-09 00:09:30 #2 type.registry] 
New type domain.Usuario

[2020-05-09 00:09:30 #3 type] 
Type domain.Usuario is not enhanced.

[2020-05-09 00:09:30 #4 type.registry] 
New type domain.Apuesta

[2020-05-09 00:09:30 #5 type.registry] 
New type java.util.Vector<domain.Apuesta>

[2020-05-09 00:09:30 #6 type.registry] 
New type domain.Monedero

[2020-05-09 00:09:30 #7 type] 
Type domain.Apuesta is not enhanced.

[2020-05-09 00:09:30 #8 type.registry] 
New type domain.Event

[2020-05-09 00:09:30 #9 type.registry] 
New type domain.Pronostico

[2020-05-09 00:09:30 #10 type] 
Type domain.Monedero is not enhanced.

[2020-05-09 00:09:30 #11 type] 
Type domain.Event is not enhanced.

[2020-05-09 00:09:30 #12 type.registry] 
New type domain.Question

[2020-05-09 00:09:30 #13 type.registry] 
New type java.util.Vector<domain.Question>

[2020-05-09 00:09:30 #14 type.registry] 
New type domain.Deporte

[2020-05-09 00:09:30 #15 type] 
Type domain.Pronostico is not enhanced.

[2020-05-09 00:09:30 #16 type] 
Type domain.Question is not enhanced.

[2020-05-09 00:09:30 #17 type.registry] 
New type java.util.Vector<domain.Pronostico>

[2020-05-09 00:09:30 #18 type] 
Type domain.Deporte is not enhanced.

[2020-05-09 00:09:30 #19 type.registry] 
New type java.util.Vector<domain.Event>

[2020-05-09 00:09:30 #20 type.registry] 
New type java.util.Vector<java.lang.Object>

------------------------------------------------------------------------------------------------------------------------

[2020-05-09 00:12:07 #1 store] 
Database '/Users/adriansanse/git/LPCIS/Bets/resources/bets.temp' is opened by 4951@MacBook-Pro-de-Adrian.local

[2020-05-09 00:12:07 #2 type.registry] 
New type domain.Usuario

[2020-05-09 00:12:07 #3 type] 
Type domain.Usuario is not enhanced.

[2020-05-09 00:12:07 #4 type.registry] 
New type domain.Apuesta

[2020-05-09 00:12:07 #5 type.registry] 
New type java.util.Vector<domain.Apuesta>

[2020-05-09 00:12:07 #6 type.registry] 
New type domain.Monedero

[2020-05-09 00:12:07 #7 type] 
Type domain.Apuesta is not enhanced.

[2020-05-09 00:12:07 #8 type.registry] 
New type domain.Event

[2020-05-09 00:12:07 #9 type.registry] 
New type domain.Pronostico

[2020-05-09 00:12:07 #10 type] 
Type domain.Monedero is not enhanced.

[2020-05-09 00:12:07 #11 type] 
Type domain.Event is not enhanced.

[2020-05-09 00:12:07 #12 type.registry] 
New type domain.Question

[2020-05-09 00:12:07 #13 type.registry] 
New type java.util.Vector<domain.Question>

[2020-05-09 00:12:07 #14 type.registry] 
New type domain.Deporte

[2020-05-09 00:12:07 #15 type] 
Type domain.Pronostico is not enhanced.

[2020-05-09 00:12:07 #16 type] 
Type domain.Question is not enhanced.

[2020-05-09 00:12:07 #17 type.registry] 
New type java.util.Vector<domain.Pronostico>

[2020-05-09 00:12:07 #18 type] 
Type domain.Deporte is not enhanced.

[2020-05-09 00:12:07 #19 type.registry] 
New type java.util.Vector<domain.Event>

[2020-05-09 00:12:07 #20 type.registry] 
New type java.util.Vector<java.lang.Object>

------------------------------------------------------------------------------------------------------------------------

[2020-05-09 00:14:19 #1 store] 
Database '/Users/adriansanse/git/LPCIS/Bets/resources/bets.temp' is opened by 4964@MacBook-Pro-de-Adrian.local

[2020-05-09 00:14:19 #2 type.registry] 
New type domain.Usuario

[2020-05-09 00:14:19 #3 type] 
Type domain.Usuario is not enhanced.

[2020-05-09 00:14:19 #4 type.registry] 
New type domain.Apuesta

[2020-05-09 00:14:19 #5 type.registry] 
New type java.util.Vector<domain.Apuesta>

[2020-05-09 00:14:19 #6 type.registry] 
New type domain.Monedero

[2020-05-09 00:14:19 #7 type] 
Type domain.Apuesta is not enhanced.

[2020-05-09 00:14:19 #8 type.registry] 
New type domain.Event

[2020-05-09 00:14:19 #9 type.registry] 
New type domain.Pronostico

[2020-05-09 00:14:19 #10 type] 
Type domain.Monedero is not enhanced.

[2020-05-09 00:14:19 #11 type] 
Type domain.Event is not enhanced.

[2020-05-09 00:14:19 #12 type.registry] 
New type domain.Question

[2020-05-09 00:14:19 #13 type.registry] 
New type java.util.Vector<domain.Question>

[2020-05-09 00:14:19 #14 type.registry] 
New type domain.Deporte

[2020-05-09 00:14:19 #15 type] 
Type domain.Pronostico is not enhanced.

[2020-05-09 00:14:19 #16 type] 
Type domain.Question is not enhanced.

[2020-05-09 00:14:19 #17 type.registry] 
New type java.util.Vector<domain.Pronostico>

[2020-05-09 00:14:19 #18 type] 
Type domain.Deporte is not enhanced.

[2020-05-09 00:14:19 #19 type.registry] 
New type java.util.Vector<domain.Event>

[2020-05-09 00:14:19 #20 type.registry] 
New type java.util.Vector<java.lang.Object>

------------------------------------------------------------------------------------------------------------------------

[2020-05-09 00:21:16 #1 store] 
Database '/Users/adriansanse/git/LPCIS/Bets/resources/bets.temp' is opened by 4970@MacBook-Pro-de-Adrian.local

[2020-05-09 00:21:16 #2 type.registry] 
New type domain.Usuario

[2020-05-09 00:21:16 #3 type] 
Type domain.Usuario is not enhanced.

[2020-05-09 00:21:16 #4 type.registry] 
New type domain.Apuesta

[2020-05-09 00:21:16 #5 type.registry] 
New type java.util.Vector<domain.Apuesta>

[2020-05-09 00:21:16 #6 type.registry] 
New type domain.Monedero

[2020-05-09 00:21:16 #7 type] 
Type domain.Apuesta is not enhanced.

[2020-05-09 00:21:16 #8 type.registry] 
New type domain.Event

[2020-05-09 00:21:16 #9 type.registry] 
New type domain.Pronostico

[2020-05-09 00:21:16 #10 type] 
Type domain.Monedero is not enhanced.

[2020-05-09 00:21:16 #11 type] 
Type domain.Event is not enhanced.

[2020-05-09 00:21:16 #12 type.registry] 
New type domain.Question

[2020-05-09 00:21:16 #13 type.registry] 
New type java.util.Vector<domain.Question>

[2020-05-09 00:21:16 #14 type.registry] 
New type domain.Deporte

[2020-05-09 00:21:16 #15 type] 
Type domain.Pronostico is not enhanced.

[2020-05-09 00:21:16 #16 type] 
Type domain.Question is not enhanced.

[2020-05-09 00:21:16 #17 type.registry] 
New type java.util.Vector<domain.Pronostico>

[2020-05-09 00:21:16 #18 type] 
Type domain.Deporte is not enhanced.

[2020-05-09 00:21:16 #19 type.registry] 
New type java.util.Vector<domain.Event>

[2020-05-09 00:21:16 #20 type.registry] 
New type java.util.Vector<java.lang.Object>

------------------------------------------------------------------------------------------------------------------------

[2020-05-09 00:23:22 #1 store] 
Database '/Users/adriansanse/git/LPCIS/Bets/resources/bets.temp' is opened by 4973@MacBook-Pro-de-Adrian.local

[2020-05-09 00:23:22 #2 type.registry] 
New type domain.Usuario

[2020-05-09 00:23:22 #3 type] 
Type domain.Usuario is not enhanced.

[2020-05-09 00:23:22 #4 type.registry] 
New type domain.Apuesta

[2020-05-09 00:23:22 #5 type.registry] 
New type java.util.Vector<domain.Apuesta>

[2020-05-09 00:23:22 #6 type.registry] 
New type domain.Monedero

[2020-05-09 00:23:22 #7 type] 
Type domain.Apuesta is not enhanced.

[2020-05-09 00:23:22 #8 type.registry] 
New type domain.Event

[2020-05-09 00:23:22 #9 type.registry] 
New type domain.Pronostico

[2020-05-09 00:23:22 #10 type] 
Type domain.Monedero is not enhanced.

[2020-05-09 00:23:22 #11 type] 
Type domain.Event is not enhanced.

[2020-05-09 00:23:22 #12 type.registry] 
New type domain.Question

[2020-05-09 00:23:22 #13 type.registry] 
New type java.util.Vector<domain.Question>

[2020-05-09 00:23:22 #14 type.registry] 
New type domain.Deporte

[2020-05-09 00:23:22 #15 type] 
Type domain.Pronostico is not enhanced.

[2020-05-09 00:23:22 #16 type] 
Type domain.Question is not enhanced.

[2020-05-09 00:23:22 #17 type.registry] 
New type java.util.Vector<domain.Pronostico>

[2020-05-09 00:23:22 #18 type] 
Type domain.Deporte is not enhanced.

[2020-05-09 00:23:22 #19 type.registry] 
New type java.util.Vector<domain.Event>

[2020-05-09 00:23:22 #20 type.registry] 
New type java.util.Vector<java.lang.Object>

------------------------------------------------------------------------------------------------------------------------

[2020-05-09 00:24:48 #1 store] 
Database '/Users/adriansanse/git/LPCIS/Bets/resources/bets.temp' is opened by 4975@MacBook-Pro-de-Adrian.local

[2020-05-09 00:24:49 #2 type.registry] 
New type domain.Usuario

[2020-05-09 00:24:49 #3 type] 
Type domain.Usuario is not enhanced.

[2020-05-09 00:24:49 #4 type.registry] 
New type domain.Apuesta

[2020-05-09 00:24:49 #5 type.registry] 
New type java.util.Vector<domain.Apuesta>

[2020-05-09 00:24:49 #6 type.registry] 
New type domain.Monedero

[2020-05-09 00:24:49 #7 type] 
Type domain.Apuesta is not enhanced.

[2020-05-09 00:24:49 #8 type.registry] 
New type domain.Event

[2020-05-09 00:24:49 #9 type.registry] 
New type domain.Pronostico

[2020-05-09 00:24:49 #10 type] 
Type domain.Monedero is not enhanced.

[2020-05-09 00:24:49 #11 type] 
Type domain.Event is not enhanced.

[2020-05-09 00:24:49 #12 type.registry] 
New type domain.Question

[2020-05-09 00:24:49 #13 type.registry] 
New type java.util.Vector<domain.Question>

[2020-05-09 00:24:49 #14 type.registry] 
New type domain.Deporte

[2020-05-09 00:24:49 #15 type] 
Type domain.Pronostico is not enhanced.

[2020-05-09 00:24:49 #16 type] 
Type domain.Question is not enhanced.

[2020-05-09 00:24:49 #17 type.registry] 
New type java.util.Vector<domain.Pronostico>

[2020-05-09 00:24:49 #18 type] 
Type domain.Deporte is not enhanced.

[2020-05-09 00:24:49 #19 type.registry] 
New type java.util.Vector<domain.Event>

[2020-05-09 00:24:49 #20 type.registry] 
New type java.util.Vector<java.lang.Object>

------------------------------------------------------------------------------------------------------------------------

[2020-05-09 00:25:41 #1 store] 
Database '/Users/adriansanse/git/LPCIS/Bets/resources/bets.temp' is opened by 4979@MacBook-Pro-de-Adrian.local

[2020-05-09 00:25:41 #2 type.registry] 
New type domain.Usuario

[2020-05-09 00:25:41 #3 type] 
Type domain.Usuario is not enhanced.

[2020-05-09 00:25:41 #4 type.registry] 
New type domain.Apuesta

[2020-05-09 00:25:41 #5 type.registry] 
New type java.util.Vector<domain.Apuesta>

[2020-05-09 00:25:41 #6 type.registry] 
New type domain.Monedero

[2020-05-09 00:25:41 #7 type] 
Type domain.Apuesta is not enhanced.

[2020-05-09 00:25:41 #8 type.registry] 
New type domain.Event

[2020-05-09 00:25:41 #9 type.registry] 
New type domain.Pronostico

[2020-05-09 00:25:41 #10 type] 
Type domain.Monedero is not enhanced.

[2020-05-09 00:25:41 #11 type] 
Type domain.Event is not enhanced.

[2020-05-09 00:25:41 #12 type.registry] 
New type domain.Question

[2020-05-09 00:25:41 #13 type.registry] 
New type java.util.Vector<domain.Question>

[2020-05-09 00:25:41 #14 type.registry] 
New type domain.Deporte

[2020-05-09 00:25:41 #15 type] 
Type domain.Pronostico is not enhanced.

[2020-05-09 00:25:41 #16 type] 
Type domain.Question is not enhanced.

[2020-05-09 00:25:41 #17 type.registry] 
New type java.util.Vector<domain.Pronostico>

[2020-05-09 00:25:41 #18 type] 
Type domain.Deporte is not enhanced.

[2020-05-09 00:25:41 #19 type.registry] 
New type java.util.Vector<domain.Event>

[2020-05-09 00:25:41 #20 type.registry] 
New type java.util.Vector<java.lang.Object>

------------------------------------------------------------------------------------------------------------------------

[2020-05-09 00:26:36 #1 store] 
Database '/Users/adriansanse/git/LPCIS/Bets/resources/bets.temp' is opened by 4983@MacBook-Pro-de-Adrian.local

[2020-05-09 00:26:36 #2 type.registry] 
New type domain.Usuario

[2020-05-09 00:26:36 #3 type] 
Type domain.Usuario is not enhanced.

[2020-05-09 00:26:36 #4 type.registry] 
New type domain.Apuesta

[2020-05-09 00:26:36 #5 type.registry] 
New type java.util.Vector<domain.Apuesta>

[2020-05-09 00:26:36 #6 type.registry] 
New type domain.Monedero

[2020-05-09 00:26:36 #7 type] 
Type domain.Apuesta is not enhanced.

[2020-05-09 00:26:36 #8 type.registry] 
New type domain.Event

[2020-05-09 00:26:36 #9 type.registry] 
New type domain.Pronostico

[2020-05-09 00:26:36 #10 type] 
Type domain.Monedero is not enhanced.

[2020-05-09 00:26:36 #11 type] 
Type domain.Event is not enhanced.

[2020-05-09 00:26:36 #12 type.registry] 
New type domain.Question

[2020-05-09 00:26:36 #13 type.registry] 
New type java.util.Vector<domain.Question>

[2020-05-09 00:26:36 #14 type.registry] 
New type domain.Deporte

[2020-05-09 00:26:36 #15 type] 
Type domain.Pronostico is not enhanced.

[2020-05-09 00:26:36 #16 type] 
Type domain.Question is not enhanced.

[2020-05-09 00:26:36 #17 type.registry] 
New type java.util.Vector<domain.Pronostico>

[2020-05-09 00:26:36 #18 type] 
Type domain.Deporte is not enhanced.

[2020-05-09 00:26:36 #19 type.registry] 
New type java.util.Vector<domain.Event>

[2020-05-09 00:26:36 #20 type.registry] 
New type java.util.Vector<java.lang.Object>

------------------------------------------------------------------------------------------------------------------------

[2020-05-09 11:40:10 #1 store] 
Database '/Users/adriansanse/git/LPCIS/Bets/resources/bets.temp' is opened by 738@MacBook-Pro-de-Adrian.local

[2020-05-09 11:40:10 #2 type.registry] 
New type domain.Usuario

[2020-05-09 11:40:10 #3 type] 
Type domain.Usuario is not enhanced.

[2020-05-09 11:40:10 #4 type.registry] 
New type domain.Apuesta

[2020-05-09 11:40:10 #5 type.registry] 
New type java.util.Vector<domain.Apuesta>

[2020-05-09 11:40:10 #6 type.registry] 
New type domain.Monedero

[2020-05-09 11:40:10 #7 type] 
Type domain.Apuesta is not enhanced.

[2020-05-09 11:40:10 #8 type.registry] 
New type domain.Event

[2020-05-09 11:40:10 #9 type.registry] 
New type domain.Pronostico

[2020-05-09 11:40:10 #10 type] 
Type domain.Monedero is not enhanced.

[2020-05-09 11:40:10 #11 type] 
Type domain.Event is not enhanced.

[2020-05-09 11:40:10 #12 type.registry] 
New type domain.Question

[2020-05-09 11:40:10 #13 type.registry] 
New type java.util.Vector<domain.Question>

[2020-05-09 11:40:10 #14 type.registry] 
New type domain.Deporte

[2020-05-09 11:40:10 #15 type] 
Type domain.Pronostico is not enhanced.

[2020-05-09 11:40:10 #16 type] 
Type domain.Question is not enhanced.

[2020-05-09 11:40:10 #17 type.registry] 
New type java.util.Vector<domain.Pronostico>

[2020-05-09 11:40:10 #18 type] 
Type domain.Deporte is not enhanced.

[2020-05-09 11:40:10 #19 type.registry] 
New type java.util.Vector<domain.Event>

[2020-05-09 11:40:10 #20 type.registry] 
New type java.util.Vector<java.lang.Object>

------------------------------------------------------------------------------------------------------------------------

[2020-05-09 11:41:14 #1 store] 
Database '/Users/adriansanse/git/LPCIS/Bets/resources/bets.temp' is opened by 743@MacBook-Pro-de-Adrian.local

[2020-05-09 11:41:14 #2 type.registry] 
New type domain.Usuario

[2020-05-09 11:41:14 #3 type] 
Type domain.Usuario is not enhanced.

[2020-05-09 11:41:14 #4 type.registry] 
New type domain.Apuesta

[2020-05-09 11:41:14 #5 type.registry] 
New type java.util.Vector<domain.Apuesta>

[2020-05-09 11:41:14 #6 type.registry] 
New type domain.Monedero

[2020-05-09 11:41:14 #7 type] 
Type domain.Apuesta is not enhanced.

[2020-05-09 11:41:14 #8 type.registry] 
New type domain.Event

[2020-05-09 11:41:14 #9 type.registry] 
New type domain.Pronostico

[2020-05-09 11:41:14 #10 type] 
Type domain.Monedero is not enhanced.

[2020-05-09 11:41:14 #11 type] 
Type domain.Event is not enhanced.

[2020-05-09 11:41:14 #12 type.registry] 
New type domain.Question

[2020-05-09 11:41:14 #13 type.registry] 
New type java.util.Vector<domain.Question>

[2020-05-09 11:41:14 #14 type.registry] 
New type domain.Deporte

[2020-05-09 11:41:14 #15 type] 
Type domain.Pronostico is not enhanced.

[2020-05-09 11:41:14 #16 type] 
Type domain.Question is not enhanced.

[2020-05-09 11:41:14 #17 type.registry] 
New type java.util.Vector<domain.Pronostico>

[2020-05-09 11:41:14 #18 type] 
Type domain.Deporte is not enhanced.

[2020-05-09 11:41:14 #19 type.registry] 
New type java.util.Vector<domain.Event>

[2020-05-09 11:41:14 #20 type.registry] 
New type java.util.Vector<java.lang.Object>

------------------------------------------------------------------------------------------------------------------------

[2020-05-09 11:42:27 #1 store] 
Database '/Users/adriansanse/git/LPCIS/Bets/resources/bets.temp' is opened by 748@MacBook-Pro-de-Adrian.local

[2020-05-09 11:42:27 #2 type.registry] 
New type domain.Usuario

[2020-05-09 11:42:27 #3 type] 
Type domain.Usuario is not enhanced.

[2020-05-09 11:42:27 #4 type.registry] 
New type domain.Apuesta

[2020-05-09 11:42:27 #5 type.registry] 
New type java.util.Vector<domain.Apuesta>

[2020-05-09 11:42:27 #6 type.registry] 
New type domain.Monedero

[2020-05-09 11:42:27 #7 type] 
Type domain.Apuesta is not enhanced.

[2020-05-09 11:42:27 #8 type.registry] 
New type domain.Event

[2020-05-09 11:42:27 #9 type.registry] 
New type domain.Pronostico

[2020-05-09 11:42:27 #10 type] 
Type domain.Monedero is not enhanced.

[2020-05-09 11:42:27 #11 type] 
Type domain.Event is not enhanced.

[2020-05-09 11:42:27 #12 type.registry] 
New type domain.Question

[2020-05-09 11:42:27 #13 type.registry] 
New type java.util.Vector<domain.Question>

[2020-05-09 11:42:27 #14 type.registry] 
New type domain.Deporte

[2020-05-09 11:42:27 #15 type] 
Type domain.Pronostico is not enhanced.

[2020-05-09 11:42:27 #16 type] 
Type domain.Question is not enhanced.

[2020-05-09 11:42:27 #17 type.registry] 
New type java.util.Vector<domain.Pronostico>

[2020-05-09 11:42:27 #18 type] 
Type domain.Deporte is not enhanced.

[2020-05-09 11:42:27 #19 type.registry] 
New type java.util.Vector<domain.Event>

[2020-05-09 11:42:27 #20 type.registry] 
New type java.util.Vector<java.lang.Object>

------------------------------------------------------------------------------------------------------------------------

[2020-05-09 11:57:55 #1 store] 
Database '/Users/adriansanse/git/LPCIS/Bets/resources/bets.temp' is opened by 798@MacBook-Pro-de-Adrian.local

[2020-05-09 11:57:55 #2 type.registry] 
New type domain.Usuario

[2020-05-09 11:57:55 #3 type] 
Type domain.Usuario is not enhanced.

[2020-05-09 11:57:55 #4 type.registry] 
New type domain.Apuesta

[2020-05-09 11:57:55 #5 type.registry] 
New type java.util.Vector<domain.Apuesta>

[2020-05-09 11:57:55 #6 type.registry] 
New type domain.Monedero

[2020-05-09 11:57:55 #7 type] 
Type domain.Apuesta is not enhanced.

[2020-05-09 11:57:55 #8 type.registry] 
New type domain.Event

[2020-05-09 11:57:55 #9 type.registry] 
New type domain.Pronostico

[2020-05-09 11:57:55 #10 type] 
Type domain.Monedero is not enhanced.

[2020-05-09 11:57:55 #11 type] 
Type domain.Event is not enhanced.

[2020-05-09 11:57:55 #12 type.registry] 
New type domain.Question

[2020-05-09 11:57:55 #13 type.registry] 
New type java.util.Vector<domain.Question>

[2020-05-09 11:57:55 #14 type.registry] 
New type domain.Deporte

[2020-05-09 11:57:55 #15 type] 
Type domain.Pronostico is not enhanced.

[2020-05-09 11:57:55 #16 type] 
Type domain.Question is not enhanced.

[2020-05-09 11:57:55 #17 type.registry] 
New type java.util.Vector<domain.Pronostico>

[2020-05-09 11:57:55 #18 type] 
Type domain.Deporte is not enhanced.

[2020-05-09 11:57:55 #19 type.registry] 
New type java.util.Vector<domain.Event>

[2020-05-09 11:57:55 #20 type.registry] 
New type java.util.Vector<java.lang.Object>

------------------------------------------------------------------------------------------------------------------------

[2020-05-09 11:59:03 #1 store] 
Database '/Users/adriansanse/git/LPCIS/Bets/resources/bets.temp' is opened by 801@MacBook-Pro-de-Adrian.local

[2020-05-09 11:59:04 #2 type.registry] 
New type domain.Usuario

[2020-05-09 11:59:04 #3 type] 
Type domain.Usuario is not enhanced.

[2020-05-09 11:59:04 #4 type.registry] 
New type domain.Apuesta

[2020-05-09 11:59:04 #5 type.registry] 
New type java.util.Vector<domain.Apuesta>

[2020-05-09 11:59:04 #6 type.registry] 
New type domain.Monedero

[2020-05-09 11:59:04 #7 type] 
Type domain.Apuesta is not enhanced.

[2020-05-09 11:59:04 #8 type.registry] 
New type domain.Event

[2020-05-09 11:59:04 #9 type.registry] 
New type domain.Pronostico

[2020-05-09 11:59:04 #10 type] 
Type domain.Monedero is not enhanced.

[2020-05-09 11:59:04 #11 type] 
Type domain.Event is not enhanced.

[2020-05-09 11:59:04 #12 type.registry] 
New type domain.Question

[2020-05-09 11:59:04 #13 type.registry] 
New type java.util.Vector<domain.Question>

[2020-05-09 11:59:04 #14 type.registry] 
New type domain.Deporte

[2020-05-09 11:59:04 #15 type] 
Type domain.Pronostico is not enhanced.

[2020-05-09 11:59:04 #16 type] 
Type domain.Question is not enhanced.

[2020-05-09 11:59:04 #17 type.registry] 
New type java.util.Vector<domain.Pronostico>

[2020-05-09 11:59:04 #18 type] 
Type domain.Deporte is not enhanced.

[2020-05-09 11:59:04 #19 type.registry] 
New type java.util.Vector<domain.Event>

[2020-05-09 11:59:04 #20 type.registry] 
New type java.util.Vector<java.lang.Object>

------------------------------------------------------------------------------------------------------------------------

[2020-05-09 12:34:47 #1 store] 
Database '/Users/adriansanse/git/LPCIS/Bets/resources/bets.temp' is opened by 873@MacBook-Pro-de-Adrian.local

[2020-05-09 12:34:47 #2 type.registry] 
New type domain.Usuario

[2020-05-09 12:34:47 #3 type] 
Type domain.Usuario is not enhanced.

[2020-05-09 12:34:47 #4 type.registry] 
New type domain.Apuesta

[2020-05-09 12:34:47 #5 type.registry] 
New type java.util.Vector<domain.Apuesta>

[2020-05-09 12:34:47 #6 type.registry] 
New type domain.Monedero

[2020-05-09 12:34:47 #7 type] 
Type domain.Apuesta is not enhanced.

[2020-05-09 12:34:47 #8 type.registry] 
New type domain.Event

[2020-05-09 12:34:47 #9 type.registry] 
New type domain.Pronostico

[2020-05-09 12:34:47 #10 type] 
Type domain.Monedero is not enhanced.

[2020-05-09 12:34:47 #11 type] 
Type domain.Event is not enhanced.

[2020-05-09 12:34:47 #12 type.registry] 
New type domain.Question

[2020-05-09 12:34:47 #13 type.registry] 
New type java.util.Vector<domain.Question>

[2020-05-09 12:34:47 #14 type.registry] 
New type domain.Deporte

[2020-05-09 12:34:47 #15 type] 
Type domain.Pronostico is not enhanced.

[2020-05-09 12:34:47 #16 type] 
Type domain.Question is not enhanced.

[2020-05-09 12:34:47 #17 type.registry] 
New type java.util.Vector<domain.Pronostico>

[2020-05-09 12:34:47 #18 type] 
Type domain.Deporte is not enhanced.

[2020-05-09 12:34:47 #19 type.registry] 
New type java.util.Vector<domain.Event>

[2020-05-09 12:34:47 #20 type.registry] 
New type java.util.Vector<java.lang.Object>

------------------------------------------------------------------------------------------------------------------------

[2020-05-09 12:35:46 #1 store] 
Database '/Users/adriansanse/git/LPCIS/Bets/resources/bets.temp' is opened by 875@MacBook-Pro-de-Adrian.local

[2020-05-09 12:35:46 #2 type.registry] 
New type domain.Usuario

[2020-05-09 12:35:46 #3 type] 
Type domain.Usuario is not enhanced.

[2020-05-09 12:35:46 #4 type.registry] 
New type domain.Apuesta

[2020-05-09 12:35:46 #5 type.registry] 
New type java.util.Vector<domain.Apuesta>

[2020-05-09 12:35:46 #6 type.registry] 
New type domain.Monedero

[2020-05-09 12:35:46 #7 type] 
Type domain.Apuesta is not enhanced.

[2020-05-09 12:35:46 #8 type.registry] 
New type domain.Event

[2020-05-09 12:35:46 #9 type.registry] 
New type domain.Pronostico

[2020-05-09 12:35:46 #10 type] 
Type domain.Monedero is not enhanced.

[2020-05-09 12:35:46 #11 type] 
Type domain.Event is not enhanced.

[2020-05-09 12:35:46 #12 type.registry] 
New type domain.Question

[2020-05-09 12:35:46 #13 type.registry] 
New type java.util.Vector<domain.Question>

[2020-05-09 12:35:46 #14 type.registry] 
New type domain.Deporte

[2020-05-09 12:35:46 #15 type] 
Type domain.Pronostico is not enhanced.

[2020-05-09 12:35:46 #16 type] 
Type domain.Question is not enhanced.

[2020-05-09 12:35:46 #17 type.registry] 
New type java.util.Vector<domain.Pronostico>

[2020-05-09 12:35:46 #18 type] 
Type domain.Deporte is not enhanced.

[2020-05-09 12:35:46 #19 type.registry] 
New type java.util.Vector<domain.Event>

[2020-05-09 12:35:46 #20 type.registry] 
New type java.util.Vector<java.lang.Object>

------------------------------------------------------------------------------------------------------------------------

[2020-05-09 12:37:45 #1 store] 
Database '/Users/adriansanse/git/LPCIS/Bets/resources/bets.temp' is opened by 877@MacBook-Pro-de-Adrian.local

[2020-05-09 12:37:45 #2 type.registry] 
New type domain.Usuario

[2020-05-09 12:37:45 #3 type] 
Type domain.Usuario is not enhanced.

[2020-05-09 12:37:45 #4 type.registry] 
New type domain.Apuesta

[2020-05-09 12:37:45 #5 type.registry] 
New type java.util.Vector<domain.Apuesta>

[2020-05-09 12:37:45 #6 type.registry] 
New type domain.Monedero

[2020-05-09 12:37:45 #7 type] 
Type domain.Apuesta is not enhanced.

[2020-05-09 12:37:45 #8 type.registry] 
New type domain.Event

[2020-05-09 12:37:45 #9 type.registry] 
New type domain.Pronostico

[2020-05-09 12:37:45 #10 type] 
Type domain.Monedero is not enhanced.

[2020-05-09 12:37:45 #11 type] 
Type domain.Event is not enhanced.

[2020-05-09 12:37:45 #12 type.registry] 
New type domain.Question

[2020-05-09 12:37:45 #13 type.registry] 
New type java.util.Vector<domain.Question>

[2020-05-09 12:37:45 #14 type.registry] 
New type domain.Deporte

[2020-05-09 12:37:45 #15 type] 
Type domain.Pronostico is not enhanced.

[2020-05-09 12:37:45 #16 type] 
Type domain.Question is not enhanced.

[2020-05-09 12:37:45 #17 type.registry] 
New type java.util.Vector<domain.Pronostico>

[2020-05-09 12:37:45 #18 type] 
Type domain.Deporte is not enhanced.

[2020-05-09 12:37:45 #19 type.registry] 
New type java.util.Vector<domain.Event>

[2020-05-09 12:37:45 #20 type.registry] 
New type java.util.Vector<java.lang.Object>

------------------------------------------------------------------------------------------------------------------------

[2020-05-09 12:50:06 #1 store] 
Database '/Users/adriansanse/git/LPCIS/Bets/resources/bets.temp' is opened by 879@MacBook-Pro-de-Adrian.local

[2020-05-09 12:50:06 #2 type.registry] 
New type domain.Usuario

[2020-05-09 12:50:06 #3 type] 
Type domain.Usuario is not enhanced.

[2020-05-09 12:50:06 #4 type.registry] 
New type domain.Apuesta

[2020-05-09 12:50:06 #5 type.registry] 
New type java.util.Vector<domain.Apuesta>

[2020-05-09 12:50:06 #6 type.registry] 
New type domain.Monedero

[2020-05-09 12:50:06 #7 type] 
Type domain.Apuesta is not enhanced.

[2020-05-09 12:50:06 #8 type.registry] 
New type domain.Event

[2020-05-09 12:50:06 #9 type.registry] 
New type domain.Pronostico

[2020-05-09 12:50:06 #10 type] 
Type domain.Monedero is not enhanced.

[2020-05-09 12:50:06 #11 type] 
Type domain.Event is not enhanced.

[2020-05-09 12:50:06 #12 type.registry] 
New type domain.Question

[2020-05-09 12:50:06 #13 type.registry] 
New type java.util.Vector<domain.Question>

[2020-05-09 12:50:06 #14 type.registry] 
New type domain.Deporte

[2020-05-09 12:50:06 #15 type] 
Type domain.Pronostico is not enhanced.

[2020-05-09 12:50:06 #16 type] 
Type domain.Question is not enhanced.

[2020-05-09 12:50:06 #17 type.registry] 
New type java.util.Vector<domain.Pronostico>

[2020-05-09 12:50:06 #18 type] 
Type domain.Deporte is not enhanced.

[2020-05-09 12:50:06 #19 type.registry] 
New type java.util.Vector<domain.Event>

[2020-05-09 12:50:06 #20 type.registry] 
New type java.util.Vector<java.lang.Object>

------------------------------------------------------------------------------------------------------------------------

[2020-05-09 12:51:58 #1 store] 
Database '/Users/adriansanse/git/LPCIS/Bets/resources/bets.temp' is opened by 882@MacBook-Pro-de-Adrian.local

[2020-05-09 12:51:58 #2 type.registry] 
New type domain.Usuario

[2020-05-09 12:51:58 #3 type] 
Type domain.Usuario is not enhanced.

[2020-05-09 12:51:58 #4 type.registry] 
New type domain.Apuesta

[2020-05-09 12:51:58 #5 type.registry] 
New type java.util.Vector<domain.Apuesta>

[2020-05-09 12:51:58 #6 type.registry] 
New type domain.Monedero

[2020-05-09 12:51:58 #7 type] 
Type domain.Apuesta is not enhanced.

[2020-05-09 12:51:58 #8 type.registry] 
New type domain.Event

[2020-05-09 12:51:58 #9 type.registry] 
New type domain.Pronostico

[2020-05-09 12:51:58 #10 type] 
Type domain.Monedero is not enhanced.

[2020-05-09 12:51:58 #11 type] 
Type domain.Event is not enhanced.

[2020-05-09 12:51:58 #12 type.registry] 
New type domain.Question

[2020-05-09 12:51:58 #13 type.registry] 
New type java.util.Vector<domain.Question>

[2020-05-09 12:51:58 #14 type.registry] 
New type domain.Deporte

[2020-05-09 12:51:58 #15 type] 
Type domain.Pronostico is not enhanced.

[2020-05-09 12:51:58 #16 type] 
Type domain.Question is not enhanced.

[2020-05-09 12:51:58 #17 type.registry] 
New type java.util.Vector<domain.Pronostico>

[2020-05-09 12:51:58 #18 type] 
Type domain.Deporte is not enhanced.

[2020-05-09 12:51:58 #19 type.registry] 
New type java.util.Vector<domain.Event>

[2020-05-09 12:51:58 #20 type.registry] 
New type java.util.Vector<java.lang.Object>

------------------------------------------------------------------------------------------------------------------------

[2020-05-09 12:53:31 #1 store] 
Database '/Users/adriansanse/git/LPCIS/Bets/resources/bets.temp' is opened by 894@MacBook-Pro-de-Adrian.local

[2020-05-09 12:53:31 #2 type.registry] 
New type domain.Usuario

[2020-05-09 12:53:31 #3 type] 
Type domain.Usuario is not enhanced.

[2020-05-09 12:53:31 #4 type.registry] 
New type domain.Apuesta

[2020-05-09 12:53:31 #5 type.registry] 
New type java.util.Vector<domain.Apuesta>

[2020-05-09 12:53:31 #6 type.registry] 
New type domain.Monedero

[2020-05-09 12:53:31 #7 type] 
Type domain.Apuesta is not enhanced.

[2020-05-09 12:53:31 #8 type.registry] 
New type domain.Event

[2020-05-09 12:53:31 #9 type.registry] 
New type domain.Pronostico

[2020-05-09 12:53:31 #10 type] 
Type domain.Monedero is not enhanced.

[2020-05-09 12:53:31 #11 type] 
Type domain.Event is not enhanced.

[2020-05-09 12:53:31 #12 type.registry] 
New type domain.Question

[2020-05-09 12:53:31 #13 type.registry] 
New type java.util.Vector<domain.Question>

[2020-05-09 12:53:31 #14 type.registry] 
New type domain.Deporte

[2020-05-09 12:53:31 #15 type] 
Type domain.Pronostico is not enhanced.

[2020-05-09 12:53:31 #16 type] 
Type domain.Question is not enhanced.

[2020-05-09 12:53:31 #17 type.registry] 
New type java.util.Vector<domain.Pronostico>

[2020-05-09 12:53:31 #18 type] 
Type domain.Deporte is not enhanced.

[2020-05-09 12:53:31 #19 type.registry] 
New type java.util.Vector<domain.Event>

[2020-05-09 12:53:31 #20 type.registry] 
New type java.util.Vector<java.lang.Object>

------------------------------------------------------------------------------------------------------------------------

[2020-05-09 12:55:19 #1 store] 
Database '/Users/adriansanse/git/LPCIS/Bets/resources/bets.temp' is opened by 897@MacBook-Pro-de-Adrian.local

[2020-05-09 12:55:19 #2 type.registry] 
New type domain.Usuario

[2020-05-09 12:55:19 #3 type] 
Type domain.Usuario is not enhanced.

[2020-05-09 12:55:19 #4 type.registry] 
New type domain.Apuesta

[2020-05-09 12:55:19 #5 type.registry] 
New type java.util.Vector<domain.Apuesta>

[2020-05-09 12:55:19 #6 type.registry] 
New type domain.Monedero

[2020-05-09 12:55:19 #7 type] 
Type domain.Apuesta is not enhanced.

[2020-05-09 12:55:19 #8 type.registry] 
New type domain.Event

[2020-05-09 12:55:19 #9 type.registry] 
New type domain.Pronostico

[2020-05-09 12:55:19 #10 type] 
Type domain.Monedero is not enhanced.

[2020-05-09 12:55:19 #11 type] 
Type domain.Event is not enhanced.

[2020-05-09 12:55:19 #12 type.registry] 
New type domain.Question

[2020-05-09 12:55:19 #13 type.registry] 
New type java.util.Vector<domain.Question>

[2020-05-09 12:55:19 #14 type.registry] 
New type domain.Deporte

[2020-05-09 12:55:19 #15 type] 
Type domain.Pronostico is not enhanced.

[2020-05-09 12:55:19 #16 type] 
Type domain.Question is not enhanced.

[2020-05-09 12:55:19 #17 type.registry] 
New type java.util.Vector<domain.Pronostico>

[2020-05-09 12:55:19 #18 type] 
Type domain.Deporte is not enhanced.

[2020-05-09 12:55:19 #19 type.registry] 
New type java.util.Vector<domain.Event>

[2020-05-09 12:55:19 #20 type.registry] 
New type java.util.Vector<java.lang.Object>

------------------------------------------------------------------------------------------------------------------------

[2020-05-09 12:56:34 #1 store] 
Database '/Users/adriansanse/git/LPCIS/Bets/resources/bets.temp' is opened by 899@MacBook-Pro-de-Adrian.local

[2020-05-09 12:56:34 #2 type.registry] 
New type domain.Usuario

[2020-05-09 12:56:34 #3 type] 
Type domain.Usuario is not enhanced.

[2020-05-09 12:56:34 #4 type.registry] 
New type domain.Apuesta

[2020-05-09 12:56:34 #5 type.registry] 
New type java.util.Vector<domain.Apuesta>

[2020-05-09 12:56:34 #6 type.registry] 
New type domain.Monedero

[2020-05-09 12:56:34 #7 type] 
Type domain.Apuesta is not enhanced.

[2020-05-09 12:56:34 #8 type.registry] 
New type domain.Event

[2020-05-09 12:56:34 #9 type.registry] 
New type domain.Pronostico

[2020-05-09 12:56:34 #10 type] 
Type domain.Monedero is not enhanced.

[2020-05-09 12:56:34 #11 type] 
Type domain.Event is not enhanced.

[2020-05-09 12:56:34 #12 type.registry] 
New type domain.Question

[2020-05-09 12:56:34 #13 type.registry] 
New type java.util.Vector<domain.Question>

[2020-05-09 12:56:34 #14 type.registry] 
New type domain.Deporte

[2020-05-09 12:56:34 #15 type] 
Type domain.Pronostico is not enhanced.

[2020-05-09 12:56:34 #16 type] 
Type domain.Question is not enhanced.

[2020-05-09 12:56:34 #17 type.registry] 
New type java.util.Vector<domain.Pronostico>

[2020-05-09 12:56:34 #18 type] 
Type domain.Deporte is not enhanced.

[2020-05-09 12:56:34 #19 type.registry] 
New type java.util.Vector<domain.Event>

[2020-05-09 12:56:34 #20 type.registry] 
New type java.util.Vector<java.lang.Object>

------------------------------------------------------------------------------------------------------------------------

[2020-05-09 13:16:20 #1 store] 
Database 'C:\Users\marko\git\LPCIS\Bets\resources\bets.temp' is opened by 3628@Marcos

[2020-05-09 13:16:20 #2 type.registry] 
New type domain.Usuario

[2020-05-09 13:16:20 #3 type] 
Type domain.Usuario is not enhanced.

[2020-05-09 13:16:20 #4 type.registry] 
New type domain.Apuesta

[2020-05-09 13:16:20 #5 type.registry] 
New type java.util.Vector<domain.Apuesta>

[2020-05-09 13:16:20 #6 type.registry] 
New type domain.Monedero

[2020-05-09 13:16:20 #7 type] 
Type domain.Apuesta is not enhanced.

[2020-05-09 13:16:20 #8 type.registry] 
New type domain.Event

[2020-05-09 13:16:20 #9 type.registry] 
New type domain.Pronostico

[2020-05-09 13:16:20 #10 type] 
Type domain.Monedero is not enhanced.

[2020-05-09 13:16:20 #11 type] 
Type domain.Event is not enhanced.

[2020-05-09 13:16:20 #12 type.registry] 
New type domain.Question

[2020-05-09 13:16:20 #13 type.registry] 
New type java.util.Vector<domain.Question>

[2020-05-09 13:16:20 #14 type.registry] 
New type domain.Deporte

[2020-05-09 13:16:20 #15 type] 
Type domain.Pronostico is not enhanced.

[2020-05-09 13:16:20 #16 type] 
Type domain.Question is not enhanced.

[2020-05-09 13:16:20 #17 type.registry] 
New type java.util.Vector<domain.Pronostico>

[2020-05-09 13:16:20 #18 type] 
Type domain.Deporte is not enhanced.

[2020-05-09 13:16:20 #19 type.registry] 
New type java.util.Vector<domain.Event>

[2020-05-09 13:16:20 #20 type.registry] 
New type java.util.Vector<java.lang.Object>

------------------------------------------------------------------------------------------------------------------------

[2020-05-09 13:18:21 #1 store] 
Database 'C:\Users\marko\git\LPCIS\Bets\resources\bets.temp' is opened by 6104@Marcos

[2020-05-09 13:18:21 #2 type.registry] 
New type domain.Usuario

[2020-05-09 13:18:21 #3 type] 
Type domain.Usuario is not enhanced.

[2020-05-09 13:18:21 #4 type.registry] 
New type domain.Apuesta

[2020-05-09 13:18:21 #5 type.registry] 
New type java.util.Vector<domain.Apuesta>

[2020-05-09 13:18:21 #6 type.registry] 
New type domain.Monedero

[2020-05-09 13:18:21 #7 type] 
Type domain.Apuesta is not enhanced.

[2020-05-09 13:18:21 #8 type.registry] 
New type domain.Event

[2020-05-09 13:18:21 #9 type.registry] 
New type domain.Pronostico

[2020-05-09 13:18:21 #10 type] 
Type domain.Monedero is not enhanced.

[2020-05-09 13:18:21 #11 type] 
Type domain.Event is not enhanced.

[2020-05-09 13:18:21 #12 type.registry] 
New type domain.Question

[2020-05-09 13:18:21 #13 type.registry] 
New type java.util.Vector<domain.Question>

[2020-05-09 13:18:21 #14 type.registry] 
New type domain.Deporte

[2020-05-09 13:18:21 #15 type] 
Type domain.Pronostico is not enhanced.

[2020-05-09 13:18:21 #16 type] 
Type domain.Question is not enhanced.

[2020-05-09 13:18:21 #17 type.registry] 
New type java.util.Vector<domain.Pronostico>

[2020-05-09 13:18:21 #18 type] 
Type domain.Deporte is not enhanced.

[2020-05-09 13:18:21 #19 type.registry] 
New type java.util.Vector<domain.Event>

[2020-05-09 13:18:21 #20 type.registry] 
New type java.util.Vector<java.lang.Object>

------------------------------------------------------------------------------------------------------------------------

[2020-05-09 13:24:36 #1 store] 
Database 'C:\Users\marko\git\LPCIS\Bets\resources\bets.temp' is opened by 3356@Marcos

[2020-05-09 13:24:36 #2 type.registry] 
New type domain.Usuario

[2020-05-09 13:24:36 #3 type] 
Type domain.Usuario is not enhanced.

[2020-05-09 13:24:36 #4 type.registry] 
New type domain.Apuesta

[2020-05-09 13:24:36 #5 type.registry] 
New type java.util.Vector<domain.Apuesta>

[2020-05-09 13:24:36 #6 type.registry] 
New type domain.Monedero

[2020-05-09 13:24:36 #7 type] 
Type domain.Apuesta is not enhanced.

[2020-05-09 13:24:36 #8 type.registry] 
New type domain.Event

[2020-05-09 13:24:36 #9 type.registry] 
New type domain.Pronostico

[2020-05-09 13:24:36 #10 type] 
Type domain.Monedero is not enhanced.

[2020-05-09 13:24:36 #11 type] 
Type domain.Event is not enhanced.

[2020-05-09 13:24:36 #12 type.registry] 
New type domain.Question

[2020-05-09 13:24:36 #13 type.registry] 
New type java.util.Vector<domain.Question>

[2020-05-09 13:24:36 #14 type.registry] 
New type domain.Deporte

[2020-05-09 13:24:36 #15 type] 
Type domain.Pronostico is not enhanced.

[2020-05-09 13:24:36 #16 type] 
Type domain.Question is not enhanced.

[2020-05-09 13:24:36 #17 type.registry] 
New type java.util.Vector<domain.Pronostico>

[2020-05-09 13:24:36 #18 type] 
Type domain.Deporte is not enhanced.

[2020-05-09 13:24:36 #19 type.registry] 
New type java.util.Vector<domain.Event>

[2020-05-09 13:24:36 #20 type.registry] 
New type java.util.Vector<java.lang.Object>

------------------------------------------------------------------------------------------------------------------------

[2020-05-09 13:29:02 #1 store] 
Database 'C:\Users\marko\git\LPCIS\Bets\resources\bets.temp' is opened by 15576@Marcos

[2020-05-09 13:29:02 #2 type.registry] 
New type domain.Usuario

[2020-05-09 13:29:02 #3 type] 
Type domain.Usuario is not enhanced.

[2020-05-09 13:29:02 #4 type.registry] 
New type domain.Apuesta

[2020-05-09 13:29:02 #5 type.registry] 
New type java.util.Vector<domain.Apuesta>

[2020-05-09 13:29:02 #6 type.registry] 
New type domain.Monedero

[2020-05-09 13:29:02 #7 type] 
Type domain.Apuesta is not enhanced.

[2020-05-09 13:29:02 #8 type.registry] 
New type domain.Event

[2020-05-09 13:29:02 #9 type.registry] 
New type domain.Pronostico

[2020-05-09 13:29:02 #10 type] 
Type domain.Monedero is not enhanced.

[2020-05-09 13:29:02 #11 type] 
Type domain.Event is not enhanced.

[2020-05-09 13:29:02 #12 type.registry] 
New type domain.Question

[2020-05-09 13:29:02 #13 type.registry] 
New type java.util.Vector<domain.Question>

[2020-05-09 13:29:02 #14 type.registry] 
New type domain.Deporte

[2020-05-09 13:29:02 #15 type] 
Type domain.Pronostico is not enhanced.

[2020-05-09 13:29:02 #16 type] 
Type domain.Question is not enhanced.

[2020-05-09 13:29:02 #17 type.registry] 
New type java.util.Vector<domain.Pronostico>

[2020-05-09 13:29:02 #18 type] 
Type domain.Deporte is not enhanced.

[2020-05-09 13:29:02 #19 type.registry] 
New type java.util.Vector<domain.Event>

[2020-05-09 13:29:02 #20 type.registry] 
New type java.util.Vector<java.lang.Object>

------------------------------------------------------------------------------------------------------------------------

[2020-05-09 13:30:36 #1 store] 
Database 'C:\Users\marko\git\LPCIS\Bets\resources\bets.temp' is opened by 2828@Marcos

[2020-05-09 13:30:36 #2 type.registry] 
New type domain.Usuario

[2020-05-09 13:30:36 #3 type] 
Type domain.Usuario is not enhanced.

[2020-05-09 13:30:36 #4 type.registry] 
New type domain.Apuesta

[2020-05-09 13:30:36 #5 type.registry] 
New type java.util.Vector<domain.Apuesta>

[2020-05-09 13:30:36 #6 type.registry] 
New type domain.Monedero

[2020-05-09 13:30:36 #7 type] 
Type domain.Apuesta is not enhanced.

[2020-05-09 13:30:36 #8 type.registry] 
New type domain.Event

[2020-05-09 13:30:36 #9 type.registry] 
New type domain.Pronostico

[2020-05-09 13:30:36 #10 type] 
Type domain.Monedero is not enhanced.

[2020-05-09 13:30:36 #11 type] 
Type domain.Event is not enhanced.

[2020-05-09 13:30:36 #12 type.registry] 
New type domain.Question

[2020-05-09 13:30:36 #13 type.registry] 
New type java.util.Vector<domain.Question>

[2020-05-09 13:30:36 #14 type.registry] 
New type domain.Deporte

[2020-05-09 13:30:36 #15 type] 
Type domain.Pronostico is not enhanced.

[2020-05-09 13:30:36 #16 type] 
Type domain.Question is not enhanced.

[2020-05-09 13:30:36 #17 type.registry] 
New type java.util.Vector<domain.Pronostico>

[2020-05-09 13:30:36 #18 type] 
Type domain.Deporte is not enhanced.

[2020-05-09 13:30:36 #19 type.registry] 
New type java.util.Vector<domain.Event>

[2020-05-09 13:30:36 #20 type.registry] 
New type java.util.Vector<java.lang.Object>

------------------------------------------------------------------------------------------------------------------------

[2020-05-09 13:32:29 #1 store] 
Database 'C:\Users\marko\git\LPCIS\Bets\resources\bets.temp' is opened by 18180@Marcos

[2020-05-09 13:32:30 #2 type.registry] 
New type domain.Usuario

[2020-05-09 13:32:30 #3 type] 
Type domain.Usuario is not enhanced.

[2020-05-09 13:32:30 #4 type.registry] 
New type domain.Apuesta

[2020-05-09 13:32:30 #5 type.registry] 
New type java.util.Vector<domain.Apuesta>

[2020-05-09 13:32:30 #6 type.registry] 
New type domain.Monedero

[2020-05-09 13:32:30 #7 type] 
Type domain.Apuesta is not enhanced.

[2020-05-09 13:32:30 #8 type.registry] 
New type domain.Event

[2020-05-09 13:32:30 #9 type.registry] 
New type domain.Pronostico

[2020-05-09 13:32:30 #10 type] 
Type domain.Monedero is not enhanced.

[2020-05-09 13:32:30 #11 type] 
Type domain.Event is not enhanced.

[2020-05-09 13:32:30 #12 type.registry] 
New type domain.Question

[2020-05-09 13:32:30 #13 type.registry] 
New type java.util.Vector<domain.Question>

[2020-05-09 13:32:30 #14 type.registry] 
New type domain.Deporte

[2020-05-09 13:32:30 #15 type] 
Type domain.Pronostico is not enhanced.

[2020-05-09 13:32:30 #16 type] 
Type domain.Question is not enhanced.

[2020-05-09 13:32:30 #17 type.registry] 
New type java.util.Vector<domain.Pronostico>

[2020-05-09 13:32:30 #18 type] 
Type domain.Deporte is not enhanced.

[2020-05-09 13:32:30 #19 type.registry] 
New type java.util.Vector<domain.Event>

[2020-05-09 13:32:30 #20 type.registry] 
New type java.util.Vector<java.lang.Object>

------------------------------------------------------------------------------------------------------------------------

[2020-05-09 13:33:15 #1 store] 
Database 'C:\Users\marko\git\LPCIS\Bets\resources\bets.temp' is opened by 7568@Marcos

[2020-05-09 13:33:15 #2 type.registry] 
New type domain.Usuario

[2020-05-09 13:33:15 #3 type] 
Type domain.Usuario is not enhanced.

[2020-05-09 13:33:15 #4 type.registry] 
New type domain.Apuesta

[2020-05-09 13:33:15 #5 type.registry] 
New type java.util.Vector<domain.Apuesta>

[2020-05-09 13:33:15 #6 type.registry] 
New type domain.Monedero

[2020-05-09 13:33:15 #7 type] 
Type domain.Apuesta is not enhanced.

[2020-05-09 13:33:15 #8 type.registry] 
New type domain.Event

[2020-05-09 13:33:15 #9 type.registry] 
New type domain.Pronostico

[2020-05-09 13:33:15 #10 type] 
Type domain.Monedero is not enhanced.

[2020-05-09 13:33:15 #11 type] 
Type domain.Event is not enhanced.

[2020-05-09 13:33:15 #12 type.registry] 
New type domain.Question

[2020-05-09 13:33:15 #13 type.registry] 
New type java.util.Vector<domain.Question>

[2020-05-09 13:33:15 #14 type.registry] 
New type domain.Deporte

[2020-05-09 13:33:15 #15 type] 
Type domain.Pronostico is not enhanced.

[2020-05-09 13:33:15 #16 type] 
Type domain.Question is not enhanced.

[2020-05-09 13:33:15 #17 type.registry] 
New type java.util.Vector<domain.Pronostico>

[2020-05-09 13:33:15 #18 type] 
Type domain.Deporte is not enhanced.

[2020-05-09 13:33:15 #19 type.registry] 
New type java.util.Vector<domain.Event>

[2020-05-09 13:33:15 #20 type.registry] 
New type java.util.Vector<java.lang.Object>

------------------------------------------------------------------------------------------------------------------------

[2020-05-09 13:35:10 #1 store] 
Database 'C:\Users\marko\git\LPCIS\Bets\resources\bets.temp' is opened by 2528@Marcos

[2020-05-09 13:35:10 #2 type.registry] 
New type domain.Usuario

[2020-05-09 13:35:10 #3 type] 
Type domain.Usuario is not enhanced.

[2020-05-09 13:35:10 #4 type.registry] 
New type domain.Apuesta

[2020-05-09 13:35:10 #5 type.registry] 
New type java.util.Vector<domain.Apuesta>

[2020-05-09 13:35:10 #6 type.registry] 
New type domain.Monedero

[2020-05-09 13:35:10 #7 type] 
Type domain.Apuesta is not enhanced.

[2020-05-09 13:35:10 #8 type.registry] 
New type domain.Event

[2020-05-09 13:35:10 #9 type.registry] 
New type domain.Pronostico

[2020-05-09 13:35:10 #10 type] 
Type domain.Monedero is not enhanced.

[2020-05-09 13:35:10 #11 type] 
Type domain.Event is not enhanced.

[2020-05-09 13:35:10 #12 type.registry] 
New type domain.Question

[2020-05-09 13:35:10 #13 type.registry] 
New type java.util.Vector<domain.Question>

[2020-05-09 13:35:10 #14 type.registry] 
New type domain.Deporte

[2020-05-09 13:35:10 #15 type] 
Type domain.Pronostico is not enhanced.

[2020-05-09 13:35:10 #16 type] 
Type domain.Question is not enhanced.

[2020-05-09 13:35:10 #17 type.registry] 
New type java.util.Vector<domain.Pronostico>

[2020-05-09 13:35:10 #18 type] 
Type domain.Deporte is not enhanced.

[2020-05-09 13:35:10 #19 type.registry] 
New type java.util.Vector<domain.Event>

[2020-05-09 13:35:10 #20 type.registry] 
New type java.util.Vector<java.lang.Object>

------------------------------------------------------------------------------------------------------------------------

[2020-05-09 13:36:48 #1 store] 
Database 'C:\Users\marko\git\LPCIS\Bets\resources\bets.temp' is opened by 5684@Marcos

[2020-05-09 13:36:48 #2 type.registry] 
New type domain.Usuario

[2020-05-09 13:36:48 #3 type] 
Type domain.Usuario is not enhanced.

[2020-05-09 13:36:48 #4 type.registry] 
New type domain.Apuesta

[2020-05-09 13:36:48 #5 type.registry] 
New type java.util.Vector<domain.Apuesta>

[2020-05-09 13:36:48 #6 type.registry] 
New type domain.Monedero

[2020-05-09 13:36:48 #7 type] 
Type domain.Apuesta is not enhanced.

[2020-05-09 13:36:48 #8 type.registry] 
New type domain.Event

[2020-05-09 13:36:48 #9 type.registry] 
New type domain.Pronostico

[2020-05-09 13:36:48 #10 type] 
Type domain.Monedero is not enhanced.

[2020-05-09 13:36:48 #11 type] 
Type domain.Event is not enhanced.

[2020-05-09 13:36:48 #12 type.registry] 
New type domain.Question

[2020-05-09 13:36:48 #13 type.registry] 
New type java.util.Vector<domain.Question>

[2020-05-09 13:36:48 #14 type.registry] 
New type domain.Deporte

[2020-05-09 13:36:48 #15 type] 
Type domain.Pronostico is not enhanced.

[2020-05-09 13:36:48 #16 type] 
Type domain.Question is not enhanced.

[2020-05-09 13:36:48 #17 type.registry] 
New type java.util.Vector<domain.Pronostico>

[2020-05-09 13:36:48 #18 type] 
Type domain.Deporte is not enhanced.

[2020-05-09 13:36:48 #19 type.registry] 
New type java.util.Vector<domain.Event>

[2020-05-09 13:36:48 #20 type.registry] 
New type java.util.Vector<java.lang.Object>

------------------------------------------------------------------------------------------------------------------------

[2020-05-09 13:37:35 #1 store] 
Database 'C:\Users\marko\git\LPCIS\Bets\resources\bets.temp' is opened by 2724@Marcos

[2020-05-09 13:37:35 #2 type.registry] 
New type domain.Usuario

[2020-05-09 13:37:35 #3 type] 
Type domain.Usuario is not enhanced.

[2020-05-09 13:37:35 #4 type.registry] 
New type domain.Apuesta

[2020-05-09 13:37:35 #5 type.registry] 
New type java.util.Vector<domain.Apuesta>

[2020-05-09 13:37:35 #6 type.registry] 
New type domain.Monedero

[2020-05-09 13:37:35 #7 type] 
Type domain.Apuesta is not enhanced.

[2020-05-09 13:37:35 #8 type.registry] 
New type domain.Event

[2020-05-09 13:37:35 #9 type.registry] 
New type domain.Pronostico

[2020-05-09 13:37:35 #10 type] 
Type domain.Monedero is not enhanced.

[2020-05-09 13:37:35 #11 type] 
Type domain.Event is not enhanced.

[2020-05-09 13:37:35 #12 type.registry] 
New type domain.Question

[2020-05-09 13:37:35 #13 type.registry] 
New type java.util.Vector<domain.Question>

[2020-05-09 13:37:35 #14 type.registry] 
New type domain.Deporte

[2020-05-09 13:37:35 #15 type] 
Type domain.Pronostico is not enhanced.

[2020-05-09 13:37:35 #16 type] 
Type domain.Question is not enhanced.

[2020-05-09 13:37:35 #17 type.registry] 
New type java.util.Vector<domain.Pronostico>

[2020-05-09 13:37:35 #18 type] 
Type domain.Deporte is not enhanced.

[2020-05-09 13:37:35 #19 type.registry] 
New type java.util.Vector<domain.Event>

[2020-05-09 13:37:35 #20 type.registry] 
New type java.util.Vector<java.lang.Object>

------------------------------------------------------------------------------------------------------------------------

[2020-05-09 13:38:14 #1 store] 
Database 'C:\Users\marko\git\LPCIS\Bets\resources\bets.temp' is opened by 15444@Marcos

[2020-05-09 13:38:15 #2 type.registry] 
New type domain.Usuario

[2020-05-09 13:38:15 #3 type] 
Type domain.Usuario is not enhanced.

[2020-05-09 13:38:15 #4 type.registry] 
New type domain.Apuesta

[2020-05-09 13:38:15 #5 type.registry] 
New type java.util.Vector<domain.Apuesta>

[2020-05-09 13:38:15 #6 type.registry] 
New type domain.Monedero

[2020-05-09 13:38:15 #7 type] 
Type domain.Apuesta is not enhanced.

[2020-05-09 13:38:15 #8 type.registry] 
New type domain.Event

[2020-05-09 13:38:15 #9 type.registry] 
New type domain.Pronostico

[2020-05-09 13:38:15 #10 type] 
Type domain.Monedero is not enhanced.

[2020-05-09 13:38:15 #11 type] 
Type domain.Event is not enhanced.

[2020-05-09 13:38:15 #12 type.registry] 
New type domain.Question

[2020-05-09 13:38:15 #13 type.registry] 
New type java.util.Vector<domain.Question>

[2020-05-09 13:38:15 #14 type.registry] 
New type domain.Deporte

[2020-05-09 13:38:15 #15 type] 
Type domain.Pronostico is not enhanced.

[2020-05-09 13:38:15 #16 type] 
Type domain.Question is not enhanced.

[2020-05-09 13:38:15 #17 type.registry] 
New type java.util.Vector<domain.Pronostico>

[2020-05-09 13:38:15 #18 type] 
Type domain.Deporte is not enhanced.

[2020-05-09 13:38:15 #19 type.registry] 
New type java.util.Vector<domain.Event>

[2020-05-09 13:38:15 #20 type.registry] 
New type java.util.Vector<java.lang.Object>

------------------------------------------------------------------------------------------------------------------------

[2020-05-09 14:01:14 #1 store] 
Database 'C:\Users\marko\git\LPCIS\Bets\resources\bets.temp' is opened by 9392@Marcos

[2020-05-09 14:01:14 #2 type.registry] 
New type domain.Usuario

[2020-05-09 14:01:14 #3 type] 
Type domain.Usuario is not enhanced.

[2020-05-09 14:01:14 #4 type.registry] 
New type domain.Apuesta

[2020-05-09 14:01:14 #5 type.registry] 
New type java.util.Vector<domain.Apuesta>

[2020-05-09 14:01:14 #6 type.registry] 
New type domain.Monedero

[2020-05-09 14:01:14 #7 type] 
Type domain.Apuesta is not enhanced.

[2020-05-09 14:01:14 #8 type.registry] 
New type domain.Event

[2020-05-09 14:01:14 #9 type.registry] 
New type domain.Pronostico

[2020-05-09 14:01:14 #10 type] 
Type domain.Monedero is not enhanced.

[2020-05-09 14:01:14 #11 type] 
Type domain.Event is not enhanced.

[2020-05-09 14:01:14 #12 type.registry] 
New type domain.Question

[2020-05-09 14:01:14 #13 type.registry] 
New type java.util.Vector<domain.Question>

[2020-05-09 14:01:14 #14 type.registry] 
New type domain.Deporte

[2020-05-09 14:01:14 #15 type] 
Type domain.Pronostico is not enhanced.

[2020-05-09 14:01:14 #16 type] 
Type domain.Question is not enhanced.

[2020-05-09 14:01:14 #17 type.registry] 
New type java.util.Vector<domain.Pronostico>

[2020-05-09 14:01:14 #18 type] 
Type domain.Deporte is not enhanced.

[2020-05-09 14:01:14 #19 type.registry] 
New type java.util.Vector<domain.Event>

[2020-05-09 14:01:14 #20 type.registry] 
New type java.util.Vector<java.lang.Object>

------------------------------------------------------------------------------------------------------------------------

[2020-05-09 14:02:49 #1 store] 
Database 'C:\Users\marko\git\LPCIS\Bets\resources\bets.temp' is opened by 14136@Marcos

[2020-05-09 14:02:49 #2 type.registry] 
New type domain.Usuario

[2020-05-09 14:02:49 #3 type] 
Type domain.Usuario is not enhanced.

[2020-05-09 14:02:49 #4 type.registry] 
New type domain.Apuesta

[2020-05-09 14:02:49 #5 type.registry] 
New type java.util.Vector<domain.Apuesta>

[2020-05-09 14:02:49 #6 type.registry] 
New type domain.Monedero

[2020-05-09 14:02:49 #7 type] 
Type domain.Apuesta is not enhanced.

[2020-05-09 14:02:49 #8 type.registry] 
New type domain.Event

[2020-05-09 14:02:49 #9 type.registry] 
New type domain.Pronostico

[2020-05-09 14:02:49 #10 type] 
Type domain.Monedero is not enhanced.

[2020-05-09 14:02:49 #11 type] 
Type domain.Event is not enhanced.

[2020-05-09 14:02:49 #12 type.registry] 
New type domain.Question

[2020-05-09 14:02:49 #13 type.registry] 
New type java.util.Vector<domain.Question>

[2020-05-09 14:02:49 #14 type.registry] 
New type domain.Deporte

[2020-05-09 14:02:49 #15 type] 
Type domain.Pronostico is not enhanced.

[2020-05-09 14:02:49 #16 type] 
Type domain.Question is not enhanced.

[2020-05-09 14:02:49 #17 type.registry] 
New type java.util.Vector<domain.Pronostico>

[2020-05-09 14:02:49 #18 type] 
Type domain.Deporte is not enhanced.

[2020-05-09 14:02:49 #19 type.registry] 
New type java.util.Vector<domain.Event>

[2020-05-09 14:02:49 #20 type.registry] 
New type java.util.Vector<java.lang.Object>

------------------------------------------------------------------------------------------------------------------------

[2020-05-09 14:48:08 #1 store] 
Database 'C:\Users\marko\git\LPCIS\Bets\resources\bets.temp' is opened by 16940@Marcos

[2020-05-09 14:48:08 #2 type.registry] 
New type domain.Usuario

[2020-05-09 14:48:08 #3 type] 
Type domain.Usuario is not enhanced.

[2020-05-09 14:48:08 #4 type.registry] 
New type domain.Apuesta

[2020-05-09 14:48:08 #5 type.registry] 
New type java.util.Vector<domain.Apuesta>

[2020-05-09 14:48:08 #6 type.registry] 
New type domain.Monedero

[2020-05-09 14:48:08 #7 type] 
Type domain.Apuesta is not enhanced.

[2020-05-09 14:48:08 #8 type.registry] 
New type domain.Event

[2020-05-09 14:48:08 #9 type.registry] 
New type domain.Pronostico

[2020-05-09 14:48:08 #10 type] 
Type domain.Monedero is not enhanced.

[2020-05-09 14:48:08 #11 type] 
Type domain.Event is not enhanced.

[2020-05-09 14:48:08 #12 type.registry] 
New type domain.Question

[2020-05-09 14:48:08 #13 type.registry] 
New type java.util.Vector<domain.Question>

[2020-05-09 14:48:08 #14 type.registry] 
New type domain.Deporte

[2020-05-09 14:48:08 #15 type] 
Type domain.Pronostico is not enhanced.

[2020-05-09 14:48:08 #16 type] 
Type domain.Question is not enhanced.

[2020-05-09 14:48:08 #17 type.registry] 
New type java.util.Vector<domain.Pronostico>

[2020-05-09 14:48:08 #18 type] 
Type domain.Deporte is not enhanced.

[2020-05-09 14:48:08 #19 type.registry] 
New type java.util.Vector<domain.Event>

[2020-05-09 14:48:08 #20 type.registry] 
New type java.util.Vector<java.lang.Object>

------------------------------------------------------------------------------------------------------------------------

[2020-05-09 16:27:08 #1 store] 
Database 'C:\Users\unais\Desktop\bets-workspace\LPCIS\Bets\resources\bets.temp' is opened by 16524@DESKTOP-9ERLLO7

[2020-05-09 16:27:08 #2 type.registry] 
New type domain.Usuario

[2020-05-09 16:27:08 #3 type] 
Type domain.Usuario is not enhanced.

[2020-05-09 16:27:08 #4 type.registry] 
New type domain.Apuesta

[2020-05-09 16:27:08 #5 type.registry] 
New type java.util.Vector<domain.Apuesta>

[2020-05-09 16:27:08 #6 type.registry] 
New type domain.Monedero

[2020-05-09 16:27:08 #7 type] 
Type domain.Apuesta is not enhanced.

[2020-05-09 16:27:08 #8 type.registry] 
New type domain.Event

[2020-05-09 16:27:08 #9 type.registry] 
New type domain.Pronostico

[2020-05-09 16:27:08 #10 type] 
Type domain.Monedero is not enhanced.

[2020-05-09 16:27:08 #11 type] 
Type domain.Event is not enhanced.

[2020-05-09 16:27:08 #12 type.registry] 
New type domain.Question

[2020-05-09 16:27:08 #13 type.registry] 
New type java.util.Vector<domain.Question>

[2020-05-09 16:27:08 #14 type.registry] 
New type domain.Deporte

[2020-05-09 16:27:08 #15 type] 
Type domain.Pronostico is not enhanced.

[2020-05-09 16:27:08 #16 type] 
Type domain.Question is not enhanced.

[2020-05-09 16:27:08 #17 type.registry] 
New type java.util.Vector<domain.Pronostico>

[2020-05-09 16:27:08 #18 type] 
Type domain.Deporte is not enhanced.

[2020-05-09 16:27:08 #19 type.registry] 
New type java.util.Vector<domain.Event>

[2020-05-09 16:27:08 #20 type.registry] 
New type java.util.Vector<java.lang.Object>

------------------------------------------------------------------------------------------------------------------------

[2020-05-09 16:28:18 #1 store] 
Database 'C:\Users\unais\Desktop\bets-workspace\LPCIS\Bets\resources\bets.temp' is opened by 2684@DESKTOP-9ERLLO7

[2020-05-09 16:28:19 #2 type.registry] 
New type domain.Usuario

[2020-05-09 16:28:19 #3 type] 
Type domain.Usuario is not enhanced.

[2020-05-09 16:28:19 #4 type.registry] 
New type domain.Apuesta

[2020-05-09 16:28:19 #5 type.registry] 
New type java.util.Vector<domain.Apuesta>

[2020-05-09 16:28:19 #6 type.registry] 
New type domain.Monedero

[2020-05-09 16:28:19 #7 type] 
Type domain.Apuesta is not enhanced.

[2020-05-09 16:28:19 #8 type.registry] 
New type domain.Event

[2020-05-09 16:28:19 #9 type.registry] 
New type domain.Pronostico

[2020-05-09 16:28:19 #10 type] 
Type domain.Monedero is not enhanced.

[2020-05-09 16:28:19 #11 type] 
Type domain.Event is not enhanced.

[2020-05-09 16:28:19 #12 type.registry] 
New type domain.Question

[2020-05-09 16:28:19 #13 type.registry] 
New type java.util.Vector<domain.Question>

[2020-05-09 16:28:19 #14 type.registry] 
New type domain.Deporte

[2020-05-09 16:28:19 #15 type] 
Type domain.Pronostico is not enhanced.

[2020-05-09 16:28:19 #16 type] 
Type domain.Question is not enhanced.

[2020-05-09 16:28:19 #17 type.registry] 
New type java.util.Vector<domain.Pronostico>

[2020-05-09 16:28:19 #18 type] 
Type domain.Deporte is not enhanced.

[2020-05-09 16:28:19 #19 type.registry] 
New type java.util.Vector<domain.Event>

[2020-05-09 16:28:19 #20 type.registry] 
New type java.util.Vector<java.lang.Object>

------------------------------------------------------------------------------------------------------------------------

[2020-05-09 17:06:55 #1 store] 
Database '/Users/adriansanse/git/LPCIS/Bets/resources/bets.temp' is opened by 1152@MacBook-Pro-de-Adrian.local

[2020-05-09 17:06:55 #2 type.registry] 
New type domain.Usuario

[2020-05-09 17:06:55 #3 type] 
Type domain.Usuario is not enhanced.

[2020-05-09 17:06:55 #4 type.registry] 
New type domain.Apuesta

[2020-05-09 17:06:55 #5 type.registry] 
New type java.util.Vector<domain.Apuesta>

[2020-05-09 17:06:55 #6 type.registry] 
New type domain.Monedero

[2020-05-09 17:06:55 #7 type] 
Type domain.Apuesta is not enhanced.

[2020-05-09 17:06:55 #8 type.registry] 
New type domain.Event

[2020-05-09 17:06:55 #9 type.registry] 
New type domain.Pronostico

[2020-05-09 17:06:55 #10 type] 
Type domain.Monedero is not enhanced.

[2020-05-09 17:06:55 #11 type] 
Type domain.Event is not enhanced.

[2020-05-09 17:06:55 #12 type.registry] 
New type domain.Question

[2020-05-09 17:06:55 #13 type.registry] 
New type java.util.Vector<domain.Question>

[2020-05-09 17:06:55 #14 type.registry] 
New type domain.Deporte

[2020-05-09 17:06:55 #15 type] 
Type domain.Pronostico is not enhanced.

[2020-05-09 17:06:55 #16 type] 
Type domain.Question is not enhanced.

[2020-05-09 17:06:55 #17 type.registry] 
New type java.util.Vector<domain.Pronostico>

[2020-05-09 17:06:55 #18 type] 
Type domain.Deporte is not enhanced.

[2020-05-09 17:06:55 #19 type.registry] 
New type java.util.Vector<domain.Event>

[2020-05-09 17:06:55 #20 type.registry] 
New type java.util.Vector<java.lang.Object>

------------------------------------------------------------------------------------------------------------------------

[2020-05-09 17:38:56 #1 store] 
Database '/Users/adriansanse/git/LPCIS/Bets/resources/bets.temp' is opened by 1180@MacBook-Pro-de-Adrian.local

[2020-05-09 17:38:56 #2 type.registry] 
New type domain.Usuario

[2020-05-09 17:38:56 #3 type] 
Type domain.Usuario is not enhanced.

[2020-05-09 17:38:56 #4 type.registry] 
New type domain.Apuesta

[2020-05-09 17:38:56 #5 type.registry] 
New type java.util.Vector<domain.Apuesta>

[2020-05-09 17:38:56 #6 type.registry] 
New type domain.Monedero

[2020-05-09 17:38:56 #7 type] 
Type domain.Apuesta is not enhanced.

[2020-05-09 17:38:56 #8 type.registry] 
New type domain.Event

[2020-05-09 17:38:56 #9 type.registry] 
New type domain.Pronostico

[2020-05-09 17:38:56 #10 type] 
Type domain.Monedero is not enhanced.

[2020-05-09 17:38:56 #11 type] 
Type domain.Event is not enhanced.

[2020-05-09 17:38:56 #12 type.registry] 
New type domain.Question

[2020-05-09 17:38:56 #13 type.registry] 
New type java.util.Vector<domain.Question>

[2020-05-09 17:38:56 #14 type.registry] 
New type domain.Deporte

[2020-05-09 17:38:56 #15 type] 
Type domain.Pronostico is not enhanced.

[2020-05-09 17:38:56 #16 type] 
Type domain.Question is not enhanced.

[2020-05-09 17:38:56 #17 type.registry] 
New type java.util.Vector<domain.Pronostico>

[2020-05-09 17:38:56 #18 type] 
Type domain.Deporte is not enhanced.

[2020-05-09 17:38:56 #19 type.registry] 
New type java.util.Vector<domain.Event>

[2020-05-09 17:38:56 #20 type.registry] 
New type java.util.Vector<java.lang.Object>

------------------------------------------------------------------------------------------------------------------------

[2020-05-09 17:45:49 #1 store] 
Database '/Users/adriansanse/git/LPCIS/Bets/resources/bets.temp' is opened by 1193@MacBook-Pro-de-Adrian.local

[2020-05-09 17:45:49 #2 type.registry] 
New type domain.Usuario

[2020-05-09 17:45:49 #3 type] 
Type domain.Usuario is not enhanced.

[2020-05-09 17:45:49 #4 type.registry] 
New type domain.Apuesta

[2020-05-09 17:45:49 #5 type.registry] 
New type java.util.Vector<domain.Apuesta>

[2020-05-09 17:45:49 #6 type.registry] 
New type domain.Monedero

[2020-05-09 17:45:49 #7 type] 
Type domain.Apuesta is not enhanced.

[2020-05-09 17:45:49 #8 type.registry] 
New type domain.Event

[2020-05-09 17:45:49 #9 type.registry] 
New type domain.Pronostico

[2020-05-09 17:45:49 #10 type] 
Type domain.Monedero is not enhanced.

[2020-05-09 17:45:49 #11 type] 
Type domain.Event is not enhanced.

[2020-05-09 17:45:49 #12 type.registry] 
New type domain.Question

[2020-05-09 17:45:49 #13 type.registry] 
New type java.util.Vector<domain.Question>

[2020-05-09 17:45:49 #14 type.registry] 
New type domain.Deporte

[2020-05-09 17:45:49 #15 type] 
Type domain.Pronostico is not enhanced.

[2020-05-09 17:45:49 #16 type] 
Type domain.Question is not enhanced.

[2020-05-09 17:45:49 #17 type.registry] 
New type java.util.Vector<domain.Pronostico>

[2020-05-09 17:45:49 #18 type] 
Type domain.Deporte is not enhanced.

[2020-05-09 17:45:49 #19 type.registry] 
New type java.util.Vector<domain.Event>

[2020-05-09 17:45:49 #20 type.registry] 
New type java.util.Vector<java.lang.Object>

------------------------------------------------------------------------------------------------------------------------

[2020-05-09 17:46:26 #1 store] 
Database '/Users/adriansanse/git/LPCIS/Bets/resources/bets.temp' is opened by 1196@MacBook-Pro-de-Adrian.local

[2020-05-09 17:46:26 #2 type.registry] 
New type domain.Usuario

[2020-05-09 17:46:26 #3 type] 
Type domain.Usuario is not enhanced.

[2020-05-09 17:46:26 #4 type.registry] 
New type domain.Apuesta

[2020-05-09 17:46:26 #5 type.registry] 
New type java.util.Vector<domain.Apuesta>

[2020-05-09 17:46:26 #6 type.registry] 
New type domain.Monedero

[2020-05-09 17:46:26 #7 type] 
Type domain.Apuesta is not enhanced.

[2020-05-09 17:46:26 #8 type.registry] 
New type domain.Event

[2020-05-09 17:46:26 #9 type.registry] 
New type domain.Pronostico

[2020-05-09 17:46:26 #10 type] 
Type domain.Monedero is not enhanced.

[2020-05-09 17:46:26 #11 type] 
Type domain.Event is not enhanced.

[2020-05-09 17:46:26 #12 type.registry] 
New type domain.Question

[2020-05-09 17:46:26 #13 type.registry] 
New type java.util.Vector<domain.Question>

[2020-05-09 17:46:26 #14 type.registry] 
New type domain.Deporte

[2020-05-09 17:46:26 #15 type] 
Type domain.Pronostico is not enhanced.

[2020-05-09 17:46:26 #16 type] 
Type domain.Question is not enhanced.

[2020-05-09 17:46:26 #17 type.registry] 
New type java.util.Vector<domain.Pronostico>

[2020-05-09 17:46:26 #18 type] 
Type domain.Deporte is not enhanced.

[2020-05-09 17:46:26 #19 type.registry] 
New type java.util.Vector<domain.Event>

[2020-05-09 17:46:26 #20 type.registry] 
New type java.util.Vector<java.lang.Object>

------------------------------------------------------------------------------------------------------------------------

[2020-05-09 17:46:53 #1 store] 
Database '/Users/adriansanse/git/LPCIS/Bets/resources/bets.temp' is opened by 1198@MacBook-Pro-de-Adrian.local

[2020-05-09 17:46:53 #2 type.registry] 
New type domain.Usuario

[2020-05-09 17:46:53 #3 type] 
Type domain.Usuario is not enhanced.

[2020-05-09 17:46:53 #4 type.registry] 
New type domain.Apuesta

[2020-05-09 17:46:53 #5 type.registry] 
New type java.util.Vector<domain.Apuesta>

[2020-05-09 17:46:53 #6 type.registry] 
New type domain.Monedero

[2020-05-09 17:46:53 #7 type] 
Type domain.Apuesta is not enhanced.

[2020-05-09 17:46:53 #8 type.registry] 
New type domain.Event

[2020-05-09 17:46:53 #9 type.registry] 
New type domain.Pronostico

[2020-05-09 17:46:53 #10 type] 
Type domain.Monedero is not enhanced.

[2020-05-09 17:46:53 #11 type] 
Type domain.Event is not enhanced.

[2020-05-09 17:46:53 #12 type.registry] 
New type domain.Question

[2020-05-09 17:46:53 #13 type.registry] 
New type java.util.Vector<domain.Question>

[2020-05-09 17:46:53 #14 type.registry] 
New type domain.Deporte

[2020-05-09 17:46:53 #15 type] 
Type domain.Pronostico is not enhanced.

[2020-05-09 17:46:53 #16 type] 
Type domain.Question is not enhanced.

[2020-05-09 17:46:53 #17 type.registry] 
New type java.util.Vector<domain.Pronostico>

[2020-05-09 17:46:53 #18 type] 
Type domain.Deporte is not enhanced.

[2020-05-09 17:46:53 #19 type.registry] 
New type java.util.Vector<domain.Event>

[2020-05-09 17:46:53 #20 type.registry] 
New type java.util.Vector<java.lang.Object>

------------------------------------------------------------------------------------------------------------------------

[2020-05-09 17:49:16 #1 store] 
Database '/Users/adriansanse/git/LPCIS/Bets/resources/bets.temp' is opened by 1209@MacBook-Pro-de-Adrian.local

[2020-05-09 17:49:16 #2 type.registry] 
New type domain.Usuario

[2020-05-09 17:49:16 #3 type] 
Type domain.Usuario is not enhanced.

[2020-05-09 17:49:16 #4 type.registry] 
New type domain.Apuesta

[2020-05-09 17:49:16 #5 type.registry] 
New type java.util.Vector<domain.Apuesta>

[2020-05-09 17:49:16 #6 type.registry] 
New type domain.Monedero

[2020-05-09 17:49:16 #7 type] 
Type domain.Apuesta is not enhanced.

[2020-05-09 17:49:16 #8 type.registry] 
New type domain.Event

[2020-05-09 17:49:16 #9 type.registry] 
New type domain.Pronostico

[2020-05-09 17:49:16 #10 type] 
Type domain.Monedero is not enhanced.

[2020-05-09 17:49:16 #11 type] 
Type domain.Event is not enhanced.

[2020-05-09 17:49:16 #12 type.registry] 
New type domain.Question

[2020-05-09 17:49:16 #13 type.registry] 
New type java.util.Vector<domain.Question>

[2020-05-09 17:49:16 #14 type.registry] 
New type domain.Deporte

[2020-05-09 17:49:16 #15 type] 
Type domain.Pronostico is not enhanced.

[2020-05-09 17:49:16 #16 type] 
Type domain.Question is not enhanced.

[2020-05-09 17:49:16 #17 type.registry] 
New type java.util.Vector<domain.Pronostico>

[2020-05-09 17:49:16 #18 type] 
Type domain.Deporte is not enhanced.

[2020-05-09 17:49:16 #19 type.registry] 
New type java.util.Vector<domain.Event>

[2020-05-09 17:49:16 #20 type.registry] 
New type java.util.Vector<java.lang.Object>

------------------------------------------------------------------------------------------------------------------------

[2020-05-09 17:50:49 #1 store] 
Database '/Users/adriansanse/git/LPCIS/Bets/resources/bets.temp' is opened by 1212@MacBook-Pro-de-Adrian.local

[2020-05-09 17:50:49 #2 type.registry] 
New type domain.Usuario

[2020-05-09 17:50:49 #3 type] 
Type domain.Usuario is not enhanced.

[2020-05-09 17:50:49 #4 type.registry] 
New type domain.Apuesta

[2020-05-09 17:50:49 #5 type.registry] 
New type java.util.Vector<domain.Apuesta>

[2020-05-09 17:50:49 #6 type.registry] 
New type domain.Monedero

[2020-05-09 17:50:49 #7 type] 
Type domain.Apuesta is not enhanced.

[2020-05-09 17:50:49 #8 type.registry] 
New type domain.Event

[2020-05-09 17:50:49 #9 type.registry] 
New type domain.Pronostico

[2020-05-09 17:50:49 #10 type] 
Type domain.Monedero is not enhanced.

[2020-05-09 17:50:49 #11 type] 
Type domain.Event is not enhanced.

[2020-05-09 17:50:49 #12 type.registry] 
New type domain.Question

[2020-05-09 17:50:49 #13 type.registry] 
New type java.util.Vector<domain.Question>

[2020-05-09 17:50:49 #14 type.registry] 
New type domain.Deporte

[2020-05-09 17:50:49 #15 type] 
Type domain.Pronostico is not enhanced.

[2020-05-09 17:50:49 #16 type] 
Type domain.Question is not enhanced.

[2020-05-09 17:50:49 #17 type.registry] 
New type java.util.Vector<domain.Pronostico>

[2020-05-09 17:50:49 #18 type] 
Type domain.Deporte is not enhanced.

[2020-05-09 17:50:49 #19 type.registry] 
New type java.util.Vector<domain.Event>

[2020-05-09 17:50:49 #20 type.registry] 
New type java.util.Vector<java.lang.Object>

------------------------------------------------------------------------------------------------------------------------

[2020-05-09 17:59:17 #1 store] 
Database '/Users/adriansanse/git/LPCIS/Bets/resources/bets.temp' is opened by 1228@MacBook-Pro-de-Adrian.local

[2020-05-09 17:59:17 #2 type.registry] 
New type domain.Usuario

[2020-05-09 17:59:17 #3 type] 
Type domain.Usuario is not enhanced.

[2020-05-09 17:59:17 #4 type.registry] 
New type domain.Apuesta

[2020-05-09 17:59:17 #5 type.registry] 
New type java.util.Vector<domain.Apuesta>

[2020-05-09 17:59:17 #6 type.registry] 
New type domain.Monedero

[2020-05-09 17:59:17 #7 type] 
Type domain.Apuesta is not enhanced.

[2020-05-09 17:59:17 #8 type.registry] 
New type domain.Event

[2020-05-09 17:59:17 #9 type.registry] 
New type domain.Pronostico

[2020-05-09 17:59:17 #10 type] 
Type domain.Monedero is not enhanced.

[2020-05-09 17:59:17 #11 type] 
Type domain.Event is not enhanced.

[2020-05-09 17:59:17 #12 type.registry] 
New type domain.Question

[2020-05-09 17:59:17 #13 type.registry] 
New type java.util.Vector<domain.Question>

[2020-05-09 17:59:17 #14 type.registry] 
New type domain.Deporte

[2020-05-09 17:59:17 #15 type] 
Type domain.Pronostico is not enhanced.

[2020-05-09 17:59:17 #16 type] 
Type domain.Question is not enhanced.

[2020-05-09 17:59:17 #17 type.registry] 
New type java.util.Vector<domain.Pronostico>

[2020-05-09 17:59:17 #18 type] 
Type domain.Deporte is not enhanced.

[2020-05-09 17:59:17 #19 type.registry] 
New type java.util.Vector<domain.Event>

[2020-05-09 17:59:17 #20 type.registry] 
New type java.util.Vector<java.lang.Object>

------------------------------------------------------------------------------------------------------------------------

[2020-05-09 18:00:58 #1 store] 
Database '/Users/adriansanse/git/LPCIS/Bets/resources/bets.temp' is opened by 1231@MacBook-Pro-de-Adrian.local

[2020-05-09 18:00:58 #2 type.registry] 
New type domain.Usuario

[2020-05-09 18:00:58 #3 type] 
Type domain.Usuario is not enhanced.

[2020-05-09 18:00:58 #4 type.registry] 
New type domain.Apuesta

[2020-05-09 18:00:58 #5 type.registry] 
New type java.util.Vector<domain.Apuesta>

[2020-05-09 18:00:58 #6 type.registry] 
New type domain.Monedero

[2020-05-09 18:00:58 #7 type] 
Type domain.Apuesta is not enhanced.

[2020-05-09 18:00:58 #8 type.registry] 
New type domain.Event

[2020-05-09 18:00:58 #9 type.registry] 
New type domain.Pronostico

[2020-05-09 18:00:58 #10 type] 
Type domain.Monedero is not enhanced.

[2020-05-09 18:00:58 #11 type] 
Type domain.Event is not enhanced.

[2020-05-09 18:00:58 #12 type.registry] 
New type domain.Question

[2020-05-09 18:00:58 #13 type.registry] 
New type java.util.Vector<domain.Question>

[2020-05-09 18:00:58 #14 type.registry] 
New type domain.Deporte

[2020-05-09 18:00:58 #15 type] 
Type domain.Pronostico is not enhanced.

[2020-05-09 18:00:58 #16 type] 
Type domain.Question is not enhanced.

[2020-05-09 18:00:58 #17 type.registry] 
New type java.util.Vector<domain.Pronostico>

[2020-05-09 18:00:58 #18 type] 
Type domain.Deporte is not enhanced.

[2020-05-09 18:00:58 #19 type.registry] 
New type java.util.Vector<domain.Event>

[2020-05-09 18:00:58 #20 type.registry] 
New type java.util.Vector<java.lang.Object>

------------------------------------------------------------------------------------------------------------------------

[2020-05-09 18:04:17 #1 store] 
Database '/Users/adriansanse/git/LPCIS/Bets/resources/bets.temp' is opened by 1259@MacBook-Pro-de-Adrian.local

[2020-05-09 18:04:17 #2 type.registry] 
New type domain.Usuario

[2020-05-09 18:04:17 #3 type] 
Type domain.Usuario is not enhanced.

[2020-05-09 18:04:17 #4 type.registry] 
New type domain.Apuesta

[2020-05-09 18:04:17 #5 type.registry] 
New type java.util.Vector<domain.Apuesta>

[2020-05-09 18:04:17 #6 type.registry] 
New type domain.Monedero

[2020-05-09 18:04:17 #7 type] 
Type domain.Apuesta is not enhanced.

[2020-05-09 18:04:18 #8 type.registry] 
New type domain.Event

[2020-05-09 18:04:18 #9 type.registry] 
New type domain.Pronostico

[2020-05-09 18:04:18 #10 type] 
Type domain.Monedero is not enhanced.

[2020-05-09 18:04:18 #11 type] 
Type domain.Event is not enhanced.

[2020-05-09 18:04:18 #12 type.registry] 
New type domain.Question

[2020-05-09 18:04:18 #13 type.registry] 
New type java.util.Vector<domain.Question>

[2020-05-09 18:04:18 #14 type.registry] 
New type domain.Deporte

[2020-05-09 18:04:18 #15 type] 
Type domain.Pronostico is not enhanced.

[2020-05-09 18:04:18 #16 type] 
Type domain.Question is not enhanced.

[2020-05-09 18:04:18 #17 type.registry] 
New type java.util.Vector<domain.Pronostico>

[2020-05-09 18:04:18 #18 type] 
Type domain.Deporte is not enhanced.

[2020-05-09 18:04:18 #19 type.registry] 
New type java.util.Vector<domain.Event>

[2020-05-09 18:04:18 #20 type.registry] 
New type java.util.Vector<java.lang.Object>

------------------------------------------------------------------------------------------------------------------------

[2020-05-09 18:09:11 #1 store] 
Database '/Users/adriansanse/git/LPCIS/Bets/resources/bets.temp' is opened by 1269@MacBook-Pro-de-Adrian.local

------------------------------------------------------------------------------------------------------------------------

[2020-05-09 18:09:51 #1 store] 
Database '/Users/adriansanse/git/LPCIS/Bets/resources/bets.temp' is opened by 1271@MacBook-Pro-de-Adrian.local

[2020-05-09 18:09:51 #2 type.registry] 
New type domain.Event

[2020-05-09 18:09:51 #3 type] 
Type domain.Event is not enhanced.

[2020-05-09 18:09:51 #4 type.registry] 
New type domain.Question

[2020-05-09 18:09:51 #5 type.registry] 
New type java.util.Vector<domain.Question>

[2020-05-09 18:09:51 #6 type.registry] 
New type domain.Deporte

[2020-05-09 18:09:51 #7 type] 
Type domain.Question is not enhanced.

[2020-05-09 18:09:51 #8 type.registry] 
New type domain.Pronostico

[2020-05-09 18:09:51 #9 type.registry] 
New type java.util.Vector<domain.Pronostico>

[2020-05-09 18:09:51 #10 type] 
Type domain.Deporte is not enhanced.

[2020-05-09 18:09:51 #11 type.registry] 
New type java.util.Vector<domain.Event>

[2020-05-09 18:09:51 #12 type] 
Type domain.Pronostico is not enhanced.

[2020-05-09 18:09:51 #13 type.registry] 
New type domain.Apuesta

[2020-05-09 18:09:51 #14 type.registry] 
New type java.util.Vector<domain.Apuesta>

[2020-05-09 18:09:51 #15 type] 
Type domain.Apuesta is not enhanced.

[2020-05-09 18:09:51 #16 type.registry] 
New type domain.Usuario

[2020-05-09 18:09:51 #17 type] 
Type domain.Usuario is not enhanced.

[2020-05-09 18:09:51 #18 type.registry] 
New type domain.Monedero

[2020-05-09 18:09:51 #19 type] 
Type domain.Monedero is not enhanced.

------------------------------------------------------------------------------------------------------------------------

[2020-05-09 18:11:01 #1 store] 
Database '/Users/adriansanse/git/LPCIS/Bets/resources/bets.temp' is opened by 1274@MacBook-Pro-de-Adrian.local

[2020-05-09 18:11:01 #2 type.registry] 
New type domain.Usuario

[2020-05-09 18:11:01 #3 type] 
Type domain.Usuario is not enhanced.

[2020-05-09 18:11:01 #4 type.registry] 
New type domain.Apuesta

[2020-05-09 18:11:01 #5 type.registry] 
New type java.util.Vector<domain.Apuesta>

[2020-05-09 18:11:01 #6 type.registry] 
New type domain.Monedero

[2020-05-09 18:11:01 #7 type] 
Type domain.Apuesta is not enhanced.

[2020-05-09 18:11:01 #8 type.registry] 
New type domain.Event

[2020-05-09 18:11:01 #9 type.registry] 
New type domain.Pronostico

[2020-05-09 18:11:01 #10 type] 
Type domain.Monedero is not enhanced.

[2020-05-09 18:11:01 #11 type] 
Type domain.Event is not enhanced.

[2020-05-09 18:11:01 #12 type.registry] 
New type domain.Question

[2020-05-09 18:11:01 #13 type.registry] 
New type java.util.Vector<domain.Question>

[2020-05-09 18:11:01 #14 type.registry] 
New type domain.Deporte

[2020-05-09 18:11:01 #15 type] 
Type domain.Pronostico is not enhanced.

[2020-05-09 18:11:01 #16 type] 
Type domain.Question is not enhanced.

[2020-05-09 18:11:01 #17 type.registry] 
New type java.util.Vector<domain.Pronostico>

[2020-05-09 18:11:01 #18 type] 
Type domain.Deporte is not enhanced.

[2020-05-09 18:11:01 #19 type.registry] 
New type java.util.Vector<domain.Event>

[2020-05-09 18:11:01 #20 type.registry] 
New type java.util.Vector<java.lang.Object>

------------------------------------------------------------------------------------------------------------------------

[2020-05-09 18:13:34 #1 store] 
Database '/Users/adriansanse/git/LPCIS/Bets/resources/bets.temp' is opened by 1278@MacBook-Pro-de-Adrian.local

[2020-05-09 18:13:34 #2 type.registry] 
New type domain.Usuario

[2020-05-09 18:13:34 #3 type] 
Type domain.Usuario is not enhanced.

[2020-05-09 18:13:34 #4 type.registry] 
New type domain.Apuesta

[2020-05-09 18:13:34 #5 type.registry] 
New type java.util.Vector<domain.Apuesta>

[2020-05-09 18:13:34 #6 type.registry] 
New type domain.Monedero

[2020-05-09 18:13:34 #7 type] 
Type domain.Apuesta is not enhanced.

[2020-05-09 18:13:34 #8 type.registry] 
New type domain.Event

[2020-05-09 18:13:34 #9 type.registry] 
New type domain.Pronostico

[2020-05-09 18:13:34 #10 type] 
Type domain.Monedero is not enhanced.

[2020-05-09 18:13:34 #11 type] 
Type domain.Event is not enhanced.

[2020-05-09 18:13:34 #12 type.registry] 
New type domain.Question

[2020-05-09 18:13:34 #13 type.registry] 
New type java.util.Vector<domain.Question>

[2020-05-09 18:13:34 #14 type.registry] 
New type domain.Deporte

[2020-05-09 18:13:34 #15 type] 
Type domain.Pronostico is not enhanced.

[2020-05-09 18:13:34 #16 type] 
Type domain.Question is not enhanced.

[2020-05-09 18:13:34 #17 type.registry] 
New type java.util.Vector<domain.Pronostico>

[2020-05-09 18:13:34 #18 type] 
Type domain.Deporte is not enhanced.

[2020-05-09 18:13:34 #19 type.registry] 
New type java.util.Vector<domain.Event>

[2020-05-09 18:13:34 #20 type.registry] 
New type java.util.Vector<java.lang.Object>

------------------------------------------------------------------------------------------------------------------------

[2020-05-09 18:14:08 #1 store] 
Database '/Users/adriansanse/git/LPCIS/Bets/resources/bets.temp' is opened by 1281@MacBook-Pro-de-Adrian.local

[2020-05-09 18:14:08 #2 type.registry] 
New type domain.Usuario

[2020-05-09 18:14:08 #3 type] 
Type domain.Usuario is not enhanced.

[2020-05-09 18:14:08 #4 type.registry] 
New type domain.Apuesta

[2020-05-09 18:14:08 #5 type.registry] 
New type java.util.Vector<domain.Apuesta>

[2020-05-09 18:14:08 #6 type.registry] 
New type domain.Monedero

[2020-05-09 18:14:08 #7 type] 
Type domain.Apuesta is not enhanced.

[2020-05-09 18:14:08 #8 type.registry] 
New type domain.Event

[2020-05-09 18:14:08 #9 type.registry] 
New type domain.Pronostico

[2020-05-09 18:14:08 #10 type] 
Type domain.Monedero is not enhanced.

[2020-05-09 18:14:08 #11 type] 
Type domain.Event is not enhanced.

[2020-05-09 18:14:08 #12 type.registry] 
New type domain.Question

[2020-05-09 18:14:08 #13 type.registry] 
New type java.util.Vector<domain.Question>

[2020-05-09 18:14:08 #14 type.registry] 
New type domain.Deporte

[2020-05-09 18:14:08 #15 type] 
Type domain.Pronostico is not enhanced.

[2020-05-09 18:14:08 #16 type] 
Type domain.Question is not enhanced.

[2020-05-09 18:14:08 #17 type.registry] 
New type java.util.Vector<domain.Pronostico>

[2020-05-09 18:14:08 #18 type] 
Type domain.Deporte is not enhanced.

[2020-05-09 18:14:08 #19 type.registry] 
New type java.util.Vector<domain.Event>

[2020-05-09 18:14:08 #20 type.registry] 
New type java.util.Vector<java.lang.Object>

------------------------------------------------------------------------------------------------------------------------

[2020-05-09 21:11:13 #1 store] 
Database 'C:\Users\marko\git\LPCIS\Bets\resources\bets.temp' is opened by 19868@Marcos

[2020-05-09 21:11:13 #2 type.registry] 
New type domain.Usuario

[2020-05-09 21:11:13 #3 type] 
Type domain.Usuario is not enhanced.

[2020-05-09 21:11:13 #4 type.registry] 
New type domain.Apuesta

[2020-05-09 21:11:13 #5 type.registry] 
New type java.util.Vector<domain.Apuesta>

[2020-05-09 21:11:13 #6 type.registry] 
New type domain.Monedero

[2020-05-09 21:11:13 #7 type] 
Type domain.Apuesta is not enhanced.

[2020-05-09 21:11:13 #8 type.registry] 
New type domain.Event

[2020-05-09 21:11:13 #9 type.registry] 
New type domain.Pronostico

[2020-05-09 21:11:13 #10 type] 
Type domain.Monedero is not enhanced.

[2020-05-09 21:11:13 #11 type] 
Type domain.Event is not enhanced.

[2020-05-09 21:11:13 #12 type.registry] 
New type domain.Question

[2020-05-09 21:11:13 #13 type.registry] 
New type java.util.Vector<domain.Question>

[2020-05-09 21:11:13 #14 type.registry] 
New type domain.Deporte

[2020-05-09 21:11:13 #15 type] 
Type domain.Pronostico is not enhanced.

[2020-05-09 21:11:13 #16 type] 
Type domain.Question is not enhanced.

[2020-05-09 21:11:13 #17 type.registry] 
New type java.util.Vector<domain.Pronostico>

[2020-05-09 21:11:13 #18 type] 
Type domain.Deporte is not enhanced.

[2020-05-09 21:11:13 #19 type.registry] 
New type java.util.Vector<domain.Event>

[2020-05-09 21:11:13 #20 type.registry] 
New type java.util.Vector<java.lang.Object>

