------------------------------------------------------------------------------------------------------------------------

[2020-04-17 17:56:47 #1 store] 
Database 'C:\Users\unais\Desktop\bets-workspace\LPCIS\Bets\resources\bets.temp' is opened by 11628@DESKTOP-9ERLLO7

[2020-04-17 17:56:48 #2 type.registry] 
New type domain.Usuario

[2020-04-17 17:56:48 #3 type] 
Type domain.Usuario is not enhanced.

[2020-04-17 17:56:49 #4 type.registry] 
New type domain.Apuesta

[2020-04-17 17:56:49 #5 type.registry] 
New type java.util.Vector<domain.Apuesta>

[2020-04-17 17:56:49 #6 type.registry] 
New type domain.Monedero

[2020-04-17 17:56:49 #7 type] 
Type domain.Apuesta is not enhanced.

[2020-04-17 17:56:49 #8 type.registry] 
New type domain.Event

[2020-04-17 17:56:49 #9 type.registry] 
New type domain.Pronostico

[2020-04-17 17:56:49 #10 type] 
Type domain.Monedero is not enhanced.

[2020-04-17 17:56:49 #11 type] 
Type domain.Event is not enhanced.

[2020-04-17 17:56:49 #12 type.registry] 
New type domain.Question

[2020-04-17 17:56:49 #13 type.registry] 
New type java.util.Vector<domain.Question>

[2020-04-17 17:56:49 #14 type.registry] 
New type domain.Deporte

[2020-04-17 17:56:49 #15 type] 
Type domain.Pronostico is not enhanced.

[2020-04-17 17:56:49 #16 type] 
Type domain.Question is not enhanced.

[2020-04-17 17:56:49 #17 type.registry] 
New type java.util.Vector<domain.Pronostico>

[2020-04-17 17:56:49 #18 type] 
Type domain.Deporte is not enhanced.

[2020-04-17 17:56:49 #19 type.registry] 
New type java.util.Vector<domain.Event>

[2020-04-17 17:56:49 #20 type.registry] 
New type java.util.Vector<java.lang.Object>

------------------------------------------------------------------------------------------------------------------------

[2020-04-17 18:15:21 #1 store] 
Database 'C:\Users\unais\Desktop\bets-workspace\LPCIS\Bets\resources\bets.temp' is opened by 2380@DESKTOP-9ERLLO7

[2020-04-17 18:15:21 #2 type.registry] 
New type domain.Usuario

[2020-04-17 18:15:21 #3 type] 
Type domain.Usuario is not enhanced.

[2020-04-17 18:15:21 #4 type.registry] 
New type domain.Apuesta

[2020-04-17 18:15:21 #5 type.registry] 
New type java.util.Vector<domain.Apuesta>

[2020-04-17 18:15:21 #6 type.registry] 
New type domain.Monedero

[2020-04-17 18:15:21 #7 type] 
Type domain.Apuesta is not enhanced.

[2020-04-17 18:15:21 #8 type.registry] 
New type domain.Event

[2020-04-17 18:15:21 #9 type.registry] 
New type domain.Pronostico

[2020-04-17 18:15:21 #10 type] 
Type domain.Monedero is not enhanced.

[2020-04-17 18:15:21 #11 type] 
Type domain.Event is not enhanced.

[2020-04-17 18:15:21 #12 type.registry] 
New type domain.Question

[2020-04-17 18:15:21 #13 type.registry] 
New type java.util.Vector<domain.Question>

[2020-04-17 18:15:21 #14 type.registry] 
New type domain.Deporte

[2020-04-17 18:15:21 #15 type] 
Type domain.Pronostico is not enhanced.

[2020-04-17 18:15:21 #16 type] 
Type domain.Question is not enhanced.

[2020-04-17 18:15:21 #17 type.registry] 
New type java.util.Vector<domain.Pronostico>

[2020-04-17 18:15:21 #18 type] 
Type domain.Deporte is not enhanced.

[2020-04-17 18:15:21 #19 type.registry] 
New type java.util.Vector<domain.Event>

[2020-04-17 18:15:21 #20 type.registry] 
New type java.util.Vector<java.lang.Object>

