------------------------------------------------------------------------------------------------------------------------

[2020-04-01 10:39:18 #1 store] 
Database 'C:\Users\unais\Desktop\bets-workspace\LPCIS\Bets\resources\bets.temp' has been recovered (tr. 8-9)

[2020-04-01 10:39:18 #2 store] 
Database 'C:\Users\unais\Desktop\bets-workspace\LPCIS\Bets\resources\bets.temp' is opened by 15208@DESKTOP-9ERLLO7

[2020-04-01 10:39:19 #3 type] 
Type domain.Usuario is not enhanced.

[2020-04-01 10:39:19 #4 type] 
Type domain.Apuesta is not enhanced.

[2020-04-01 10:39:19 #5 type] 
Type domain.Monedero is not enhanced.

[2020-04-01 10:39:19 #6 type] 
Type domain.Question is not enhanced.

[2020-04-01 10:39:19 #7 type] 
Type domain.Pronostico is not enhanced.

[2020-04-01 10:39:19 #8 type] 
Type domain.Event is not enhanced.

------------------------------------------------------------------------------------------------------------------------

[2020-04-01 10:51:06 #1 store] 
Database 'C:\Users\unais\Desktop\bets-workspace\LPCIS\Bets\resources\bets.temp' is opened by 812@DESKTOP-9ERLLO7

[2020-04-01 10:51:06 #2 type] 
Type domain.Usuario is not enhanced.

[2020-04-01 10:51:06 #3 type] 
Type domain.Apuesta is not enhanced.

[2020-04-01 10:51:06 #4 type] 
Type domain.Monedero is not enhanced.

[2020-04-01 10:51:06 #5 type] 
Type domain.Question is not enhanced.

[2020-04-01 10:51:06 #6 type] 
Type domain.Pronostico is not enhanced.

[2020-04-01 10:51:07 #7 type] 
Type domain.Event is not enhanced.

------------------------------------------------------------------------------------------------------------------------

[2020-04-01 11:06:56 #1 store] 
Database 'C:\Users\unais\Desktop\bets-workspace\LPCIS\Bets\resources\bets.temp' has been recovered (tr. 10-13)

[2020-04-01 11:06:57 #2 store] 
Database 'C:\Users\unais\Desktop\bets-workspace\LPCIS\Bets\resources\bets.temp' is opened by 12612@DESKTOP-9ERLLO7

[2020-04-01 11:06:57 #3 type] 
Type domain.Usuario is not enhanced.

[2020-04-01 11:06:57 #4 type] 
Type domain.Apuesta is not enhanced.

[2020-04-01 11:06:57 #5 type] 
Type domain.Monedero is not enhanced.

[2020-04-01 11:06:57 #6 type] 
Type domain.Question is not enhanced.

[2020-04-01 11:06:57 #7 type] 
Type domain.Pronostico is not enhanced.

[2020-04-01 11:06:57 #8 type] 
Type domain.Event is not enhanced.

------------------------------------------------------------------------------------------------------------------------

[2020-04-01 12:13:30 #1 store] 
Database 'C:\Users\unais\Desktop\bets-workspace\LPCIS\Bets\resources\bets.temp' is opened by 13204@DESKTOP-9ERLLO7

[2020-04-01 12:13:30 #2 type] 
Type domain.Usuario is not enhanced.

[2020-04-01 12:13:30 #3 type] 
Type domain.Apuesta is not enhanced.

[2020-04-01 12:13:30 #4 type] 
Type domain.Monedero is not enhanced.

[2020-04-01 12:13:30 #5 type] 
Type domain.Question is not enhanced.

[2020-04-01 12:13:30 #6 type] 
Type domain.Pronostico is not enhanced.

[2020-04-01 12:13:30 #7 type] 
Type domain.Event is not enhanced.

------------------------------------------------------------------------------------------------------------------------

[2020-04-01 12:14:17 #1 store] 
Database 'C:\Users\unais\Desktop\bets-workspace\LPCIS\Bets\resources\bets.temp' is opened by 13404@DESKTOP-9ERLLO7

[2020-04-01 12:14:17 #2 type] 
Type domain.Usuario is not enhanced.

[2020-04-01 12:14:17 #3 type] 
Type domain.Apuesta is not enhanced.

[2020-04-01 12:14:17 #4 type] 
Type domain.Monedero is not enhanced.

[2020-04-01 12:14:17 #5 type] 
Type domain.Question is not enhanced.

[2020-04-01 12:14:17 #6 type] 
Type domain.Pronostico is not enhanced.

[2020-04-01 12:14:17 #7 type] 
Type domain.Event is not enhanced.

------------------------------------------------------------------------------------------------------------------------

[2020-04-01 12:16:41 #1 store] 
Database 'C:\Users\unais\Desktop\bets-workspace\LPCIS\Bets\resources\bets.temp' is opened by 11928@DESKTOP-9ERLLO7

[2020-04-01 12:16:41 #2 type] 
Type domain.Usuario is not enhanced.

[2020-04-01 12:16:41 #3 type] 
Type domain.Apuesta is not enhanced.

[2020-04-01 12:16:41 #4 type] 
Type domain.Monedero is not enhanced.

[2020-04-01 12:16:41 #5 type] 
Type domain.Question is not enhanced.

[2020-04-01 12:16:41 #6 type] 
Type domain.Pronostico is not enhanced.

[2020-04-01 12:16:41 #7 type] 
Type domain.Event is not enhanced.

------------------------------------------------------------------------------------------------------------------------

[2020-04-01 12:22:10 #1 store] 
Database 'C:\Users\unais\Desktop\bets-workspace\LPCIS\Bets\resources\bets.temp' is opened by 5712@DESKTOP-9ERLLO7

[2020-04-01 12:22:10 #2 type] 
Type domain.Usuario is not enhanced.

[2020-04-01 12:22:10 #3 type] 
Type domain.Apuesta is not enhanced.

[2020-04-01 12:22:10 #4 type] 
Type domain.Monedero is not enhanced.

[2020-04-01 12:22:10 #5 type] 
Type domain.Question is not enhanced.

[2020-04-01 12:22:10 #6 type] 
Type domain.Pronostico is not enhanced.

[2020-04-01 12:22:10 #7 type] 
Type domain.Event is not enhanced.

------------------------------------------------------------------------------------------------------------------------

[2020-04-01 12:29:37 #1 store] 
Database 'C:\Users\unais\Desktop\bets-workspace\LPCIS\Bets\resources\bets.temp' is opened by 4008@DESKTOP-9ERLLO7

[2020-04-01 12:29:37 #2 type] 
Type domain.Usuario is not enhanced.

[2020-04-01 12:29:37 #3 type] 
Type domain.Apuesta is not enhanced.

[2020-04-01 12:29:37 #4 type] 
Type domain.Monedero is not enhanced.

[2020-04-01 12:29:37 #5 type] 
Type domain.Question is not enhanced.

[2020-04-01 12:29:37 #6 type] 
Type domain.Pronostico is not enhanced.

[2020-04-01 12:29:37 #7 type] 
Type domain.Event is not enhanced.

------------------------------------------------------------------------------------------------------------------------

[2020-04-01 12:34:41 #1 store] 
Database 'C:\Users\unais\Desktop\bets-workspace\LPCIS\Bets\resources\bets.temp' is opened by 17328@DESKTOP-9ERLLO7

[2020-04-01 12:34:42 #2 type] 
Type domain.Usuario is not enhanced.

[2020-04-01 12:34:42 #3 type] 
Type domain.Apuesta is not enhanced.

[2020-04-01 12:34:42 #4 type] 
Type domain.Monedero is not enhanced.

[2020-04-01 12:34:42 #5 type] 
Type domain.Question is not enhanced.

[2020-04-01 12:34:42 #6 type] 
Type domain.Pronostico is not enhanced.

[2020-04-01 12:34:42 #7 type] 
Type domain.Event is not enhanced.

------------------------------------------------------------------------------------------------------------------------

[2020-04-01 12:36:07 #1 store] 
Database 'C:\Users\unais\Desktop\bets-workspace\LPCIS\Bets\resources\bets.temp' has been recovered (tr. 14-15)

[2020-04-01 12:36:07 #2 store] 
Database 'C:\Users\unais\Desktop\bets-workspace\LPCIS\Bets\resources\bets.temp' is opened by 17196@DESKTOP-9ERLLO7

[2020-04-01 12:36:08 #3 type] 
Type domain.Usuario is not enhanced.

[2020-04-01 12:36:08 #4 type] 
Type domain.Apuesta is not enhanced.

[2020-04-01 12:36:08 #5 type] 
Type domain.Monedero is not enhanced.

[2020-04-01 12:36:08 #6 type] 
Type domain.Question is not enhanced.

[2020-04-01 12:36:08 #7 type] 
Type domain.Pronostico is not enhanced.

[2020-04-01 12:36:08 #8 type] 
Type domain.Event is not enhanced.

------------------------------------------------------------------------------------------------------------------------

[2020-04-01 12:38:16 #1 store] 
Database 'C:\Users\unais\Desktop\bets-workspace\LPCIS\Bets\resources\bets.temp' has been recovered (tr. 16-17)

[2020-04-01 12:38:16 #2 store] 
Database 'C:\Users\unais\Desktop\bets-workspace\LPCIS\Bets\resources\bets.temp' is opened by 16508@DESKTOP-9ERLLO7

[2020-04-01 12:38:16 #3 type] 
Type domain.Usuario is not enhanced.

[2020-04-01 12:38:16 #4 type] 
Type domain.Apuesta is not enhanced.

[2020-04-01 12:38:16 #5 type] 
Type domain.Monedero is not enhanced.

[2020-04-01 12:38:16 #6 type] 
Type domain.Question is not enhanced.

[2020-04-01 12:38:16 #7 type] 
Type domain.Pronostico is not enhanced.

[2020-04-01 12:38:16 #8 type] 
Type domain.Event is not enhanced.

------------------------------------------------------------------------------------------------------------------------

[2020-04-01 12:40:05 #1 store] 
Database 'C:\Users\unais\Desktop\bets-workspace\LPCIS\Bets\resources\bets.temp' has been recovered (tr. 18-21)

[2020-04-01 12:40:05 #2 store] 
Database 'C:\Users\unais\Desktop\bets-workspace\LPCIS\Bets\resources\bets.temp' is opened by 1428@DESKTOP-9ERLLO7

[2020-04-01 12:40:05 #3 type] 
Type domain.Usuario is not enhanced.

[2020-04-01 12:40:05 #4 type] 
Type domain.Apuesta is not enhanced.

[2020-04-01 12:40:05 #5 type] 
Type domain.Monedero is not enhanced.

[2020-04-01 12:40:05 #6 type] 
Type domain.Question is not enhanced.

[2020-04-01 12:40:05 #7 type] 
Type domain.Pronostico is not enhanced.

[2020-04-01 12:40:05 #8 type] 
Type domain.Event is not enhanced.

------------------------------------------------------------------------------------------------------------------------

[2020-04-01 12:45:43 #1 store] 
Database 'C:\Users\unais\Desktop\bets-workspace\LPCIS\Bets\resources\bets.temp' has been recovered (tr. 22-25)

[2020-04-01 12:45:43 #2 store] 
Database 'C:\Users\unais\Desktop\bets-workspace\LPCIS\Bets\resources\bets.temp' is opened by 15996@DESKTOP-9ERLLO7

[2020-04-01 12:45:44 #3 type] 
Type domain.Usuario is not enhanced.

[2020-04-01 12:45:44 #4 type] 
Type domain.Apuesta is not enhanced.

[2020-04-01 12:45:44 #5 type] 
Type domain.Monedero is not enhanced.

[2020-04-01 12:45:44 #6 type] 
Type domain.Question is not enhanced.

[2020-04-01 12:45:44 #7 type] 
Type domain.Pronostico is not enhanced.

[2020-04-01 12:45:44 #8 type] 
Type domain.Event is not enhanced.

------------------------------------------------------------------------------------------------------------------------

[2020-04-01 12:59:18 #1 store] 
Database 'C:\Users\unais\Desktop\bets-workspace\LPCIS\Bets\resources\bets.temp' is opened by 16648@DESKTOP-9ERLLO7

[2020-04-01 12:59:19 #2 type] 
Type domain.Usuario is not enhanced.

[2020-04-01 12:59:19 #3 type] 
Type domain.Apuesta is not enhanced.

[2020-04-01 12:59:19 #4 type] 
Type domain.Monedero is not enhanced.

[2020-04-01 12:59:19 #5 type] 
Type domain.Question is not enhanced.

[2020-04-01 12:59:19 #6 type] 
Type domain.Pronostico is not enhanced.

[2020-04-01 12:59:19 #7 type] 
Type domain.Event is not enhanced.

------------------------------------------------------------------------------------------------------------------------

[2020-04-01 13:01:40 #1 store] 
Database 'C:\Users\unais\Desktop\bets-workspace\LPCIS\Bets\resources\bets.temp' is opened by 14600@DESKTOP-9ERLLO7

[2020-04-01 13:01:40 #2 type.registry] 
New type domain.Usuario

[2020-04-01 13:01:40 #3 type] 
Type domain.Usuario is not enhanced.

[2020-04-01 13:01:40 #4 type.registry] 
New type domain.Apuesta

[2020-04-01 13:01:40 #5 type.registry] 
New type java.util.Vector<domain.Apuesta>

[2020-04-01 13:01:40 #6 type.registry] 
New type domain.Monedero

[2020-04-01 13:01:40 #7 type] 
Type domain.Apuesta is not enhanced.

[2020-04-01 13:01:40 #8 type] 
Type domain.Monedero is not enhanced.

[2020-04-01 13:01:40 #9 type.registry] 
New type domain.Question

[2020-04-01 13:01:40 #10 type] 
Type domain.Question is not enhanced.

[2020-04-01 13:01:40 #11 type.registry] 
New type domain.Pronostico

[2020-04-01 13:01:40 #12 type.registry] 
New type java.util.Vector<domain.Pronostico>

[2020-04-01 13:01:40 #13 type.registry] 
New type domain.Event

[2020-04-01 13:01:40 #14 type] 
Type domain.Pronostico is not enhanced.

[2020-04-01 13:01:40 #15 type] 
Type domain.Event is not enhanced.

[2020-04-01 13:01:40 #16 type.registry] 
New type java.util.Vector<domain.Question>

[2020-04-01 13:01:40 #17 type.registry] 
New type java.util.Vector<java.lang.Object>

------------------------------------------------------------------------------------------------------------------------

[2020-04-01 13:02:00 #1 store] 
Database 'C:\Users\unais\Desktop\bets-workspace\LPCIS\Bets\resources\bets.temp' has been recovered (tr. 1-6)

[2020-04-01 13:02:00 #2 store] 
Database 'C:\Users\unais\Desktop\bets-workspace\LPCIS\Bets\resources\bets.temp' is opened by 1116@DESKTOP-9ERLLO7

[2020-04-01 13:02:01 #3 type] 
Type domain.Usuario is not enhanced.

[2020-04-01 13:02:01 #4 type] 
Type domain.Apuesta is not enhanced.

[2020-04-01 13:02:01 #5 type] 
Type domain.Monedero is not enhanced.

[2020-04-01 13:02:01 #6 type] 
Type domain.Question is not enhanced.

[2020-04-01 13:02:01 #7 type] 
Type domain.Pronostico is not enhanced.

[2020-04-01 13:02:01 #8 type] 
Type domain.Event is not enhanced.

------------------------------------------------------------------------------------------------------------------------

[2020-04-01 13:07:09 #1 store] 
Database 'C:\Users\unais\Desktop\bets-workspace\LPCIS\Bets\resources\bets.temp' has been recovered (tr. 7-12)

[2020-04-01 13:07:09 #2 store] 
Database 'C:\Users\unais\Desktop\bets-workspace\LPCIS\Bets\resources\bets.temp' is opened by 2428@DESKTOP-9ERLLO7

[2020-04-01 13:07:10 #3 type] 
Type domain.Usuario is not enhanced.

[2020-04-01 13:07:10 #4 type] 
Type domain.Apuesta is not enhanced.

[2020-04-01 13:07:10 #5 type] 
Type domain.Monedero is not enhanced.

[2020-04-01 13:07:10 #6 type] 
Type domain.Question is not enhanced.

[2020-04-01 13:07:10 #7 type] 
Type domain.Pronostico is not enhanced.

[2020-04-01 13:07:10 #8 type] 
Type domain.Event is not enhanced.

------------------------------------------------------------------------------------------------------------------------

[2020-04-01 13:20:42 #1 store] 
Database 'C:\Users\unais\Desktop\bets-workspace\LPCIS\Bets\resources\bets.temp' has been recovered (tr. 13-13)

[2020-04-01 13:20:42 #2 store] 
Database 'C:\Users\unais\Desktop\bets-workspace\LPCIS\Bets\resources\bets.temp' is opened by 15780@DESKTOP-9ERLLO7

[2020-04-01 13:20:42 #3 type] 
Type domain.Usuario is not enhanced.

[2020-04-01 13:20:42 #4 type] 
Type domain.Apuesta is not enhanced.

[2020-04-01 13:20:42 #5 type] 
Type domain.Monedero is not enhanced.

[2020-04-01 13:20:42 #6 type] 
Type domain.Question is not enhanced.

[2020-04-01 13:20:42 #7 type] 
Type domain.Pronostico is not enhanced.

[2020-04-01 13:20:42 #8 type] 
Type domain.Event is not enhanced.

------------------------------------------------------------------------------------------------------------------------

[2020-04-01 13:21:46 #1 store] 
Database 'C:\Users\unais\Desktop\bets-workspace\LPCIS\Bets\resources\bets.temp' is opened by 14668@DESKTOP-9ERLLO7

[2020-04-01 13:21:46 #2 type.registry] 
New type domain.Usuario

[2020-04-01 13:21:46 #3 type] 
Type domain.Usuario is not enhanced.

[2020-04-01 13:21:46 #4 type.registry] 
New type domain.Apuesta

[2020-04-01 13:21:46 #5 type.registry] 
New type java.util.Vector<domain.Apuesta>

[2020-04-01 13:21:46 #6 type.registry] 
New type domain.Monedero

[2020-04-01 13:21:46 #7 type] 
Type domain.Apuesta is not enhanced.

[2020-04-01 13:21:46 #8 type] 
Type domain.Monedero is not enhanced.

[2020-04-01 13:21:46 #9 type.registry] 
New type domain.Question

[2020-04-01 13:21:46 #10 type] 
Type domain.Question is not enhanced.

[2020-04-01 13:21:46 #11 type.registry] 
New type domain.Pronostico

[2020-04-01 13:21:46 #12 type.registry] 
New type java.util.Vector<domain.Pronostico>

[2020-04-01 13:21:46 #13 type.registry] 
New type domain.Event

[2020-04-01 13:21:46 #14 type] 
Type domain.Pronostico is not enhanced.

[2020-04-01 13:21:46 #15 type] 
Type domain.Event is not enhanced.

[2020-04-01 13:21:46 #16 type.registry] 
New type java.util.Vector<domain.Question>

[2020-04-01 13:21:46 #17 type.registry] 
New type java.util.Vector<java.lang.Object>

------------------------------------------------------------------------------------------------------------------------

[2020-04-01 13:22:14 #1 store] 
Database 'C:\Users\unais\Desktop\bets-workspace\LPCIS\Bets\resources\bets.temp' has been recovered (tr. 1-6)

[2020-04-01 13:22:14 #2 store] 
Database 'C:\Users\unais\Desktop\bets-workspace\LPCIS\Bets\resources\bets.temp' is opened by 4632@DESKTOP-9ERLLO7

[2020-04-01 13:22:14 #3 type] 
Type domain.Usuario is not enhanced.

[2020-04-01 13:22:14 #4 type] 
Type domain.Apuesta is not enhanced.

[2020-04-01 13:22:14 #5 type] 
Type domain.Monedero is not enhanced.

[2020-04-01 13:22:14 #6 type] 
Type domain.Question is not enhanced.

[2020-04-01 13:22:15 #7 type] 
Type domain.Pronostico is not enhanced.

[2020-04-01 13:22:15 #8 type] 
Type domain.Event is not enhanced.

------------------------------------------------------------------------------------------------------------------------

[2020-04-01 13:23:10 #1 store] 
Database 'C:\Users\unais\Desktop\bets-workspace\LPCIS\Bets\resources\bets.temp' has been recovered (tr. 7-7)

[2020-04-01 13:23:10 #2 store] 
Database 'C:\Users\unais\Desktop\bets-workspace\LPCIS\Bets\resources\bets.temp' is opened by 2148@DESKTOP-9ERLLO7

[2020-04-01 13:23:11 #3 type] 
Type domain.Usuario is not enhanced.

[2020-04-01 13:23:11 #4 type] 
Type domain.Apuesta is not enhanced.

[2020-04-01 13:23:11 #5 type] 
Type domain.Monedero is not enhanced.

[2020-04-01 13:23:11 #6 type] 
Type domain.Question is not enhanced.

[2020-04-01 13:23:11 #7 type] 
Type domain.Pronostico is not enhanced.

[2020-04-01 13:23:11 #8 type] 
Type domain.Event is not enhanced.

------------------------------------------------------------------------------------------------------------------------

[2020-04-01 13:25:08 #1 store] 
Database 'C:\Users\unais\Desktop\bets-workspace\LPCIS\Bets\resources\bets.temp' is opened by 4216@DESKTOP-9ERLLO7

[2020-04-01 13:25:08 #2 type.registry] 
New type domain.Usuario

[2020-04-01 13:25:08 #3 type] 
Type domain.Usuario is not enhanced.

[2020-04-01 13:25:08 #4 type.registry] 
New type domain.Apuesta

[2020-04-01 13:25:08 #5 type.registry] 
New type java.util.Vector<domain.Apuesta>

[2020-04-01 13:25:08 #6 type.registry] 
New type domain.Monedero

[2020-04-01 13:25:08 #7 type] 
Type domain.Apuesta is not enhanced.

[2020-04-01 13:25:08 #8 type] 
Type domain.Monedero is not enhanced.

[2020-04-01 13:25:08 #9 type.registry] 
New type domain.Question

[2020-04-01 13:25:08 #10 type] 
Type domain.Question is not enhanced.

[2020-04-01 13:25:08 #11 type.registry] 
New type domain.Pronostico

[2020-04-01 13:25:08 #12 type.registry] 
New type java.util.Vector<domain.Pronostico>

[2020-04-01 13:25:09 #13 type.registry] 
New type domain.Event

[2020-04-01 13:25:09 #14 type] 
Type domain.Pronostico is not enhanced.

[2020-04-01 13:25:09 #15 type] 
Type domain.Event is not enhanced.

[2020-04-01 13:25:09 #16 type.registry] 
New type java.util.Vector<domain.Question>

[2020-04-01 13:25:09 #17 type.registry] 
New type java.util.Vector<java.lang.Object>

------------------------------------------------------------------------------------------------------------------------

[2020-04-01 13:28:54 #1 store] 
Database 'C:\Users\unais\Desktop\bets-workspace\LPCIS\Bets\resources\bets.temp' is opened by 8452@DESKTOP-9ERLLO7

[2020-04-01 13:28:55 #2 type.registry] 
New type domain.Usuario

[2020-04-01 13:28:55 #3 type] 
Type domain.Usuario is not enhanced.

[2020-04-01 13:28:55 #4 type.registry] 
New type domain.Apuesta

[2020-04-01 13:28:55 #5 type.registry] 
New type java.util.Vector<domain.Apuesta>

[2020-04-01 13:28:55 #6 type.registry] 
New type domain.Monedero

[2020-04-01 13:28:55 #7 type] 
Type domain.Apuesta is not enhanced.

[2020-04-01 13:28:55 #8 type] 
Type domain.Monedero is not enhanced.

[2020-04-01 13:28:55 #9 type.registry] 
New type domain.Question

[2020-04-01 13:28:55 #10 type] 
Type domain.Question is not enhanced.

[2020-04-01 13:28:55 #11 type.registry] 
New type domain.Pronostico

[2020-04-01 13:28:55 #12 type.registry] 
New type java.util.Vector<domain.Pronostico>

[2020-04-01 13:28:55 #13 type.registry] 
New type domain.Event

[2020-04-01 13:28:55 #14 type] 
Type domain.Pronostico is not enhanced.

[2020-04-01 13:28:55 #15 type] 
Type domain.Event is not enhanced.

[2020-04-01 13:28:55 #16 type.registry] 
New type java.util.Vector<domain.Question>

[2020-04-01 13:28:55 #17 type.registry] 
New type java.util.Vector<java.lang.Object>

------------------------------------------------------------------------------------------------------------------------

[2020-04-01 13:30:37 #1 store] 
Database 'C:\Users\unais\Desktop\bets-workspace\LPCIS\Bets\resources\bets.temp' has been recovered (tr. 1-6)

[2020-04-01 13:30:37 #2 store] 
Database 'C:\Users\unais\Desktop\bets-workspace\LPCIS\Bets\resources\bets.temp' is opened by 17340@DESKTOP-9ERLLO7

[2020-04-01 13:30:38 #3 type] 
Type domain.Usuario is not enhanced.

[2020-04-01 13:30:38 #4 type] 
Type domain.Apuesta is not enhanced.

[2020-04-01 13:30:38 #5 type] 
Type domain.Monedero is not enhanced.

[2020-04-01 13:30:38 #6 type] 
Type domain.Question is not enhanced.

[2020-04-01 13:30:38 #7 type] 
Type domain.Pronostico is not enhanced.

[2020-04-01 13:30:38 #8 type] 
Type domain.Event is not enhanced.

------------------------------------------------------------------------------------------------------------------------

[2020-04-01 13:31:46 #1 store] 
Database 'C:\Users\unais\Desktop\bets-workspace\LPCIS\Bets\resources\bets.temp' has been recovered (tr. 7-9)

[2020-04-01 13:31:46 #2 store] 
Database 'C:\Users\unais\Desktop\bets-workspace\LPCIS\Bets\resources\bets.temp' is opened by 3912@DESKTOP-9ERLLO7

[2020-04-01 13:31:46 #3 type] 
Type domain.Usuario is not enhanced.

[2020-04-01 13:31:46 #4 type] 
Type domain.Apuesta is not enhanced.

[2020-04-01 13:31:46 #5 type] 
Type domain.Monedero is not enhanced.

[2020-04-01 13:31:46 #6 type] 
Type domain.Question is not enhanced.

[2020-04-01 13:31:46 #7 type] 
Type domain.Pronostico is not enhanced.

[2020-04-01 13:31:46 #8 type] 
Type domain.Event is not enhanced.

------------------------------------------------------------------------------------------------------------------------

[2020-04-01 13:33:03 #1 store] 
Database 'C:\Users\unais\Desktop\bets-workspace\LPCIS\Bets\resources\bets.temp' has been recovered (tr. 10-11)

[2020-04-01 13:33:03 #2 store] 
Database 'C:\Users\unais\Desktop\bets-workspace\LPCIS\Bets\resources\bets.temp' is opened by 16416@DESKTOP-9ERLLO7

[2020-04-01 13:33:04 #3 type] 
Type domain.Usuario is not enhanced.

[2020-04-01 13:33:04 #4 type] 
Type domain.Apuesta is not enhanced.

[2020-04-01 13:33:04 #5 type] 
Type domain.Monedero is not enhanced.

[2020-04-01 13:33:04 #6 type] 
Type domain.Question is not enhanced.

[2020-04-01 13:33:04 #7 type] 
Type domain.Pronostico is not enhanced.

[2020-04-01 13:33:04 #8 type] 
Type domain.Event is not enhanced.

------------------------------------------------------------------------------------------------------------------------

[2020-04-01 13:36:50 #1 store] 
Database 'C:\Users\unais\Desktop\bets-workspace\LPCIS\Bets\resources\bets.temp' has been recovered (tr. 12-13)

[2020-04-01 13:36:50 #2 store] 
Database 'C:\Users\unais\Desktop\bets-workspace\LPCIS\Bets\resources\bets.temp' is opened by 14200@DESKTOP-9ERLLO7

[2020-04-01 13:36:51 #3 type] 
Type domain.Usuario is not enhanced.

[2020-04-01 13:36:51 #4 type] 
Type domain.Apuesta is not enhanced.

[2020-04-01 13:36:51 #5 type] 
Type domain.Monedero is not enhanced.

[2020-04-01 13:36:51 #6 type] 
Type domain.Question is not enhanced.

[2020-04-01 13:36:51 #7 type] 
Type domain.Pronostico is not enhanced.

[2020-04-01 13:36:51 #8 type] 
Type domain.Event is not enhanced.

------------------------------------------------------------------------------------------------------------------------

[2020-04-01 13:37:52 #1 store] 
Database 'C:\Users\unais\Desktop\bets-workspace\LPCIS\Bets\resources\bets.temp' is opened by 8396@DESKTOP-9ERLLO7

[2020-04-01 13:37:53 #2 type] 
Type domain.Usuario is not enhanced.

[2020-04-01 13:37:53 #3 type] 
Type domain.Apuesta is not enhanced.

[2020-04-01 13:37:53 #4 type] 
Type domain.Monedero is not enhanced.

[2020-04-01 13:37:53 #5 type] 
Type domain.Question is not enhanced.

[2020-04-01 13:37:53 #6 type] 
Type domain.Pronostico is not enhanced.

[2020-04-01 13:37:53 #7 type] 
Type domain.Event is not enhanced.

------------------------------------------------------------------------------------------------------------------------

[2020-04-01 13:39:30 #1 store] 
Database 'C:\Users\unais\Desktop\bets-workspace\LPCIS\Bets\resources\bets.temp' is opened by 5828@DESKTOP-9ERLLO7

[2020-04-01 13:39:30 #2 type] 
Type domain.Usuario is not enhanced.

[2020-04-01 13:39:30 #3 type] 
Type domain.Apuesta is not enhanced.

[2020-04-01 13:39:30 #4 type] 
Type domain.Monedero is not enhanced.

[2020-04-01 13:39:30 #5 type] 
Type domain.Question is not enhanced.

[2020-04-01 13:39:30 #6 type] 
Type domain.Pronostico is not enhanced.

[2020-04-01 13:39:30 #7 type] 
Type domain.Event is not enhanced.

------------------------------------------------------------------------------------------------------------------------

[2020-04-01 13:41:47 #1 store] 
Database 'C:\Users\unais\Desktop\bets-workspace\LPCIS\Bets\resources\bets.temp' is opened by 17388@DESKTOP-9ERLLO7

[2020-04-01 13:41:48 #2 type] 
Type domain.Usuario is not enhanced.

[2020-04-01 13:41:48 #3 type] 
Type domain.Apuesta is not enhanced.

[2020-04-01 13:41:48 #4 type] 
Type domain.Monedero is not enhanced.

[2020-04-01 13:41:48 #5 type] 
Type domain.Question is not enhanced.

[2020-04-01 13:41:48 #6 type] 
Type domain.Pronostico is not enhanced.

[2020-04-01 13:41:48 #7 type] 
Type domain.Event is not enhanced.

------------------------------------------------------------------------------------------------------------------------

[2020-04-01 13:42:21 #1 store] 
Database 'C:\Users\unais\Desktop\bets-workspace\LPCIS\Bets\resources\bets.temp' is opened by 16792@DESKTOP-9ERLLO7

[2020-04-01 13:42:21 #2 type] 
Type domain.Usuario is not enhanced.

[2020-04-01 13:42:21 #3 type] 
Type domain.Apuesta is not enhanced.

[2020-04-01 13:42:21 #4 type] 
Type domain.Monedero is not enhanced.

[2020-04-01 13:42:21 #5 type] 
Type domain.Question is not enhanced.

[2020-04-01 13:42:21 #6 type] 
Type domain.Pronostico is not enhanced.

[2020-04-01 13:42:21 #7 type] 
Type domain.Event is not enhanced.

------------------------------------------------------------------------------------------------------------------------

[2020-04-01 13:44:37 #1 store] 
Database 'C:\Users\unais\Desktop\bets-workspace\LPCIS\Bets\resources\bets.temp' is opened by 11944@DESKTOP-9ERLLO7

[2020-04-01 13:44:38 #2 type] 
Type domain.Usuario is not enhanced.

[2020-04-01 13:44:38 #3 type] 
Type domain.Apuesta is not enhanced.

[2020-04-01 13:44:38 #4 type] 
Type domain.Monedero is not enhanced.

[2020-04-01 13:44:38 #5 type] 
Type domain.Question is not enhanced.

[2020-04-01 13:44:38 #6 type] 
Type domain.Pronostico is not enhanced.

[2020-04-01 13:44:38 #7 type] 
Type domain.Event is not enhanced.

------------------------------------------------------------------------------------------------------------------------

[2020-04-01 13:45:20 #1 store] 
Database 'C:\Users\unais\Desktop\bets-workspace\LPCIS\Bets\resources\bets.temp' is opened by 17296@DESKTOP-9ERLLO7

[2020-04-01 13:45:21 #2 type] 
Type domain.Usuario is not enhanced.

[2020-04-01 13:45:21 #3 type] 
Type domain.Apuesta is not enhanced.

[2020-04-01 13:45:21 #4 type] 
Type domain.Monedero is not enhanced.

[2020-04-01 13:45:21 #5 type] 
Type domain.Question is not enhanced.

[2020-04-01 13:45:21 #6 type] 
Type domain.Pronostico is not enhanced.

[2020-04-01 13:45:21 #7 type] 
Type domain.Event is not enhanced.

------------------------------------------------------------------------------------------------------------------------

[2020-04-01 13:47:25 #1 store] 
Database 'C:\Users\unais\Desktop\bets-workspace\LPCIS\Bets\resources\bets.temp' is opened by 8032@DESKTOP-9ERLLO7

[2020-04-01 13:47:26 #2 type] 
Type domain.Usuario is not enhanced.

[2020-04-01 13:47:26 #3 type] 
Type domain.Apuesta is not enhanced.

[2020-04-01 13:47:26 #4 type] 
Type domain.Monedero is not enhanced.

[2020-04-01 13:47:26 #5 type] 
Type domain.Question is not enhanced.

[2020-04-01 13:47:26 #6 type] 
Type domain.Pronostico is not enhanced.

[2020-04-01 13:47:26 #7 type] 
Type domain.Event is not enhanced.

------------------------------------------------------------------------------------------------------------------------

[2020-04-01 14:19:10 #1 store] 
Database 'C:\Users\unais\Desktop\bets-workspace\LPCIS\Bets\resources\bets.temp' has been recovered (tr. 14-15)

[2020-04-01 14:19:10 #2 store] 
Database 'C:\Users\unais\Desktop\bets-workspace\LPCIS\Bets\resources\bets.temp' is opened by 10020@DESKTOP-9ERLLO7

[2020-04-01 14:19:10 #3 type] 
Type domain.Usuario is not enhanced.

[2020-04-01 14:19:10 #4 type] 
Type domain.Apuesta is not enhanced.

[2020-04-01 14:19:10 #5 type] 
Type domain.Monedero is not enhanced.

[2020-04-01 14:19:10 #6 type] 
Type domain.Question is not enhanced.

[2020-04-01 14:19:10 #7 type] 
Type domain.Pronostico is not enhanced.

[2020-04-01 14:19:10 #8 type] 
Type domain.Event is not enhanced.

------------------------------------------------------------------------------------------------------------------------

[2020-04-01 14:26:46 #1 store] 
Database 'C:\Users\unais\Desktop\bets-workspace\LPCIS\Bets\resources\bets.temp' is opened by 8312@DESKTOP-9ERLLO7

[2020-04-01 14:26:46 #2 type] 
Type domain.Usuario is not enhanced.

[2020-04-01 14:26:46 #3 type] 
Type domain.Apuesta is not enhanced.

[2020-04-01 14:26:46 #4 type] 
Type domain.Monedero is not enhanced.

[2020-04-01 14:26:46 #5 type] 
Type domain.Question is not enhanced.

[2020-04-01 14:26:46 #6 type] 
Type domain.Pronostico is not enhanced.

[2020-04-01 14:26:46 #7 type] 
Type domain.Event is not enhanced.

------------------------------------------------------------------------------------------------------------------------

[2020-04-01 14:27:50 #1 store] 
Database 'C:\Users\unais\Desktop\bets-workspace\LPCIS\Bets\resources\bets.temp' is opened by 5628@DESKTOP-9ERLLO7

[2020-04-01 14:27:50 #2 type] 
Type domain.Usuario is not enhanced.

[2020-04-01 14:27:50 #3 type] 
Type domain.Apuesta is not enhanced.

[2020-04-01 14:27:50 #4 type] 
Type domain.Monedero is not enhanced.

[2020-04-01 14:27:50 #5 type] 
Type domain.Question is not enhanced.

[2020-04-01 14:27:50 #6 type] 
Type domain.Pronostico is not enhanced.

[2020-04-01 14:27:50 #7 type] 
Type domain.Event is not enhanced.

------------------------------------------------------------------------------------------------------------------------

[2020-04-01 14:28:34 #1 store] 
Database 'C:\Users\unais\Desktop\bets-workspace\LPCIS\Bets\resources\bets.temp' is opened by 14120@DESKTOP-9ERLLO7

[2020-04-01 14:28:35 #2 type] 
Type domain.Usuario is not enhanced.

[2020-04-01 14:28:35 #3 type] 
Type domain.Apuesta is not enhanced.

[2020-04-01 14:28:35 #4 type] 
Type domain.Monedero is not enhanced.

[2020-04-01 14:28:35 #5 type] 
Type domain.Question is not enhanced.

[2020-04-01 14:28:35 #6 type] 
Type domain.Pronostico is not enhanced.

[2020-04-01 14:28:35 #7 type] 
Type domain.Event is not enhanced.

------------------------------------------------------------------------------------------------------------------------

[2020-04-01 14:28:52 #1 store] 
Database 'C:\Users\unais\Desktop\bets-workspace\LPCIS\Bets\resources\bets.temp' is opened by 10360@DESKTOP-9ERLLO7

[2020-04-01 14:28:52 #2 type] 
Type domain.Usuario is not enhanced.

[2020-04-01 14:28:52 #3 type] 
Type domain.Apuesta is not enhanced.

[2020-04-01 14:28:52 #4 type] 
Type domain.Monedero is not enhanced.

[2020-04-01 14:28:52 #5 type] 
Type domain.Question is not enhanced.

[2020-04-01 14:28:52 #6 type] 
Type domain.Pronostico is not enhanced.

[2020-04-01 14:28:52 #7 type] 
Type domain.Event is not enhanced.

------------------------------------------------------------------------------------------------------------------------

[2020-04-01 14:29:44 #1 store] 
Database 'C:\Users\unais\Desktop\bets-workspace\LPCIS\Bets\resources\bets.temp' is opened by 9560@DESKTOP-9ERLLO7

[2020-04-01 14:29:44 #2 type] 
Type domain.Usuario is not enhanced.

[2020-04-01 14:29:44 #3 type] 
Type domain.Apuesta is not enhanced.

[2020-04-01 14:29:44 #4 type] 
Type domain.Monedero is not enhanced.

[2020-04-01 14:29:44 #5 type] 
Type domain.Question is not enhanced.

[2020-04-01 14:29:44 #6 type] 
Type domain.Pronostico is not enhanced.

[2020-04-01 14:29:44 #7 type] 
Type domain.Event is not enhanced.

------------------------------------------------------------------------------------------------------------------------

[2020-04-01 14:30:35 #1 store] 
Database 'C:\Users\unais\Desktop\bets-workspace\LPCIS\Bets\resources\bets.temp' is opened by 1056@DESKTOP-9ERLLO7

[2020-04-01 14:30:36 #2 type] 
Type domain.Usuario is not enhanced.

[2020-04-01 14:30:36 #3 type] 
Type domain.Apuesta is not enhanced.

[2020-04-01 14:30:36 #4 type] 
Type domain.Monedero is not enhanced.

[2020-04-01 14:30:36 #5 type] 
Type domain.Question is not enhanced.

[2020-04-01 14:30:36 #6 type] 
Type domain.Pronostico is not enhanced.

[2020-04-01 14:30:36 #7 type] 
Type domain.Event is not enhanced.

------------------------------------------------------------------------------------------------------------------------

[2020-04-01 14:31:23 #1 store] 
Database 'C:\Users\unais\Desktop\bets-workspace\LPCIS\Bets\resources\bets.temp' is opened by 17144@DESKTOP-9ERLLO7

[2020-04-01 14:31:24 #2 type] 
Type domain.Usuario is not enhanced.

[2020-04-01 14:31:24 #3 type] 
Type domain.Apuesta is not enhanced.

[2020-04-01 14:31:24 #4 type] 
Type domain.Monedero is not enhanced.

[2020-04-01 14:31:24 #5 type] 
Type domain.Question is not enhanced.

[2020-04-01 14:31:24 #6 type] 
Type domain.Pronostico is not enhanced.

[2020-04-01 14:31:24 #7 type] 
Type domain.Event is not enhanced.

------------------------------------------------------------------------------------------------------------------------

[2020-04-01 14:31:57 #1 store] 
Database 'C:\Users\unais\Desktop\bets-workspace\LPCIS\Bets\resources\bets.temp' is opened by 10432@DESKTOP-9ERLLO7

[2020-04-01 14:31:57 #2 type] 
Type domain.Usuario is not enhanced.

[2020-04-01 14:31:57 #3 type] 
Type domain.Apuesta is not enhanced.

[2020-04-01 14:31:57 #4 type] 
Type domain.Monedero is not enhanced.

[2020-04-01 14:31:57 #5 type] 
Type domain.Question is not enhanced.

[2020-04-01 14:31:57 #6 type] 
Type domain.Pronostico is not enhanced.

[2020-04-01 14:31:57 #7 type] 
Type domain.Event is not enhanced.

------------------------------------------------------------------------------------------------------------------------

[2020-04-01 14:32:43 #1 store] 
Database 'C:\Users\unais\Desktop\bets-workspace\LPCIS\Bets\resources\bets.temp' is opened by 7364@DESKTOP-9ERLLO7

[2020-04-01 14:32:44 #2 type] 
Type domain.Usuario is not enhanced.

[2020-04-01 14:32:44 #3 type] 
Type domain.Apuesta is not enhanced.

[2020-04-01 14:32:44 #4 type] 
Type domain.Monedero is not enhanced.

[2020-04-01 14:32:44 #5 type] 
Type domain.Question is not enhanced.

[2020-04-01 14:32:44 #6 type] 
Type domain.Pronostico is not enhanced.

[2020-04-01 14:32:44 #7 type] 
Type domain.Event is not enhanced.

------------------------------------------------------------------------------------------------------------------------

[2020-04-01 14:33:10 #1 store] 
Database 'C:\Users\unais\Desktop\bets-workspace\LPCIS\Bets\resources\bets.temp' is opened by 10764@DESKTOP-9ERLLO7

[2020-04-01 14:33:10 #2 type] 
Type domain.Usuario is not enhanced.

[2020-04-01 14:33:10 #3 type] 
Type domain.Apuesta is not enhanced.

[2020-04-01 14:33:10 #4 type] 
Type domain.Monedero is not enhanced.

[2020-04-01 14:33:10 #5 type] 
Type domain.Question is not enhanced.

[2020-04-01 14:33:10 #6 type] 
Type domain.Pronostico is not enhanced.

[2020-04-01 14:33:10 #7 type] 
Type domain.Event is not enhanced.

------------------------------------------------------------------------------------------------------------------------

[2020-04-01 14:45:36 #1 store] 
Database 'C:\Users\unais\Desktop\bets-workspace\LPCIS\Bets\resources\bets.temp' is opened by 2888@DESKTOP-9ERLLO7

[2020-04-01 14:45:37 #2 type] 
Type domain.Usuario is not enhanced.

[2020-04-01 14:45:37 #3 type] 
Type domain.Apuesta is not enhanced.

[2020-04-01 14:45:37 #4 type] 
Type domain.Monedero is not enhanced.

[2020-04-01 14:45:37 #5 type] 
Type domain.Question is not enhanced.

[2020-04-01 14:45:37 #6 type] 
Type domain.Pronostico is not enhanced.

[2020-04-01 14:45:37 #7 type] 
Type domain.Event is not enhanced.

------------------------------------------------------------------------------------------------------------------------

[2020-04-01 14:47:42 #1 store] 
Database 'C:\Users\unais\Desktop\bets-workspace\LPCIS\Bets\resources\bets.temp' is opened by 9664@DESKTOP-9ERLLO7

[2020-04-01 14:47:43 #2 type] 
Type domain.Usuario is not enhanced.

[2020-04-01 14:47:43 #3 type] 
Type domain.Apuesta is not enhanced.

[2020-04-01 14:47:43 #4 type] 
Type domain.Monedero is not enhanced.

[2020-04-01 14:47:43 #5 type] 
Type domain.Question is not enhanced.

[2020-04-01 14:47:43 #6 type] 
Type domain.Pronostico is not enhanced.

[2020-04-01 14:47:43 #7 type] 
Type domain.Event is not enhanced.

------------------------------------------------------------------------------------------------------------------------

[2020-04-01 14:50:38 #1 store] 
Database 'C:\Users\unais\Desktop\bets-workspace\LPCIS\Bets\resources\bets.temp' is opened by 16284@DESKTOP-9ERLLO7

[2020-04-01 14:50:39 #2 type] 
Type domain.Usuario is not enhanced.

[2020-04-01 14:50:39 #3 type] 
Type domain.Apuesta is not enhanced.

[2020-04-01 14:50:39 #4 type] 
Type domain.Monedero is not enhanced.

[2020-04-01 14:50:39 #5 type] 
Type domain.Question is not enhanced.

[2020-04-01 14:50:39 #6 type] 
Type domain.Pronostico is not enhanced.

[2020-04-01 14:50:39 #7 type] 
Type domain.Event is not enhanced.

------------------------------------------------------------------------------------------------------------------------

[2020-04-01 15:05:01 #1 store] 
Database 'C:\Users\unais\Desktop\bets-workspace\LPCIS\Bets\resources\bets.temp' is opened by 4564@DESKTOP-9ERLLO7

[2020-04-01 15:05:02 #2 type] 
Type domain.Usuario is not enhanced.

[2020-04-01 15:05:02 #3 type] 
Type domain.Apuesta is not enhanced.

[2020-04-01 15:05:02 #4 type] 
Type domain.Monedero is not enhanced.

[2020-04-01 15:05:02 #5 type] 
Type domain.Question is not enhanced.

[2020-04-01 15:05:02 #6 type] 
Type domain.Pronostico is not enhanced.

[2020-04-01 15:05:02 #7 type] 
Type domain.Event is not enhanced.

------------------------------------------------------------------------------------------------------------------------

[2020-04-01 15:05:58 #1 store] 
Database 'C:\Users\unais\Desktop\bets-workspace\LPCIS\Bets\resources\bets.temp' is opened by 9984@DESKTOP-9ERLLO7

[2020-04-01 15:05:58 #2 type] 
Type domain.Usuario is not enhanced.

[2020-04-01 15:05:58 #3 type] 
Type domain.Apuesta is not enhanced.

[2020-04-01 15:05:58 #4 type] 
Type domain.Monedero is not enhanced.

[2020-04-01 15:05:58 #5 type] 
Type domain.Question is not enhanced.

[2020-04-01 15:05:58 #6 type] 
Type domain.Pronostico is not enhanced.

[2020-04-01 15:05:58 #7 type] 
Type domain.Event is not enhanced.

------------------------------------------------------------------------------------------------------------------------

[2020-04-01 15:28:24 #1 store] 
Database 'C:\Users\unais\Desktop\bets-workspace\LPCIS\Bets\resources\bets.temp' is opened by 5912@DESKTOP-9ERLLO7

[2020-04-01 15:28:24 #2 type] 
Type domain.Usuario is not enhanced.

[2020-04-01 15:28:24 #3 type] 
Type domain.Apuesta is not enhanced.

[2020-04-01 15:28:24 #4 type] 
Type domain.Monedero is not enhanced.

[2020-04-01 15:28:24 #5 type] 
Type domain.Question is not enhanced.

[2020-04-01 15:28:24 #6 type] 
Type domain.Pronostico is not enhanced.

[2020-04-01 15:28:24 #7 type] 
Type domain.Event is not enhanced.

------------------------------------------------------------------------------------------------------------------------

[2020-04-01 15:30:04 #1 store] 
Database 'C:\Users\unais\Desktop\bets-workspace\LPCIS\Bets\resources\bets.temp' is opened by 15672@DESKTOP-9ERLLO7

[2020-04-01 15:30:05 #2 type] 
Type domain.Usuario is not enhanced.

[2020-04-01 15:30:05 #3 type] 
Type domain.Apuesta is not enhanced.

[2020-04-01 15:30:05 #4 type] 
Type domain.Monedero is not enhanced.

[2020-04-01 15:30:05 #5 type] 
Type domain.Question is not enhanced.

[2020-04-01 15:30:05 #6 type] 
Type domain.Pronostico is not enhanced.

[2020-04-01 15:30:05 #7 type] 
Type domain.Event is not enhanced.

------------------------------------------------------------------------------------------------------------------------

[2020-04-01 15:31:14 #1 store] 
Database 'C:\Users\unais\Desktop\bets-workspace\LPCIS\Bets\resources\bets.temp' is opened by 8140@DESKTOP-9ERLLO7

[2020-04-01 15:31:14 #2 type] 
Type domain.Usuario is not enhanced.

[2020-04-01 15:31:14 #3 type] 
Type domain.Apuesta is not enhanced.

[2020-04-01 15:31:14 #4 type] 
Type domain.Monedero is not enhanced.

[2020-04-01 15:31:14 #5 type] 
Type domain.Question is not enhanced.

[2020-04-01 15:31:14 #6 type] 
Type domain.Pronostico is not enhanced.

[2020-04-01 15:31:14 #7 type] 
Type domain.Event is not enhanced.

------------------------------------------------------------------------------------------------------------------------

[2020-04-01 15:31:38 #1 store] 
Database 'C:\Users\unais\Desktop\bets-workspace\LPCIS\Bets\resources\bets.temp' is opened by 5224@DESKTOP-9ERLLO7

[2020-04-01 15:31:38 #2 type] 
Type domain.Usuario is not enhanced.

[2020-04-01 15:31:38 #3 type] 
Type domain.Apuesta is not enhanced.

[2020-04-01 15:31:38 #4 type] 
Type domain.Monedero is not enhanced.

[2020-04-01 15:31:38 #5 type] 
Type domain.Question is not enhanced.

[2020-04-01 15:31:38 #6 type] 
Type domain.Pronostico is not enhanced.

[2020-04-01 15:31:38 #7 type] 
Type domain.Event is not enhanced.

------------------------------------------------------------------------------------------------------------------------

[2020-04-01 15:33:15 #1 store] 
Database 'C:\Users\unais\Desktop\bets-workspace\LPCIS\Bets\resources\bets.temp' is opened by 7376@DESKTOP-9ERLLO7

[2020-04-01 15:33:16 #2 type] 
Type domain.Usuario is not enhanced.

[2020-04-01 15:33:16 #3 type] 
Type domain.Apuesta is not enhanced.

[2020-04-01 15:33:16 #4 type] 
Type domain.Monedero is not enhanced.

[2020-04-01 15:33:16 #5 type] 
Type domain.Question is not enhanced.

[2020-04-01 15:33:16 #6 type] 
Type domain.Pronostico is not enhanced.

[2020-04-01 15:33:16 #7 type] 
Type domain.Event is not enhanced.

------------------------------------------------------------------------------------------------------------------------

[2020-04-01 15:37:56 #1 store] 
Database 'C:\Users\unais\Desktop\bets-workspace\LPCIS\Bets\resources\bets.temp' is opened by 11988@DESKTOP-9ERLLO7

[2020-04-01 15:37:56 #2 type] 
Type domain.Usuario is not enhanced.

[2020-04-01 15:37:56 #3 type] 
Type domain.Apuesta is not enhanced.

[2020-04-01 15:37:56 #4 type] 
Type domain.Monedero is not enhanced.

[2020-04-01 15:37:56 #5 type] 
Type domain.Question is not enhanced.

[2020-04-01 15:37:56 #6 type] 
Type domain.Pronostico is not enhanced.

[2020-04-01 15:37:56 #7 type] 
Type domain.Event is not enhanced.

------------------------------------------------------------------------------------------------------------------------

[2020-04-01 15:43:29 #1 store] 
Database 'C:\Users\unais\Desktop\bets-workspace\LPCIS\Bets\resources\bets.temp' is opened by 10208@DESKTOP-9ERLLO7

[2020-04-01 15:43:29 #2 type] 
Type domain.Usuario is not enhanced.

[2020-04-01 15:43:29 #3 type] 
Type domain.Apuesta is not enhanced.

[2020-04-01 15:43:29 #4 type] 
Type domain.Monedero is not enhanced.

[2020-04-01 15:43:29 #5 type] 
Type domain.Question is not enhanced.

[2020-04-01 15:43:29 #6 type] 
Type domain.Pronostico is not enhanced.

[2020-04-01 15:43:29 #7 type] 
Type domain.Event is not enhanced.

------------------------------------------------------------------------------------------------------------------------

[2020-04-01 16:24:54 #1 store] 
Database 'C:\Users\unais\Desktop\bets-workspace\LPCIS\Bets\resources\bets.temp' is opened by 7508@DESKTOP-9ERLLO7

[2020-04-01 16:24:54 #2 type] 
Type domain.Usuario is not enhanced.

[2020-04-01 16:24:54 #3 type] 
Type domain.Apuesta is not enhanced.

[2020-04-01 16:24:54 #4 type] 
Type domain.Monedero is not enhanced.

[2020-04-01 16:24:54 #5 type] 
Type domain.Question is not enhanced.

[2020-04-01 16:24:54 #6 type] 
Type domain.Pronostico is not enhanced.

[2020-04-01 16:24:54 #7 type] 
Type domain.Event is not enhanced.

------------------------------------------------------------------------------------------------------------------------

[2020-04-01 16:26:33 #1 store] 
Database 'C:\Users\unais\Desktop\bets-workspace\LPCIS\Bets\resources\bets.temp' is opened by 164@DESKTOP-9ERLLO7

[2020-04-01 16:26:33 #2 type] 
Type domain.Usuario is not enhanced.

[2020-04-01 16:26:33 #3 type] 
Type domain.Apuesta is not enhanced.

[2020-04-01 16:26:33 #4 type] 
Type domain.Monedero is not enhanced.

[2020-04-01 16:26:33 #5 type] 
Type domain.Question is not enhanced.

[2020-04-01 16:26:33 #6 type] 
Type domain.Pronostico is not enhanced.

[2020-04-01 16:26:33 #7 type] 
Type domain.Event is not enhanced.

------------------------------------------------------------------------------------------------------------------------

[2020-04-01 16:28:49 #1 store] 
Database 'C:\Users\unais\Desktop\bets-workspace\LPCIS\Bets\resources\bets.temp' is opened by 16916@DESKTOP-9ERLLO7

[2020-04-01 16:28:50 #2 type] 
Type domain.Usuario is not enhanced.

[2020-04-01 16:28:50 #3 type] 
Type domain.Apuesta is not enhanced.

[2020-04-01 16:28:50 #4 type] 
Type domain.Monedero is not enhanced.

[2020-04-01 16:28:50 #5 type] 
Type domain.Question is not enhanced.

[2020-04-01 16:28:50 #6 type] 
Type domain.Pronostico is not enhanced.

[2020-04-01 16:28:50 #7 type] 
Type domain.Event is not enhanced.

------------------------------------------------------------------------------------------------------------------------

[2020-04-01 16:40:49 #1 store] 
Database 'C:\Users\unais\Desktop\bets-workspace\LPCIS\Bets\resources\bets.temp' is opened by 17364@DESKTOP-9ERLLO7

[2020-04-01 16:40:49 #2 type] 
Type domain.Usuario is not enhanced.

[2020-04-01 16:40:49 #3 type] 
Type domain.Apuesta is not enhanced.

[2020-04-01 16:40:49 #4 type] 
Type domain.Monedero is not enhanced.

[2020-04-01 16:40:49 #5 type] 
Type domain.Question is not enhanced.

[2020-04-01 16:40:49 #6 type] 
Type domain.Pronostico is not enhanced.

[2020-04-01 16:40:49 #7 type] 
Type domain.Event is not enhanced.

------------------------------------------------------------------------------------------------------------------------

[2020-04-01 16:43:41 #1 store] 
Database 'C:\Users\unais\Desktop\bets-workspace\LPCIS\Bets\resources\bets.temp' is opened by 4888@DESKTOP-9ERLLO7

[2020-04-01 16:43:41 #2 type] 
Type domain.Usuario is not enhanced.

[2020-04-01 16:43:41 #3 type] 
Type domain.Apuesta is not enhanced.

[2020-04-01 16:43:41 #4 type] 
Type domain.Monedero is not enhanced.

[2020-04-01 16:43:41 #5 type] 
Type domain.Question is not enhanced.

[2020-04-01 16:43:41 #6 type] 
Type domain.Pronostico is not enhanced.

[2020-04-01 16:43:41 #7 type] 
Type domain.Event is not enhanced.

------------------------------------------------------------------------------------------------------------------------

[2020-04-01 17:00:49 #1 store] 
Database 'C:\Users\unais\Desktop\bets-workspace\LPCIS\Bets\resources\bets.temp' is opened by 9640@DESKTOP-9ERLLO7

[2020-04-01 17:00:50 #2 type] 
Type domain.Usuario is not enhanced.

[2020-04-01 17:00:50 #3 type] 
Type domain.Apuesta is not enhanced.

[2020-04-01 17:00:50 #4 type] 
Type domain.Monedero is not enhanced.

[2020-04-01 17:00:50 #5 type] 
Type domain.Question is not enhanced.

[2020-04-01 17:00:50 #6 type] 
Type domain.Pronostico is not enhanced.

[2020-04-01 17:00:50 #7 type] 
Type domain.Event is not enhanced.

------------------------------------------------------------------------------------------------------------------------

[2020-04-01 17:13:00 #1 store] 
Database 'C:\Users\unais\Desktop\bets-workspace\LPCIS\Bets\resources\bets.temp' is opened by 16116@DESKTOP-9ERLLO7

[2020-04-01 17:13:00 #2 type] 
Type domain.Usuario is not enhanced.

[2020-04-01 17:13:00 #3 type] 
Type domain.Apuesta is not enhanced.

[2020-04-01 17:13:00 #4 type] 
Type domain.Monedero is not enhanced.

[2020-04-01 17:13:00 #5 type] 
Type domain.Question is not enhanced.

[2020-04-01 17:13:00 #6 type] 
Type domain.Pronostico is not enhanced.

[2020-04-01 17:13:00 #7 type] 
Type domain.Event is not enhanced.

------------------------------------------------------------------------------------------------------------------------

[2020-04-01 17:28:31 #1 store] 
Database 'C:\Users\unais\Desktop\bets-workspace\LPCIS\Bets\resources\bets.temp' is opened by 2468@DESKTOP-9ERLLO7

[2020-04-01 17:28:31 #2 type] 
Type domain.Usuario is not enhanced.

[2020-04-01 17:28:31 #3 type] 
Type domain.Apuesta is not enhanced.

[2020-04-01 17:28:31 #4 type] 
Type domain.Monedero is not enhanced.

[2020-04-01 17:28:31 #5 type] 
Type domain.Question is not enhanced.

[2020-04-01 17:28:31 #6 type] 
Type domain.Pronostico is not enhanced.

[2020-04-01 17:28:31 #7 type] 
Type domain.Event is not enhanced.

------------------------------------------------------------------------------------------------------------------------

[2020-04-01 17:57:11 #1 store] 
Database 'C:\Users\unais\Desktop\bets-workspace\LPCIS\Bets\resources\bets.temp' is opened by 8140@DESKTOP-9ERLLO7

[2020-04-01 17:57:12 #2 type] 
Type domain.Usuario is not enhanced.

[2020-04-01 17:57:12 #3 type] 
Type domain.Apuesta is not enhanced.

[2020-04-01 17:57:12 #4 type] 
Type domain.Monedero is not enhanced.

[2020-04-01 17:57:12 #5 type] 
Type domain.Question is not enhanced.

[2020-04-01 17:57:12 #6 type] 
Type domain.Pronostico is not enhanced.

[2020-04-01 17:57:12 #7 type] 
Type domain.Event is not enhanced.

------------------------------------------------------------------------------------------------------------------------

[2020-04-01 17:58:52 #1 store] 
Database 'C:\Users\unais\Desktop\bets-workspace\LPCIS\Bets\resources\bets.temp' has been recovered (tr. 17-18)

[2020-04-01 17:58:53 #2 store] 
Database 'C:\Users\unais\Desktop\bets-workspace\LPCIS\Bets\resources\bets.temp' is opened by 9652@DESKTOP-9ERLLO7

[2020-04-01 17:58:53 #3 type] 
Type domain.Usuario is not enhanced.

[2020-04-01 17:58:53 #4 type] 
Type domain.Apuesta is not enhanced.

[2020-04-01 17:58:53 #5 type] 
Type domain.Monedero is not enhanced.

[2020-04-01 17:58:53 #6 type] 
Type domain.Question is not enhanced.

[2020-04-01 17:58:53 #7 type] 
Type domain.Pronostico is not enhanced.

[2020-04-01 17:58:53 #8 type] 
Type domain.Event is not enhanced.

------------------------------------------------------------------------------------------------------------------------

[2020-04-01 18:04:38 #1 store] 
Database 'C:\Users\unais\Desktop\bets-workspace\LPCIS\Bets\resources\bets.temp' has been recovered (tr. 19-22)

[2020-04-01 18:04:38 #2 store] 
Database 'C:\Users\unais\Desktop\bets-workspace\LPCIS\Bets\resources\bets.temp' is opened by 13480@DESKTOP-9ERLLO7

[2020-04-01 18:04:38 #3 type] 
Type domain.Usuario is not enhanced.

[2020-04-01 18:04:38 #4 type] 
Type domain.Apuesta is not enhanced.

[2020-04-01 18:04:38 #5 type] 
Type domain.Monedero is not enhanced.

[2020-04-01 18:04:38 #6 type] 
Type domain.Question is not enhanced.

[2020-04-01 18:04:38 #7 type] 
Type domain.Pronostico is not enhanced.

[2020-04-01 18:04:38 #8 type] 
Type domain.Event is not enhanced.

------------------------------------------------------------------------------------------------------------------------

[2020-04-01 18:07:37 #1 store] 
Database 'C:\Users\unais\Desktop\bets-workspace\LPCIS\Bets\resources\bets.temp' is opened by 13496@DESKTOP-9ERLLO7

[2020-04-01 18:07:38 #2 type] 
Type domain.Usuario is not enhanced.

[2020-04-01 18:07:38 #3 type] 
Type domain.Apuesta is not enhanced.

[2020-04-01 18:07:38 #4 type] 
Type domain.Monedero is not enhanced.

[2020-04-01 18:07:38 #5 type] 
Type domain.Question is not enhanced.

[2020-04-01 18:07:38 #6 type] 
Type domain.Pronostico is not enhanced.

[2020-04-01 18:07:38 #7 type] 
Type domain.Event is not enhanced.

------------------------------------------------------------------------------------------------------------------------

[2020-04-01 18:11:57 #1 store] 
Database 'C:\Users\unais\Desktop\bets-workspace\LPCIS\Bets\resources\bets.temp' is opened by 17264@DESKTOP-9ERLLO7

[2020-04-01 18:11:57 #2 type] 
Type domain.Usuario is not enhanced.

[2020-04-01 18:11:57 #3 type] 
Type domain.Apuesta is not enhanced.

[2020-04-01 18:11:57 #4 type] 
Type domain.Monedero is not enhanced.

[2020-04-01 18:11:57 #5 type] 
Type domain.Question is not enhanced.

[2020-04-01 18:11:57 #6 type] 
Type domain.Pronostico is not enhanced.

[2020-04-01 18:11:57 #7 type] 
Type domain.Event is not enhanced.

------------------------------------------------------------------------------------------------------------------------

[2020-04-01 18:14:16 #1 store] 
Database 'C:\Users\unais\Desktop\bets-workspace\LPCIS\Bets\resources\bets.temp' is opened by 6352@DESKTOP-9ERLLO7

[2020-04-01 18:14:17 #2 type] 
Type domain.Usuario is not enhanced.

[2020-04-01 18:14:17 #3 type] 
Type domain.Apuesta is not enhanced.

[2020-04-01 18:14:17 #4 type] 
Type domain.Monedero is not enhanced.

[2020-04-01 18:14:17 #5 type] 
Type domain.Question is not enhanced.

[2020-04-01 18:14:17 #6 type] 
Type domain.Pronostico is not enhanced.

[2020-04-01 18:14:17 #7 type] 
Type domain.Event is not enhanced.

------------------------------------------------------------------------------------------------------------------------

[2020-04-01 18:15:37 #1 store] 
Database 'C:\Users\unais\Desktop\bets-workspace\LPCIS\Bets\resources\bets.temp' is opened by 14692@DESKTOP-9ERLLO7

[2020-04-01 18:15:37 #2 type] 
Type domain.Usuario is not enhanced.

[2020-04-01 18:15:37 #3 type] 
Type domain.Apuesta is not enhanced.

[2020-04-01 18:15:37 #4 type] 
Type domain.Monedero is not enhanced.

[2020-04-01 18:15:37 #5 type] 
Type domain.Question is not enhanced.

[2020-04-01 18:15:37 #6 type] 
Type domain.Pronostico is not enhanced.

[2020-04-01 18:15:37 #7 type] 
Type domain.Event is not enhanced.

------------------------------------------------------------------------------------------------------------------------

[2020-04-01 18:18:57 #1 store] 
Database 'C:\Users\unais\Desktop\bets-workspace\LPCIS\Bets\resources\bets.temp' is opened by 14776@DESKTOP-9ERLLO7

[2020-04-01 18:18:57 #2 type] 
Type domain.Usuario is not enhanced.

[2020-04-01 18:18:57 #3 type] 
Type domain.Apuesta is not enhanced.

[2020-04-01 18:18:57 #4 type] 
Type domain.Monedero is not enhanced.

[2020-04-01 18:18:57 #5 type] 
Type domain.Question is not enhanced.

[2020-04-01 18:18:57 #6 type] 
Type domain.Pronostico is not enhanced.

[2020-04-01 18:18:57 #7 type] 
Type domain.Event is not enhanced.

------------------------------------------------------------------------------------------------------------------------

[2020-04-01 18:20:13 #1 store] 
Database 'C:\Users\unais\Desktop\bets-workspace\LPCIS\Bets\resources\bets.temp' is opened by 13844@DESKTOP-9ERLLO7

[2020-04-01 18:20:13 #2 type] 
Type domain.Usuario is not enhanced.

[2020-04-01 18:20:13 #3 type] 
Type domain.Apuesta is not enhanced.

[2020-04-01 18:20:13 #4 type] 
Type domain.Monedero is not enhanced.

[2020-04-01 18:20:13 #5 type] 
Type domain.Question is not enhanced.

[2020-04-01 18:20:13 #6 type] 
Type domain.Pronostico is not enhanced.

[2020-04-01 18:20:13 #7 type] 
Type domain.Event is not enhanced.

------------------------------------------------------------------------------------------------------------------------

[2020-04-01 18:22:09 #1 store] 
Database 'C:\Users\unais\Desktop\bets-workspace\LPCIS\Bets\resources\bets.temp' is opened by 2588@DESKTOP-9ERLLO7

[2020-04-01 18:22:09 #2 type] 
Type domain.Usuario is not enhanced.

[2020-04-01 18:22:09 #3 type] 
Type domain.Apuesta is not enhanced.

[2020-04-01 18:22:09 #4 type] 
Type domain.Monedero is not enhanced.

[2020-04-01 18:22:09 #5 type] 
Type domain.Question is not enhanced.

[2020-04-01 18:22:09 #6 type] 
Type domain.Pronostico is not enhanced.

[2020-04-01 18:22:09 #7 type] 
Type domain.Event is not enhanced.

------------------------------------------------------------------------------------------------------------------------

[2020-04-01 18:22:48 #1 store] 
Database 'C:\Users\unais\Desktop\bets-workspace\LPCIS\Bets\resources\bets.temp' is opened by 6640@DESKTOP-9ERLLO7

[2020-04-01 18:22:49 #2 type] 
Type domain.Usuario is not enhanced.

[2020-04-01 18:22:49 #3 type] 
Type domain.Apuesta is not enhanced.

[2020-04-01 18:22:49 #4 type] 
Type domain.Monedero is not enhanced.

[2020-04-01 18:22:49 #5 type] 
Type domain.Question is not enhanced.

[2020-04-01 18:22:49 #6 type] 
Type domain.Pronostico is not enhanced.

[2020-04-01 18:22:49 #7 type] 
Type domain.Event is not enhanced.

------------------------------------------------------------------------------------------------------------------------

[2020-04-01 18:24:30 #1 store] 
Database 'C:\Users\unais\Desktop\bets-workspace\LPCIS\Bets\resources\bets.temp' is opened by 8108@DESKTOP-9ERLLO7

[2020-04-01 18:24:30 #2 type] 
Type domain.Usuario is not enhanced.

[2020-04-01 18:24:30 #3 type] 
Type domain.Apuesta is not enhanced.

[2020-04-01 18:24:30 #4 type] 
Type domain.Monedero is not enhanced.

[2020-04-01 18:24:30 #5 type] 
Type domain.Question is not enhanced.

[2020-04-01 18:24:30 #6 type] 
Type domain.Pronostico is not enhanced.

[2020-04-01 18:24:30 #7 type] 
Type domain.Event is not enhanced.

------------------------------------------------------------------------------------------------------------------------

[2020-04-01 18:25:37 #1 store] 
Database 'C:\Users\unais\Desktop\bets-workspace\LPCIS\Bets\resources\bets.temp' is opened by 4880@DESKTOP-9ERLLO7

[2020-04-01 18:25:37 #2 type] 
Type domain.Usuario is not enhanced.

[2020-04-01 18:25:37 #3 type] 
Type domain.Apuesta is not enhanced.

[2020-04-01 18:25:37 #4 type] 
Type domain.Monedero is not enhanced.

[2020-04-01 18:25:37 #5 type] 
Type domain.Question is not enhanced.

[2020-04-01 18:25:37 #6 type] 
Type domain.Pronostico is not enhanced.

[2020-04-01 18:25:37 #7 type] 
Type domain.Event is not enhanced.

------------------------------------------------------------------------------------------------------------------------

[2020-04-01 18:26:10 #1 store] 
Database 'C:\Users\unais\Desktop\bets-workspace\LPCIS\Bets\resources\bets.temp' is opened by 6532@DESKTOP-9ERLLO7

[2020-04-01 18:26:10 #2 type] 
Type domain.Usuario is not enhanced.

[2020-04-01 18:26:11 #3 type] 
Type domain.Apuesta is not enhanced.

[2020-04-01 18:26:11 #4 type] 
Type domain.Monedero is not enhanced.

[2020-04-01 18:26:11 #5 type] 
Type domain.Question is not enhanced.

[2020-04-01 18:26:11 #6 type] 
Type domain.Pronostico is not enhanced.

[2020-04-01 18:26:11 #7 type] 
Type domain.Event is not enhanced.

------------------------------------------------------------------------------------------------------------------------

[2020-04-01 18:28:18 #1 store] 
Database 'C:\Users\unais\Desktop\bets-workspace\LPCIS\Bets\resources\bets.temp' is opened by 9936@DESKTOP-9ERLLO7

[2020-04-01 18:28:18 #2 type] 
Type domain.Usuario is not enhanced.

[2020-04-01 18:28:18 #3 type] 
Type domain.Apuesta is not enhanced.

[2020-04-01 18:28:18 #4 type] 
Type domain.Monedero is not enhanced.

[2020-04-01 18:28:18 #5 type] 
Type domain.Question is not enhanced.

[2020-04-01 18:28:18 #6 type] 
Type domain.Pronostico is not enhanced.

[2020-04-01 18:28:18 #7 type] 
Type domain.Event is not enhanced.

------------------------------------------------------------------------------------------------------------------------

[2020-04-01 18:29:19 #1 store] 
Database 'C:\Users\unais\Desktop\bets-workspace\LPCIS\Bets\resources\bets.temp' is opened by 6480@DESKTOP-9ERLLO7

[2020-04-01 18:29:19 #2 type] 
Type domain.Usuario is not enhanced.

[2020-04-01 18:29:19 #3 type] 
Type domain.Apuesta is not enhanced.

[2020-04-01 18:29:19 #4 type] 
Type domain.Monedero is not enhanced.

[2020-04-01 18:29:19 #5 type] 
Type domain.Question is not enhanced.

[2020-04-01 18:29:19 #6 type] 
Type domain.Pronostico is not enhanced.

[2020-04-01 18:29:19 #7 type] 
Type domain.Event is not enhanced.

------------------------------------------------------------------------------------------------------------------------

[2020-04-01 18:30:52 #1 store] 
Database 'C:\Users\unais\Desktop\bets-workspace\LPCIS\Bets\resources\bets.temp' is opened by 15672@DESKTOP-9ERLLO7

[2020-04-01 18:30:52 #2 type] 
Type domain.Usuario is not enhanced.

[2020-04-01 18:30:52 #3 type] 
Type domain.Apuesta is not enhanced.

[2020-04-01 18:30:52 #4 type] 
Type domain.Monedero is not enhanced.

[2020-04-01 18:30:53 #5 type] 
Type domain.Question is not enhanced.

[2020-04-01 18:30:53 #6 type] 
Type domain.Pronostico is not enhanced.

[2020-04-01 18:30:53 #7 type] 
Type domain.Event is not enhanced.

------------------------------------------------------------------------------------------------------------------------

[2020-04-01 18:31:43 #1 store] 
Database 'C:\Users\unais\Desktop\bets-workspace\LPCIS\Bets\resources\bets.temp' is opened by 8108@DESKTOP-9ERLLO7

[2020-04-01 18:31:43 #2 type] 
Type domain.Usuario is not enhanced.

[2020-04-01 18:31:43 #3 type] 
Type domain.Apuesta is not enhanced.

[2020-04-01 18:31:43 #4 type] 
Type domain.Monedero is not enhanced.

[2020-04-01 18:31:43 #5 type] 
Type domain.Question is not enhanced.

[2020-04-01 18:31:43 #6 type] 
Type domain.Pronostico is not enhanced.

[2020-04-01 18:31:43 #7 type] 
Type domain.Event is not enhanced.

------------------------------------------------------------------------------------------------------------------------

[2020-04-01 18:36:36 #1 store] 
Database 'C:\Users\unais\Desktop\bets-workspace\LPCIS\Bets\resources\bets.temp' has been recovered (tr. 33-33)

[2020-04-01 18:36:36 #2 store] 
Database 'C:\Users\unais\Desktop\bets-workspace\LPCIS\Bets\resources\bets.temp' is opened by 5232@DESKTOP-9ERLLO7

[2020-04-01 18:36:37 #3 type] 
Type domain.Usuario is not enhanced.

[2020-04-01 18:36:37 #4 type] 
Type domain.Apuesta is not enhanced.

[2020-04-01 18:36:37 #5 type] 
Type domain.Monedero is not enhanced.

[2020-04-01 18:36:37 #6 type] 
Type domain.Question is not enhanced.

[2020-04-01 18:36:37 #7 type] 
Type domain.Pronostico is not enhanced.

[2020-04-01 18:36:37 #8 type] 
Type domain.Event is not enhanced.

------------------------------------------------------------------------------------------------------------------------

[2020-04-01 18:38:33 #1 store] 
Database 'C:\Users\unais\Desktop\bets-workspace\LPCIS\Bets\resources\bets.temp' has been recovered (tr. 34-34)

[2020-04-01 18:38:33 #2 store] 
Database 'C:\Users\unais\Desktop\bets-workspace\LPCIS\Bets\resources\bets.temp' is opened by 7016@DESKTOP-9ERLLO7

[2020-04-01 18:38:33 #3 type] 
Type domain.Usuario is not enhanced.

[2020-04-01 18:38:33 #4 type] 
Type domain.Apuesta is not enhanced.

[2020-04-01 18:38:33 #5 type] 
Type domain.Monedero is not enhanced.

[2020-04-01 18:38:33 #6 type] 
Type domain.Question is not enhanced.

[2020-04-01 18:38:33 #7 type] 
Type domain.Pronostico is not enhanced.

[2020-04-01 18:38:33 #8 type] 
Type domain.Event is not enhanced.

------------------------------------------------------------------------------------------------------------------------

[2020-04-01 20:18:33 #1 store] 
Database 'C:\Users\unais\Desktop\bets-workspace\LPCIS\Bets\resources\bets.temp' is opened by 10132@DESKTOP-9ERLLO7

[2020-04-01 20:18:33 #2 type] 
Type domain.Usuario is not enhanced.

[2020-04-01 20:18:33 #3 type] 
Type domain.Apuesta is not enhanced.

[2020-04-01 20:18:33 #4 type] 
Type domain.Monedero is not enhanced.

[2020-04-01 20:18:33 #5 type] 
Type domain.Question is not enhanced.

[2020-04-01 20:18:33 #6 type] 
Type domain.Pronostico is not enhanced.

[2020-04-01 20:18:33 #7 type] 
Type domain.Event is not enhanced.

------------------------------------------------------------------------------------------------------------------------

[2020-04-01 20:38:19 #1 store] 
Database 'C:\Users\unais\Desktop\bets-workspace\LPCIS\Bets\resources\bets.temp' is opened by 16012@DESKTOP-9ERLLO7

[2020-04-01 20:38:19 #2 type.registry] 
New type domain.Usuario

[2020-04-01 20:38:19 #3 type] 
Type domain.Usuario is not enhanced.

[2020-04-01 20:38:19 #4 type.registry] 
New type domain.Apuesta

[2020-04-01 20:38:19 #5 type.registry] 
New type java.util.Vector<domain.Apuesta>

[2020-04-01 20:38:19 #6 type.registry] 
New type domain.Monedero

[2020-04-01 20:38:19 #7 type] 
Type domain.Apuesta is not enhanced.

[2020-04-01 20:38:19 #8 type] 
Type domain.Monedero is not enhanced.

[2020-04-01 20:38:19 #9 type.registry] 
New type domain.Question

[2020-04-01 20:38:19 #10 type] 
Type domain.Question is not enhanced.

[2020-04-01 20:38:19 #11 type.registry] 
New type domain.Pronostico

[2020-04-01 20:38:19 #12 type.registry] 
New type java.util.Vector<domain.Pronostico>

[2020-04-01 20:38:19 #13 type.registry] 
New type domain.Event

[2020-04-01 20:38:19 #14 type] 
Type domain.Pronostico is not enhanced.

[2020-04-01 20:38:19 #15 type] 
Type domain.Event is not enhanced.

[2020-04-01 20:38:19 #16 type.registry] 
New type java.util.Vector<domain.Question>

[2020-04-01 20:38:19 #17 type.registry] 
New type java.util.Vector<java.lang.Object>

------------------------------------------------------------------------------------------------------------------------

[2020-04-01 20:38:37 #1 store] 
Database 'C:\Users\unais\Desktop\bets-workspace\LPCIS\Bets\resources\bets.temp' has been recovered (tr. 1-6)

[2020-04-01 20:38:37 #2 store] 
Database 'C:\Users\unais\Desktop\bets-workspace\LPCIS\Bets\resources\bets.temp' is opened by 8292@DESKTOP-9ERLLO7

[2020-04-01 20:38:37 #3 type] 
Type domain.Usuario is not enhanced.

[2020-04-01 20:38:37 #4 type] 
Type domain.Apuesta is not enhanced.

[2020-04-01 20:38:37 #5 type] 
Type domain.Monedero is not enhanced.

[2020-04-01 20:38:37 #6 type] 
Type domain.Question is not enhanced.

[2020-04-01 20:38:37 #7 type] 
Type domain.Pronostico is not enhanced.

[2020-04-01 20:38:37 #8 type] 
Type domain.Event is not enhanced.

------------------------------------------------------------------------------------------------------------------------

[2020-04-01 20:43:25 #1 store] 
Database 'C:\Users\unais\Desktop\bets-workspace\LPCIS\Bets\resources\bets.temp' is opened by 11824@DESKTOP-9ERLLO7

[2020-04-01 20:43:25 #2 type.registry] 
New type domain.Usuario

[2020-04-01 20:43:25 #3 type] 
Type domain.Usuario is not enhanced.

[2020-04-01 20:43:25 #4 type.registry] 
New type domain.Apuesta

[2020-04-01 20:43:25 #5 type.registry] 
New type java.util.Vector<domain.Apuesta>

[2020-04-01 20:43:25 #6 type.registry] 
New type domain.Monedero

[2020-04-01 20:43:25 #7 type] 
Type domain.Apuesta is not enhanced.

[2020-04-01 20:43:25 #8 type] 
Type domain.Monedero is not enhanced.

[2020-04-01 20:43:25 #9 type.registry] 
New type domain.Question

[2020-04-01 20:43:25 #10 type] 
Type domain.Question is not enhanced.

[2020-04-01 20:43:25 #11 type.registry] 
New type domain.Pronostico

[2020-04-01 20:43:25 #12 type.registry] 
New type java.util.Vector<domain.Pronostico>

[2020-04-01 20:43:25 #13 type.registry] 
New type domain.Event

[2020-04-01 20:43:25 #14 type] 
Type domain.Pronostico is not enhanced.

[2020-04-01 20:43:25 #15 type] 
Type domain.Event is not enhanced.

[2020-04-01 20:43:25 #16 type.registry] 
New type java.util.Vector<domain.Question>

[2020-04-01 20:43:25 #17 type.registry] 
New type java.util.Vector<java.lang.Object>

------------------------------------------------------------------------------------------------------------------------

[2020-04-01 20:45:10 #1 store] 
Database 'C:\Users\unais\Desktop\bets-workspace\LPCIS\Bets\resources\bets.temp' has been recovered (tr. 1-6)

[2020-04-01 20:45:10 #2 store] 
Database 'C:\Users\unais\Desktop\bets-workspace\LPCIS\Bets\resources\bets.temp' is opened by 10640@DESKTOP-9ERLLO7

[2020-04-01 20:45:10 #3 type] 
Type domain.Usuario is not enhanced.

[2020-04-01 20:45:10 #4 type] 
Type domain.Apuesta is not enhanced.

[2020-04-01 20:45:10 #5 type] 
Type domain.Monedero is not enhanced.

[2020-04-01 20:45:10 #6 type] 
Type domain.Question is not enhanced.

[2020-04-01 20:45:10 #7 type] 
Type domain.Pronostico is not enhanced.

[2020-04-01 20:45:10 #8 type] 
Type domain.Event is not enhanced.

------------------------------------------------------------------------------------------------------------------------

[2020-04-01 21:00:18 #1 store] 
Database 'C:\Users\unais\Desktop\bets-workspace\LPCIS\Bets\resources\bets.temp' is opened by 14304@DESKTOP-9ERLLO7

[2020-04-01 21:00:18 #2 type] 
Type domain.Usuario is not enhanced.

[2020-04-01 21:00:18 #3 type] 
Type domain.Apuesta is not enhanced.

[2020-04-01 21:00:18 #4 type] 
Type domain.Monedero is not enhanced.

[2020-04-01 21:00:18 #5 type] 
Type domain.Question is not enhanced.

[2020-04-01 21:00:18 #6 type] 
Type domain.Pronostico is not enhanced.

[2020-04-01 21:00:18 #7 type] 
Type domain.Event is not enhanced.

------------------------------------------------------------------------------------------------------------------------

[2020-04-01 21:01:02 #1 store] 
Database 'C:\Users\unais\Desktop\bets-workspace\LPCIS\Bets\resources\bets.temp' is opened by 15672@DESKTOP-9ERLLO7

[2020-04-01 21:01:02 #2 type] 
Type domain.Usuario is not enhanced.

[2020-04-01 21:01:02 #3 type] 
Type domain.Apuesta is not enhanced.

[2020-04-01 21:01:02 #4 type] 
Type domain.Monedero is not enhanced.

[2020-04-01 21:01:02 #5 type] 
Type domain.Question is not enhanced.

[2020-04-01 21:01:02 #6 type] 
Type domain.Pronostico is not enhanced.

[2020-04-01 21:01:02 #7 type] 
Type domain.Event is not enhanced.

------------------------------------------------------------------------------------------------------------------------

[2020-04-01 21:03:14 #1 store] 
Database 'C:\Users\unais\Desktop\bets-workspace\LPCIS\Bets\resources\bets.temp' is opened by 2408@DESKTOP-9ERLLO7

[2020-04-01 21:03:15 #2 type] 
Type domain.Usuario is not enhanced.

[2020-04-01 21:03:15 #3 type] 
Type domain.Apuesta is not enhanced.

[2020-04-01 21:03:15 #4 type] 
Type domain.Monedero is not enhanced.

[2020-04-01 21:03:15 #5 type] 
Type domain.Question is not enhanced.

[2020-04-01 21:03:15 #6 type] 
Type domain.Pronostico is not enhanced.

[2020-04-01 21:03:15 #7 type] 
Type domain.Event is not enhanced.

------------------------------------------------------------------------------------------------------------------------

[2020-04-01 21:11:04 #1 store] 
Database 'C:\Users\unais\Desktop\bets-workspace\LPCIS\Bets\resources\bets.temp' has been recovered (tr. 14-14)

[2020-04-01 21:11:05 #2 store] 
Database 'C:\Users\unais\Desktop\bets-workspace\LPCIS\Bets\resources\bets.temp' is opened by 7984@DESKTOP-9ERLLO7

[2020-04-01 21:11:05 #3 type] 
Type domain.Usuario is not enhanced.

[2020-04-01 21:11:05 #4 type] 
Type domain.Apuesta is not enhanced.

[2020-04-01 21:11:05 #5 type] 
Type domain.Monedero is not enhanced.

[2020-04-01 21:11:05 #6 type] 
Type domain.Question is not enhanced.

[2020-04-01 21:11:05 #7 type] 
Type domain.Pronostico is not enhanced.

[2020-04-01 21:11:05 #8 type] 
Type domain.Event is not enhanced.

------------------------------------------------------------------------------------------------------------------------

[2020-04-01 21:14:07 #1 store] 
Database 'C:\Users\unais\Desktop\bets-workspace\LPCIS\Bets\resources\bets.temp' has been recovered (tr. 15-15)

[2020-04-01 21:14:07 #2 store] 
Database 'C:\Users\unais\Desktop\bets-workspace\LPCIS\Bets\resources\bets.temp' is opened by 2892@DESKTOP-9ERLLO7

[2020-04-01 21:14:08 #3 type] 
Type domain.Usuario is not enhanced.

[2020-04-01 21:14:08 #4 type] 
Type domain.Apuesta is not enhanced.

[2020-04-01 21:14:08 #5 type] 
Type domain.Monedero is not enhanced.

[2020-04-01 21:14:08 #6 type] 
Type domain.Question is not enhanced.

[2020-04-01 21:14:08 #7 type] 
Type domain.Pronostico is not enhanced.

[2020-04-01 21:14:08 #8 type] 
Type domain.Event is not enhanced.

------------------------------------------------------------------------------------------------------------------------

[2020-04-01 21:16:07 #1 store] 
Database 'C:\Users\unais\Desktop\bets-workspace\LPCIS\Bets\resources\bets.temp' is opened by 17448@DESKTOP-9ERLLO7

[2020-04-01 21:16:08 #2 type] 
Type domain.Usuario is not enhanced.

[2020-04-01 21:16:08 #3 type] 
Type domain.Apuesta is not enhanced.

[2020-04-01 21:16:08 #4 type] 
Type domain.Monedero is not enhanced.

[2020-04-01 21:16:08 #5 type] 
Type domain.Question is not enhanced.

[2020-04-01 21:16:08 #6 type] 
Type domain.Pronostico is not enhanced.

[2020-04-01 21:16:08 #7 type] 
Type domain.Event is not enhanced.

------------------------------------------------------------------------------------------------------------------------

[2020-04-01 21:23:08 #1 store] 
Database 'C:\Users\unais\Desktop\bets-workspace\LPCIS\Bets\resources\bets.temp' has been recovered (tr. 21-21)

[2020-04-01 21:23:08 #2 store] 
Database 'C:\Users\unais\Desktop\bets-workspace\LPCIS\Bets\resources\bets.temp' is opened by 10944@DESKTOP-9ERLLO7

[2020-04-01 21:23:08 #3 type] 
Type domain.Usuario is not enhanced.

[2020-04-01 21:23:08 #4 type] 
Type domain.Apuesta is not enhanced.

[2020-04-01 21:23:08 #5 type] 
Type domain.Monedero is not enhanced.

[2020-04-01 21:23:08 #6 type] 
Type domain.Question is not enhanced.

[2020-04-01 21:23:08 #7 type] 
Type domain.Pronostico is not enhanced.

[2020-04-01 21:23:08 #8 type] 
Type domain.Event is not enhanced.

------------------------------------------------------------------------------------------------------------------------

[2020-04-01 21:24:02 #1 store] 
Database 'C:\Users\unais\Desktop\bets-workspace\LPCIS\Bets\resources\bets.temp' is opened by 17624@DESKTOP-9ERLLO7

[2020-04-01 21:24:03 #2 type.registry] 
New type domain.Usuario

[2020-04-01 21:24:03 #3 type] 
Type domain.Usuario is not enhanced.

[2020-04-01 21:24:03 #4 type.registry] 
New type domain.Apuesta

[2020-04-01 21:24:03 #5 type.registry] 
New type java.util.Vector<domain.Apuesta>

[2020-04-01 21:24:03 #6 type.registry] 
New type domain.Monedero

[2020-04-01 21:24:03 #7 type] 
Type domain.Apuesta is not enhanced.

[2020-04-01 21:24:03 #8 type] 
Type domain.Monedero is not enhanced.

[2020-04-01 21:24:03 #9 type.registry] 
New type domain.Question

[2020-04-01 21:24:03 #10 type] 
Type domain.Question is not enhanced.

[2020-04-01 21:24:03 #11 type.registry] 
New type domain.Pronostico

[2020-04-01 21:24:03 #12 type.registry] 
New type java.util.Vector<domain.Pronostico>

[2020-04-01 21:24:03 #13 type.registry] 
New type domain.Event

[2020-04-01 21:24:03 #14 type] 
Type domain.Pronostico is not enhanced.

[2020-04-01 21:24:03 #15 type] 
Type domain.Event is not enhanced.

[2020-04-01 21:24:03 #16 type.registry] 
New type java.util.Vector<domain.Question>

[2020-04-01 21:24:03 #17 type.registry] 
New type java.util.Vector<java.lang.Object>

------------------------------------------------------------------------------------------------------------------------

[2020-04-01 21:24:20 #1 store] 
Database 'C:\Users\unais\Desktop\bets-workspace\LPCIS\Bets\resources\bets.temp' has been recovered (tr. 1-6)

[2020-04-01 21:24:20 #2 store] 
Database 'C:\Users\unais\Desktop\bets-workspace\LPCIS\Bets\resources\bets.temp' is opened by 18248@DESKTOP-9ERLLO7

[2020-04-01 21:24:21 #3 type] 
Type domain.Usuario is not enhanced.

[2020-04-01 21:24:21 #4 type] 
Type domain.Apuesta is not enhanced.

[2020-04-01 21:24:21 #5 type] 
Type domain.Monedero is not enhanced.

[2020-04-01 21:24:21 #6 type] 
Type domain.Question is not enhanced.

[2020-04-01 21:24:21 #7 type] 
Type domain.Pronostico is not enhanced.

[2020-04-01 21:24:21 #8 type] 
Type domain.Event is not enhanced.

------------------------------------------------------------------------------------------------------------------------

[2020-04-01 21:29:07 #1 store] 
Database 'C:\Users\unais\Desktop\bets-workspace\LPCIS\Bets\resources\bets.temp' has been recovered (tr. 7-19)

[2020-04-01 21:29:08 #2 store] 
Database 'C:\Users\unais\Desktop\bets-workspace\LPCIS\Bets\resources\bets.temp' is opened by 9652@DESKTOP-9ERLLO7

[2020-04-01 21:29:08 #3 type] 
Type domain.Usuario is not enhanced.

[2020-04-01 21:29:08 #4 type] 
Type domain.Apuesta is not enhanced.

[2020-04-01 21:29:08 #5 type] 
Type domain.Monedero is not enhanced.

[2020-04-01 21:29:08 #6 type] 
Type domain.Question is not enhanced.

[2020-04-01 21:29:08 #7 type] 
Type domain.Pronostico is not enhanced.

[2020-04-01 21:29:08 #8 type] 
Type domain.Event is not enhanced.

