------------------------------------------------------------------------------------------------------------------------

[2020-03-17 17:23:40 #1 store] 
Database '/Users/adriansanse/git/LPCIS/Bets/resources/bets.temp' is opened by 22871@pc-1-128.customer.ask4.lan

[2020-03-17 17:23:40 #2 type.registry] 
New type domain.Usuario

[2020-03-17 17:23:40 #3 type] 
Type domain.Usuario is not enhanced.

[2020-03-17 17:23:40 #4 type.registry] 
New type domain.Question

[2020-03-17 17:23:40 #5 type] 
Type domain.Question is not enhanced.

[2020-03-17 17:23:40 #6 type.registry] 
New type domain.Pronostico

[2020-03-17 17:23:40 #7 type.registry] 
New type java.util.Vector<domain.Pronostico>

[2020-03-17 17:23:40 #8 type.registry] 
New type domain.Event

[2020-03-17 17:23:40 #9 type] 
Type domain.Pronostico is not enhanced.

[2020-03-17 17:23:40 #10 type] 
Type domain.Event is not enhanced.

[2020-03-17 17:23:40 #11 type.registry] 
New type java.util.Vector<domain.Question>

[2020-03-17 17:23:40 #12 type.registry] 
New type java.util.Vector<java.lang.Object>

------------------------------------------------------------------------------------------------------------------------

[2020-03-17 17:25:34 #1 store] 
Database '/Users/adriansanse/git/LPCIS/Bets/resources/bets.temp' is opened by 22883@pc-1-128.customer.ask4.lan

[2020-03-17 17:25:34 #2 type.registry] 
New type domain.Usuario

[2020-03-17 17:25:34 #3 type] 
Type domain.Usuario is not enhanced.

[2020-03-17 17:25:34 #4 type.registry] 
New type domain.Question

[2020-03-17 17:25:34 #5 type] 
Type domain.Question is not enhanced.

[2020-03-17 17:25:34 #6 type.registry] 
New type domain.Pronostico

[2020-03-17 17:25:34 #7 type.registry] 
New type java.util.Vector<domain.Pronostico>

[2020-03-17 17:25:34 #8 type.registry] 
New type domain.Event

[2020-03-17 17:25:34 #9 type] 
Type domain.Pronostico is not enhanced.

[2020-03-17 17:25:34 #10 type] 
Type domain.Event is not enhanced.

[2020-03-17 17:25:34 #11 type.registry] 
New type java.util.Vector<domain.Question>

[2020-03-17 17:25:34 #12 type.registry] 
New type java.util.Vector<java.lang.Object>

------------------------------------------------------------------------------------------------------------------------

[2020-03-17 17:35:17 #1 store] 
Database '/Users/adriansanse/git/LPCIS/Bets/resources/bets.temp' is opened by 22901@pc-1-128.customer.ask4.lan

[2020-03-17 17:35:17 #2 type.registry] 
New type domain.Usuario

[2020-03-17 17:35:17 #3 type] 
Type domain.Usuario is not enhanced.

[2020-03-17 17:35:17 #4 type.registry] 
New type domain.Question

[2020-03-17 17:35:17 #5 type] 
Type domain.Question is not enhanced.

[2020-03-17 17:35:17 #6 type.registry] 
New type domain.Pronostico

[2020-03-17 17:35:17 #7 type.registry] 
New type java.util.Vector<domain.Pronostico>

[2020-03-17 17:35:17 #8 type.registry] 
New type domain.Event

[2020-03-17 17:35:17 #9 type] 
Type domain.Pronostico is not enhanced.

[2020-03-17 17:35:17 #10 type] 
Type domain.Event is not enhanced.

[2020-03-17 17:35:17 #11 type.registry] 
New type java.util.Vector<domain.Question>

[2020-03-17 17:35:17 #12 type.registry] 
New type java.util.Vector<java.lang.Object>

------------------------------------------------------------------------------------------------------------------------

[2020-03-17 17:36:22 #1 store] 
Database '/Users/adriansanse/git/LPCIS/Bets/resources/bets.temp' is opened by 22904@pc-1-128.customer.ask4.lan

[2020-03-17 17:36:22 #2 type.registry] 
New type domain.Usuario

[2020-03-17 17:36:22 #3 type] 
Type domain.Usuario is not enhanced.

[2020-03-17 17:36:22 #4 type.registry] 
New type domain.Question

[2020-03-17 17:36:22 #5 type] 
Type domain.Question is not enhanced.

[2020-03-17 17:36:22 #6 type.registry] 
New type domain.Pronostico

[2020-03-17 17:36:22 #7 type.registry] 
New type java.util.Vector<domain.Pronostico>

[2020-03-17 17:36:22 #8 type.registry] 
New type domain.Event

[2020-03-17 17:36:22 #9 type] 
Type domain.Pronostico is not enhanced.

[2020-03-17 17:36:22 #10 type] 
Type domain.Event is not enhanced.

[2020-03-17 17:36:22 #11 type.registry] 
New type java.util.Vector<domain.Question>

[2020-03-17 17:36:22 #12 type.registry] 
New type java.util.Vector<java.lang.Object>

------------------------------------------------------------------------------------------------------------------------

[2020-03-17 17:37:44 #1 store] 
Database '/Users/adriansanse/git/LPCIS/Bets/resources/bets.temp' is opened by 22906@pc-1-128.customer.ask4.lan

[2020-03-17 17:37:44 #2 type.registry] 
New type domain.Usuario

[2020-03-17 17:37:44 #3 type] 
Type domain.Usuario is not enhanced.

[2020-03-17 17:37:44 #4 type.registry] 
New type domain.Question

[2020-03-17 17:37:44 #5 type] 
Type domain.Question is not enhanced.

[2020-03-17 17:37:44 #6 type.registry] 
New type domain.Pronostico

[2020-03-17 17:37:44 #7 type.registry] 
New type java.util.Vector<domain.Pronostico>

[2020-03-17 17:37:44 #8 type.registry] 
New type domain.Event

[2020-03-17 17:37:44 #9 type] 
Type domain.Pronostico is not enhanced.

[2020-03-17 17:37:44 #10 type] 
Type domain.Event is not enhanced.

[2020-03-17 17:37:44 #11 type.registry] 
New type java.util.Vector<domain.Question>

[2020-03-17 17:37:44 #12 type.registry] 
New type java.util.Vector<java.lang.Object>

------------------------------------------------------------------------------------------------------------------------

[2020-03-17 17:51:33 #1 store] 
Database '/Users/adriansanse/git/LPCIS/Bets/resources/bets.temp' is opened by 22914@pc-1-128.customer.ask4.lan

[2020-03-17 17:51:33 #2 type.registry] 
New type domain.Usuario

[2020-03-17 17:51:33 #3 type] 
Type domain.Usuario is not enhanced.

[2020-03-17 17:51:33 #4 type.registry] 
New type domain.Question

[2020-03-17 17:51:33 #5 type] 
Type domain.Question is not enhanced.

[2020-03-17 17:51:33 #6 type.registry] 
New type domain.Pronostico

[2020-03-17 17:51:33 #7 type.registry] 
New type java.util.Vector<domain.Pronostico>

[2020-03-17 17:51:33 #8 type.registry] 
New type domain.Event

[2020-03-17 17:51:33 #9 type] 
Type domain.Pronostico is not enhanced.

[2020-03-17 17:51:33 #10 type] 
Type domain.Event is not enhanced.

[2020-03-17 17:51:33 #11 type.registry] 
New type java.util.Vector<domain.Question>

[2020-03-17 17:51:33 #12 type.registry] 
New type java.util.Vector<java.lang.Object>

------------------------------------------------------------------------------------------------------------------------

[2020-03-17 17:52:43 #1 store] 
Database '/Users/adriansanse/git/LPCIS/Bets/resources/bets.temp' is opened by 22919@pc-1-128.customer.ask4.lan

[2020-03-17 17:52:43 #2 type.registry] 
New type domain.Usuario

[2020-03-17 17:52:43 #3 type] 
Type domain.Usuario is not enhanced.

[2020-03-17 17:52:43 #4 type.registry] 
New type domain.Question

[2020-03-17 17:52:43 #5 type] 
Type domain.Question is not enhanced.

[2020-03-17 17:52:43 #6 type.registry] 
New type domain.Pronostico

[2020-03-17 17:52:43 #7 type.registry] 
New type java.util.Vector<domain.Pronostico>

[2020-03-17 17:52:43 #8 type.registry] 
New type domain.Event

[2020-03-17 17:52:43 #9 type] 
Type domain.Pronostico is not enhanced.

[2020-03-17 17:52:43 #10 type] 
Type domain.Event is not enhanced.

[2020-03-17 17:52:43 #11 type.registry] 
New type java.util.Vector<domain.Question>

[2020-03-17 17:52:43 #12 type.registry] 
New type java.util.Vector<java.lang.Object>

------------------------------------------------------------------------------------------------------------------------

[2020-03-17 18:02:47 #1 store] 
Database '/Users/adriansanse/git/LPCIS/Bets/resources/bets.temp' is opened by 22924@pc-1-128.customer.ask4.lan

[2020-03-17 18:02:47 #2 type.registry] 
New type domain.Usuario

[2020-03-17 18:02:47 #3 type] 
Type domain.Usuario is not enhanced.

[2020-03-17 18:02:47 #4 type.registry] 
New type domain.Question

[2020-03-17 18:02:47 #5 type] 
Type domain.Question is not enhanced.

[2020-03-17 18:02:47 #6 type.registry] 
New type domain.Pronostico

[2020-03-17 18:02:47 #7 type.registry] 
New type java.util.Vector<domain.Pronostico>

[2020-03-17 18:02:47 #8 type.registry] 
New type domain.Event

[2020-03-17 18:02:47 #9 type] 
Type domain.Pronostico is not enhanced.

[2020-03-17 18:02:47 #10 type] 
Type domain.Event is not enhanced.

[2020-03-17 18:02:47 #11 type.registry] 
New type java.util.Vector<domain.Question>

[2020-03-17 18:02:47 #12 type.registry] 
New type java.util.Vector<java.lang.Object>

------------------------------------------------------------------------------------------------------------------------

[2020-03-17 18:11:52 #1 store] 
Database '/Users/adriansanse/git/LPCIS/Bets/resources/bets.temp' is opened by 22946@pc-1-128.customer.ask4.lan

[2020-03-17 18:11:52 #2 type.registry] 
New type domain.Usuario

[2020-03-17 18:11:52 #3 type] 
Type domain.Usuario is not enhanced.

[2020-03-17 18:11:52 #4 type.registry] 
New type domain.Question

[2020-03-17 18:11:52 #5 type] 
Type domain.Question is not enhanced.

[2020-03-17 18:11:52 #6 type.registry] 
New type domain.Pronostico

[2020-03-17 18:11:52 #7 type.registry] 
New type java.util.Vector<domain.Pronostico>

[2020-03-17 18:11:52 #8 type.registry] 
New type domain.Event

[2020-03-17 18:11:52 #9 type] 
Type domain.Pronostico is not enhanced.

[2020-03-17 18:11:52 #10 type] 
Type domain.Event is not enhanced.

[2020-03-17 18:11:52 #11 type.registry] 
New type java.util.Vector<domain.Question>

[2020-03-17 18:11:52 #12 type.registry] 
New type java.util.Vector<java.lang.Object>

------------------------------------------------------------------------------------------------------------------------

[2020-03-17 18:12:19 #1 store] 
Database '/Users/adriansanse/git/LPCIS/Bets/resources/bets.temp' is opened by 22948@pc-1-128.customer.ask4.lan

[2020-03-17 18:12:19 #2 type.registry] 
New type domain.Usuario

[2020-03-17 18:12:19 #3 type] 
Type domain.Usuario is not enhanced.

[2020-03-17 18:12:19 #4 type.registry] 
New type domain.Question

[2020-03-17 18:12:19 #5 type] 
Type domain.Question is not enhanced.

[2020-03-17 18:12:19 #6 type.registry] 
New type domain.Pronostico

[2020-03-17 18:12:19 #7 type.registry] 
New type java.util.Vector<domain.Pronostico>

[2020-03-17 18:12:19 #8 type.registry] 
New type domain.Event

[2020-03-17 18:12:19 #9 type] 
Type domain.Pronostico is not enhanced.

[2020-03-17 18:12:19 #10 type] 
Type domain.Event is not enhanced.

[2020-03-17 18:12:19 #11 type.registry] 
New type java.util.Vector<domain.Question>

[2020-03-17 18:12:19 #12 type.registry] 
New type java.util.Vector<java.lang.Object>

------------------------------------------------------------------------------------------------------------------------

[2020-03-17 18:12:51 #1 store] 
Database '/Users/adriansanse/git/LPCIS/Bets/resources/bets.temp' is opened by 22950@pc-1-128.customer.ask4.lan

[2020-03-17 18:12:51 #2 type.registry] 
New type domain.Usuario

[2020-03-17 18:12:51 #3 type] 
Type domain.Usuario is not enhanced.

[2020-03-17 18:12:51 #4 type.registry] 
New type domain.Question

[2020-03-17 18:12:51 #5 type] 
Type domain.Question is not enhanced.

[2020-03-17 18:12:51 #6 type.registry] 
New type domain.Pronostico

[2020-03-17 18:12:51 #7 type.registry] 
New type java.util.Vector<domain.Pronostico>

[2020-03-17 18:12:51 #8 type.registry] 
New type domain.Event

[2020-03-17 18:12:51 #9 type] 
Type domain.Pronostico is not enhanced.

[2020-03-17 18:12:51 #10 type] 
Type domain.Event is not enhanced.

[2020-03-17 18:12:51 #11 type.registry] 
New type java.util.Vector<domain.Question>

[2020-03-17 18:12:51 #12 type.registry] 
New type java.util.Vector<java.lang.Object>

------------------------------------------------------------------------------------------------------------------------

[2020-03-17 18:16:23 #1 store] 
Database '/Users/adriansanse/git/LPCIS/Bets/resources/bets.temp' is opened by 22952@pc-1-128.customer.ask4.lan

[2020-03-17 18:16:23 #2 type.registry] 
New type domain.Usuario

[2020-03-17 18:16:23 #3 type] 
Type domain.Usuario is not enhanced.

[2020-03-17 18:16:23 #4 type.registry] 
New type domain.Question

[2020-03-17 18:16:23 #5 type] 
Type domain.Question is not enhanced.

[2020-03-17 18:16:23 #6 type.registry] 
New type domain.Pronostico

[2020-03-17 18:16:23 #7 type.registry] 
New type java.util.Vector<domain.Pronostico>

[2020-03-17 18:16:23 #8 type.registry] 
New type domain.Event

[2020-03-17 18:16:23 #9 type] 
Type domain.Pronostico is not enhanced.

[2020-03-17 18:16:23 #10 type] 
Type domain.Event is not enhanced.

[2020-03-17 18:16:23 #11 type.registry] 
New type java.util.Vector<domain.Question>

[2020-03-17 18:16:23 #12 type.registry] 
New type java.util.Vector<java.lang.Object>

------------------------------------------------------------------------------------------------------------------------

[2020-03-17 18:18:29 #1 store] 
Database '/Users/adriansanse/git/LPCIS/Bets/resources/bets.temp' is opened by 22955@pc-1-128.customer.ask4.lan

[2020-03-17 18:18:30 #2 type.registry] 
New type domain.Usuario

[2020-03-17 18:18:30 #3 type] 
Type domain.Usuario is not enhanced.

[2020-03-17 18:18:30 #4 type.registry] 
New type domain.Question

[2020-03-17 18:18:30 #5 type] 
Type domain.Question is not enhanced.

[2020-03-17 18:18:30 #6 type.registry] 
New type domain.Pronostico

[2020-03-17 18:18:30 #7 type.registry] 
New type java.util.Vector<domain.Pronostico>

[2020-03-17 18:18:30 #8 type.registry] 
New type domain.Event

[2020-03-17 18:18:30 #9 type] 
Type domain.Pronostico is not enhanced.

[2020-03-17 18:18:30 #10 type] 
Type domain.Event is not enhanced.

[2020-03-17 18:18:30 #11 type.registry] 
New type java.util.Vector<domain.Question>

[2020-03-17 18:18:30 #12 type.registry] 
New type java.util.Vector<java.lang.Object>

------------------------------------------------------------------------------------------------------------------------

[2020-03-17 18:19:29 #1 store] 
Database '/Users/adriansanse/git/LPCIS/Bets/resources/bets.temp' is opened by 22957@pc-1-128.customer.ask4.lan

[2020-03-17 18:19:29 #2 type.registry] 
New type domain.Usuario

[2020-03-17 18:19:29 #3 type] 
Type domain.Usuario is not enhanced.

[2020-03-17 18:19:29 #4 type.registry] 
New type domain.Question

[2020-03-17 18:19:29 #5 type] 
Type domain.Question is not enhanced.

[2020-03-17 18:19:29 #6 type.registry] 
New type domain.Pronostico

[2020-03-17 18:19:29 #7 type.registry] 
New type java.util.Vector<domain.Pronostico>

[2020-03-17 18:19:29 #8 type.registry] 
New type domain.Event

[2020-03-17 18:19:29 #9 type] 
Type domain.Pronostico is not enhanced.

[2020-03-17 18:19:29 #10 type] 
Type domain.Event is not enhanced.

[2020-03-17 18:19:29 #11 type.registry] 
New type java.util.Vector<domain.Question>

[2020-03-17 18:19:29 #12 type.registry] 
New type java.util.Vector<java.lang.Object>

------------------------------------------------------------------------------------------------------------------------

[2020-03-17 18:24:05 #1 store] 
Database '/Users/adriansanse/git/LPCIS/Bets/resources/bets.temp' is opened by 22959@pc-1-128.customer.ask4.lan

[2020-03-17 18:24:05 #2 type.registry] 
New type domain.Usuario

[2020-03-17 18:24:05 #3 type] 
Type domain.Usuario is not enhanced.

[2020-03-17 18:24:05 #4 type.registry] 
New type domain.Question

[2020-03-17 18:24:05 #5 type] 
Type domain.Question is not enhanced.

[2020-03-17 18:24:05 #6 type.registry] 
New type domain.Pronostico

[2020-03-17 18:24:05 #7 type.registry] 
New type java.util.Vector<domain.Pronostico>

[2020-03-17 18:24:05 #8 type.registry] 
New type domain.Event

[2020-03-17 18:24:05 #9 type] 
Type domain.Pronostico is not enhanced.

[2020-03-17 18:24:05 #10 type] 
Type domain.Event is not enhanced.

[2020-03-17 18:24:05 #11 type.registry] 
New type java.util.Vector<domain.Question>

[2020-03-17 18:24:05 #12 type.registry] 
New type java.util.Vector<java.lang.Object>

------------------------------------------------------------------------------------------------------------------------

[2020-03-17 18:28:05 #1 store] 
Database '/Users/adriansanse/git/LPCIS/Bets/resources/bets.temp' is opened by 22962@pc-1-128.customer.ask4.lan

[2020-03-17 18:28:05 #2 type.registry] 
New type domain.Usuario

[2020-03-17 18:28:05 #3 type] 
Type domain.Usuario is not enhanced.

[2020-03-17 18:28:05 #4 type.registry] 
New type domain.Question

[2020-03-17 18:28:05 #5 type] 
Type domain.Question is not enhanced.

[2020-03-17 18:28:05 #6 type.registry] 
New type domain.Pronostico

[2020-03-17 18:28:05 #7 type.registry] 
New type java.util.Vector<domain.Pronostico>

[2020-03-17 18:28:05 #8 type.registry] 
New type domain.Event

[2020-03-17 18:28:05 #9 type] 
Type domain.Pronostico is not enhanced.

[2020-03-17 18:28:05 #10 type] 
Type domain.Event is not enhanced.

[2020-03-17 18:28:05 #11 type.registry] 
New type java.util.Vector<domain.Question>

[2020-03-17 18:28:05 #12 type.registry] 
New type java.util.Vector<java.lang.Object>

------------------------------------------------------------------------------------------------------------------------

[2020-03-17 18:37:13 #1 store] 
Database '/Users/adriansanse/git/LPCIS/Bets/resources/bets.temp' is opened by 22967@pc-1-128.customer.ask4.lan

[2020-03-17 18:37:13 #2 type.registry] 
New type domain.Usuario

[2020-03-17 18:37:13 #3 type] 
Type domain.Usuario is not enhanced.

[2020-03-17 18:37:13 #4 type.registry] 
New type domain.Question

[2020-03-17 18:37:13 #5 type] 
Type domain.Question is not enhanced.

[2020-03-17 18:37:13 #6 type.registry] 
New type domain.Pronostico

[2020-03-17 18:37:13 #7 type.registry] 
New type java.util.Vector<domain.Pronostico>

[2020-03-17 18:37:13 #8 type.registry] 
New type domain.Event

[2020-03-17 18:37:13 #9 type] 
Type domain.Pronostico is not enhanced.

[2020-03-17 18:37:13 #10 type] 
Type domain.Event is not enhanced.

[2020-03-17 18:37:13 #11 type.registry] 
New type java.util.Vector<domain.Question>

[2020-03-17 18:37:13 #12 type.registry] 
New type java.util.Vector<java.lang.Object>

------------------------------------------------------------------------------------------------------------------------

[2020-03-17 18:37:47 #1 store] 
Database '/Users/adriansanse/git/LPCIS/Bets/resources/bets.temp' is opened by 22976@pc-1-128.customer.ask4.lan

[2020-03-17 18:37:48 #2 type.registry] 
New type domain.Usuario

[2020-03-17 18:37:48 #3 type] 
Type domain.Usuario is not enhanced.

[2020-03-17 18:37:48 #4 type.registry] 
New type domain.Question

[2020-03-17 18:37:48 #5 type] 
Type domain.Question is not enhanced.

[2020-03-17 18:37:48 #6 type.registry] 
New type domain.Pronostico

[2020-03-17 18:37:48 #7 type.registry] 
New type java.util.Vector<domain.Pronostico>

[2020-03-17 18:37:48 #8 type.registry] 
New type domain.Event

[2020-03-17 18:37:48 #9 type] 
Type domain.Pronostico is not enhanced.

[2020-03-17 18:37:48 #10 type] 
Type domain.Event is not enhanced.

[2020-03-17 18:37:48 #11 type.registry] 
New type java.util.Vector<domain.Question>

[2020-03-17 18:37:48 #12 type.registry] 
New type java.util.Vector<java.lang.Object>

------------------------------------------------------------------------------------------------------------------------

[2020-03-17 18:38:31 #1 store] 
Database '/Users/adriansanse/git/LPCIS/Bets/resources/bets.temp' is opened by 22978@pc-1-128.customer.ask4.lan

[2020-03-17 18:38:31 #2 type.registry] 
New type domain.Usuario

[2020-03-17 18:38:31 #3 type] 
Type domain.Usuario is not enhanced.

[2020-03-17 18:38:31 #4 type.registry] 
New type domain.Question

[2020-03-17 18:38:31 #5 type] 
Type domain.Question is not enhanced.

[2020-03-17 18:38:31 #6 type.registry] 
New type domain.Pronostico

[2020-03-17 18:38:32 #7 type.registry] 
New type java.util.Vector<domain.Pronostico>

[2020-03-17 18:38:32 #8 type.registry] 
New type domain.Event

[2020-03-17 18:38:32 #9 type] 
Type domain.Pronostico is not enhanced.

[2020-03-17 18:38:32 #10 type] 
Type domain.Event is not enhanced.

[2020-03-17 18:38:32 #11 type.registry] 
New type java.util.Vector<domain.Question>

[2020-03-17 18:38:32 #12 type.registry] 
New type java.util.Vector<java.lang.Object>

------------------------------------------------------------------------------------------------------------------------

[2020-03-17 18:39:24 #1 store] 
Database '/Users/adriansanse/git/LPCIS/Bets/resources/bets.temp' is opened by 22980@pc-1-128.customer.ask4.lan

[2020-03-17 18:39:24 #2 type.registry] 
New type domain.Usuario

[2020-03-17 18:39:24 #3 type] 
Type domain.Usuario is not enhanced.

[2020-03-17 18:39:24 #4 type.registry] 
New type domain.Question

[2020-03-17 18:39:24 #5 type] 
Type domain.Question is not enhanced.

[2020-03-17 18:39:24 #6 type.registry] 
New type domain.Pronostico

[2020-03-17 18:39:24 #7 type.registry] 
New type java.util.Vector<domain.Pronostico>

[2020-03-17 18:39:24 #8 type.registry] 
New type domain.Event

[2020-03-17 18:39:24 #9 type] 
Type domain.Pronostico is not enhanced.

[2020-03-17 18:39:24 #10 type] 
Type domain.Event is not enhanced.

[2020-03-17 18:39:24 #11 type.registry] 
New type java.util.Vector<domain.Question>

[2020-03-17 18:39:24 #12 type.registry] 
New type java.util.Vector<java.lang.Object>

------------------------------------------------------------------------------------------------------------------------

[2020-03-17 18:45:34 #1 store] 
Database '/Users/adriansanse/git/LPCIS/Bets/resources/bets.temp' is opened by 22983@pc-1-128.customer.ask4.lan

[2020-03-17 18:45:34 #2 type.registry] 
New type domain.Usuario

[2020-03-17 18:45:34 #3 type] 
Type domain.Usuario is not enhanced.

[2020-03-17 18:45:34 #4 type.registry] 
New type domain.Question

[2020-03-17 18:45:34 #5 type] 
Type domain.Question is not enhanced.

[2020-03-17 18:45:34 #6 type.registry] 
New type domain.Pronostico

[2020-03-17 18:45:34 #7 type.registry] 
New type java.util.Vector<domain.Pronostico>

[2020-03-17 18:45:34 #8 type.registry] 
New type domain.Event

[2020-03-17 18:45:34 #9 type] 
Type domain.Pronostico is not enhanced.

[2020-03-17 18:45:34 #10 type] 
Type domain.Event is not enhanced.

[2020-03-17 18:45:34 #11 type.registry] 
New type java.util.Vector<domain.Question>

[2020-03-17 18:45:34 #12 type.registry] 
New type java.util.Vector<java.lang.Object>

------------------------------------------------------------------------------------------------------------------------

[2020-03-17 18:53:00 #1 store] 
Database '/Users/adriansanse/git/LPCIS/Bets/resources/bets.temp' is opened by 22991@pc-1-128.customer.ask4.lan

[2020-03-17 18:53:00 #2 type.registry] 
New type domain.Usuario

[2020-03-17 18:53:00 #3 type] 
Type domain.Usuario is not enhanced.

[2020-03-17 18:53:00 #4 type.registry] 
New type domain.Question

[2020-03-17 18:53:00 #5 type] 
Type domain.Question is not enhanced.

[2020-03-17 18:53:00 #6 type.registry] 
New type domain.Pronostico

[2020-03-17 18:53:00 #7 type.registry] 
New type java.util.Vector<domain.Pronostico>

[2020-03-17 18:53:00 #8 type.registry] 
New type domain.Event

[2020-03-17 18:53:00 #9 type] 
Type domain.Pronostico is not enhanced.

[2020-03-17 18:53:00 #10 type] 
Type domain.Event is not enhanced.

[2020-03-17 18:53:00 #11 type.registry] 
New type java.util.Vector<domain.Question>

[2020-03-17 18:53:00 #12 type.registry] 
New type java.util.Vector<java.lang.Object>

------------------------------------------------------------------------------------------------------------------------

[2020-03-17 19:21:40 #1 store] 
Database '/Users/adriansanse/git/LPCIS/Bets/resources/bets.temp' is opened by 23003@pc-1-128.customer.ask4.lan

[2020-03-17 19:21:40 #2 type.registry] 
New type domain.Usuario

[2020-03-17 19:21:40 #3 type] 
Type domain.Usuario is not enhanced.

[2020-03-17 19:21:40 #4 type.registry] 
New type domain.Question

[2020-03-17 19:21:40 #5 type] 
Type domain.Question is not enhanced.

[2020-03-17 19:21:40 #6 type.registry] 
New type domain.Pronostico

[2020-03-17 19:21:40 #7 type.registry] 
New type java.util.Vector<domain.Pronostico>

[2020-03-17 19:21:40 #8 type.registry] 
New type domain.Event

[2020-03-17 19:21:40 #9 type] 
Type domain.Pronostico is not enhanced.

[2020-03-17 19:21:40 #10 type] 
Type domain.Event is not enhanced.

[2020-03-17 19:21:40 #11 type.registry] 
New type java.util.Vector<domain.Question>

[2020-03-17 19:21:40 #12 type.registry] 
New type java.util.Vector<java.lang.Object>

------------------------------------------------------------------------------------------------------------------------

[2020-03-17 19:28:05 #1 store] 
Database '/Users/adriansanse/git/LPCIS/Bets/resources/bets.temp' is opened by 23007@pc-1-128.customer.ask4.lan

[2020-03-17 19:28:05 #2 type.registry] 
New type domain.Usuario

[2020-03-17 19:28:05 #3 type] 
Type domain.Usuario is not enhanced.

[2020-03-17 19:28:05 #4 type.registry] 
New type domain.Question

[2020-03-17 19:28:05 #5 type] 
Type domain.Question is not enhanced.

[2020-03-17 19:28:05 #6 type.registry] 
New type domain.Pronostico

[2020-03-17 19:28:05 #7 type.registry] 
New type java.util.Vector<domain.Pronostico>

[2020-03-17 19:28:05 #8 type.registry] 
New type domain.Event

[2020-03-17 19:28:05 #9 type] 
Type domain.Pronostico is not enhanced.

[2020-03-17 19:28:05 #10 type] 
Type domain.Event is not enhanced.

[2020-03-17 19:28:05 #11 type.registry] 
New type java.util.Vector<domain.Question>

[2020-03-17 19:28:05 #12 type.registry] 
New type java.util.Vector<java.lang.Object>

------------------------------------------------------------------------------------------------------------------------

[2020-03-17 19:52:42 #1 store] 
Database '/Users/adriansanse/git/LPCIS/Bets/resources/bets.temp' is opened by 23012@pc-1-128.customer.ask4.lan

[2020-03-17 19:52:42 #2 type.registry] 
New type domain.Usuario

[2020-03-17 19:52:42 #3 type] 
Type domain.Usuario is not enhanced.

[2020-03-17 19:52:42 #4 type.registry] 
New type domain.Question

[2020-03-17 19:52:42 #5 type] 
Type domain.Question is not enhanced.

[2020-03-17 19:52:42 #6 type.registry] 
New type domain.Pronostico

[2020-03-17 19:52:42 #7 type.registry] 
New type java.util.Vector<domain.Pronostico>

[2020-03-17 19:52:42 #8 type.registry] 
New type domain.Event

[2020-03-17 19:52:42 #9 type] 
Type domain.Pronostico is not enhanced.

[2020-03-17 19:52:42 #10 type] 
Type domain.Event is not enhanced.

[2020-03-17 19:52:42 #11 type.registry] 
New type java.util.Vector<domain.Question>

[2020-03-17 19:52:42 #12 type.registry] 
New type java.util.Vector<java.lang.Object>

------------------------------------------------------------------------------------------------------------------------

[2020-03-17 19:56:18 #1 store] 
Database '/Users/adriansanse/git/LPCIS/Bets/resources/bets.temp' is opened by 23015@pc-1-128.customer.ask4.lan

[2020-03-17 19:56:18 #2 type.registry] 
New type domain.Usuario

[2020-03-17 19:56:18 #3 type] 
Type domain.Usuario is not enhanced.

[2020-03-17 19:56:18 #4 type.registry] 
New type domain.Question

[2020-03-17 19:56:18 #5 type] 
Type domain.Question is not enhanced.

[2020-03-17 19:56:18 #6 type.registry] 
New type domain.Pronostico

[2020-03-17 19:56:18 #7 type.registry] 
New type java.util.Vector<domain.Pronostico>

[2020-03-17 19:56:18 #8 type.registry] 
New type domain.Event

[2020-03-17 19:56:18 #9 type] 
Type domain.Pronostico is not enhanced.

[2020-03-17 19:56:18 #10 type] 
Type domain.Event is not enhanced.

[2020-03-17 19:56:18 #11 type.registry] 
New type java.util.Vector<domain.Question>

[2020-03-17 19:56:18 #12 type.registry] 
New type java.util.Vector<java.lang.Object>

------------------------------------------------------------------------------------------------------------------------

[2020-03-17 20:02:15 #1 store] 
Database '/Users/adriansanse/git/LPCIS/Bets/resources/bets.temp' is opened by 23018@pc-1-128.customer.ask4.lan

[2020-03-17 20:02:15 #2 type.registry] 
New type domain.Usuario

[2020-03-17 20:02:15 #3 type] 
Type domain.Usuario is not enhanced.

[2020-03-17 20:02:15 #4 type.registry] 
New type domain.Question

[2020-03-17 20:02:15 #5 type] 
Type domain.Question is not enhanced.

[2020-03-17 20:02:15 #6 type.registry] 
New type domain.Pronostico

[2020-03-17 20:02:15 #7 type.registry] 
New type java.util.Vector<domain.Pronostico>

[2020-03-17 20:02:15 #8 type.registry] 
New type domain.Event

[2020-03-17 20:02:15 #9 type] 
Type domain.Pronostico is not enhanced.

[2020-03-17 20:02:15 #10 type] 
Type domain.Event is not enhanced.

[2020-03-17 20:02:15 #11 type.registry] 
New type java.util.Vector<domain.Question>

[2020-03-17 20:02:15 #12 type.registry] 
New type java.util.Vector<java.lang.Object>

------------------------------------------------------------------------------------------------------------------------

[2020-03-17 20:17:00 #1 store] 
Database '/Users/adriansanse/git/LPCIS/Bets/resources/bets.temp' is opened by 23029@pc-1-128.customer.ask4.lan

[2020-03-17 20:17:00 #2 type.registry] 
New type domain.Usuario

[2020-03-17 20:17:00 #3 type] 
Type domain.Usuario is not enhanced.

[2020-03-17 20:17:00 #4 type.registry] 
New type domain.Question

[2020-03-17 20:17:00 #5 type] 
Type domain.Question is not enhanced.

[2020-03-17 20:17:00 #6 type.registry] 
New type domain.Pronostico

[2020-03-17 20:17:00 #7 type.registry] 
New type java.util.Vector<domain.Pronostico>

[2020-03-17 20:17:00 #8 type.registry] 
New type domain.Event

[2020-03-17 20:17:00 #9 type] 
Type domain.Pronostico is not enhanced.

[2020-03-17 20:17:00 #10 type] 
Type domain.Event is not enhanced.

[2020-03-17 20:17:00 #11 type.registry] 
New type java.util.Vector<domain.Question>

[2020-03-17 20:17:00 #12 type.registry] 
New type java.util.Vector<java.lang.Object>

------------------------------------------------------------------------------------------------------------------------

[2020-03-17 20:19:04 #1 store] 
Database '/Users/adriansanse/git/LPCIS/Bets/resources/bets.temp' is opened by 23031@pc-1-128.customer.ask4.lan

[2020-03-17 20:19:04 #2 type.registry] 
New type domain.Usuario

[2020-03-17 20:19:04 #3 type] 
Type domain.Usuario is not enhanced.

[2020-03-17 20:19:04 #4 type.registry] 
New type domain.Question

[2020-03-17 20:19:04 #5 type] 
Type domain.Question is not enhanced.

[2020-03-17 20:19:04 #6 type.registry] 
New type domain.Pronostico

[2020-03-17 20:19:04 #7 type.registry] 
New type java.util.Vector<domain.Pronostico>

[2020-03-17 20:19:04 #8 type.registry] 
New type domain.Event

[2020-03-17 20:19:04 #9 type] 
Type domain.Pronostico is not enhanced.

[2020-03-17 20:19:04 #10 type] 
Type domain.Event is not enhanced.

[2020-03-17 20:19:04 #11 type.registry] 
New type java.util.Vector<domain.Question>

[2020-03-17 20:19:04 #12 type.registry] 
New type java.util.Vector<java.lang.Object>

------------------------------------------------------------------------------------------------------------------------

[2020-03-17 20:26:32 #1 store] 
Database '/Users/adriansanse/git/LPCIS/Bets/resources/bets.temp' is opened by 23034@pc-1-128.customer.ask4.lan

[2020-03-17 20:26:32 #2 type.registry] 
New type domain.Usuario

[2020-03-17 20:26:32 #3 type] 
Type domain.Usuario is not enhanced.

[2020-03-17 20:26:32 #4 type.registry] 
New type domain.Question

[2020-03-17 20:26:32 #5 type] 
Type domain.Question is not enhanced.

[2020-03-17 20:26:32 #6 type.registry] 
New type domain.Pronostico

[2020-03-17 20:26:32 #7 type.registry] 
New type java.util.Vector<domain.Pronostico>

[2020-03-17 20:26:32 #8 type.registry] 
New type domain.Event

[2020-03-17 20:26:32 #9 type] 
Type domain.Pronostico is not enhanced.

[2020-03-17 20:26:32 #10 type] 
Type domain.Event is not enhanced.

[2020-03-17 20:26:32 #11 type.registry] 
New type java.util.Vector<domain.Question>

[2020-03-17 20:26:32 #12 type.registry] 
New type java.util.Vector<java.lang.Object>

------------------------------------------------------------------------------------------------------------------------

[2020-03-17 20:27:01 #1 store] 
Database '/Users/adriansanse/git/LPCIS/Bets/resources/bets.temp' is opened by 23036@pc-1-128.customer.ask4.lan

[2020-03-17 20:27:01 #2 type.registry] 
New type domain.Usuario

[2020-03-17 20:27:01 #3 type] 
Type domain.Usuario is not enhanced.

[2020-03-17 20:27:01 #4 type.registry] 
New type domain.Question

[2020-03-17 20:27:01 #5 type] 
Type domain.Question is not enhanced.

[2020-03-17 20:27:01 #6 type.registry] 
New type domain.Pronostico

[2020-03-17 20:27:01 #7 type.registry] 
New type java.util.Vector<domain.Pronostico>

[2020-03-17 20:27:01 #8 type.registry] 
New type domain.Event

[2020-03-17 20:27:01 #9 type] 
Type domain.Pronostico is not enhanced.

[2020-03-17 20:27:01 #10 type] 
Type domain.Event is not enhanced.

[2020-03-17 20:27:01 #11 type.registry] 
New type java.util.Vector<domain.Question>

[2020-03-17 20:27:01 #12 type.registry] 
New type java.util.Vector<java.lang.Object>

------------------------------------------------------------------------------------------------------------------------

[2020-03-17 20:27:56 #1 store] 
Database '/Users/adriansanse/git/LPCIS/Bets/resources/bets.temp' is opened by 23039@pc-1-128.customer.ask4.lan

[2020-03-17 20:27:56 #2 type.registry] 
New type domain.Usuario

[2020-03-17 20:27:56 #3 type] 
Type domain.Usuario is not enhanced.

[2020-03-17 20:27:56 #4 type.registry] 
New type domain.Question

[2020-03-17 20:27:56 #5 type] 
Type domain.Question is not enhanced.

[2020-03-17 20:27:56 #6 type.registry] 
New type domain.Pronostico

[2020-03-17 20:27:56 #7 type.registry] 
New type java.util.Vector<domain.Pronostico>

[2020-03-17 20:27:56 #8 type.registry] 
New type domain.Event

[2020-03-17 20:27:56 #9 type] 
Type domain.Pronostico is not enhanced.

[2020-03-17 20:27:56 #10 type] 
Type domain.Event is not enhanced.

[2020-03-17 20:27:56 #11 type.registry] 
New type java.util.Vector<domain.Question>

[2020-03-17 20:27:56 #12 type.registry] 
New type java.util.Vector<java.lang.Object>

------------------------------------------------------------------------------------------------------------------------

[2020-03-17 20:29:41 #1 store] 
Database '/Users/adriansanse/git/LPCIS/Bets/resources/bets.temp' is opened by 23041@pc-1-128.customer.ask4.lan

[2020-03-17 20:29:41 #2 type.registry] 
New type domain.Usuario

[2020-03-17 20:29:41 #3 type] 
Type domain.Usuario is not enhanced.

[2020-03-17 20:29:41 #4 type.registry] 
New type domain.Question

[2020-03-17 20:29:41 #5 type] 
Type domain.Question is not enhanced.

[2020-03-17 20:29:41 #6 type.registry] 
New type domain.Pronostico

[2020-03-17 20:29:41 #7 type.registry] 
New type java.util.Vector<domain.Pronostico>

[2020-03-17 20:29:41 #8 type.registry] 
New type domain.Event

[2020-03-17 20:29:41 #9 type] 
Type domain.Pronostico is not enhanced.

[2020-03-17 20:29:41 #10 type] 
Type domain.Event is not enhanced.

[2020-03-17 20:29:41 #11 type.registry] 
New type java.util.Vector<domain.Question>

[2020-03-17 20:29:41 #12 type.registry] 
New type java.util.Vector<java.lang.Object>

------------------------------------------------------------------------------------------------------------------------

[2020-03-17 20:30:46 #1 store] 
Database '/Users/adriansanse/git/LPCIS/Bets/resources/bets.temp' is opened by 23045@pc-1-128.customer.ask4.lan

[2020-03-17 20:30:46 #2 type.registry] 
New type domain.Usuario

[2020-03-17 20:30:46 #3 type] 
Type domain.Usuario is not enhanced.

[2020-03-17 20:30:46 #4 type.registry] 
New type domain.Question

[2020-03-17 20:30:46 #5 type] 
Type domain.Question is not enhanced.

[2020-03-17 20:30:46 #6 type.registry] 
New type domain.Pronostico

[2020-03-17 20:30:46 #7 type.registry] 
New type java.util.Vector<domain.Pronostico>

[2020-03-17 20:30:46 #8 type.registry] 
New type domain.Event

[2020-03-17 20:30:46 #9 type] 
Type domain.Pronostico is not enhanced.

[2020-03-17 20:30:46 #10 type] 
Type domain.Event is not enhanced.

[2020-03-17 20:30:46 #11 type.registry] 
New type java.util.Vector<domain.Question>

[2020-03-17 20:30:46 #12 type.registry] 
New type java.util.Vector<java.lang.Object>

------------------------------------------------------------------------------------------------------------------------

[2020-03-17 20:31:48 #1 store] 
Database '/Users/adriansanse/git/LPCIS/Bets/resources/bets.temp' is opened by 23047@pc-1-128.customer.ask4.lan

[2020-03-17 20:31:48 #2 type.registry] 
New type domain.Usuario

[2020-03-17 20:31:48 #3 type] 
Type domain.Usuario is not enhanced.

[2020-03-17 20:31:48 #4 type.registry] 
New type domain.Question

[2020-03-17 20:31:48 #5 type] 
Type domain.Question is not enhanced.

[2020-03-17 20:31:48 #6 type.registry] 
New type domain.Pronostico

[2020-03-17 20:31:48 #7 type.registry] 
New type java.util.Vector<domain.Pronostico>

[2020-03-17 20:31:48 #8 type.registry] 
New type domain.Event

[2020-03-17 20:31:48 #9 type] 
Type domain.Pronostico is not enhanced.

[2020-03-17 20:31:48 #10 type] 
Type domain.Event is not enhanced.

[2020-03-17 20:31:48 #11 type.registry] 
New type java.util.Vector<domain.Question>

[2020-03-17 20:31:48 #12 type.registry] 
New type java.util.Vector<java.lang.Object>

------------------------------------------------------------------------------------------------------------------------

[2020-03-17 20:40:02 #1 store] 
Database '/Users/adriansanse/git/LPCIS/Bets/resources/bets.temp' is opened by 23049@pc-1-128.customer.ask4.lan

[2020-03-17 20:40:02 #2 type.registry] 
New type domain.Usuario

[2020-03-17 20:40:02 #3 type] 
Type domain.Usuario is not enhanced.

[2020-03-17 20:40:02 #4 type.registry] 
New type domain.Question

[2020-03-17 20:40:02 #5 type] 
Type domain.Question is not enhanced.

[2020-03-17 20:40:02 #6 type.registry] 
New type domain.Pronostico

[2020-03-17 20:40:02 #7 type.registry] 
New type java.util.Vector<domain.Pronostico>

[2020-03-17 20:40:02 #8 type.registry] 
New type domain.Event

[2020-03-17 20:40:02 #9 type] 
Type domain.Pronostico is not enhanced.

[2020-03-17 20:40:02 #10 type] 
Type domain.Event is not enhanced.

[2020-03-17 20:40:02 #11 type.registry] 
New type java.util.Vector<domain.Question>

[2020-03-17 20:40:02 #12 type.registry] 
New type java.util.Vector<java.lang.Object>

------------------------------------------------------------------------------------------------------------------------

[2020-03-17 20:40:15 #1 store] 
Database '/Users/adriansanse/git/LPCIS/Bets/resources/bets.temp' is opened by 23053@pc-1-128.customer.ask4.lan

[2020-03-17 20:40:15 #2 type.registry] 
New type domain.Usuario

[2020-03-17 20:40:15 #3 type] 
Type domain.Usuario is not enhanced.

[2020-03-17 20:40:15 #4 type.registry] 
New type domain.Question

[2020-03-17 20:40:15 #5 type] 
Type domain.Question is not enhanced.

[2020-03-17 20:40:15 #6 type.registry] 
New type domain.Pronostico

[2020-03-17 20:40:15 #7 type.registry] 
New type java.util.Vector<domain.Pronostico>

[2020-03-17 20:40:15 #8 type.registry] 
New type domain.Event

[2020-03-17 20:40:15 #9 type] 
Type domain.Pronostico is not enhanced.

[2020-03-17 20:40:15 #10 type] 
Type domain.Event is not enhanced.

[2020-03-17 20:40:15 #11 type.registry] 
New type java.util.Vector<domain.Question>

[2020-03-17 20:40:15 #12 type.registry] 
New type java.util.Vector<java.lang.Object>

