------------------------------------------------------------------------------------------------------------------------

[2020-05-08 17:22:01 #1 store] 
Database '/Users/adriansanse/git/LPCIS/Bets/resources/bets.temp' is opened by 4166@MacBook-Pro-de-Adrian.local

[2020-05-08 17:22:01 #2 type] 
Type domain.Usuario is not enhanced.

[2020-05-08 17:22:01 #3 type] 
Type domain.Apuesta is not enhanced.

[2020-05-08 17:22:01 #4 type] 
Type domain.Monedero is not enhanced.

[2020-05-08 17:22:01 #5 type] 
Type domain.Event is not enhanced.

[2020-05-08 17:22:01 #6 type] 
Type domain.Pronostico is not enhanced.

[2020-05-08 17:22:01 #7 type] 
Type domain.Question is not enhanced.

[2020-05-08 17:22:01 #8 type] 
Type domain.Deporte is not enhanced.

------------------------------------------------------------------------------------------------------------------------

[2020-05-08 17:24:16 #1 store] 
Database '/Users/adriansanse/git/LPCIS/Bets/resources/bets.temp' is opened by 4172@MacBook-Pro-de-Adrian.local

[2020-05-08 17:24:16 #2 type] 
Type domain.Usuario is not enhanced.

[2020-05-08 17:24:16 #3 type] 
Type domain.Apuesta is not enhanced.

[2020-05-08 17:24:16 #4 type] 
Type domain.Monedero is not enhanced.

[2020-05-08 17:24:16 #5 type] 
Type domain.Event is not enhanced.

[2020-05-08 17:24:16 #6 type] 
Type domain.Pronostico is not enhanced.

[2020-05-08 17:24:16 #7 type] 
Type domain.Question is not enhanced.

[2020-05-08 17:24:16 #8 type] 
Type domain.Deporte is not enhanced.

------------------------------------------------------------------------------------------------------------------------

[2020-05-08 17:30:15 #1 store] 
Database '/Users/adriansanse/git/LPCIS/Bets/resources/bets.temp' is opened by 4183@MacBook-Pro-de-Adrian.local

[2020-05-08 17:30:15 #2 type] 
Type domain.Usuario is not enhanced.

[2020-05-08 17:30:15 #3 type] 
Type domain.Apuesta is not enhanced.

[2020-05-08 17:30:15 #4 type] 
Type domain.Monedero is not enhanced.

[2020-05-08 17:30:15 #5 type] 
Type domain.Event is not enhanced.

[2020-05-08 17:30:15 #6 type] 
Type domain.Pronostico is not enhanced.

[2020-05-08 17:30:15 #7 type] 
Type domain.Question is not enhanced.

[2020-05-08 17:30:15 #8 type] 
Type domain.Deporte is not enhanced.

------------------------------------------------------------------------------------------------------------------------

[2020-05-08 17:40:48 #1 store] 
Database '/Users/adriansanse/git/LPCIS/Bets/resources/bets.temp' is opened by 4187@MacBook-Pro-de-Adrian.local

[2020-05-08 17:40:48 #2 type] 
Type domain.Usuario is not enhanced.

[2020-05-08 17:40:48 #3 type] 
Type domain.Apuesta is not enhanced.

[2020-05-08 17:40:48 #4 type] 
Type domain.Monedero is not enhanced.

[2020-05-08 17:40:48 #5 type] 
Type domain.Event is not enhanced.

[2020-05-08 17:40:48 #6 type] 
Type domain.Pronostico is not enhanced.

[2020-05-08 17:40:48 #7 type] 
Type domain.Question is not enhanced.

[2020-05-08 17:40:48 #8 type] 
Type domain.Deporte is not enhanced.

------------------------------------------------------------------------------------------------------------------------

[2020-05-08 17:49:00 #1 store] 
Database '/Users/adriansanse/git/LPCIS/Bets/resources/bets.temp' is opened by 4212@MacBook-Pro-de-Adrian.local

[2020-05-08 17:49:00 #2 type] 
Type domain.Usuario is not enhanced.

[2020-05-08 17:49:00 #3 type] 
Type domain.Apuesta is not enhanced.

[2020-05-08 17:49:00 #4 type] 
Type domain.Monedero is not enhanced.

[2020-05-08 17:49:00 #5 type] 
Type domain.Event is not enhanced.

[2020-05-08 17:49:00 #6 type] 
Type domain.Pronostico is not enhanced.

[2020-05-08 17:49:00 #7 type] 
Type domain.Question is not enhanced.

[2020-05-08 17:49:00 #8 type] 
Type domain.Deporte is not enhanced.

------------------------------------------------------------------------------------------------------------------------

[2020-05-08 17:59:38 #1 store] 
Database '/Users/adriansanse/git/LPCIS/Bets/resources/bets.temp' is opened by 4232@MacBook-Pro-de-Adrian.local

[2020-05-08 17:59:38 #2 type] 
Type domain.Usuario is not enhanced.

[2020-05-08 17:59:38 #3 type] 
Type domain.Apuesta is not enhanced.

[2020-05-08 17:59:38 #4 type] 
Type domain.Monedero is not enhanced.

[2020-05-08 17:59:38 #5 type] 
Type domain.Event is not enhanced.

[2020-05-08 17:59:38 #6 type] 
Type domain.Pronostico is not enhanced.

[2020-05-08 17:59:38 #7 type] 
Type domain.Question is not enhanced.

[2020-05-08 17:59:38 #8 type] 
Type domain.Deporte is not enhanced.

------------------------------------------------------------------------------------------------------------------------

[2020-05-08 18:14:49 #1 store] 
Database '/Users/adriansanse/git/LPCIS/Bets/resources/bets.temp' is opened by 4264@MacBook-Pro-de-Adrian.local

[2020-05-08 18:14:50 #2 type] 
Type domain.Usuario is not enhanced.

[2020-05-08 18:14:50 #3 type] 
Type domain.Apuesta is not enhanced.

[2020-05-08 18:14:50 #4 type] 
Type domain.Monedero is not enhanced.

[2020-05-08 18:14:50 #5 type] 
Type domain.Event is not enhanced.

[2020-05-08 18:14:50 #6 type] 
Type domain.Pronostico is not enhanced.

[2020-05-08 18:14:50 #7 type] 
Type domain.Question is not enhanced.

[2020-05-08 18:14:50 #8 type] 
Type domain.Deporte is not enhanced.

------------------------------------------------------------------------------------------------------------------------

[2020-05-08 18:15:23 #1 store] 
Database '/Users/adriansanse/git/LPCIS/Bets/resources/bets.temp' is opened by 4267@MacBook-Pro-de-Adrian.local

[2020-05-08 18:15:23 #2 type] 
Type domain.Usuario is not enhanced.

[2020-05-08 18:15:23 #3 type] 
Type domain.Apuesta is not enhanced.

[2020-05-08 18:15:23 #4 type] 
Type domain.Monedero is not enhanced.

[2020-05-08 18:15:23 #5 type] 
Type domain.Event is not enhanced.

[2020-05-08 18:15:23 #6 type] 
Type domain.Pronostico is not enhanced.

[2020-05-08 18:15:23 #7 type] 
Type domain.Question is not enhanced.

[2020-05-08 18:15:23 #8 type] 
Type domain.Deporte is not enhanced.

------------------------------------------------------------------------------------------------------------------------

[2020-05-08 18:24:31 #1 store] 
Database '/Users/adriansanse/git/LPCIS/Bets/resources/bets.temp' is opened by 4272@MacBook-Pro-de-Adrian.local

[2020-05-08 18:24:31 #2 type] 
Type domain.Usuario is not enhanced.

[2020-05-08 18:24:31 #3 type] 
Type domain.Apuesta is not enhanced.

[2020-05-08 18:24:31 #4 type] 
Type domain.Monedero is not enhanced.

[2020-05-08 18:24:31 #5 type] 
Type domain.Event is not enhanced.

[2020-05-08 18:24:31 #6 type] 
Type domain.Pronostico is not enhanced.

[2020-05-08 18:24:31 #7 type] 
Type domain.Question is not enhanced.

[2020-05-08 18:24:31 #8 type] 
Type domain.Deporte is not enhanced.

------------------------------------------------------------------------------------------------------------------------

[2020-05-08 18:26:52 #1 store] 
Database '/Users/adriansanse/git/LPCIS/Bets/resources/bets.temp' is opened by 4276@MacBook-Pro-de-Adrian.local

[2020-05-08 18:26:52 #2 type] 
Type domain.Usuario is not enhanced.

[2020-05-08 18:26:52 #3 type] 
Type domain.Apuesta is not enhanced.

[2020-05-08 18:26:52 #4 type] 
Type domain.Monedero is not enhanced.

[2020-05-08 18:26:52 #5 type] 
Type domain.Event is not enhanced.

[2020-05-08 18:26:52 #6 type] 
Type domain.Pronostico is not enhanced.

[2020-05-08 18:26:52 #7 type] 
Type domain.Question is not enhanced.

[2020-05-08 18:26:52 #8 type] 
Type domain.Deporte is not enhanced.

------------------------------------------------------------------------------------------------------------------------

[2020-05-08 18:28:13 #1 store] 
Database '/Users/adriansanse/git/LPCIS/Bets/resources/bets.temp' is opened by 4299@MacBook-Pro-de-Adrian.local

[2020-05-08 18:28:14 #2 type] 
Type domain.Usuario is not enhanced.

[2020-05-08 18:28:14 #3 type] 
Type domain.Apuesta is not enhanced.

[2020-05-08 18:28:14 #4 type] 
Type domain.Monedero is not enhanced.

[2020-05-08 18:28:14 #5 type] 
Type domain.Event is not enhanced.

[2020-05-08 18:28:14 #6 type] 
Type domain.Pronostico is not enhanced.

[2020-05-08 18:28:14 #7 type] 
Type domain.Question is not enhanced.

[2020-05-08 18:28:14 #8 type] 
Type domain.Deporte is not enhanced.

------------------------------------------------------------------------------------------------------------------------

[2020-05-08 18:33:52 #1 store] 
Database '/Users/adriansanse/git/LPCIS/Bets/resources/bets.temp' is opened by 4302@MacBook-Pro-de-Adrian.local

[2020-05-08 18:33:52 #2 type] 
Type domain.Usuario is not enhanced.

[2020-05-08 18:33:52 #3 type] 
Type domain.Apuesta is not enhanced.

[2020-05-08 18:33:52 #4 type] 
Type domain.Monedero is not enhanced.

[2020-05-08 18:33:52 #5 type] 
Type domain.Event is not enhanced.

[2020-05-08 18:33:52 #6 type] 
Type domain.Pronostico is not enhanced.

[2020-05-08 18:33:52 #7 type] 
Type domain.Question is not enhanced.

[2020-05-08 18:33:52 #8 type] 
Type domain.Deporte is not enhanced.

------------------------------------------------------------------------------------------------------------------------

[2020-05-08 18:38:46 #1 store] 
Database '/Users/adriansanse/git/LPCIS/Bets/resources/bets.temp' is opened by 4319@MacBook-Pro-de-Adrian.local

[2020-05-08 18:38:46 #2 type] 
Type domain.Usuario is not enhanced.

[2020-05-08 18:38:46 #3 type] 
Type domain.Apuesta is not enhanced.

[2020-05-08 18:38:46 #4 type] 
Type domain.Monedero is not enhanced.

[2020-05-08 18:38:46 #5 type] 
Type domain.Event is not enhanced.

[2020-05-08 18:38:46 #6 type] 
Type domain.Pronostico is not enhanced.

[2020-05-08 18:38:46 #7 type] 
Type domain.Question is not enhanced.

[2020-05-08 18:38:46 #8 type] 
Type domain.Deporte is not enhanced.

------------------------------------------------------------------------------------------------------------------------

[2020-05-08 18:40:08 #1 store] 
Database '/Users/adriansanse/git/LPCIS/Bets/resources/bets.temp' is opened by 4322@MacBook-Pro-de-Adrian.local

[2020-05-08 18:40:08 #2 type] 
Type domain.Usuario is not enhanced.

[2020-05-08 18:40:08 #3 type] 
Type domain.Apuesta is not enhanced.

[2020-05-08 18:40:08 #4 type] 
Type domain.Monedero is not enhanced.

[2020-05-08 18:40:08 #5 type] 
Type domain.Event is not enhanced.

[2020-05-08 18:40:08 #6 type] 
Type domain.Pronostico is not enhanced.

[2020-05-08 18:40:08 #7 type] 
Type domain.Question is not enhanced.

[2020-05-08 18:40:08 #8 type] 
Type domain.Deporte is not enhanced.

------------------------------------------------------------------------------------------------------------------------

[2020-05-08 18:41:54 #1 store] 
Database '/Users/adriansanse/git/LPCIS/Bets/resources/bets.temp' is opened by 4324@MacBook-Pro-de-Adrian.local

[2020-05-08 18:41:54 #2 type] 
Type domain.Usuario is not enhanced.

[2020-05-08 18:41:54 #3 type] 
Type domain.Apuesta is not enhanced.

[2020-05-08 18:41:54 #4 type] 
Type domain.Monedero is not enhanced.

[2020-05-08 18:41:54 #5 type] 
Type domain.Event is not enhanced.

[2020-05-08 18:41:54 #6 type] 
Type domain.Pronostico is not enhanced.

[2020-05-08 18:41:54 #7 type] 
Type domain.Question is not enhanced.

[2020-05-08 18:41:54 #8 type] 
Type domain.Deporte is not enhanced.

------------------------------------------------------------------------------------------------------------------------

[2020-05-08 18:42:58 #1 store] 
Database '/Users/adriansanse/git/LPCIS/Bets/resources/bets.temp' is opened by 4327@MacBook-Pro-de-Adrian.local

[2020-05-08 18:42:58 #2 type] 
Type domain.Usuario is not enhanced.

[2020-05-08 18:42:58 #3 type] 
Type domain.Apuesta is not enhanced.

[2020-05-08 18:42:58 #4 type] 
Type domain.Monedero is not enhanced.

[2020-05-08 18:42:58 #5 type] 
Type domain.Event is not enhanced.

[2020-05-08 18:42:58 #6 type] 
Type domain.Pronostico is not enhanced.

[2020-05-08 18:42:58 #7 type] 
Type domain.Question is not enhanced.

[2020-05-08 18:42:58 #8 type] 
Type domain.Deporte is not enhanced.

------------------------------------------------------------------------------------------------------------------------

[2020-05-08 18:45:45 #1 store] 
Database '/Users/adriansanse/git/LPCIS/Bets/resources/bets.temp' is opened by 4329@MacBook-Pro-de-Adrian.local

[2020-05-08 18:45:45 #2 type] 
Type domain.Usuario is not enhanced.

[2020-05-08 18:45:45 #3 type] 
Type domain.Apuesta is not enhanced.

[2020-05-08 18:45:45 #4 type] 
Type domain.Monedero is not enhanced.

[2020-05-08 18:45:45 #5 type] 
Type domain.Event is not enhanced.

[2020-05-08 18:45:45 #6 type] 
Type domain.Pronostico is not enhanced.

[2020-05-08 18:45:45 #7 type] 
Type domain.Question is not enhanced.

[2020-05-08 18:45:45 #8 type] 
Type domain.Deporte is not enhanced.

------------------------------------------------------------------------------------------------------------------------

[2020-05-08 18:53:57 #1 store] 
Database '/Users/adriansanse/git/LPCIS/Bets/resources/bets.temp' is opened by 4333@MacBook-Pro-de-Adrian.local

[2020-05-08 18:53:57 #2 type] 
Type domain.Usuario is not enhanced.

[2020-05-08 18:53:57 #3 type] 
Type domain.Apuesta is not enhanced.

[2020-05-08 18:53:57 #4 type] 
Type domain.Monedero is not enhanced.

[2020-05-08 18:53:57 #5 type] 
Type domain.Event is not enhanced.

[2020-05-08 18:53:57 #6 type] 
Type domain.Pronostico is not enhanced.

[2020-05-08 18:53:57 #7 type] 
Type domain.Question is not enhanced.

[2020-05-08 18:53:57 #8 type] 
Type domain.Deporte is not enhanced.

------------------------------------------------------------------------------------------------------------------------

[2020-05-08 18:58:41 #1 store] 
Database '/Users/adriansanse/git/LPCIS/Bets/resources/bets.temp' is opened by 4352@MacBook-Pro-de-Adrian.local

[2020-05-08 18:58:41 #2 type] 
Type domain.Usuario is not enhanced.

[2020-05-08 18:58:41 #3 type] 
Type domain.Apuesta is not enhanced.

[2020-05-08 18:58:41 #4 type] 
Type domain.Monedero is not enhanced.

[2020-05-08 18:58:41 #5 type] 
Type domain.Event is not enhanced.

[2020-05-08 18:58:41 #6 type] 
Type domain.Pronostico is not enhanced.

[2020-05-08 18:58:41 #7 type] 
Type domain.Question is not enhanced.

[2020-05-08 18:58:41 #8 type] 
Type domain.Deporte is not enhanced.

------------------------------------------------------------------------------------------------------------------------

[2020-05-08 19:12:26 #1 store] 
Database '/Users/adriansanse/git/LPCIS/Bets/resources/bets.temp' is opened by 4357@MacBook-Pro-de-Adrian.local

[2020-05-08 19:12:26 #2 type] 
Type domain.Usuario is not enhanced.

[2020-05-08 19:12:26 #3 type] 
Type domain.Apuesta is not enhanced.

[2020-05-08 19:12:26 #4 type] 
Type domain.Monedero is not enhanced.

[2020-05-08 19:12:26 #5 type] 
Type domain.Event is not enhanced.

[2020-05-08 19:12:26 #6 type] 
Type domain.Pronostico is not enhanced.

[2020-05-08 19:12:26 #7 type] 
Type domain.Question is not enhanced.

[2020-05-08 19:12:26 #8 type] 
Type domain.Deporte is not enhanced.

------------------------------------------------------------------------------------------------------------------------

[2020-05-08 19:12:54 #1 store] 
Database '/Users/adriansanse/git/LPCIS/Bets/resources/bets.temp' is opened by 4381@MacBook-Pro-de-Adrian.local

[2020-05-08 19:12:54 #2 type] 
Type domain.Usuario is not enhanced.

[2020-05-08 19:12:54 #3 type] 
Type domain.Apuesta is not enhanced.

[2020-05-08 19:12:54 #4 type] 
Type domain.Monedero is not enhanced.

[2020-05-08 19:12:54 #5 type] 
Type domain.Event is not enhanced.

[2020-05-08 19:12:54 #6 type] 
Type domain.Pronostico is not enhanced.

[2020-05-08 19:12:54 #7 type] 
Type domain.Question is not enhanced.

[2020-05-08 19:12:54 #8 type] 
Type domain.Deporte is not enhanced.

------------------------------------------------------------------------------------------------------------------------

[2020-05-08 19:13:41 #1 store] 
Database '/Users/adriansanse/git/LPCIS/Bets/resources/bets.temp' is opened by 4385@MacBook-Pro-de-Adrian.local

[2020-05-08 19:13:41 #2 type] 
Type domain.Usuario is not enhanced.

[2020-05-08 19:13:41 #3 type] 
Type domain.Apuesta is not enhanced.

[2020-05-08 19:13:41 #4 type] 
Type domain.Monedero is not enhanced.

[2020-05-08 19:13:41 #5 type] 
Type domain.Event is not enhanced.

[2020-05-08 19:13:41 #6 type] 
Type domain.Pronostico is not enhanced.

[2020-05-08 19:13:41 #7 type] 
Type domain.Question is not enhanced.

[2020-05-08 19:13:41 #8 type] 
Type domain.Deporte is not enhanced.

------------------------------------------------------------------------------------------------------------------------

[2020-05-08 19:14:09 #1 store] 
Database '/Users/adriansanse/git/LPCIS/Bets/resources/bets.temp' is opened by 4386@MacBook-Pro-de-Adrian.local

[2020-05-08 19:14:09 #2 type] 
Type domain.Usuario is not enhanced.

[2020-05-08 19:14:09 #3 type] 
Type domain.Apuesta is not enhanced.

[2020-05-08 19:14:09 #4 type] 
Type domain.Monedero is not enhanced.

[2020-05-08 19:14:09 #5 type] 
Type domain.Event is not enhanced.

[2020-05-08 19:14:09 #6 type] 
Type domain.Pronostico is not enhanced.

[2020-05-08 19:14:09 #7 type] 
Type domain.Question is not enhanced.

[2020-05-08 19:14:09 #8 type] 
Type domain.Deporte is not enhanced.

------------------------------------------------------------------------------------------------------------------------

[2020-05-08 19:40:49 #1 store] 
Database '/Users/adriansanse/git/LPCIS/Bets/resources/bets.temp' is opened by 4428@MacBook-Pro-de-Adrian.local

[2020-05-08 19:40:49 #2 type] 
Type domain.Usuario is not enhanced.

[2020-05-08 19:40:49 #3 type] 
Type domain.Apuesta is not enhanced.

[2020-05-08 19:40:49 #4 type] 
Type domain.Monedero is not enhanced.

[2020-05-08 19:40:49 #5 type] 
Type domain.Event is not enhanced.

[2020-05-08 19:40:49 #6 type] 
Type domain.Pronostico is not enhanced.

[2020-05-08 19:40:49 #7 type] 
Type domain.Question is not enhanced.

[2020-05-08 19:40:49 #8 type] 
Type domain.Deporte is not enhanced.

------------------------------------------------------------------------------------------------------------------------

[2020-05-08 19:45:40 #1 store] 
Database '/Users/adriansanse/git/LPCIS/Bets/resources/bets.temp' is opened by 4457@MacBook-Pro-de-Adrian.local

[2020-05-08 19:45:40 #2 type.registry] 
New type domain.Usuario

[2020-05-08 19:45:40 #3 type] 
Type domain.Usuario is not enhanced.

[2020-05-08 19:45:40 #4 type.registry] 
New type domain.Apuesta

[2020-05-08 19:45:40 #5 type.registry] 
New type java.util.Vector<domain.Apuesta>

[2020-05-08 19:45:40 #6 type.registry] 
New type domain.Monedero

[2020-05-08 19:45:40 #7 type] 
Type domain.Apuesta is not enhanced.

[2020-05-08 19:45:40 #8 type.registry] 
New type domain.Event

[2020-05-08 19:45:40 #9 type.registry] 
New type domain.Pronostico

[2020-05-08 19:45:40 #10 type] 
Type domain.Monedero is not enhanced.

[2020-05-08 19:45:40 #11 type] 
Type domain.Event is not enhanced.

[2020-05-08 19:45:40 #12 type.registry] 
New type domain.Question

[2020-05-08 19:45:40 #13 type.registry] 
New type java.util.Vector<domain.Question>

[2020-05-08 19:45:40 #14 type.registry] 
New type domain.Deporte

[2020-05-08 19:45:40 #15 type] 
Type domain.Pronostico is not enhanced.

[2020-05-08 19:45:40 #16 type] 
Type domain.Question is not enhanced.

[2020-05-08 19:45:40 #17 type.registry] 
New type java.util.Vector<domain.Pronostico>

[2020-05-08 19:45:40 #18 type] 
Type domain.Deporte is not enhanced.

[2020-05-08 19:45:40 #19 type.registry] 
New type java.util.Vector<domain.Event>

[2020-05-08 19:45:40 #20 type.registry] 
New type java.util.Vector<java.lang.Object>

------------------------------------------------------------------------------------------------------------------------

[2020-05-08 19:46:09 #1 store] 
Database '/Users/adriansanse/git/LPCIS/Bets/resources/bets.temp' is opened by 4459@MacBook-Pro-de-Adrian.local

[2020-05-08 19:46:09 #2 type.registry] 
New type domain.Usuario

[2020-05-08 19:46:09 #3 type] 
Type domain.Usuario is not enhanced.

[2020-05-08 19:46:09 #4 type.registry] 
New type domain.Apuesta

[2020-05-08 19:46:09 #5 type.registry] 
New type java.util.Vector<domain.Apuesta>

[2020-05-08 19:46:09 #6 type.registry] 
New type domain.Monedero

[2020-05-08 19:46:09 #7 type] 
Type domain.Apuesta is not enhanced.

[2020-05-08 19:46:09 #8 type.registry] 
New type domain.Event

[2020-05-08 19:46:09 #9 type.registry] 
New type domain.Pronostico

[2020-05-08 19:46:09 #10 type] 
Type domain.Monedero is not enhanced.

[2020-05-08 19:46:09 #11 type] 
Type domain.Event is not enhanced.

[2020-05-08 19:46:09 #12 type.registry] 
New type domain.Question

[2020-05-08 19:46:09 #13 type.registry] 
New type java.util.Vector<domain.Question>

[2020-05-08 19:46:09 #14 type.registry] 
New type domain.Deporte

[2020-05-08 19:46:09 #15 type] 
Type domain.Pronostico is not enhanced.

[2020-05-08 19:46:09 #16 type] 
Type domain.Question is not enhanced.

[2020-05-08 19:46:09 #17 type.registry] 
New type java.util.Vector<domain.Pronostico>

[2020-05-08 19:46:09 #18 type] 
Type domain.Deporte is not enhanced.

[2020-05-08 19:46:09 #19 type.registry] 
New type java.util.Vector<domain.Event>

[2020-05-08 19:46:09 #20 type.registry] 
New type java.util.Vector<java.lang.Object>

------------------------------------------------------------------------------------------------------------------------

[2020-05-08 19:46:22 #1 store] 
Database '/Users/adriansanse/git/LPCIS/Bets/resources/bets.temp' is opened by 4461@MacBook-Pro-de-Adrian.local

[2020-05-08 19:46:22 #2 type.registry] 
New type domain.Usuario

[2020-05-08 19:46:22 #3 type] 
Type domain.Usuario is not enhanced.

[2020-05-08 19:46:22 #4 type.registry] 
New type domain.Apuesta

[2020-05-08 19:46:22 #5 type.registry] 
New type java.util.Vector<domain.Apuesta>

[2020-05-08 19:46:22 #6 type.registry] 
New type domain.Monedero

[2020-05-08 19:46:22 #7 type] 
Type domain.Apuesta is not enhanced.

[2020-05-08 19:46:22 #8 type.registry] 
New type domain.Event

[2020-05-08 19:46:22 #9 type.registry] 
New type domain.Pronostico

[2020-05-08 19:46:22 #10 type] 
Type domain.Monedero is not enhanced.

[2020-05-08 19:46:22 #11 type] 
Type domain.Event is not enhanced.

[2020-05-08 19:46:22 #12 type.registry] 
New type domain.Question

[2020-05-08 19:46:22 #13 type.registry] 
New type java.util.Vector<domain.Question>

[2020-05-08 19:46:22 #14 type.registry] 
New type domain.Deporte

[2020-05-08 19:46:22 #15 type] 
Type domain.Pronostico is not enhanced.

[2020-05-08 19:46:22 #16 type] 
Type domain.Question is not enhanced.

[2020-05-08 19:46:22 #17 type.registry] 
New type java.util.Vector<domain.Pronostico>

[2020-05-08 19:46:22 #18 type] 
Type domain.Deporte is not enhanced.

[2020-05-08 19:46:22 #19 type.registry] 
New type java.util.Vector<domain.Event>

[2020-05-08 19:46:22 #20 type.registry] 
New type java.util.Vector<java.lang.Object>

------------------------------------------------------------------------------------------------------------------------

[2020-05-08 19:47:53 #1 store] 
Database '/Users/adriansanse/git/LPCIS/Bets/resources/bets.temp' is opened by 4463@MacBook-Pro-de-Adrian.local

[2020-05-08 19:47:53 #2 type.registry] 
New type domain.Usuario

[2020-05-08 19:47:53 #3 type] 
Type domain.Usuario is not enhanced.

[2020-05-08 19:47:53 #4 type.registry] 
New type domain.Apuesta

[2020-05-08 19:47:53 #5 type.registry] 
New type java.util.Vector<domain.Apuesta>

[2020-05-08 19:47:53 #6 type.registry] 
New type domain.Monedero

[2020-05-08 19:47:53 #7 type] 
Type domain.Apuesta is not enhanced.

[2020-05-08 19:47:53 #8 type.registry] 
New type domain.Event

[2020-05-08 19:47:53 #9 type.registry] 
New type domain.Pronostico

[2020-05-08 19:47:53 #10 type] 
Type domain.Monedero is not enhanced.

[2020-05-08 19:47:53 #11 type] 
Type domain.Event is not enhanced.

[2020-05-08 19:47:53 #12 type.registry] 
New type domain.Question

[2020-05-08 19:47:53 #13 type.registry] 
New type java.util.Vector<domain.Question>

[2020-05-08 19:47:53 #14 type.registry] 
New type domain.Deporte

[2020-05-08 19:47:53 #15 type] 
Type domain.Pronostico is not enhanced.

[2020-05-08 19:47:53 #16 type] 
Type domain.Question is not enhanced.

[2020-05-08 19:47:53 #17 type.registry] 
New type java.util.Vector<domain.Pronostico>

[2020-05-08 19:47:53 #18 type] 
Type domain.Deporte is not enhanced.

[2020-05-08 19:47:53 #19 type.registry] 
New type java.util.Vector<domain.Event>

[2020-05-08 19:47:53 #20 type.registry] 
New type java.util.Vector<java.lang.Object>

------------------------------------------------------------------------------------------------------------------------

[2020-05-08 19:48:31 #1 store] 
Database '/Users/adriansanse/git/LPCIS/Bets/resources/bets.temp' is opened by 4465@MacBook-Pro-de-Adrian.local

[2020-05-08 19:48:31 #2 type.registry] 
New type domain.Usuario

[2020-05-08 19:48:31 #3 type] 
Type domain.Usuario is not enhanced.

[2020-05-08 19:48:31 #4 type.registry] 
New type domain.Apuesta

[2020-05-08 19:48:31 #5 type.registry] 
New type java.util.Vector<domain.Apuesta>

[2020-05-08 19:48:31 #6 type.registry] 
New type domain.Monedero

[2020-05-08 19:48:31 #7 type] 
Type domain.Apuesta is not enhanced.

[2020-05-08 19:48:31 #8 type.registry] 
New type domain.Event

[2020-05-08 19:48:31 #9 type.registry] 
New type domain.Pronostico

[2020-05-08 19:48:31 #10 type] 
Type domain.Monedero is not enhanced.

[2020-05-08 19:48:31 #11 type] 
Type domain.Event is not enhanced.

[2020-05-08 19:48:31 #12 type.registry] 
New type domain.Question

[2020-05-08 19:48:31 #13 type.registry] 
New type java.util.Vector<domain.Question>

[2020-05-08 19:48:31 #14 type.registry] 
New type domain.Deporte

[2020-05-08 19:48:31 #15 type] 
Type domain.Pronostico is not enhanced.

[2020-05-08 19:48:31 #16 type] 
Type domain.Question is not enhanced.

[2020-05-08 19:48:31 #17 type.registry] 
New type java.util.Vector<domain.Pronostico>

[2020-05-08 19:48:31 #18 type] 
Type domain.Deporte is not enhanced.

[2020-05-08 19:48:31 #19 type.registry] 
New type java.util.Vector<domain.Event>

[2020-05-08 19:48:31 #20 type.registry] 
New type java.util.Vector<java.lang.Object>

------------------------------------------------------------------------------------------------------------------------

[2020-05-08 19:50:19 #1 store] 
Database '/Users/adriansanse/git/LPCIS/Bets/resources/bets.temp' is opened by 4467@MacBook-Pro-de-Adrian.local

[2020-05-08 19:50:19 #2 type.registry] 
New type domain.Usuario

[2020-05-08 19:50:19 #3 type] 
Type domain.Usuario is not enhanced.

[2020-05-08 19:50:19 #4 type.registry] 
New type domain.Apuesta

[2020-05-08 19:50:19 #5 type.registry] 
New type java.util.Vector<domain.Apuesta>

[2020-05-08 19:50:19 #6 type.registry] 
New type domain.Monedero

[2020-05-08 19:50:19 #7 type] 
Type domain.Apuesta is not enhanced.

[2020-05-08 19:50:19 #8 type.registry] 
New type domain.Event

[2020-05-08 19:50:19 #9 type.registry] 
New type domain.Pronostico

[2020-05-08 19:50:19 #10 type] 
Type domain.Monedero is not enhanced.

[2020-05-08 19:50:19 #11 type] 
Type domain.Event is not enhanced.

[2020-05-08 19:50:19 #12 type.registry] 
New type domain.Question

[2020-05-08 19:50:19 #13 type.registry] 
New type java.util.Vector<domain.Question>

[2020-05-08 19:50:19 #14 type.registry] 
New type domain.Deporte

[2020-05-08 19:50:19 #15 type] 
Type domain.Pronostico is not enhanced.

[2020-05-08 19:50:19 #16 type] 
Type domain.Question is not enhanced.

[2020-05-08 19:50:19 #17 type.registry] 
New type java.util.Vector<domain.Pronostico>

[2020-05-08 19:50:19 #18 type] 
Type domain.Deporte is not enhanced.

[2020-05-08 19:50:19 #19 type.registry] 
New type java.util.Vector<domain.Event>

[2020-05-08 19:50:19 #20 type.registry] 
New type java.util.Vector<java.lang.Object>

------------------------------------------------------------------------------------------------------------------------

[2020-05-08 19:51:33 #1 store] 
Database '/Users/adriansanse/git/LPCIS/Bets/resources/bets.temp' is opened by 4469@MacBook-Pro-de-Adrian.local

[2020-05-08 19:51:33 #2 type.registry] 
New type domain.Usuario

[2020-05-08 19:51:33 #3 type] 
Type domain.Usuario is not enhanced.

[2020-05-08 19:51:33 #4 type.registry] 
New type domain.Apuesta

[2020-05-08 19:51:33 #5 type.registry] 
New type java.util.Vector<domain.Apuesta>

[2020-05-08 19:51:33 #6 type.registry] 
New type domain.Monedero

[2020-05-08 19:51:33 #7 type] 
Type domain.Apuesta is not enhanced.

[2020-05-08 19:51:33 #8 type.registry] 
New type domain.Event

[2020-05-08 19:51:33 #9 type.registry] 
New type domain.Pronostico

[2020-05-08 19:51:33 #10 type] 
Type domain.Monedero is not enhanced.

[2020-05-08 19:51:33 #11 type] 
Type domain.Event is not enhanced.

[2020-05-08 19:51:33 #12 type.registry] 
New type domain.Question

[2020-05-08 19:51:33 #13 type.registry] 
New type java.util.Vector<domain.Question>

[2020-05-08 19:51:33 #14 type.registry] 
New type domain.Deporte

[2020-05-08 19:51:33 #15 type] 
Type domain.Pronostico is not enhanced.

[2020-05-08 19:51:33 #16 type] 
Type domain.Question is not enhanced.

[2020-05-08 19:51:33 #17 type.registry] 
New type java.util.Vector<domain.Pronostico>

[2020-05-08 19:51:33 #18 type] 
Type domain.Deporte is not enhanced.

[2020-05-08 19:51:33 #19 type.registry] 
New type java.util.Vector<domain.Event>

[2020-05-08 19:51:33 #20 type.registry] 
New type java.util.Vector<java.lang.Object>

------------------------------------------------------------------------------------------------------------------------

[2020-05-08 19:53:34 #1 store] 
Database '/Users/adriansanse/git/LPCIS/Bets/resources/bets.temp' is opened by 4471@MacBook-Pro-de-Adrian.local

[2020-05-08 19:53:34 #2 type.registry] 
New type domain.Usuario

[2020-05-08 19:53:34 #3 type] 
Type domain.Usuario is not enhanced.

[2020-05-08 19:53:34 #4 type.registry] 
New type domain.Apuesta

[2020-05-08 19:53:35 #5 type.registry] 
New type java.util.Vector<domain.Apuesta>

[2020-05-08 19:53:35 #6 type.registry] 
New type domain.Monedero

[2020-05-08 19:53:35 #7 type] 
Type domain.Apuesta is not enhanced.

[2020-05-08 19:53:35 #8 type.registry] 
New type domain.Event

[2020-05-08 19:53:35 #9 type.registry] 
New type domain.Pronostico

[2020-05-08 19:53:35 #10 type] 
Type domain.Monedero is not enhanced.

[2020-05-08 19:53:35 #11 type] 
Type domain.Event is not enhanced.

[2020-05-08 19:53:35 #12 type.registry] 
New type domain.Question

[2020-05-08 19:53:35 #13 type.registry] 
New type java.util.Vector<domain.Question>

[2020-05-08 19:53:35 #14 type.registry] 
New type domain.Deporte

[2020-05-08 19:53:35 #15 type] 
Type domain.Pronostico is not enhanced.

[2020-05-08 19:53:35 #16 type] 
Type domain.Question is not enhanced.

[2020-05-08 19:53:35 #17 type.registry] 
New type java.util.Vector<domain.Pronostico>

[2020-05-08 19:53:35 #18 type] 
Type domain.Deporte is not enhanced.

[2020-05-08 19:53:35 #19 type.registry] 
New type java.util.Vector<domain.Event>

[2020-05-08 19:53:35 #20 type.registry] 
New type java.util.Vector<java.lang.Object>

------------------------------------------------------------------------------------------------------------------------

[2020-05-08 19:55:07 #1 store] 
Database '/Users/adriansanse/git/LPCIS/Bets/resources/bets.temp' is opened by 4473@MacBook-Pro-de-Adrian.local

[2020-05-08 19:55:07 #2 type.registry] 
New type domain.Usuario

[2020-05-08 19:55:07 #3 type] 
Type domain.Usuario is not enhanced.

[2020-05-08 19:55:07 #4 type.registry] 
New type domain.Apuesta

[2020-05-08 19:55:07 #5 type.registry] 
New type java.util.Vector<domain.Apuesta>

[2020-05-08 19:55:07 #6 type.registry] 
New type domain.Monedero

[2020-05-08 19:55:07 #7 type] 
Type domain.Apuesta is not enhanced.

[2020-05-08 19:55:07 #8 type.registry] 
New type domain.Event

[2020-05-08 19:55:07 #9 type.registry] 
New type domain.Pronostico

[2020-05-08 19:55:07 #10 type] 
Type domain.Monedero is not enhanced.

[2020-05-08 19:55:07 #11 type] 
Type domain.Event is not enhanced.

[2020-05-08 19:55:07 #12 type.registry] 
New type domain.Question

[2020-05-08 19:55:07 #13 type.registry] 
New type java.util.Vector<domain.Question>

[2020-05-08 19:55:07 #14 type.registry] 
New type domain.Deporte

[2020-05-08 19:55:07 #15 type] 
Type domain.Pronostico is not enhanced.

[2020-05-08 19:55:07 #16 type] 
Type domain.Question is not enhanced.

[2020-05-08 19:55:07 #17 type.registry] 
New type java.util.Vector<domain.Pronostico>

[2020-05-08 19:55:07 #18 type] 
Type domain.Deporte is not enhanced.

[2020-05-08 19:55:07 #19 type.registry] 
New type java.util.Vector<domain.Event>

[2020-05-08 19:55:07 #20 type.registry] 
New type java.util.Vector<java.lang.Object>

------------------------------------------------------------------------------------------------------------------------

[2020-05-08 19:56:35 #1 store] 
Database '/Users/adriansanse/git/LPCIS/Bets/resources/bets.temp' is opened by 4475@MacBook-Pro-de-Adrian.local

[2020-05-08 19:56:36 #2 type.registry] 
New type domain.Usuario

[2020-05-08 19:56:36 #3 type] 
Type domain.Usuario is not enhanced.

[2020-05-08 19:56:36 #4 type.registry] 
New type domain.Apuesta

[2020-05-08 19:56:36 #5 type.registry] 
New type java.util.Vector<domain.Apuesta>

[2020-05-08 19:56:36 #6 type.registry] 
New type domain.Monedero

[2020-05-08 19:56:36 #7 type] 
Type domain.Apuesta is not enhanced.

[2020-05-08 19:56:36 #8 type.registry] 
New type domain.Event

[2020-05-08 19:56:36 #9 type.registry] 
New type domain.Pronostico

[2020-05-08 19:56:36 #10 type] 
Type domain.Monedero is not enhanced.

[2020-05-08 19:56:36 #11 type] 
Type domain.Event is not enhanced.

[2020-05-08 19:56:36 #12 type.registry] 
New type domain.Question

[2020-05-08 19:56:36 #13 type.registry] 
New type java.util.Vector<domain.Question>

[2020-05-08 19:56:36 #14 type.registry] 
New type domain.Deporte

[2020-05-08 19:56:36 #15 type] 
Type domain.Pronostico is not enhanced.

[2020-05-08 19:56:36 #16 type] 
Type domain.Question is not enhanced.

[2020-05-08 19:56:36 #17 type.registry] 
New type java.util.Vector<domain.Pronostico>

[2020-05-08 19:56:36 #18 type] 
Type domain.Deporte is not enhanced.

[2020-05-08 19:56:36 #19 type.registry] 
New type java.util.Vector<domain.Event>

[2020-05-08 19:56:36 #20 type.registry] 
New type java.util.Vector<java.lang.Object>

------------------------------------------------------------------------------------------------------------------------

[2020-05-08 19:58:31 #1 store] 
Database '/Users/adriansanse/git/LPCIS/Bets/resources/bets.temp' is opened by 4478@MacBook-Pro-de-Adrian.local

[2020-05-08 19:58:31 #2 type.registry] 
New type domain.Usuario

[2020-05-08 19:58:31 #3 type] 
Type domain.Usuario is not enhanced.

[2020-05-08 19:58:31 #4 type.registry] 
New type domain.Apuesta

[2020-05-08 19:58:31 #5 type.registry] 
New type java.util.Vector<domain.Apuesta>

[2020-05-08 19:58:31 #6 type.registry] 
New type domain.Monedero

[2020-05-08 19:58:31 #7 type] 
Type domain.Apuesta is not enhanced.

[2020-05-08 19:58:31 #8 type.registry] 
New type domain.Event

[2020-05-08 19:58:31 #9 type.registry] 
New type domain.Pronostico

[2020-05-08 19:58:31 #10 type] 
Type domain.Monedero is not enhanced.

[2020-05-08 19:58:31 #11 type] 
Type domain.Event is not enhanced.

[2020-05-08 19:58:31 #12 type.registry] 
New type domain.Question

[2020-05-08 19:58:31 #13 type.registry] 
New type java.util.Vector<domain.Question>

[2020-05-08 19:58:31 #14 type.registry] 
New type domain.Deporte

[2020-05-08 19:58:31 #15 type] 
Type domain.Pronostico is not enhanced.

[2020-05-08 19:58:31 #16 type] 
Type domain.Question is not enhanced.

[2020-05-08 19:58:31 #17 type.registry] 
New type java.util.Vector<domain.Pronostico>

[2020-05-08 19:58:31 #18 type] 
Type domain.Deporte is not enhanced.

[2020-05-08 19:58:31 #19 type.registry] 
New type java.util.Vector<domain.Event>

[2020-05-08 19:58:31 #20 type.registry] 
New type java.util.Vector<java.lang.Object>

------------------------------------------------------------------------------------------------------------------------

[2020-05-08 19:59:47 #1 store] 
Database '/Users/adriansanse/git/LPCIS/Bets/resources/bets.temp' is opened by 4480@MacBook-Pro-de-Adrian.local

[2020-05-08 19:59:48 #2 type.registry] 
New type domain.Usuario

[2020-05-08 19:59:48 #3 type] 
Type domain.Usuario is not enhanced.

[2020-05-08 19:59:48 #4 type.registry] 
New type domain.Apuesta

[2020-05-08 19:59:48 #5 type.registry] 
New type java.util.Vector<domain.Apuesta>

[2020-05-08 19:59:48 #6 type.registry] 
New type domain.Monedero

[2020-05-08 19:59:48 #7 type] 
Type domain.Apuesta is not enhanced.

[2020-05-08 19:59:48 #8 type.registry] 
New type domain.Event

[2020-05-08 19:59:48 #9 type.registry] 
New type domain.Pronostico

[2020-05-08 19:59:48 #10 type] 
Type domain.Monedero is not enhanced.

[2020-05-08 19:59:48 #11 type] 
Type domain.Event is not enhanced.

[2020-05-08 19:59:48 #12 type.registry] 
New type domain.Question

[2020-05-08 19:59:48 #13 type.registry] 
New type java.util.Vector<domain.Question>

[2020-05-08 19:59:48 #14 type.registry] 
New type domain.Deporte

[2020-05-08 19:59:48 #15 type] 
Type domain.Pronostico is not enhanced.

[2020-05-08 19:59:48 #16 type] 
Type domain.Question is not enhanced.

[2020-05-08 19:59:48 #17 type.registry] 
New type java.util.Vector<domain.Pronostico>

[2020-05-08 19:59:48 #18 type] 
Type domain.Deporte is not enhanced.

[2020-05-08 19:59:48 #19 type.registry] 
New type java.util.Vector<domain.Event>

[2020-05-08 19:59:48 #20 type.registry] 
New type java.util.Vector<java.lang.Object>

------------------------------------------------------------------------------------------------------------------------

[2020-05-08 20:27:37 #1 store] 
Database '/Users/adriansanse/git/LPCIS/Bets/resources/bets.temp' is opened by 4547@MacBook-Pro-de-Adrian.local

[2020-05-08 20:27:37 #2 type.registry] 
New type domain.Usuario

[2020-05-08 20:27:37 #3 type] 
Type domain.Usuario is not enhanced.

[2020-05-08 20:27:37 #4 type.registry] 
New type domain.Apuesta

[2020-05-08 20:27:37 #5 type.registry] 
New type java.util.Vector<domain.Apuesta>

[2020-05-08 20:27:37 #6 type.registry] 
New type domain.Monedero

[2020-05-08 20:27:37 #7 type] 
Type domain.Apuesta is not enhanced.

[2020-05-08 20:27:37 #8 type.registry] 
New type domain.Event

[2020-05-08 20:27:37 #9 type.registry] 
New type domain.Pronostico

[2020-05-08 20:27:37 #10 type] 
Type domain.Monedero is not enhanced.

[2020-05-08 20:27:37 #11 type] 
Type domain.Event is not enhanced.

[2020-05-08 20:27:37 #12 type.registry] 
New type domain.Question

[2020-05-08 20:27:37 #13 type.registry] 
New type java.util.Vector<domain.Question>

[2020-05-08 20:27:37 #14 type.registry] 
New type domain.Deporte

[2020-05-08 20:27:37 #15 type] 
Type domain.Pronostico is not enhanced.

[2020-05-08 20:27:37 #16 type] 
Type domain.Question is not enhanced.

[2020-05-08 20:27:37 #17 type.registry] 
New type java.util.Vector<domain.Pronostico>

[2020-05-08 20:27:37 #18 type] 
Type domain.Deporte is not enhanced.

[2020-05-08 20:27:37 #19 type.registry] 
New type java.util.Vector<domain.Event>

[2020-05-08 20:27:37 #20 type.registry] 
New type java.util.Vector<java.lang.Object>

------------------------------------------------------------------------------------------------------------------------

[2020-05-08 20:35:05 #1 store] 
Database '/Users/adriansanse/git/LPCIS/Bets/resources/bets.temp' is opened by 4552@MacBook-Pro-de-Adrian.local

[2020-05-08 20:35:05 #2 type.registry] 
New type domain.Usuario

[2020-05-08 20:35:05 #3 type] 
Type domain.Usuario is not enhanced.

[2020-05-08 20:35:05 #4 type.registry] 
New type domain.Apuesta

[2020-05-08 20:35:05 #5 type.registry] 
New type java.util.Vector<domain.Apuesta>

[2020-05-08 20:35:05 #6 type.registry] 
New type domain.Monedero

[2020-05-08 20:35:05 #7 type] 
Type domain.Apuesta is not enhanced.

[2020-05-08 20:35:05 #8 type.registry] 
New type domain.Event

[2020-05-08 20:35:05 #9 type.registry] 
New type domain.Pronostico

[2020-05-08 20:35:05 #10 type] 
Type domain.Monedero is not enhanced.

[2020-05-08 20:35:05 #11 type] 
Type domain.Event is not enhanced.

[2020-05-08 20:35:05 #12 type.registry] 
New type domain.Question

[2020-05-08 20:35:05 #13 type.registry] 
New type java.util.Vector<domain.Question>

[2020-05-08 20:35:05 #14 type.registry] 
New type domain.Deporte

[2020-05-08 20:35:05 #15 type] 
Type domain.Pronostico is not enhanced.

[2020-05-08 20:35:05 #16 type] 
Type domain.Question is not enhanced.

[2020-05-08 20:35:05 #17 type.registry] 
New type java.util.Vector<domain.Pronostico>

[2020-05-08 20:35:05 #18 type] 
Type domain.Deporte is not enhanced.

[2020-05-08 20:35:05 #19 type.registry] 
New type java.util.Vector<domain.Event>

[2020-05-08 20:35:05 #20 type.registry] 
New type java.util.Vector<java.lang.Object>

------------------------------------------------------------------------------------------------------------------------

[2020-05-08 20:35:41 #1 store] 
Database '/Users/adriansanse/git/LPCIS/Bets/resources/bets.temp' is opened by 4555@MacBook-Pro-de-Adrian.local

[2020-05-08 20:35:42 #2 type.registry] 
New type domain.Usuario

[2020-05-08 20:35:42 #3 type] 
Type domain.Usuario is not enhanced.

[2020-05-08 20:35:42 #4 type.registry] 
New type domain.Apuesta

[2020-05-08 20:35:42 #5 type.registry] 
New type java.util.Vector<domain.Apuesta>

[2020-05-08 20:35:42 #6 type.registry] 
New type domain.Monedero

[2020-05-08 20:35:42 #7 type] 
Type domain.Apuesta is not enhanced.

[2020-05-08 20:35:42 #8 type.registry] 
New type domain.Event

[2020-05-08 20:35:42 #9 type.registry] 
New type domain.Pronostico

[2020-05-08 20:35:42 #10 type] 
Type domain.Monedero is not enhanced.

[2020-05-08 20:35:42 #11 type] 
Type domain.Event is not enhanced.

[2020-05-08 20:35:42 #12 type.registry] 
New type domain.Question

[2020-05-08 20:35:42 #13 type.registry] 
New type java.util.Vector<domain.Question>

[2020-05-08 20:35:42 #14 type.registry] 
New type domain.Deporte

[2020-05-08 20:35:42 #15 type] 
Type domain.Pronostico is not enhanced.

[2020-05-08 20:35:42 #16 type] 
Type domain.Question is not enhanced.

[2020-05-08 20:35:42 #17 type.registry] 
New type java.util.Vector<domain.Pronostico>

[2020-05-08 20:35:42 #18 type] 
Type domain.Deporte is not enhanced.

[2020-05-08 20:35:42 #19 type.registry] 
New type java.util.Vector<domain.Event>

[2020-05-08 20:35:42 #20 type.registry] 
New type java.util.Vector<java.lang.Object>

------------------------------------------------------------------------------------------------------------------------

[2020-05-08 23:50:59 #1 store] 
Database '/Users/adriansanse/git/LPCIS/Bets/resources/bets.temp' is opened by 4926@MacBook-Pro-de-Adrian.local

[2020-05-08 23:51:00 #2 type.registry] 
New type domain.Usuario

[2020-05-08 23:51:00 #3 type] 
Type domain.Usuario is not enhanced.

[2020-05-08 23:51:00 #4 type.registry] 
New type domain.Apuesta

[2020-05-08 23:51:00 #5 type.registry] 
New type java.util.Vector<domain.Apuesta>

[2020-05-08 23:51:00 #6 type.registry] 
New type domain.Monedero

[2020-05-08 23:51:00 #7 type] 
Type domain.Apuesta is not enhanced.

[2020-05-08 23:51:00 #8 type.registry] 
New type domain.Event

[2020-05-08 23:51:00 #9 type.registry] 
New type domain.Pronostico

[2020-05-08 23:51:00 #10 type] 
Type domain.Monedero is not enhanced.

[2020-05-08 23:51:00 #11 type] 
Type domain.Event is not enhanced.

[2020-05-08 23:51:00 #12 type.registry] 
New type domain.Question

[2020-05-08 23:51:00 #13 type.registry] 
New type java.util.Vector<domain.Question>

[2020-05-08 23:51:00 #14 type.registry] 
New type domain.Deporte

[2020-05-08 23:51:00 #15 type] 
Type domain.Pronostico is not enhanced.

[2020-05-08 23:51:00 #16 type] 
Type domain.Question is not enhanced.

[2020-05-08 23:51:00 #17 type.registry] 
New type java.util.Vector<domain.Pronostico>

[2020-05-08 23:51:00 #18 type] 
Type domain.Deporte is not enhanced.

[2020-05-08 23:51:00 #19 type.registry] 
New type java.util.Vector<domain.Event>

[2020-05-08 23:51:00 #20 type.registry] 
New type java.util.Vector<java.lang.Object>

------------------------------------------------------------------------------------------------------------------------

[2020-05-08 23:53:51 #1 store] 
Database '/Users/adriansanse/git/LPCIS/Bets/resources/bets.temp' is opened by 4929@MacBook-Pro-de-Adrian.local

[2020-05-08 23:53:51 #2 type.registry] 
New type domain.Usuario

[2020-05-08 23:53:51 #3 type] 
Type domain.Usuario is not enhanced.

[2020-05-08 23:53:51 #4 type.registry] 
New type domain.Apuesta

[2020-05-08 23:53:51 #5 type.registry] 
New type java.util.Vector<domain.Apuesta>

[2020-05-08 23:53:51 #6 type.registry] 
New type domain.Monedero

[2020-05-08 23:53:51 #7 type] 
Type domain.Apuesta is not enhanced.

[2020-05-08 23:53:51 #8 type.registry] 
New type domain.Event

[2020-05-08 23:53:51 #9 type.registry] 
New type domain.Pronostico

[2020-05-08 23:53:51 #10 type] 
Type domain.Monedero is not enhanced.

[2020-05-08 23:53:51 #11 type] 
Type domain.Event is not enhanced.

[2020-05-08 23:53:51 #12 type.registry] 
New type domain.Question

[2020-05-08 23:53:51 #13 type.registry] 
New type java.util.Vector<domain.Question>

[2020-05-08 23:53:51 #14 type.registry] 
New type domain.Deporte

[2020-05-08 23:53:51 #15 type] 
Type domain.Pronostico is not enhanced.

[2020-05-08 23:53:51 #16 type] 
Type domain.Question is not enhanced.

[2020-05-08 23:53:51 #17 type.registry] 
New type java.util.Vector<domain.Pronostico>

[2020-05-08 23:53:51 #18 type] 
Type domain.Deporte is not enhanced.

[2020-05-08 23:53:51 #19 type.registry] 
New type java.util.Vector<domain.Event>

[2020-05-08 23:53:51 #20 type.registry] 
New type java.util.Vector<java.lang.Object>

------------------------------------------------------------------------------------------------------------------------

[2020-05-08 23:54:27 #1 store] 
Database '/Users/adriansanse/git/LPCIS/Bets/resources/bets.temp' is opened by 4931@MacBook-Pro-de-Adrian.local

[2020-05-08 23:54:27 #2 type.registry] 
New type domain.Usuario

[2020-05-08 23:54:27 #3 type] 
Type domain.Usuario is not enhanced.

[2020-05-08 23:54:27 #4 type.registry] 
New type domain.Apuesta

[2020-05-08 23:54:27 #5 type.registry] 
New type java.util.Vector<domain.Apuesta>

[2020-05-08 23:54:27 #6 type.registry] 
New type domain.Monedero

[2020-05-08 23:54:27 #7 type] 
Type domain.Apuesta is not enhanced.

[2020-05-08 23:54:27 #8 type.registry] 
New type domain.Event

[2020-05-08 23:54:27 #9 type.registry] 
New type domain.Pronostico

[2020-05-08 23:54:27 #10 type] 
Type domain.Monedero is not enhanced.

[2020-05-08 23:54:27 #11 type] 
Type domain.Event is not enhanced.

[2020-05-08 23:54:27 #12 type.registry] 
New type domain.Question

[2020-05-08 23:54:27 #13 type.registry] 
New type java.util.Vector<domain.Question>

[2020-05-08 23:54:27 #14 type.registry] 
New type domain.Deporte

[2020-05-08 23:54:27 #15 type] 
Type domain.Pronostico is not enhanced.

[2020-05-08 23:54:27 #16 type] 
Type domain.Question is not enhanced.

[2020-05-08 23:54:27 #17 type.registry] 
New type java.util.Vector<domain.Pronostico>

[2020-05-08 23:54:27 #18 type] 
Type domain.Deporte is not enhanced.

[2020-05-08 23:54:27 #19 type.registry] 
New type java.util.Vector<domain.Event>

[2020-05-08 23:54:27 #20 type.registry] 
New type java.util.Vector<java.lang.Object>

------------------------------------------------------------------------------------------------------------------------

[2020-05-08 23:55:36 #1 store] 
Database '/Users/adriansanse/git/LPCIS/Bets/resources/bets.temp' is opened by 4933@MacBook-Pro-de-Adrian.local

[2020-05-08 23:55:36 #2 type.registry] 
New type domain.Usuario

[2020-05-08 23:55:36 #3 type] 
Type domain.Usuario is not enhanced.

[2020-05-08 23:55:36 #4 type.registry] 
New type domain.Apuesta

[2020-05-08 23:55:36 #5 type.registry] 
New type java.util.Vector<domain.Apuesta>

[2020-05-08 23:55:36 #6 type.registry] 
New type domain.Monedero

[2020-05-08 23:55:36 #7 type] 
Type domain.Apuesta is not enhanced.

[2020-05-08 23:55:36 #8 type.registry] 
New type domain.Event

[2020-05-08 23:55:36 #9 type.registry] 
New type domain.Pronostico

[2020-05-08 23:55:36 #10 type] 
Type domain.Monedero is not enhanced.

[2020-05-08 23:55:36 #11 type] 
Type domain.Event is not enhanced.

[2020-05-08 23:55:36 #12 type.registry] 
New type domain.Question

[2020-05-08 23:55:36 #13 type.registry] 
New type java.util.Vector<domain.Question>

[2020-05-08 23:55:36 #14 type.registry] 
New type domain.Deporte

[2020-05-08 23:55:36 #15 type] 
Type domain.Pronostico is not enhanced.

[2020-05-08 23:55:36 #16 type] 
Type domain.Question is not enhanced.

[2020-05-08 23:55:36 #17 type.registry] 
New type java.util.Vector<domain.Pronostico>

[2020-05-08 23:55:36 #18 type] 
Type domain.Deporte is not enhanced.

[2020-05-08 23:55:36 #19 type.registry] 
New type java.util.Vector<domain.Event>

[2020-05-08 23:55:36 #20 type.registry] 
New type java.util.Vector<java.lang.Object>

------------------------------------------------------------------------------------------------------------------------

[2020-05-08 23:56:01 #1 store] 
Database '/Users/adriansanse/git/LPCIS/Bets/resources/bets.temp' is opened by 4935@MacBook-Pro-de-Adrian.local

[2020-05-08 23:56:01 #2 type.registry] 
New type domain.Usuario

[2020-05-08 23:56:01 #3 type] 
Type domain.Usuario is not enhanced.

[2020-05-08 23:56:01 #4 type.registry] 
New type domain.Apuesta

[2020-05-08 23:56:01 #5 type.registry] 
New type java.util.Vector<domain.Apuesta>

[2020-05-08 23:56:01 #6 type.registry] 
New type domain.Monedero

[2020-05-08 23:56:01 #7 type] 
Type domain.Apuesta is not enhanced.

[2020-05-08 23:56:01 #8 type.registry] 
New type domain.Event

[2020-05-08 23:56:01 #9 type.registry] 
New type domain.Pronostico

[2020-05-08 23:56:01 #10 type] 
Type domain.Monedero is not enhanced.

[2020-05-08 23:56:01 #11 type] 
Type domain.Event is not enhanced.

[2020-05-08 23:56:01 #12 type.registry] 
New type domain.Question

[2020-05-08 23:56:01 #13 type.registry] 
New type java.util.Vector<domain.Question>

[2020-05-08 23:56:01 #14 type.registry] 
New type domain.Deporte

[2020-05-08 23:56:01 #15 type] 
Type domain.Pronostico is not enhanced.

[2020-05-08 23:56:01 #16 type] 
Type domain.Question is not enhanced.

[2020-05-08 23:56:01 #17 type.registry] 
New type java.util.Vector<domain.Pronostico>

[2020-05-08 23:56:01 #18 type] 
Type domain.Deporte is not enhanced.

[2020-05-08 23:56:01 #19 type.registry] 
New type java.util.Vector<domain.Event>

[2020-05-08 23:56:01 #20 type.registry] 
New type java.util.Vector<java.lang.Object>

