------------------------------------------------------------------------------------------------------------------------

[2020-03-21 12:49:51 #1 store] 
Database '/Users/adriansanse/git/LPCIS/Bets/resources/bets.temp' is opened by 518@pc-1-128.customer.ask4.lan

[2020-03-21 12:49:51 #2 type.registry] 
New type domain.Usuario

[2020-03-21 12:49:51 #3 type] 
Type domain.Usuario is not enhanced.

[2020-03-21 12:49:51 #4 type.registry] 
New type domain.Monedero

[2020-03-21 12:49:51 #5 type] 
Type domain.Monedero is not enhanced.

[2020-03-21 12:49:51 #6 type.registry] 
New type domain.Question

[2020-03-21 12:49:51 #7 type] 
Type domain.Question is not enhanced.

[2020-03-21 12:49:51 #8 type.registry] 
New type domain.Pronostico

[2020-03-21 12:49:51 #9 type.registry] 
New type java.util.Vector<domain.Pronostico>

[2020-03-21 12:49:51 #10 type.registry] 
New type domain.Event

[2020-03-21 12:49:51 #11 type] 
Type domain.Pronostico is not enhanced.

[2020-03-21 12:49:51 #12 type] 
Type domain.Event is not enhanced.

[2020-03-21 12:49:51 #13 type.registry] 
New type java.util.Vector<domain.Question>

[2020-03-21 12:49:51 #14 type.registry] 
New type java.util.Vector<java.lang.Object>

------------------------------------------------------------------------------------------------------------------------

[2020-03-21 12:50:11 #1 store] 
Database '/Users/adriansanse/git/LPCIS/Bets/resources/bets.temp' is opened by 524@pc-1-128.customer.ask4.lan

[2020-03-21 12:50:11 #2 type.registry] 
New type domain.Usuario

[2020-03-21 12:50:11 #3 type] 
Type domain.Usuario is not enhanced.

[2020-03-21 12:50:11 #4 type.registry] 
New type domain.Monedero

[2020-03-21 12:50:11 #5 type] 
Type domain.Monedero is not enhanced.

[2020-03-21 12:50:11 #6 type.registry] 
New type domain.Question

[2020-03-21 12:50:11 #7 type] 
Type domain.Question is not enhanced.

[2020-03-21 12:50:11 #8 type.registry] 
New type domain.Pronostico

[2020-03-21 12:50:11 #9 type.registry] 
New type java.util.Vector<domain.Pronostico>

[2020-03-21 12:50:11 #10 type.registry] 
New type domain.Event

[2020-03-21 12:50:11 #11 type] 
Type domain.Pronostico is not enhanced.

[2020-03-21 12:50:11 #12 type] 
Type domain.Event is not enhanced.

[2020-03-21 12:50:11 #13 type.registry] 
New type java.util.Vector<domain.Question>

[2020-03-21 12:50:11 #14 type.registry] 
New type java.util.Vector<java.lang.Object>

------------------------------------------------------------------------------------------------------------------------

[2020-03-21 12:57:14 #1 store] 
Database '/Users/adriansanse/git/LPCIS/Bets/resources/bets.temp' is opened by 567@pc-1-128.customer.ask4.lan

[2020-03-21 12:57:14 #2 type.registry] 
New type domain.Usuario

[2020-03-21 12:57:14 #3 type] 
Type domain.Usuario is not enhanced.

[2020-03-21 12:57:14 #4 type.registry] 
New type domain.Monedero

[2020-03-21 12:57:14 #5 type] 
Type domain.Monedero is not enhanced.

[2020-03-21 12:57:14 #6 type.registry] 
New type domain.Question

[2020-03-21 12:57:14 #7 type] 
Type domain.Question is not enhanced.

[2020-03-21 12:57:14 #8 type.registry] 
New type domain.Pronostico

[2020-03-21 12:57:14 #9 type.registry] 
New type java.util.Vector<domain.Pronostico>

[2020-03-21 12:57:14 #10 type.registry] 
New type domain.Event

[2020-03-21 12:57:14 #11 type] 
Type domain.Pronostico is not enhanced.

[2020-03-21 12:57:14 #12 type] 
Type domain.Event is not enhanced.

[2020-03-21 12:57:14 #13 type.registry] 
New type java.util.Vector<domain.Question>

[2020-03-21 12:57:14 #14 type.registry] 
New type java.util.Vector<java.lang.Object>

------------------------------------------------------------------------------------------------------------------------

[2020-03-21 12:58:46 #1 store] 
Database '/Users/adriansanse/git/LPCIS/Bets/resources/bets.temp' is opened by 568@pc-1-128.customer.ask4.lan

[2020-03-21 12:58:46 #2 type.registry] 
New type domain.Usuario

[2020-03-21 12:58:46 #3 type] 
Type domain.Usuario is not enhanced.

[2020-03-21 12:58:46 #4 type.registry] 
New type domain.Monedero

[2020-03-21 12:58:46 #5 type] 
Type domain.Monedero is not enhanced.

[2020-03-21 12:58:46 #6 type.registry] 
New type domain.Question

[2020-03-21 12:58:46 #7 type] 
Type domain.Question is not enhanced.

[2020-03-21 12:58:46 #8 type.registry] 
New type domain.Pronostico

[2020-03-21 12:58:46 #9 type.registry] 
New type java.util.Vector<domain.Pronostico>

[2020-03-21 12:58:46 #10 type.registry] 
New type domain.Event

[2020-03-21 12:58:46 #11 type] 
Type domain.Pronostico is not enhanced.

[2020-03-21 12:58:46 #12 type] 
Type domain.Event is not enhanced.

[2020-03-21 12:58:46 #13 type.registry] 
New type java.util.Vector<domain.Question>

[2020-03-21 12:58:46 #14 type.registry] 
New type java.util.Vector<java.lang.Object>

------------------------------------------------------------------------------------------------------------------------

[2020-03-21 12:59:51 #1 store] 
Database '/Users/adriansanse/git/LPCIS/Bets/resources/bets.temp' is opened by 570@pc-1-128.customer.ask4.lan

[2020-03-21 12:59:51 #2 type.registry] 
New type domain.Usuario

[2020-03-21 12:59:51 #3 type] 
Type domain.Usuario is not enhanced.

[2020-03-21 12:59:51 #4 type.registry] 
New type domain.Monedero

[2020-03-21 12:59:51 #5 type] 
Type domain.Monedero is not enhanced.

[2020-03-21 12:59:51 #6 type.registry] 
New type domain.Question

[2020-03-21 12:59:51 #7 type] 
Type domain.Question is not enhanced.

[2020-03-21 12:59:51 #8 type.registry] 
New type domain.Pronostico

[2020-03-21 12:59:51 #9 type.registry] 
New type java.util.Vector<domain.Pronostico>

[2020-03-21 12:59:51 #10 type.registry] 
New type domain.Event

[2020-03-21 12:59:51 #11 type] 
Type domain.Pronostico is not enhanced.

[2020-03-21 12:59:51 #12 type] 
Type domain.Event is not enhanced.

[2020-03-21 12:59:51 #13 type.registry] 
New type java.util.Vector<domain.Question>

[2020-03-21 12:59:51 #14 type.registry] 
New type java.util.Vector<java.lang.Object>

------------------------------------------------------------------------------------------------------------------------

[2020-03-21 13:03:48 #1 store] 
Database '/Users/adriansanse/git/LPCIS/Bets/resources/bets.temp' is opened by 573@pc-1-128.customer.ask4.lan

[2020-03-21 13:03:48 #2 type.registry] 
New type domain.Usuario

[2020-03-21 13:03:48 #3 type] 
Type domain.Usuario is not enhanced.

[2020-03-21 13:03:48 #4 type.registry] 
New type domain.Monedero

[2020-03-21 13:03:48 #5 type] 
Type domain.Monedero is not enhanced.

[2020-03-21 13:03:48 #6 type.registry] 
New type domain.Question

[2020-03-21 13:03:48 #7 type] 
Type domain.Question is not enhanced.

[2020-03-21 13:03:48 #8 type.registry] 
New type domain.Pronostico

[2020-03-21 13:03:48 #9 type.registry] 
New type java.util.Vector<domain.Pronostico>

[2020-03-21 13:03:48 #10 type.registry] 
New type domain.Event

[2020-03-21 13:03:48 #11 type] 
Type domain.Pronostico is not enhanced.

[2020-03-21 13:03:48 #12 type] 
Type domain.Event is not enhanced.

[2020-03-21 13:03:48 #13 type.registry] 
New type java.util.Vector<domain.Question>

[2020-03-21 13:03:48 #14 type.registry] 
New type java.util.Vector<java.lang.Object>

------------------------------------------------------------------------------------------------------------------------

[2020-03-21 13:10:28 #1 store] 
Database '/Users/adriansanse/git/LPCIS/Bets/resources/bets.temp' is opened by 578@pc-1-128.customer.ask4.lan

[2020-03-21 13:10:28 #2 type.registry] 
New type domain.Usuario

[2020-03-21 13:10:28 #3 type] 
Type domain.Usuario is not enhanced.

[2020-03-21 13:10:28 #4 type.registry] 
New type domain.Monedero

[2020-03-21 13:10:28 #5 type] 
Type domain.Monedero is not enhanced.

[2020-03-21 13:10:29 #6 type.registry] 
New type domain.Question

[2020-03-21 13:10:29 #7 type] 
Type domain.Question is not enhanced.

[2020-03-21 13:10:29 #8 type.registry] 
New type domain.Pronostico

[2020-03-21 13:10:29 #9 type.registry] 
New type java.util.Vector<domain.Pronostico>

[2020-03-21 13:10:29 #10 type.registry] 
New type domain.Event

[2020-03-21 13:10:29 #11 type] 
Type domain.Pronostico is not enhanced.

[2020-03-21 13:10:29 #12 type] 
Type domain.Event is not enhanced.

[2020-03-21 13:10:29 #13 type.registry] 
New type java.util.Vector<domain.Question>

[2020-03-21 13:10:29 #14 type.registry] 
New type java.util.Vector<java.lang.Object>

------------------------------------------------------------------------------------------------------------------------

[2020-03-21 13:17:09 #1 store] 
Database '/Users/adriansanse/git/LPCIS/Bets/resources/bets.temp' is opened by 582@pc-1-128.customer.ask4.lan

[2020-03-21 13:17:09 #2 type.registry] 
New type domain.Usuario

[2020-03-21 13:17:09 #3 type] 
Type domain.Usuario is not enhanced.

[2020-03-21 13:17:09 #4 type.registry] 
New type domain.Monedero

[2020-03-21 13:17:09 #5 type] 
Type domain.Monedero is not enhanced.

[2020-03-21 13:17:09 #6 type.registry] 
New type domain.Question

[2020-03-21 13:17:09 #7 type] 
Type domain.Question is not enhanced.

[2020-03-21 13:17:09 #8 type.registry] 
New type domain.Pronostico

[2020-03-21 13:17:09 #9 type.registry] 
New type java.util.Vector<domain.Pronostico>

[2020-03-21 13:17:09 #10 type.registry] 
New type domain.Event

[2020-03-21 13:17:09 #11 type] 
Type domain.Pronostico is not enhanced.

[2020-03-21 13:17:09 #12 type] 
Type domain.Event is not enhanced.

[2020-03-21 13:17:09 #13 type.registry] 
New type java.util.Vector<domain.Question>

[2020-03-21 13:17:09 #14 type.registry] 
New type java.util.Vector<java.lang.Object>

------------------------------------------------------------------------------------------------------------------------

[2020-03-21 13:22:59 #1 store] 
Database '/Users/adriansanse/git/LPCIS/Bets/resources/bets.temp' is opened by 589@pc-1-128.customer.ask4.lan

[2020-03-21 13:22:59 #2 type.registry] 
New type domain.Usuario

[2020-03-21 13:22:59 #3 type] 
Type domain.Usuario is not enhanced.

[2020-03-21 13:22:59 #4 type.registry] 
New type domain.Monedero

[2020-03-21 13:22:59 #5 type] 
Type domain.Monedero is not enhanced.

[2020-03-21 13:22:59 #6 type.registry] 
New type domain.Question

[2020-03-21 13:22:59 #7 type] 
Type domain.Question is not enhanced.

[2020-03-21 13:22:59 #8 type.registry] 
New type domain.Pronostico

[2020-03-21 13:22:59 #9 type.registry] 
New type java.util.Vector<domain.Pronostico>

[2020-03-21 13:22:59 #10 type.registry] 
New type domain.Event

[2020-03-21 13:22:59 #11 type] 
Type domain.Pronostico is not enhanced.

[2020-03-21 13:22:59 #12 type] 
Type domain.Event is not enhanced.

[2020-03-21 13:22:59 #13 type.registry] 
New type java.util.Vector<domain.Question>

[2020-03-21 13:22:59 #14 type.registry] 
New type java.util.Vector<java.lang.Object>

------------------------------------------------------------------------------------------------------------------------

[2020-03-21 13:26:58 #1 store] 
Database '/Users/adriansanse/git/LPCIS/Bets/resources/bets.temp' is opened by 591@pc-1-128.customer.ask4.lan

[2020-03-21 13:26:58 #2 type.registry] 
New type domain.Usuario

[2020-03-21 13:26:58 #3 type] 
Type domain.Usuario is not enhanced.

[2020-03-21 13:26:58 #4 type.registry] 
New type domain.Monedero

[2020-03-21 13:26:58 #5 type] 
Type domain.Monedero is not enhanced.

[2020-03-21 13:26:58 #6 type.registry] 
New type domain.Question

[2020-03-21 13:26:58 #7 type] 
Type domain.Question is not enhanced.

[2020-03-21 13:26:58 #8 type.registry] 
New type domain.Pronostico

[2020-03-21 13:26:58 #9 type.registry] 
New type java.util.Vector<domain.Pronostico>

[2020-03-21 13:26:58 #10 type.registry] 
New type domain.Event

[2020-03-21 13:26:58 #11 type] 
Type domain.Pronostico is not enhanced.

[2020-03-21 13:26:58 #12 type] 
Type domain.Event is not enhanced.

[2020-03-21 13:26:58 #13 type.registry] 
New type java.util.Vector<domain.Question>

[2020-03-21 13:26:58 #14 type.registry] 
New type java.util.Vector<java.lang.Object>

------------------------------------------------------------------------------------------------------------------------

[2020-03-21 13:28:09 #1 store] 
Database '/Users/adriansanse/git/LPCIS/Bets/resources/bets.temp' is opened by 595@pc-1-128.customer.ask4.lan

[2020-03-21 13:28:09 #2 type.registry] 
New type domain.Usuario

[2020-03-21 13:28:09 #3 type] 
Type domain.Usuario is not enhanced.

[2020-03-21 13:28:09 #4 type.registry] 
New type domain.Monedero

[2020-03-21 13:28:09 #5 type] 
Type domain.Monedero is not enhanced.

[2020-03-21 13:28:09 #6 type.registry] 
New type domain.Question

[2020-03-21 13:28:09 #7 type] 
Type domain.Question is not enhanced.

[2020-03-21 13:28:09 #8 type.registry] 
New type domain.Pronostico

[2020-03-21 13:28:09 #9 type.registry] 
New type java.util.Vector<domain.Pronostico>

[2020-03-21 13:28:09 #10 type.registry] 
New type domain.Event

[2020-03-21 13:28:09 #11 type] 
Type domain.Pronostico is not enhanced.

[2020-03-21 13:28:09 #12 type] 
Type domain.Event is not enhanced.

[2020-03-21 13:28:09 #13 type.registry] 
New type java.util.Vector<domain.Question>

[2020-03-21 13:28:09 #14 type.registry] 
New type java.util.Vector<java.lang.Object>

------------------------------------------------------------------------------------------------------------------------

[2020-03-21 13:47:21 #1 store] 
Database '/Users/adriansanse/git/LPCIS/Bets/resources/bets.temp' is opened by 632@pc-1-128.customer.ask4.lan

[2020-03-21 13:47:21 #2 type.registry] 
New type domain.Usuario

[2020-03-21 13:47:21 #3 type] 
Type domain.Usuario is not enhanced.

[2020-03-21 13:47:21 #4 type.registry] 
New type domain.Monedero

[2020-03-21 13:47:21 #5 type] 
Type domain.Monedero is not enhanced.

[2020-03-21 13:47:21 #6 type.registry] 
New type domain.Question

[2020-03-21 13:47:21 #7 type] 
Type domain.Question is not enhanced.

[2020-03-21 13:47:22 #8 type.registry] 
New type domain.Pronostico

[2020-03-21 13:47:22 #9 type.registry] 
New type java.util.Vector<domain.Pronostico>

[2020-03-21 13:47:22 #10 type.registry] 
New type domain.Event

[2020-03-21 13:47:22 #11 type] 
Type domain.Pronostico is not enhanced.

[2020-03-21 13:47:22 #12 type] 
Type domain.Event is not enhanced.

[2020-03-21 13:47:22 #13 type.registry] 
New type java.util.Vector<domain.Question>

[2020-03-21 13:47:22 #14 type.registry] 
New type java.util.Vector<java.lang.Object>

------------------------------------------------------------------------------------------------------------------------

[2020-03-21 13:49:51 #1 store] 
Database '/Users/adriansanse/git/LPCIS/Bets/resources/bets.temp' is opened by 643@pc-1-128.customer.ask4.lan

[2020-03-21 13:49:51 #2 type.registry] 
New type domain.Usuario

[2020-03-21 13:49:51 #3 type] 
Type domain.Usuario is not enhanced.

[2020-03-21 13:49:51 #4 type.registry] 
New type domain.Monedero

[2020-03-21 13:49:51 #5 type] 
Type domain.Monedero is not enhanced.

[2020-03-21 13:49:52 #6 type.registry] 
New type domain.Question

[2020-03-21 13:49:52 #7 type] 
Type domain.Question is not enhanced.

[2020-03-21 13:49:52 #8 type.registry] 
New type domain.Pronostico

[2020-03-21 13:49:52 #9 type.registry] 
New type java.util.Vector<domain.Pronostico>

[2020-03-21 13:49:52 #10 type.registry] 
New type domain.Event

[2020-03-21 13:49:52 #11 type] 
Type domain.Pronostico is not enhanced.

[2020-03-21 13:49:52 #12 type] 
Type domain.Event is not enhanced.

[2020-03-21 13:49:52 #13 type.registry] 
New type java.util.Vector<domain.Question>

[2020-03-21 13:49:52 #14 type.registry] 
New type java.util.Vector<java.lang.Object>

------------------------------------------------------------------------------------------------------------------------

[2020-03-21 13:50:48 #1 store] 
Database '/Users/adriansanse/git/LPCIS/Bets/resources/bets.temp' is opened by 644@pc-1-128.customer.ask4.lan

[2020-03-21 13:50:48 #2 type.registry] 
New type domain.Usuario

[2020-03-21 13:50:48 #3 type] 
Type domain.Usuario is not enhanced.

[2020-03-21 13:50:48 #4 type.registry] 
New type domain.Monedero

[2020-03-21 13:50:48 #5 type] 
Type domain.Monedero is not enhanced.

[2020-03-21 13:50:48 #6 type.registry] 
New type domain.Question

[2020-03-21 13:50:48 #7 type] 
Type domain.Question is not enhanced.

[2020-03-21 13:50:48 #8 type.registry] 
New type domain.Pronostico

[2020-03-21 13:50:48 #9 type.registry] 
New type java.util.Vector<domain.Pronostico>

[2020-03-21 13:50:48 #10 type.registry] 
New type domain.Event

[2020-03-21 13:50:48 #11 type] 
Type domain.Pronostico is not enhanced.

[2020-03-21 13:50:48 #12 type] 
Type domain.Event is not enhanced.

[2020-03-21 13:50:48 #13 type.registry] 
New type java.util.Vector<domain.Question>

[2020-03-21 13:50:48 #14 type.registry] 
New type java.util.Vector<java.lang.Object>

------------------------------------------------------------------------------------------------------------------------

[2020-03-21 13:52:49 #1 store] 
Database '/Users/adriansanse/git/LPCIS/Bets/resources/bets.temp' is opened by 646@pc-1-128.customer.ask4.lan

[2020-03-21 13:52:49 #2 type.registry] 
New type domain.Usuario

[2020-03-21 13:52:49 #3 type] 
Type domain.Usuario is not enhanced.

[2020-03-21 13:52:49 #4 type.registry] 
New type domain.Monedero

[2020-03-21 13:52:49 #5 type] 
Type domain.Monedero is not enhanced.

[2020-03-21 13:52:50 #6 type.registry] 
New type domain.Question

[2020-03-21 13:52:50 #7 type] 
Type domain.Question is not enhanced.

[2020-03-21 13:52:50 #8 type.registry] 
New type domain.Pronostico

[2020-03-21 13:52:50 #9 type.registry] 
New type java.util.Vector<domain.Pronostico>

[2020-03-21 13:52:50 #10 type.registry] 
New type domain.Event

[2020-03-21 13:52:50 #11 type] 
Type domain.Pronostico is not enhanced.

[2020-03-21 13:52:50 #12 type] 
Type domain.Event is not enhanced.

[2020-03-21 13:52:50 #13 type.registry] 
New type java.util.Vector<domain.Question>

[2020-03-21 13:52:50 #14 type.registry] 
New type java.util.Vector<java.lang.Object>

------------------------------------------------------------------------------------------------------------------------

[2020-03-21 13:56:35 #1 store] 
Database '/Users/adriansanse/git/LPCIS/Bets/resources/bets.temp' is opened by 649@pc-1-128.customer.ask4.lan

[2020-03-21 13:56:35 #2 type.registry] 
New type domain.Usuario

[2020-03-21 13:56:35 #3 type] 
Type domain.Usuario is not enhanced.

[2020-03-21 13:56:35 #4 type.registry] 
New type domain.Monedero

[2020-03-21 13:56:35 #5 type] 
Type domain.Monedero is not enhanced.

[2020-03-21 13:56:35 #6 type.registry] 
New type domain.Question

[2020-03-21 13:56:35 #7 type] 
Type domain.Question is not enhanced.

[2020-03-21 13:56:35 #8 type.registry] 
New type domain.Pronostico

[2020-03-21 13:56:35 #9 type.registry] 
New type java.util.Vector<domain.Pronostico>

[2020-03-21 13:56:35 #10 type.registry] 
New type domain.Event

[2020-03-21 13:56:35 #11 type] 
Type domain.Pronostico is not enhanced.

[2020-03-21 13:56:35 #12 type] 
Type domain.Event is not enhanced.

[2020-03-21 13:56:35 #13 type.registry] 
New type java.util.Vector<domain.Question>

[2020-03-21 13:56:35 #14 type.registry] 
New type java.util.Vector<java.lang.Object>

------------------------------------------------------------------------------------------------------------------------

[2020-03-21 14:06:59 #1 store] 
Database '/Users/adriansanse/git/LPCIS/Bets/resources/bets.temp' is opened by 661@pc-1-128.customer.ask4.lan

[2020-03-21 14:06:59 #2 type.registry] 
New type domain.Usuario

[2020-03-21 14:06:59 #3 type] 
Type domain.Usuario is not enhanced.

[2020-03-21 14:06:59 #4 type.registry] 
New type domain.Monedero

[2020-03-21 14:06:59 #5 type] 
Type domain.Monedero is not enhanced.

[2020-03-21 14:06:59 #6 type.registry] 
New type domain.Question

[2020-03-21 14:06:59 #7 type] 
Type domain.Question is not enhanced.

[2020-03-21 14:06:59 #8 type.registry] 
New type domain.Pronostico

[2020-03-21 14:06:59 #9 type.registry] 
New type java.util.Vector<domain.Pronostico>

[2020-03-21 14:06:59 #10 type.registry] 
New type domain.Event

[2020-03-21 14:06:59 #11 type] 
Type domain.Pronostico is not enhanced.

[2020-03-21 14:06:59 #12 type] 
Type domain.Event is not enhanced.

[2020-03-21 14:06:59 #13 type.registry] 
New type java.util.Vector<domain.Question>

[2020-03-21 14:06:59 #14 type.registry] 
New type java.util.Vector<java.lang.Object>

------------------------------------------------------------------------------------------------------------------------

[2020-03-21 17:20:48 #1 store] 
Database '/Users/adriansanse/git/LPCIS/Bets/resources/bets.temp' is opened by 725@pc-1-128.customer.ask4.lan

[2020-03-21 17:20:48 #2 type.registry] 
New type domain.Usuario

[2020-03-21 17:20:48 #3 type] 
Type domain.Usuario is not enhanced.

[2020-03-21 17:20:48 #4 type.registry] 
New type domain.Monedero

[2020-03-21 17:20:48 #5 type] 
Type domain.Monedero is not enhanced.

[2020-03-21 17:20:48 #6 type.registry] 
New type domain.Question

[2020-03-21 17:20:48 #7 type] 
Type domain.Question is not enhanced.

[2020-03-21 17:20:48 #8 type.registry] 
New type domain.Pronostico

[2020-03-21 17:20:48 #9 type.registry] 
New type java.util.Vector<domain.Pronostico>

[2020-03-21 17:20:48 #10 type.registry] 
New type domain.Event

[2020-03-21 17:20:48 #11 type] 
Type domain.Pronostico is not enhanced.

[2020-03-21 17:20:48 #12 type] 
Type domain.Event is not enhanced.

[2020-03-21 17:20:48 #13 type.registry] 
New type java.util.Vector<domain.Question>

[2020-03-21 17:20:48 #14 type.registry] 
New type java.util.Vector<java.lang.Object>

------------------------------------------------------------------------------------------------------------------------

[2020-03-21 17:24:50 #1 store] 
Database '/Users/adriansanse/git/LPCIS/Bets/resources/bets.temp' is opened by 732@pc-1-128.customer.ask4.lan

[2020-03-21 17:24:50 #2 type.registry] 
New type domain.Usuario

[2020-03-21 17:24:50 #3 type] 
Type domain.Usuario is not enhanced.

[2020-03-21 17:24:50 #4 type.registry] 
New type domain.Monedero

[2020-03-21 17:24:50 #5 type] 
Type domain.Monedero is not enhanced.

[2020-03-21 17:24:50 #6 type.registry] 
New type domain.Question

[2020-03-21 17:24:50 #7 type] 
Type domain.Question is not enhanced.

[2020-03-21 17:24:50 #8 type.registry] 
New type domain.Pronostico

[2020-03-21 17:24:50 #9 type.registry] 
New type java.util.Vector<domain.Pronostico>

[2020-03-21 17:24:50 #10 type.registry] 
New type domain.Event

[2020-03-21 17:24:50 #11 type] 
Type domain.Pronostico is not enhanced.

[2020-03-21 17:24:50 #12 type] 
Type domain.Event is not enhanced.

[2020-03-21 17:24:50 #13 type.registry] 
New type java.util.Vector<domain.Question>

[2020-03-21 17:24:50 #14 type.registry] 
New type java.util.Vector<java.lang.Object>

------------------------------------------------------------------------------------------------------------------------

[2020-03-21 17:49:13 #1 store] 
Database '/Users/adriansanse/git/LPCIS/Bets/resources/bets.temp' is opened by 742@pc-1-128.customer.ask4.lan

[2020-03-21 17:49:13 #2 type.registry] 
New type domain.Usuario

[2020-03-21 17:49:13 #3 type] 
Type domain.Usuario is not enhanced.

[2020-03-21 17:49:13 #4 type.registry] 
New type domain.Monedero

[2020-03-21 17:49:13 #5 type] 
Type domain.Monedero is not enhanced.

[2020-03-21 17:49:13 #6 type.registry] 
New type domain.Question

[2020-03-21 17:49:13 #7 type] 
Type domain.Question is not enhanced.

[2020-03-21 17:49:13 #8 type.registry] 
New type domain.Pronostico

[2020-03-21 17:49:13 #9 type.registry] 
New type java.util.Vector<domain.Pronostico>

[2020-03-21 17:49:13 #10 type.registry] 
New type domain.Event

[2020-03-21 17:49:13 #11 type] 
Type domain.Pronostico is not enhanced.

[2020-03-21 17:49:13 #12 type] 
Type domain.Event is not enhanced.

[2020-03-21 17:49:13 #13 type.registry] 
New type java.util.Vector<domain.Question>

[2020-03-21 17:49:13 #14 type.registry] 
New type java.util.Vector<java.lang.Object>

------------------------------------------------------------------------------------------------------------------------

[2020-03-21 17:50:34 #1 store] 
Database '/Users/adriansanse/git/LPCIS/Bets/resources/bets.temp' is opened by 746@pc-1-128.customer.ask4.lan

[2020-03-21 17:50:34 #2 type.registry] 
New type domain.Usuario

[2020-03-21 17:50:34 #3 type] 
Type domain.Usuario is not enhanced.

[2020-03-21 17:50:34 #4 type.registry] 
New type domain.Monedero

[2020-03-21 17:50:34 #5 type] 
Type domain.Monedero is not enhanced.

[2020-03-21 17:50:34 #6 type.registry] 
New type domain.Question

[2020-03-21 17:50:34 #7 type] 
Type domain.Question is not enhanced.

[2020-03-21 17:50:34 #8 type.registry] 
New type domain.Pronostico

[2020-03-21 17:50:34 #9 type.registry] 
New type java.util.Vector<domain.Pronostico>

[2020-03-21 17:50:34 #10 type.registry] 
New type domain.Event

[2020-03-21 17:50:34 #11 type] 
Type domain.Pronostico is not enhanced.

[2020-03-21 17:50:34 #12 type] 
Type domain.Event is not enhanced.

[2020-03-21 17:50:34 #13 type.registry] 
New type java.util.Vector<domain.Question>

[2020-03-21 17:50:34 #14 type.registry] 
New type java.util.Vector<java.lang.Object>

------------------------------------------------------------------------------------------------------------------------

[2020-03-21 17:55:00 #1 store] 
Database '/Users/adriansanse/git/LPCIS/Bets/resources/bets.temp' is opened by 748@pc-1-128.customer.ask4.lan

[2020-03-21 17:55:00 #2 type.registry] 
New type domain.Usuario

[2020-03-21 17:55:00 #3 type] 
Type domain.Usuario is not enhanced.

[2020-03-21 17:55:00 #4 type.registry] 
New type domain.Monedero

[2020-03-21 17:55:00 #5 type] 
Type domain.Monedero is not enhanced.

[2020-03-21 17:55:00 #6 type.registry] 
New type domain.Question

[2020-03-21 17:55:00 #7 type] 
Type domain.Question is not enhanced.

[2020-03-21 17:55:00 #8 type.registry] 
New type domain.Pronostico

[2020-03-21 17:55:00 #9 type.registry] 
New type java.util.Vector<domain.Pronostico>

[2020-03-21 17:55:00 #10 type.registry] 
New type domain.Event

[2020-03-21 17:55:00 #11 type] 
Type domain.Pronostico is not enhanced.

[2020-03-21 17:55:00 #12 type] 
Type domain.Event is not enhanced.

[2020-03-21 17:55:00 #13 type.registry] 
New type java.util.Vector<domain.Question>

[2020-03-21 17:55:00 #14 type.registry] 
New type java.util.Vector<java.lang.Object>

------------------------------------------------------------------------------------------------------------------------

[2020-03-21 17:56:51 #1 store] 
Database '/Users/adriansanse/git/LPCIS/Bets/resources/bets.temp' is opened by 751@pc-1-128.customer.ask4.lan

[2020-03-21 17:56:51 #2 type.registry] 
New type domain.Usuario

[2020-03-21 17:56:51 #3 type] 
Type domain.Usuario is not enhanced.

[2020-03-21 17:56:51 #4 type.registry] 
New type domain.Monedero

[2020-03-21 17:56:51 #5 type] 
Type domain.Monedero is not enhanced.

[2020-03-21 17:56:51 #6 type.registry] 
New type domain.Question

[2020-03-21 17:56:51 #7 type] 
Type domain.Question is not enhanced.

[2020-03-21 17:56:51 #8 type.registry] 
New type domain.Pronostico

[2020-03-21 17:56:51 #9 type.registry] 
New type java.util.Vector<domain.Pronostico>

[2020-03-21 17:56:51 #10 type.registry] 
New type domain.Event

[2020-03-21 17:56:51 #11 type] 
Type domain.Pronostico is not enhanced.

[2020-03-21 17:56:51 #12 type] 
Type domain.Event is not enhanced.

[2020-03-21 17:56:51 #13 type.registry] 
New type java.util.Vector<domain.Question>

[2020-03-21 17:56:51 #14 type.registry] 
New type java.util.Vector<java.lang.Object>

------------------------------------------------------------------------------------------------------------------------

[2020-03-21 17:59:18 #1 store] 
Database '/Users/adriansanse/git/LPCIS/Bets/resources/bets.temp' is opened by 753@pc-1-128.customer.ask4.lan

[2020-03-21 17:59:18 #2 type.registry] 
New type domain.Usuario

[2020-03-21 17:59:18 #3 type] 
Type domain.Usuario is not enhanced.

[2020-03-21 17:59:18 #4 type.registry] 
New type domain.Monedero

[2020-03-21 17:59:18 #5 type] 
Type domain.Monedero is not enhanced.

[2020-03-21 17:59:18 #6 type.registry] 
New type domain.Question

[2020-03-21 17:59:18 #7 type] 
Type domain.Question is not enhanced.

[2020-03-21 17:59:18 #8 type.registry] 
New type domain.Pronostico

[2020-03-21 17:59:18 #9 type.registry] 
New type java.util.Vector<domain.Pronostico>

[2020-03-21 17:59:18 #10 type.registry] 
New type domain.Event

[2020-03-21 17:59:18 #11 type] 
Type domain.Pronostico is not enhanced.

[2020-03-21 17:59:18 #12 type] 
Type domain.Event is not enhanced.

[2020-03-21 17:59:18 #13 type.registry] 
New type java.util.Vector<domain.Question>

[2020-03-21 17:59:18 #14 type.registry] 
New type java.util.Vector<java.lang.Object>

------------------------------------------------------------------------------------------------------------------------

[2020-03-21 18:03:01 #1 store] 
Database '/Users/adriansanse/git/LPCIS/Bets/resources/bets.temp' is opened by 756@pc-1-128.customer.ask4.lan

[2020-03-21 18:03:01 #2 type.registry] 
New type domain.Usuario

[2020-03-21 18:03:01 #3 type] 
Type domain.Usuario is not enhanced.

[2020-03-21 18:03:01 #4 type.registry] 
New type domain.Monedero

[2020-03-21 18:03:01 #5 type] 
Type domain.Monedero is not enhanced.

[2020-03-21 18:03:01 #6 type.registry] 
New type domain.Question

[2020-03-21 18:03:01 #7 type] 
Type domain.Question is not enhanced.

[2020-03-21 18:03:01 #8 type.registry] 
New type domain.Pronostico

[2020-03-21 18:03:01 #9 type.registry] 
New type java.util.Vector<domain.Pronostico>

[2020-03-21 18:03:02 #10 type.registry] 
New type domain.Event

[2020-03-21 18:03:02 #11 type] 
Type domain.Pronostico is not enhanced.

[2020-03-21 18:03:02 #12 type] 
Type domain.Event is not enhanced.

[2020-03-21 18:03:02 #13 type.registry] 
New type java.util.Vector<domain.Question>

[2020-03-21 18:03:02 #14 type.registry] 
New type java.util.Vector<java.lang.Object>

------------------------------------------------------------------------------------------------------------------------

[2020-03-21 18:11:04 #1 store] 
Database '/Users/adriansanse/git/LPCIS/Bets/resources/bets.temp' is opened by 774@pc-1-128.customer.ask4.lan

[2020-03-21 18:11:04 #2 type.registry] 
New type domain.Usuario

[2020-03-21 18:11:04 #3 type] 
Type domain.Usuario is not enhanced.

[2020-03-21 18:11:04 #4 type.registry] 
New type domain.Monedero

[2020-03-21 18:11:04 #5 type] 
Type domain.Monedero is not enhanced.

[2020-03-21 18:11:04 #6 type.registry] 
New type domain.Question

[2020-03-21 18:11:04 #7 type] 
Type domain.Question is not enhanced.

[2020-03-21 18:11:04 #8 type.registry] 
New type domain.Pronostico

[2020-03-21 18:11:04 #9 type.registry] 
New type java.util.Vector<domain.Pronostico>

[2020-03-21 18:11:05 #10 type.registry] 
New type domain.Event

[2020-03-21 18:11:05 #11 type] 
Type domain.Pronostico is not enhanced.

[2020-03-21 18:11:05 #12 type] 
Type domain.Event is not enhanced.

[2020-03-21 18:11:05 #13 type.registry] 
New type java.util.Vector<domain.Question>

[2020-03-21 18:11:05 #14 type.registry] 
New type java.util.Vector<java.lang.Object>

------------------------------------------------------------------------------------------------------------------------

[2020-03-21 18:38:04 #1 store] 
Database '/Users/adriansanse/git/LPCIS/Bets/resources/bets.temp' is opened by 804@pc-1-128.customer.ask4.lan

[2020-03-21 18:38:04 #2 type.registry] 
New type domain.Usuario

[2020-03-21 18:38:04 #3 type] 
Type domain.Usuario is not enhanced.

[2020-03-21 18:38:04 #4 type.registry] 
New type domain.Monedero

[2020-03-21 18:38:04 #5 type] 
Type domain.Monedero is not enhanced.

[2020-03-21 18:38:04 #6 type.registry] 
New type domain.Question

[2020-03-21 18:38:04 #7 type] 
Type domain.Question is not enhanced.

[2020-03-21 18:38:04 #8 type.registry] 
New type domain.Pronostico

[2020-03-21 18:38:04 #9 type.registry] 
New type java.util.Vector<domain.Pronostico>

[2020-03-21 18:38:04 #10 type.registry] 
New type domain.Event

[2020-03-21 18:38:04 #11 type] 
Type domain.Pronostico is not enhanced.

[2020-03-21 18:38:04 #12 type] 
Type domain.Event is not enhanced.

[2020-03-21 18:38:04 #13 type.registry] 
New type java.util.Vector<domain.Question>

[2020-03-21 18:38:04 #14 type.registry] 
New type java.util.Vector<java.lang.Object>

------------------------------------------------------------------------------------------------------------------------

[2020-03-21 18:43:32 #1 store] 
Database '/Users/adriansanse/git/LPCIS/Bets/resources/bets.temp' is opened by 808@pc-1-128.customer.ask4.lan

[2020-03-21 18:43:32 #2 type.registry] 
New type domain.Usuario

[2020-03-21 18:43:32 #3 type] 
Type domain.Usuario is not enhanced.

[2020-03-21 18:43:32 #4 type.registry] 
New type domain.Monedero

[2020-03-21 18:43:32 #5 type] 
Type domain.Monedero is not enhanced.

[2020-03-21 18:43:32 #6 type.registry] 
New type domain.Question

[2020-03-21 18:43:32 #7 type] 
Type domain.Question is not enhanced.

[2020-03-21 18:43:32 #8 type.registry] 
New type domain.Pronostico

[2020-03-21 18:43:32 #9 type.registry] 
New type java.util.Vector<domain.Pronostico>

[2020-03-21 18:43:32 #10 type.registry] 
New type domain.Event

[2020-03-21 18:43:32 #11 type] 
Type domain.Pronostico is not enhanced.

[2020-03-21 18:43:32 #12 type] 
Type domain.Event is not enhanced.

[2020-03-21 18:43:32 #13 type.registry] 
New type java.util.Vector<domain.Question>

[2020-03-21 18:43:32 #14 type.registry] 
New type java.util.Vector<java.lang.Object>

------------------------------------------------------------------------------------------------------------------------

[2020-03-21 18:56:56 #1 store] 
Database '/Users/adriansanse/git/LPCIS/Bets/resources/bets.temp' is opened by 840@pc-1-128.customer.ask4.lan

[2020-03-21 18:56:56 #2 type.registry] 
New type domain.Usuario

[2020-03-21 18:56:56 #3 type] 
Type domain.Usuario is not enhanced.

[2020-03-21 18:56:56 #4 type.registry] 
New type domain.Monedero

[2020-03-21 18:56:56 #5 type] 
Type domain.Monedero is not enhanced.

[2020-03-21 18:56:56 #6 type.registry] 
New type domain.Question

[2020-03-21 18:56:56 #7 type] 
Type domain.Question is not enhanced.

[2020-03-21 18:56:56 #8 type.registry] 
New type domain.Pronostico

[2020-03-21 18:56:56 #9 type.registry] 
New type java.util.Vector<domain.Pronostico>

[2020-03-21 18:56:56 #10 type.registry] 
New type domain.Event

[2020-03-21 18:56:56 #11 type] 
Type domain.Pronostico is not enhanced.

[2020-03-21 18:56:56 #12 type] 
Type domain.Event is not enhanced.

[2020-03-21 18:56:56 #13 type.registry] 
New type java.util.Vector<domain.Question>

[2020-03-21 18:56:56 #14 type.registry] 
New type java.util.Vector<java.lang.Object>

------------------------------------------------------------------------------------------------------------------------

[2020-03-21 19:01:04 #1 store] 
Database '/Users/adriansanse/git/LPCIS/Bets/resources/bets.temp' is opened by 843@pc-1-128.customer.ask4.lan

[2020-03-21 19:01:04 #2 type.registry] 
New type domain.Usuario

[2020-03-21 19:01:04 #3 type] 
Type domain.Usuario is not enhanced.

[2020-03-21 19:01:04 #4 type.registry] 
New type domain.Monedero

[2020-03-21 19:01:04 #5 type] 
Type domain.Monedero is not enhanced.

[2020-03-21 19:01:04 #6 type.registry] 
New type domain.Question

[2020-03-21 19:01:04 #7 type] 
Type domain.Question is not enhanced.

[2020-03-21 19:01:04 #8 type.registry] 
New type domain.Pronostico

[2020-03-21 19:01:04 #9 type.registry] 
New type java.util.Vector<domain.Pronostico>

[2020-03-21 19:01:04 #10 type.registry] 
New type domain.Event

[2020-03-21 19:01:04 #11 type] 
Type domain.Pronostico is not enhanced.

[2020-03-21 19:01:04 #12 type] 
Type domain.Event is not enhanced.

[2020-03-21 19:01:04 #13 type.registry] 
New type java.util.Vector<domain.Question>

[2020-03-21 19:01:04 #14 type.registry] 
New type java.util.Vector<java.lang.Object>

------------------------------------------------------------------------------------------------------------------------

[2020-03-21 19:04:11 #1 store] 
Database '/Users/adriansanse/git/LPCIS/Bets/resources/bets.temp' is opened by 845@pc-1-128.customer.ask4.lan

[2020-03-21 19:04:11 #2 type.registry] 
New type domain.Usuario

[2020-03-21 19:04:11 #3 type] 
Type domain.Usuario is not enhanced.

[2020-03-21 19:04:11 #4 type.registry] 
New type domain.Monedero

[2020-03-21 19:04:11 #5 type] 
Type domain.Monedero is not enhanced.

[2020-03-21 19:04:11 #6 type.registry] 
New type domain.Question

[2020-03-21 19:04:11 #7 type] 
Type domain.Question is not enhanced.

[2020-03-21 19:04:11 #8 type.registry] 
New type domain.Pronostico

[2020-03-21 19:04:11 #9 type.registry] 
New type java.util.Vector<domain.Pronostico>

[2020-03-21 19:04:11 #10 type.registry] 
New type domain.Event

[2020-03-21 19:04:11 #11 type] 
Type domain.Pronostico is not enhanced.

[2020-03-21 19:04:11 #12 type] 
Type domain.Event is not enhanced.

[2020-03-21 19:04:11 #13 type.registry] 
New type java.util.Vector<domain.Question>

[2020-03-21 19:04:11 #14 type.registry] 
New type java.util.Vector<java.lang.Object>

------------------------------------------------------------------------------------------------------------------------

[2020-03-21 19:06:12 #1 store] 
Database '/Users/adriansanse/git/LPCIS/Bets/resources/bets.temp' is opened by 847@pc-1-128.customer.ask4.lan

[2020-03-21 19:06:12 #2 type.registry] 
New type domain.Usuario

[2020-03-21 19:06:12 #3 type] 
Type domain.Usuario is not enhanced.

[2020-03-21 19:06:12 #4 type.registry] 
New type domain.Monedero

[2020-03-21 19:06:12 #5 type] 
Type domain.Monedero is not enhanced.

[2020-03-21 19:06:12 #6 type.registry] 
New type domain.Question

[2020-03-21 19:06:12 #7 type] 
Type domain.Question is not enhanced.

[2020-03-21 19:06:12 #8 type.registry] 
New type domain.Pronostico

[2020-03-21 19:06:12 #9 type.registry] 
New type java.util.Vector<domain.Pronostico>

[2020-03-21 19:06:12 #10 type.registry] 
New type domain.Event

[2020-03-21 19:06:12 #11 type] 
Type domain.Pronostico is not enhanced.

[2020-03-21 19:06:12 #12 type] 
Type domain.Event is not enhanced.

[2020-03-21 19:06:12 #13 type.registry] 
New type java.util.Vector<domain.Question>

[2020-03-21 19:06:12 #14 type.registry] 
New type java.util.Vector<java.lang.Object>

------------------------------------------------------------------------------------------------------------------------

[2020-03-21 19:06:41 #1 store] 
Database '/Users/adriansanse/git/LPCIS/Bets/resources/bets.temp' is opened by 849@pc-1-128.customer.ask4.lan

[2020-03-21 19:06:41 #2 type.registry] 
New type domain.Usuario

[2020-03-21 19:06:41 #3 type] 
Type domain.Usuario is not enhanced.

[2020-03-21 19:06:41 #4 type.registry] 
New type domain.Monedero

[2020-03-21 19:06:41 #5 type] 
Type domain.Monedero is not enhanced.

[2020-03-21 19:06:41 #6 type.registry] 
New type domain.Question

[2020-03-21 19:06:41 #7 type] 
Type domain.Question is not enhanced.

[2020-03-21 19:06:41 #8 type.registry] 
New type domain.Pronostico

[2020-03-21 19:06:41 #9 type.registry] 
New type java.util.Vector<domain.Pronostico>

[2020-03-21 19:06:41 #10 type.registry] 
New type domain.Event

[2020-03-21 19:06:41 #11 type] 
Type domain.Pronostico is not enhanced.

[2020-03-21 19:06:41 #12 type] 
Type domain.Event is not enhanced.

[2020-03-21 19:06:41 #13 type.registry] 
New type java.util.Vector<domain.Question>

[2020-03-21 19:06:41 #14 type.registry] 
New type java.util.Vector<java.lang.Object>

------------------------------------------------------------------------------------------------------------------------

[2020-03-21 19:08:43 #1 store] 
Database '/Users/adriansanse/git/LPCIS/Bets/resources/bets.temp' is opened by 851@pc-1-128.customer.ask4.lan

[2020-03-21 19:08:43 #2 type.registry] 
New type domain.Usuario

[2020-03-21 19:08:43 #3 type] 
Type domain.Usuario is not enhanced.

[2020-03-21 19:08:43 #4 type.registry] 
New type domain.Monedero

[2020-03-21 19:08:43 #5 type] 
Type domain.Monedero is not enhanced.

[2020-03-21 19:08:43 #6 type.registry] 
New type domain.Question

[2020-03-21 19:08:43 #7 type] 
Type domain.Question is not enhanced.

[2020-03-21 19:08:43 #8 type.registry] 
New type domain.Pronostico

[2020-03-21 19:08:43 #9 type.registry] 
New type java.util.Vector<domain.Pronostico>

[2020-03-21 19:08:43 #10 type.registry] 
New type domain.Event

[2020-03-21 19:08:43 #11 type] 
Type domain.Pronostico is not enhanced.

[2020-03-21 19:08:43 #12 type] 
Type domain.Event is not enhanced.

[2020-03-21 19:08:43 #13 type.registry] 
New type java.util.Vector<domain.Question>

[2020-03-21 19:08:43 #14 type.registry] 
New type java.util.Vector<java.lang.Object>

------------------------------------------------------------------------------------------------------------------------

[2020-03-21 19:09:42 #1 store] 
Database '/Users/adriansanse/git/LPCIS/Bets/resources/bets.temp' is opened by 853@pc-1-128.customer.ask4.lan

[2020-03-21 19:09:43 #2 type.registry] 
New type domain.Usuario

[2020-03-21 19:09:43 #3 type] 
Type domain.Usuario is not enhanced.

[2020-03-21 19:09:43 #4 type.registry] 
New type domain.Monedero

[2020-03-21 19:09:43 #5 type] 
Type domain.Monedero is not enhanced.

[2020-03-21 19:09:43 #6 type.registry] 
New type domain.Question

[2020-03-21 19:09:43 #7 type] 
Type domain.Question is not enhanced.

[2020-03-21 19:09:43 #8 type.registry] 
New type domain.Pronostico

[2020-03-21 19:09:43 #9 type.registry] 
New type java.util.Vector<domain.Pronostico>

[2020-03-21 19:09:43 #10 type.registry] 
New type domain.Event

[2020-03-21 19:09:43 #11 type] 
Type domain.Pronostico is not enhanced.

[2020-03-21 19:09:43 #12 type] 
Type domain.Event is not enhanced.

[2020-03-21 19:09:43 #13 type.registry] 
New type java.util.Vector<domain.Question>

[2020-03-21 19:09:43 #14 type.registry] 
New type java.util.Vector<java.lang.Object>

------------------------------------------------------------------------------------------------------------------------

[2020-03-21 19:12:46 #1 store] 
Database '/Users/adriansanse/git/LPCIS/Bets/resources/bets.temp' is opened by 856@pc-1-128.customer.ask4.lan

[2020-03-21 19:12:46 #2 type.registry] 
New type domain.Usuario

[2020-03-21 19:12:46 #3 type] 
Type domain.Usuario is not enhanced.

[2020-03-21 19:12:46 #4 type.registry] 
New type domain.Monedero

[2020-03-21 19:12:46 #5 type] 
Type domain.Monedero is not enhanced.

[2020-03-21 19:12:46 #6 type.registry] 
New type domain.Question

[2020-03-21 19:12:46 #7 type] 
Type domain.Question is not enhanced.

[2020-03-21 19:12:46 #8 type.registry] 
New type domain.Pronostico

[2020-03-21 19:12:46 #9 type.registry] 
New type java.util.Vector<domain.Pronostico>

[2020-03-21 19:12:46 #10 type.registry] 
New type domain.Event

[2020-03-21 19:12:46 #11 type] 
Type domain.Pronostico is not enhanced.

[2020-03-21 19:12:46 #12 type] 
Type domain.Event is not enhanced.

[2020-03-21 19:12:46 #13 type.registry] 
New type java.util.Vector<domain.Question>

[2020-03-21 19:12:46 #14 type.registry] 
New type java.util.Vector<java.lang.Object>

------------------------------------------------------------------------------------------------------------------------

[2020-03-21 19:17:15 #1 store] 
Database '/Users/adriansanse/git/LPCIS/Bets/resources/bets.temp' is opened by 858@pc-1-128.customer.ask4.lan

[2020-03-21 19:17:15 #2 type.registry] 
New type domain.Usuario

[2020-03-21 19:17:15 #3 type] 
Type domain.Usuario is not enhanced.

[2020-03-21 19:17:15 #4 type.registry] 
New type domain.Monedero

[2020-03-21 19:17:15 #5 type] 
Type domain.Monedero is not enhanced.

[2020-03-21 19:17:15 #6 type.registry] 
New type domain.Question

[2020-03-21 19:17:15 #7 type] 
Type domain.Question is not enhanced.

[2020-03-21 19:17:15 #8 type.registry] 
New type domain.Pronostico

[2020-03-21 19:17:15 #9 type.registry] 
New type java.util.Vector<domain.Pronostico>

[2020-03-21 19:17:15 #10 type.registry] 
New type domain.Event

[2020-03-21 19:17:15 #11 type] 
Type domain.Pronostico is not enhanced.

[2020-03-21 19:17:15 #12 type] 
Type domain.Event is not enhanced.

[2020-03-21 19:17:15 #13 type.registry] 
New type java.util.Vector<domain.Question>

[2020-03-21 19:17:15 #14 type.registry] 
New type java.util.Vector<java.lang.Object>

------------------------------------------------------------------------------------------------------------------------

[2020-03-21 19:21:32 #1 store] 
Database '/Users/adriansanse/git/LPCIS/Bets/resources/bets.temp' is opened by 861@pc-1-128.customer.ask4.lan

[2020-03-21 19:21:33 #2 type.registry] 
New type domain.Usuario

[2020-03-21 19:21:33 #3 type] 
Type domain.Usuario is not enhanced.

[2020-03-21 19:21:33 #4 type.registry] 
New type domain.Monedero

[2020-03-21 19:21:33 #5 type] 
Type domain.Monedero is not enhanced.

[2020-03-21 19:21:33 #6 type.registry] 
New type domain.Question

[2020-03-21 19:21:33 #7 type] 
Type domain.Question is not enhanced.

[2020-03-21 19:21:33 #8 type.registry] 
New type domain.Pronostico

[2020-03-21 19:21:33 #9 type.registry] 
New type java.util.Vector<domain.Pronostico>

[2020-03-21 19:21:33 #10 type.registry] 
New type domain.Event

[2020-03-21 19:21:33 #11 type] 
Type domain.Pronostico is not enhanced.

[2020-03-21 19:21:33 #12 type] 
Type domain.Event is not enhanced.

[2020-03-21 19:21:33 #13 type.registry] 
New type java.util.Vector<domain.Question>

[2020-03-21 19:21:33 #14 type.registry] 
New type java.util.Vector<java.lang.Object>

------------------------------------------------------------------------------------------------------------------------

[2020-03-21 19:25:16 #1 store] 
Database '/Users/adriansanse/git/LPCIS/Bets/resources/bets.temp' is opened by 865@pc-1-128.customer.ask4.lan

[2020-03-21 19:25:16 #2 type.registry] 
New type domain.Usuario

[2020-03-21 19:25:16 #3 type] 
Type domain.Usuario is not enhanced.

[2020-03-21 19:25:16 #4 type.registry] 
New type domain.Monedero

[2020-03-21 19:25:16 #5 type] 
Type domain.Monedero is not enhanced.

[2020-03-21 19:25:16 #6 type.registry] 
New type domain.Question

[2020-03-21 19:25:16 #7 type] 
Type domain.Question is not enhanced.

[2020-03-21 19:25:16 #8 type.registry] 
New type domain.Pronostico

[2020-03-21 19:25:16 #9 type.registry] 
New type java.util.Vector<domain.Pronostico>

[2020-03-21 19:25:16 #10 type.registry] 
New type domain.Event

[2020-03-21 19:25:16 #11 type] 
Type domain.Pronostico is not enhanced.

[2020-03-21 19:25:16 #12 type] 
Type domain.Event is not enhanced.

[2020-03-21 19:25:16 #13 type.registry] 
New type java.util.Vector<domain.Question>

[2020-03-21 19:25:16 #14 type.registry] 
New type java.util.Vector<java.lang.Object>

------------------------------------------------------------------------------------------------------------------------

[2020-03-21 19:28:00 #1 store] 
Database '/Users/adriansanse/git/LPCIS/Bets/resources/bets.temp' is opened by 868@pc-1-128.customer.ask4.lan

[2020-03-21 19:28:00 #2 type.registry] 
New type domain.Usuario

[2020-03-21 19:28:00 #3 type] 
Type domain.Usuario is not enhanced.

[2020-03-21 19:28:00 #4 type.registry] 
New type domain.Monedero

[2020-03-21 19:28:00 #5 type] 
Type domain.Monedero is not enhanced.

[2020-03-21 19:28:00 #6 type.registry] 
New type domain.Question

[2020-03-21 19:28:00 #7 type] 
Type domain.Question is not enhanced.

[2020-03-21 19:28:00 #8 type.registry] 
New type domain.Pronostico

[2020-03-21 19:28:00 #9 type.registry] 
New type java.util.Vector<domain.Pronostico>

[2020-03-21 19:28:00 #10 type.registry] 
New type domain.Event

[2020-03-21 19:28:00 #11 type] 
Type domain.Pronostico is not enhanced.

[2020-03-21 19:28:00 #12 type] 
Type domain.Event is not enhanced.

[2020-03-21 19:28:00 #13 type.registry] 
New type java.util.Vector<domain.Question>

[2020-03-21 19:28:00 #14 type.registry] 
New type java.util.Vector<java.lang.Object>

------------------------------------------------------------------------------------------------------------------------

[2020-03-21 19:30:21 #1 store] 
Database '/Users/adriansanse/git/LPCIS/Bets/resources/bets.temp' is opened by 871@pc-1-128.customer.ask4.lan

[2020-03-21 19:30:21 #2 type.registry] 
New type domain.Usuario

[2020-03-21 19:30:21 #3 type] 
Type domain.Usuario is not enhanced.

[2020-03-21 19:30:21 #4 type.registry] 
New type domain.Monedero

[2020-03-21 19:30:21 #5 type] 
Type domain.Monedero is not enhanced.

[2020-03-21 19:30:21 #6 type.registry] 
New type domain.Question

[2020-03-21 19:30:21 #7 type] 
Type domain.Question is not enhanced.

[2020-03-21 19:30:21 #8 type.registry] 
New type domain.Pronostico

[2020-03-21 19:30:21 #9 type.registry] 
New type java.util.Vector<domain.Pronostico>

[2020-03-21 19:30:21 #10 type.registry] 
New type domain.Event

[2020-03-21 19:30:21 #11 type] 
Type domain.Pronostico is not enhanced.

[2020-03-21 19:30:21 #12 type] 
Type domain.Event is not enhanced.

[2020-03-21 19:30:21 #13 type.registry] 
New type java.util.Vector<domain.Question>

[2020-03-21 19:30:21 #14 type.registry] 
New type java.util.Vector<java.lang.Object>

------------------------------------------------------------------------------------------------------------------------

[2020-03-21 19:31:59 #1 store] 
Database '/Users/adriansanse/git/LPCIS/Bets/resources/bets.temp' is opened by 875@pc-1-128.customer.ask4.lan

[2020-03-21 19:31:59 #2 type.registry] 
New type domain.Usuario

[2020-03-21 19:31:59 #3 type] 
Type domain.Usuario is not enhanced.

[2020-03-21 19:31:59 #4 type.registry] 
New type domain.Monedero

[2020-03-21 19:31:59 #5 type] 
Type domain.Monedero is not enhanced.

[2020-03-21 19:31:59 #6 type.registry] 
New type domain.Question

[2020-03-21 19:31:59 #7 type] 
Type domain.Question is not enhanced.

[2020-03-21 19:31:59 #8 type.registry] 
New type domain.Pronostico

[2020-03-21 19:31:59 #9 type.registry] 
New type java.util.Vector<domain.Pronostico>

[2020-03-21 19:31:59 #10 type.registry] 
New type domain.Event

[2020-03-21 19:31:59 #11 type] 
Type domain.Pronostico is not enhanced.

[2020-03-21 19:31:59 #12 type] 
Type domain.Event is not enhanced.

[2020-03-21 19:31:59 #13 type.registry] 
New type java.util.Vector<domain.Question>

[2020-03-21 19:31:59 #14 type.registry] 
New type java.util.Vector<java.lang.Object>

------------------------------------------------------------------------------------------------------------------------

[2020-03-21 19:34:17 #1 store] 
Database '/Users/adriansanse/git/LPCIS/Bets/resources/bets.temp' is opened by 876@pc-1-128.customer.ask4.lan

[2020-03-21 19:34:17 #2 type.registry] 
New type domain.Usuario

[2020-03-21 19:34:17 #3 type] 
Type domain.Usuario is not enhanced.

[2020-03-21 19:34:17 #4 type.registry] 
New type domain.Monedero

[2020-03-21 19:34:17 #5 type] 
Type domain.Monedero is not enhanced.

[2020-03-21 19:34:17 #6 type.registry] 
New type domain.Question

[2020-03-21 19:34:17 #7 type] 
Type domain.Question is not enhanced.

[2020-03-21 19:34:17 #8 type.registry] 
New type domain.Pronostico

[2020-03-21 19:34:17 #9 type.registry] 
New type java.util.Vector<domain.Pronostico>

[2020-03-21 19:34:17 #10 type.registry] 
New type domain.Event

[2020-03-21 19:34:17 #11 type] 
Type domain.Pronostico is not enhanced.

[2020-03-21 19:34:17 #12 type] 
Type domain.Event is not enhanced.

[2020-03-21 19:34:17 #13 type.registry] 
New type java.util.Vector<domain.Question>

[2020-03-21 19:34:17 #14 type.registry] 
New type java.util.Vector<java.lang.Object>

------------------------------------------------------------------------------------------------------------------------

[2020-03-21 19:36:05 #1 store] 
Database '/Users/adriansanse/git/LPCIS/Bets/resources/bets.temp' is opened by 878@pc-1-128.customer.ask4.lan

[2020-03-21 19:36:05 #2 type.registry] 
New type domain.Usuario

[2020-03-21 19:36:05 #3 type] 
Type domain.Usuario is not enhanced.

[2020-03-21 19:36:05 #4 type.registry] 
New type domain.Monedero

[2020-03-21 19:36:05 #5 type] 
Type domain.Monedero is not enhanced.

[2020-03-21 19:36:05 #6 type.registry] 
New type domain.Question

[2020-03-21 19:36:05 #7 type] 
Type domain.Question is not enhanced.

[2020-03-21 19:36:05 #8 type.registry] 
New type domain.Pronostico

[2020-03-21 19:36:05 #9 type.registry] 
New type java.util.Vector<domain.Pronostico>

[2020-03-21 19:36:05 #10 type.registry] 
New type domain.Event

[2020-03-21 19:36:05 #11 type] 
Type domain.Pronostico is not enhanced.

[2020-03-21 19:36:05 #12 type] 
Type domain.Event is not enhanced.

[2020-03-21 19:36:05 #13 type.registry] 
New type java.util.Vector<domain.Question>

[2020-03-21 19:36:05 #14 type.registry] 
New type java.util.Vector<java.lang.Object>

------------------------------------------------------------------------------------------------------------------------

[2020-03-21 19:37:00 #1 store] 
Database '/Users/adriansanse/git/LPCIS/Bets/resources/bets.temp' is opened by 880@pc-1-128.customer.ask4.lan

[2020-03-21 19:37:00 #2 type.registry] 
New type domain.Usuario

[2020-03-21 19:37:00 #3 type] 
Type domain.Usuario is not enhanced.

[2020-03-21 19:37:00 #4 type.registry] 
New type domain.Monedero

[2020-03-21 19:37:00 #5 type] 
Type domain.Monedero is not enhanced.

[2020-03-21 19:37:00 #6 type.registry] 
New type domain.Question

[2020-03-21 19:37:00 #7 type] 
Type domain.Question is not enhanced.

[2020-03-21 19:37:00 #8 type.registry] 
New type domain.Pronostico

[2020-03-21 19:37:00 #9 type.registry] 
New type java.util.Vector<domain.Pronostico>

[2020-03-21 19:37:00 #10 type.registry] 
New type domain.Event

[2020-03-21 19:37:00 #11 type] 
Type domain.Pronostico is not enhanced.

[2020-03-21 19:37:00 #12 type] 
Type domain.Event is not enhanced.

[2020-03-21 19:37:00 #13 type.registry] 
New type java.util.Vector<domain.Question>

[2020-03-21 19:37:00 #14 type.registry] 
New type java.util.Vector<java.lang.Object>

------------------------------------------------------------------------------------------------------------------------

[2020-03-21 19:40:17 #1 store] 
Database '/Users/adriansanse/git/LPCIS/Bets/resources/bets.temp' is opened by 882@pc-1-128.customer.ask4.lan

[2020-03-21 19:40:17 #2 type.registry] 
New type domain.Usuario

[2020-03-21 19:40:17 #3 type] 
Type domain.Usuario is not enhanced.

[2020-03-21 19:40:17 #4 type.registry] 
New type domain.Monedero

[2020-03-21 19:40:17 #5 type] 
Type domain.Monedero is not enhanced.

[2020-03-21 19:40:17 #6 type.registry] 
New type domain.Question

[2020-03-21 19:40:17 #7 type] 
Type domain.Question is not enhanced.

[2020-03-21 19:40:17 #8 type.registry] 
New type domain.Pronostico

[2020-03-21 19:40:17 #9 type.registry] 
New type java.util.Vector<domain.Pronostico>

[2020-03-21 19:40:17 #10 type.registry] 
New type domain.Event

[2020-03-21 19:40:17 #11 type] 
Type domain.Pronostico is not enhanced.

[2020-03-21 19:40:17 #12 type] 
Type domain.Event is not enhanced.

[2020-03-21 19:40:17 #13 type.registry] 
New type java.util.Vector<domain.Question>

[2020-03-21 19:40:17 #14 type.registry] 
New type java.util.Vector<java.lang.Object>

------------------------------------------------------------------------------------------------------------------------

[2020-03-21 19:43:24 #1 store] 
Database '/Users/adriansanse/git/LPCIS/Bets/resources/bets.temp' is opened by 886@pc-1-128.customer.ask4.lan

[2020-03-21 19:43:24 #2 type.registry] 
New type domain.Usuario

[2020-03-21 19:43:24 #3 type] 
Type domain.Usuario is not enhanced.

[2020-03-21 19:43:24 #4 type.registry] 
New type domain.Monedero

[2020-03-21 19:43:24 #5 type] 
Type domain.Monedero is not enhanced.

[2020-03-21 19:43:24 #6 type.registry] 
New type domain.Question

[2020-03-21 19:43:24 #7 type] 
Type domain.Question is not enhanced.

[2020-03-21 19:43:24 #8 type.registry] 
New type domain.Pronostico

[2020-03-21 19:43:24 #9 type.registry] 
New type java.util.Vector<domain.Pronostico>

[2020-03-21 19:43:24 #10 type.registry] 
New type domain.Event

[2020-03-21 19:43:24 #11 type] 
Type domain.Pronostico is not enhanced.

[2020-03-21 19:43:24 #12 type] 
Type domain.Event is not enhanced.

[2020-03-21 19:43:24 #13 type.registry] 
New type java.util.Vector<domain.Question>

[2020-03-21 19:43:24 #14 type.registry] 
New type java.util.Vector<java.lang.Object>

------------------------------------------------------------------------------------------------------------------------

[2020-03-21 19:44:13 #1 store] 
Database '/Users/adriansanse/git/LPCIS/Bets/resources/bets.temp' is opened by 887@pc-1-128.customer.ask4.lan

[2020-03-21 19:44:13 #2 type.registry] 
New type domain.Usuario

[2020-03-21 19:44:13 #3 type] 
Type domain.Usuario is not enhanced.

[2020-03-21 19:44:13 #4 type.registry] 
New type domain.Monedero

[2020-03-21 19:44:13 #5 type] 
Type domain.Monedero is not enhanced.

[2020-03-21 19:44:13 #6 type.registry] 
New type domain.Question

[2020-03-21 19:44:13 #7 type] 
Type domain.Question is not enhanced.

[2020-03-21 19:44:13 #8 type.registry] 
New type domain.Pronostico

[2020-03-21 19:44:13 #9 type.registry] 
New type java.util.Vector<domain.Pronostico>

[2020-03-21 19:44:13 #10 type.registry] 
New type domain.Event

[2020-03-21 19:44:13 #11 type] 
Type domain.Pronostico is not enhanced.

[2020-03-21 19:44:13 #12 type] 
Type domain.Event is not enhanced.

[2020-03-21 19:44:13 #13 type.registry] 
New type java.util.Vector<domain.Question>

[2020-03-21 19:44:13 #14 type.registry] 
New type java.util.Vector<java.lang.Object>

------------------------------------------------------------------------------------------------------------------------

[2020-03-21 19:46:20 #1 store] 
Database '/Users/adriansanse/git/LPCIS/Bets/resources/bets.temp' is opened by 889@pc-1-128.customer.ask4.lan

[2020-03-21 19:46:20 #2 type.registry] 
New type domain.Usuario

[2020-03-21 19:46:20 #3 type] 
Type domain.Usuario is not enhanced.

[2020-03-21 19:46:20 #4 type.registry] 
New type domain.Monedero

[2020-03-21 19:46:20 #5 type] 
Type domain.Monedero is not enhanced.

[2020-03-21 19:46:20 #6 type.registry] 
New type domain.Question

[2020-03-21 19:46:20 #7 type] 
Type domain.Question is not enhanced.

[2020-03-21 19:46:20 #8 type.registry] 
New type domain.Pronostico

[2020-03-21 19:46:20 #9 type.registry] 
New type java.util.Vector<domain.Pronostico>

[2020-03-21 19:46:20 #10 type.registry] 
New type domain.Event

[2020-03-21 19:46:20 #11 type] 
Type domain.Pronostico is not enhanced.

[2020-03-21 19:46:20 #12 type] 
Type domain.Event is not enhanced.

[2020-03-21 19:46:20 #13 type.registry] 
New type java.util.Vector<domain.Question>

[2020-03-21 19:46:20 #14 type.registry] 
New type java.util.Vector<java.lang.Object>

------------------------------------------------------------------------------------------------------------------------

[2020-03-21 19:47:21 #1 store] 
Database '/Users/adriansanse/git/LPCIS/Bets/resources/bets.temp' is opened by 894@pc-1-128.customer.ask4.lan

[2020-03-21 19:47:22 #2 type.registry] 
New type domain.Usuario

[2020-03-21 19:47:22 #3 type] 
Type domain.Usuario is not enhanced.

[2020-03-21 19:47:22 #4 type.registry] 
New type domain.Monedero

[2020-03-21 19:47:22 #5 type] 
Type domain.Monedero is not enhanced.

[2020-03-21 19:47:22 #6 type.registry] 
New type domain.Question

[2020-03-21 19:47:22 #7 type] 
Type domain.Question is not enhanced.

[2020-03-21 19:47:22 #8 type.registry] 
New type domain.Pronostico

[2020-03-21 19:47:22 #9 type.registry] 
New type java.util.Vector<domain.Pronostico>

[2020-03-21 19:47:22 #10 type.registry] 
New type domain.Event

[2020-03-21 19:47:22 #11 type] 
Type domain.Pronostico is not enhanced.

[2020-03-21 19:47:22 #12 type] 
Type domain.Event is not enhanced.

[2020-03-21 19:47:22 #13 type.registry] 
New type java.util.Vector<domain.Question>

[2020-03-21 19:47:22 #14 type.registry] 
New type java.util.Vector<java.lang.Object>

------------------------------------------------------------------------------------------------------------------------

[2020-03-21 19:49:18 #1 store] 
Database '/Users/adriansanse/git/LPCIS/Bets/resources/bets.temp' is opened by 896@pc-1-128.customer.ask4.lan

[2020-03-21 19:49:18 #2 type.registry] 
New type domain.Usuario

[2020-03-21 19:49:18 #3 type] 
Type domain.Usuario is not enhanced.

[2020-03-21 19:49:18 #4 type.registry] 
New type domain.Monedero

[2020-03-21 19:49:18 #5 type] 
Type domain.Monedero is not enhanced.

[2020-03-21 19:49:18 #6 type.registry] 
New type domain.Question

[2020-03-21 19:49:18 #7 type] 
Type domain.Question is not enhanced.

[2020-03-21 19:49:18 #8 type.registry] 
New type domain.Pronostico

[2020-03-21 19:49:18 #9 type.registry] 
New type java.util.Vector<domain.Pronostico>

[2020-03-21 19:49:18 #10 type.registry] 
New type domain.Event

[2020-03-21 19:49:18 #11 type] 
Type domain.Pronostico is not enhanced.

[2020-03-21 19:49:18 #12 type] 
Type domain.Event is not enhanced.

[2020-03-21 19:49:18 #13 type.registry] 
New type java.util.Vector<domain.Question>

[2020-03-21 19:49:18 #14 type.registry] 
New type java.util.Vector<java.lang.Object>

------------------------------------------------------------------------------------------------------------------------

[2020-03-21 19:55:29 #1 store] 
Database '/Users/adriansanse/git/LPCIS/Bets/resources/bets.temp' is opened by 909@pc-1-128.customer.ask4.lan

[2020-03-21 19:55:29 #2 type.registry] 
New type domain.Usuario

[2020-03-21 19:55:29 #3 type] 
Type domain.Usuario is not enhanced.

[2020-03-21 19:55:29 #4 type.registry] 
New type domain.Monedero

[2020-03-21 19:55:29 #5 type] 
Type domain.Monedero is not enhanced.

[2020-03-21 19:55:29 #6 type.registry] 
New type domain.Question

[2020-03-21 19:55:29 #7 type] 
Type domain.Question is not enhanced.

[2020-03-21 19:55:29 #8 type.registry] 
New type domain.Pronostico

[2020-03-21 19:55:29 #9 type.registry] 
New type java.util.Vector<domain.Pronostico>

[2020-03-21 19:55:29 #10 type.registry] 
New type domain.Event

[2020-03-21 19:55:29 #11 type] 
Type domain.Pronostico is not enhanced.

[2020-03-21 19:55:29 #12 type] 
Type domain.Event is not enhanced.

[2020-03-21 19:55:29 #13 type.registry] 
New type java.util.Vector<domain.Question>

[2020-03-21 19:55:29 #14 type.registry] 
New type java.util.Vector<java.lang.Object>

