------------------------------------------------------------------------------------------------------------------------

[2020-04-16 17:22:06 #1 store] 
Database 'C:\Users\marko\git\LPCIS\Bets\resources\bets.temp' is opened by 3488@Marcos

------------------------------------------------------------------------------------------------------------------------

[2020-04-16 17:22:45 #1 store] 
Database 'C:\Users\marko\git\LPCIS\Bets\resources\bets.temp' is opened by 10732@Marcos

[2020-04-16 17:22:45 #2 type.registry] 
New type domain.Usuario

[2020-04-16 17:22:45 #3 type] 
Type domain.Usuario is not enhanced.

[2020-04-16 17:22:45 #4 type.registry] 
New type domain.Apuesta

[2020-04-16 17:22:45 #5 type.registry] 
New type java.util.Vector<domain.Apuesta>

[2020-04-16 17:22:45 #6 type.registry] 
New type domain.Monedero

[2020-04-16 17:22:45 #7 type] 
Type domain.Apuesta is not enhanced.

[2020-04-16 17:22:45 #8 type.registry] 
New type domain.Event

[2020-04-16 17:22:45 #9 type.registry] 
New type domain.Pronostico

[2020-04-16 17:22:45 #10 type] 
Type domain.Monedero is not enhanced.

[2020-04-16 17:22:45 #11 type] 
Type domain.Event is not enhanced.

[2020-04-16 17:22:45 #12 type.registry] 
New type domain.Question

[2020-04-16 17:22:45 #13 type.registry] 
New type java.util.Vector<domain.Question>

[2020-04-16 17:22:45 #14 type] 
Type domain.Pronostico is not enhanced.

[2020-04-16 17:22:45 #15 type] 
Type domain.Question is not enhanced.

[2020-04-16 17:22:45 #16 type.registry] 
New type java.util.Vector<domain.Pronostico>

[2020-04-16 17:22:45 #17 type.registry] 
New type domain.Deporte

[2020-04-16 17:22:45 #18 type] 
Type domain.Deporte is not enhanced.

[2020-04-16 17:22:45 #19 type.registry] 
New type java.util.Vector<domain.Event>

[2020-04-16 17:22:45 #20 type.registry] 
New type java.util.Vector<java.lang.Object>

------------------------------------------------------------------------------------------------------------------------

[2020-04-16 18:07:15 #1 store] 
Database 'C:\Users\marko\git\LPCIS\Bets\resources\bets.temp' is opened by 2264@Marcos

[2020-04-16 18:07:15 #2 type.registry] 
New type domain.Usuario

[2020-04-16 18:07:15 #3 type] 
Type domain.Usuario is not enhanced.

[2020-04-16 18:07:15 #4 type.registry] 
New type domain.Apuesta

[2020-04-16 18:07:15 #5 type.registry] 
New type java.util.Vector<domain.Apuesta>

[2020-04-16 18:07:15 #6 type.registry] 
New type domain.Monedero

[2020-04-16 18:07:15 #7 type] 
Type domain.Apuesta is not enhanced.

[2020-04-16 18:07:15 #8 type.registry] 
New type domain.Event

[2020-04-16 18:07:15 #9 type.registry] 
New type domain.Pronostico

[2020-04-16 18:07:15 #10 type] 
Type domain.Monedero is not enhanced.

[2020-04-16 18:07:15 #11 type] 
Type domain.Event is not enhanced.

[2020-04-16 18:07:15 #12 type.registry] 
New type domain.Question

[2020-04-16 18:07:15 #13 type.registry] 
New type java.util.Vector<domain.Question>

[2020-04-16 18:07:15 #14 type.registry] 
New type domain.Deporte

[2020-04-16 18:07:15 #15 type] 
Type domain.Pronostico is not enhanced.

[2020-04-16 18:07:15 #16 type] 
Type domain.Question is not enhanced.

[2020-04-16 18:07:15 #17 type.registry] 
New type java.util.Vector<domain.Pronostico>

[2020-04-16 18:07:15 #18 type] 
Type domain.Deporte is not enhanced.

[2020-04-16 18:07:15 #19 type.registry] 
New type java.util.Vector<domain.Event>

[2020-04-16 18:07:15 #20 type.registry] 
New type java.util.Vector<java.lang.Object>

------------------------------------------------------------------------------------------------------------------------

[2020-04-16 18:08:12 #1 store] 
Database 'C:\Users\marko\git\LPCIS\Bets\resources\bets.temp' is opened by 1512@Marcos

[2020-04-16 18:08:12 #2 type.registry] 
New type domain.Usuario

[2020-04-16 18:08:12 #3 type] 
Type domain.Usuario is not enhanced.

[2020-04-16 18:08:12 #4 type.registry] 
New type domain.Apuesta

[2020-04-16 18:08:12 #5 type.registry] 
New type java.util.Vector<domain.Apuesta>

[2020-04-16 18:08:12 #6 type.registry] 
New type domain.Monedero

[2020-04-16 18:08:12 #7 type] 
Type domain.Apuesta is not enhanced.

[2020-04-16 18:08:12 #8 type.registry] 
New type domain.Event

[2020-04-16 18:08:12 #9 type.registry] 
New type domain.Pronostico

[2020-04-16 18:08:12 #10 type] 
Type domain.Monedero is not enhanced.

[2020-04-16 18:08:12 #11 type] 
Type domain.Event is not enhanced.

[2020-04-16 18:08:12 #12 type.registry] 
New type domain.Question

[2020-04-16 18:08:12 #13 type.registry] 
New type java.util.Vector<domain.Question>

[2020-04-16 18:08:12 #14 type.registry] 
New type domain.Deporte

[2020-04-16 18:08:12 #15 type] 
Type domain.Pronostico is not enhanced.

[2020-04-16 18:08:12 #16 type] 
Type domain.Question is not enhanced.

[2020-04-16 18:08:12 #17 type.registry] 
New type java.util.Vector<domain.Pronostico>

[2020-04-16 18:08:12 #18 type] 
Type domain.Deporte is not enhanced.

[2020-04-16 18:08:12 #19 type.registry] 
New type java.util.Vector<domain.Event>

[2020-04-16 18:08:13 #20 type.registry] 
New type java.util.Vector<java.lang.Object>

------------------------------------------------------------------------------------------------------------------------

[2020-04-16 18:14:22 #1 store] 
Database 'C:\Users\marko\git\LPCIS\Bets\resources\bets.temp' is opened by 15408@Marcos

[2020-04-16 18:14:22 #2 type.registry] 
New type domain.Usuario

[2020-04-16 18:14:22 #3 type] 
Type domain.Usuario is not enhanced.

[2020-04-16 18:14:22 #4 type.registry] 
New type domain.Apuesta

[2020-04-16 18:14:22 #5 type.registry] 
New type java.util.Vector<domain.Apuesta>

[2020-04-16 18:14:22 #6 type.registry] 
New type domain.Monedero

[2020-04-16 18:14:22 #7 type] 
Type domain.Apuesta is not enhanced.

[2020-04-16 18:14:22 #8 type.registry] 
New type domain.Event

[2020-04-16 18:14:22 #9 type.registry] 
New type domain.Pronostico

[2020-04-16 18:14:22 #10 type] 
Type domain.Monedero is not enhanced.

[2020-04-16 18:14:22 #11 type] 
Type domain.Event is not enhanced.

[2020-04-16 18:14:22 #12 type.registry] 
New type domain.Question

[2020-04-16 18:14:22 #13 type.registry] 
New type java.util.Vector<domain.Question>

[2020-04-16 18:14:22 #14 type.registry] 
New type domain.Deporte

[2020-04-16 18:14:22 #15 type] 
Type domain.Pronostico is not enhanced.

[2020-04-16 18:14:22 #16 type] 
Type domain.Question is not enhanced.

[2020-04-16 18:14:22 #17 type.registry] 
New type java.util.Vector<domain.Pronostico>

[2020-04-16 18:14:22 #18 type] 
Type domain.Deporte is not enhanced.

[2020-04-16 18:14:22 #19 type.registry] 
New type java.util.Vector<domain.Event>

[2020-04-16 18:14:22 #20 type.registry] 
New type java.util.Vector<java.lang.Object>

------------------------------------------------------------------------------------------------------------------------

[2020-04-16 18:42:00 #1 store] 
Database 'C:\Users\marko\git\LPCIS\Bets\resources\bets.temp' is opened by 8096@Marcos

[2020-04-16 18:42:00 #2 type.registry] 
New type domain.Usuario

[2020-04-16 18:42:00 #3 type] 
Type domain.Usuario is not enhanced.

[2020-04-16 18:42:00 #4 type.registry] 
New type domain.Apuesta

[2020-04-16 18:42:00 #5 type.registry] 
New type java.util.Vector<domain.Apuesta>

[2020-04-16 18:42:00 #6 type.registry] 
New type domain.Monedero

[2020-04-16 18:42:00 #7 type] 
Type domain.Apuesta is not enhanced.

[2020-04-16 18:42:00 #8 type.registry] 
New type domain.Event

[2020-04-16 18:42:00 #9 type.registry] 
New type domain.Pronostico

[2020-04-16 18:42:00 #10 type] 
Type domain.Monedero is not enhanced.

[2020-04-16 18:42:00 #11 type] 
Type domain.Event is not enhanced.

[2020-04-16 18:42:00 #12 type.registry] 
New type domain.Question

[2020-04-16 18:42:00 #13 type.registry] 
New type java.util.Vector<domain.Question>

[2020-04-16 18:42:00 #14 type.registry] 
New type domain.Deporte

[2020-04-16 18:42:00 #15 type] 
Type domain.Pronostico is not enhanced.

[2020-04-16 18:42:00 #16 type] 
Type domain.Question is not enhanced.

[2020-04-16 18:42:00 #17 type.registry] 
New type java.util.Vector<domain.Pronostico>

[2020-04-16 18:42:00 #18 type] 
Type domain.Deporte is not enhanced.

[2020-04-16 18:42:00 #19 type.registry] 
New type java.util.Vector<domain.Event>

[2020-04-16 18:42:00 #20 type.registry] 
New type java.util.Vector<java.lang.Object>

------------------------------------------------------------------------------------------------------------------------

[2020-04-16 18:42:38 #1 store] 
Database 'C:\Users\marko\git\LPCIS\Bets\resources\bets.temp' is opened by 7164@Marcos

[2020-04-16 18:42:38 #2 type.registry] 
New type domain.Usuario

[2020-04-16 18:42:38 #3 type] 
Type domain.Usuario is not enhanced.

[2020-04-16 18:42:38 #4 type.registry] 
New type domain.Apuesta

[2020-04-16 18:42:38 #5 type.registry] 
New type java.util.Vector<domain.Apuesta>

[2020-04-16 18:42:38 #6 type.registry] 
New type domain.Monedero

[2020-04-16 18:42:38 #7 type] 
Type domain.Apuesta is not enhanced.

[2020-04-16 18:42:38 #8 type.registry] 
New type domain.Event

[2020-04-16 18:42:38 #9 type.registry] 
New type domain.Pronostico

[2020-04-16 18:42:38 #10 type] 
Type domain.Monedero is not enhanced.

[2020-04-16 18:42:38 #11 type] 
Type domain.Event is not enhanced.

[2020-04-16 18:42:39 #12 type.registry] 
New type domain.Question

[2020-04-16 18:42:39 #13 type.registry] 
New type java.util.Vector<domain.Question>

[2020-04-16 18:42:39 #14 type.registry] 
New type domain.Deporte

[2020-04-16 18:42:39 #15 type] 
Type domain.Pronostico is not enhanced.

[2020-04-16 18:42:39 #16 type] 
Type domain.Question is not enhanced.

[2020-04-16 18:42:39 #17 type.registry] 
New type java.util.Vector<domain.Pronostico>

[2020-04-16 18:42:39 #18 type] 
Type domain.Deporte is not enhanced.

[2020-04-16 18:42:39 #19 type.registry] 
New type java.util.Vector<domain.Event>

[2020-04-16 18:42:39 #20 type.registry] 
New type java.util.Vector<java.lang.Object>

------------------------------------------------------------------------------------------------------------------------

[2020-04-16 18:44:07 #1 store] 
Database 'C:\Users\marko\git\LPCIS\Bets\resources\bets.temp' is opened by 12800@Marcos

[2020-04-16 18:44:07 #2 type.registry] 
New type domain.Usuario

[2020-04-16 18:44:07 #3 type] 
Type domain.Usuario is not enhanced.

[2020-04-16 18:44:07 #4 type.registry] 
New type domain.Apuesta

[2020-04-16 18:44:07 #5 type.registry] 
New type java.util.Vector<domain.Apuesta>

[2020-04-16 18:44:07 #6 type.registry] 
New type domain.Monedero

[2020-04-16 18:44:07 #7 type] 
Type domain.Apuesta is not enhanced.

[2020-04-16 18:44:07 #8 type.registry] 
New type domain.Event

[2020-04-16 18:44:07 #9 type.registry] 
New type domain.Pronostico

[2020-04-16 18:44:07 #10 type] 
Type domain.Monedero is not enhanced.

[2020-04-16 18:44:07 #11 type] 
Type domain.Event is not enhanced.

[2020-04-16 18:44:07 #12 type.registry] 
New type domain.Question

[2020-04-16 18:44:07 #13 type.registry] 
New type java.util.Vector<domain.Question>

[2020-04-16 18:44:07 #14 type.registry] 
New type domain.Deporte

[2020-04-16 18:44:07 #15 type] 
Type domain.Pronostico is not enhanced.

[2020-04-16 18:44:07 #16 type] 
Type domain.Question is not enhanced.

[2020-04-16 18:44:07 #17 type.registry] 
New type java.util.Vector<domain.Pronostico>

[2020-04-16 18:44:07 #18 type] 
Type domain.Deporte is not enhanced.

[2020-04-16 18:44:07 #19 type.registry] 
New type java.util.Vector<domain.Event>

[2020-04-16 18:44:07 #20 type.registry] 
New type java.util.Vector<java.lang.Object>

------------------------------------------------------------------------------------------------------------------------

[2020-04-16 18:44:46 #1 store] 
Database 'C:\Users\marko\git\LPCIS\Bets\resources\bets.temp' is opened by 11576@Marcos

[2020-04-16 18:44:46 #2 type.registry] 
New type domain.Usuario

[2020-04-16 18:44:46 #3 type] 
Type domain.Usuario is not enhanced.

[2020-04-16 18:44:46 #4 type.registry] 
New type domain.Apuesta

[2020-04-16 18:44:46 #5 type.registry] 
New type java.util.Vector<domain.Apuesta>

[2020-04-16 18:44:46 #6 type.registry] 
New type domain.Monedero

[2020-04-16 18:44:46 #7 type] 
Type domain.Apuesta is not enhanced.

[2020-04-16 18:44:46 #8 type.registry] 
New type domain.Event

[2020-04-16 18:44:46 #9 type.registry] 
New type domain.Pronostico

[2020-04-16 18:44:46 #10 type] 
Type domain.Monedero is not enhanced.

[2020-04-16 18:44:46 #11 type] 
Type domain.Event is not enhanced.

[2020-04-16 18:44:46 #12 type.registry] 
New type domain.Question

[2020-04-16 18:44:46 #13 type.registry] 
New type java.util.Vector<domain.Question>

[2020-04-16 18:44:46 #14 type.registry] 
New type domain.Deporte

[2020-04-16 18:44:46 #15 type] 
Type domain.Pronostico is not enhanced.

[2020-04-16 18:44:46 #16 type] 
Type domain.Question is not enhanced.

[2020-04-16 18:44:46 #17 type.registry] 
New type java.util.Vector<domain.Pronostico>

[2020-04-16 18:44:46 #18 type] 
Type domain.Deporte is not enhanced.

[2020-04-16 18:44:46 #19 type.registry] 
New type java.util.Vector<domain.Event>

[2020-04-16 18:44:46 #20 type.registry] 
New type java.util.Vector<java.lang.Object>

------------------------------------------------------------------------------------------------------------------------

[2020-04-16 18:45:44 #1 store] 
Database 'C:\Users\marko\git\LPCIS\Bets\resources\bets.temp' is opened by 17028@Marcos

[2020-04-16 18:45:44 #2 type.registry] 
New type domain.Usuario

[2020-04-16 18:45:44 #3 type] 
Type domain.Usuario is not enhanced.

[2020-04-16 18:45:44 #4 type.registry] 
New type domain.Apuesta

[2020-04-16 18:45:44 #5 type.registry] 
New type java.util.Vector<domain.Apuesta>

[2020-04-16 18:45:44 #6 type.registry] 
New type domain.Monedero

[2020-04-16 18:45:44 #7 type] 
Type domain.Apuesta is not enhanced.

[2020-04-16 18:45:44 #8 type.registry] 
New type domain.Event

[2020-04-16 18:45:44 #9 type.registry] 
New type domain.Pronostico

[2020-04-16 18:45:44 #10 type] 
Type domain.Monedero is not enhanced.

[2020-04-16 18:45:44 #11 type] 
Type domain.Event is not enhanced.

[2020-04-16 18:45:44 #12 type.registry] 
New type domain.Question

[2020-04-16 18:45:44 #13 type.registry] 
New type java.util.Vector<domain.Question>

[2020-04-16 18:45:44 #14 type.registry] 
New type domain.Deporte

[2020-04-16 18:45:44 #15 type] 
Type domain.Pronostico is not enhanced.

[2020-04-16 18:45:44 #16 type] 
Type domain.Question is not enhanced.

[2020-04-16 18:45:44 #17 type.registry] 
New type java.util.Vector<domain.Pronostico>

[2020-04-16 18:45:44 #18 type] 
Type domain.Deporte is not enhanced.

[2020-04-16 18:45:44 #19 type.registry] 
New type java.util.Vector<domain.Event>

[2020-04-16 18:45:44 #20 type.registry] 
New type java.util.Vector<java.lang.Object>

------------------------------------------------------------------------------------------------------------------------

[2020-04-16 18:46:30 #1 store] 
Database 'C:\Users\marko\git\LPCIS\Bets\resources\bets.temp' is opened by 8420@Marcos

[2020-04-16 18:46:30 #2 type.registry] 
New type domain.Usuario

[2020-04-16 18:46:30 #3 type] 
Type domain.Usuario is not enhanced.

[2020-04-16 18:46:30 #4 type.registry] 
New type domain.Apuesta

[2020-04-16 18:46:30 #5 type.registry] 
New type java.util.Vector<domain.Apuesta>

[2020-04-16 18:46:30 #6 type.registry] 
New type domain.Monedero

[2020-04-16 18:46:30 #7 type] 
Type domain.Apuesta is not enhanced.

[2020-04-16 18:46:30 #8 type.registry] 
New type domain.Event

[2020-04-16 18:46:30 #9 type.registry] 
New type domain.Pronostico

[2020-04-16 18:46:30 #10 type] 
Type domain.Monedero is not enhanced.

[2020-04-16 18:46:30 #11 type] 
Type domain.Event is not enhanced.

[2020-04-16 18:46:30 #12 type.registry] 
New type domain.Question

[2020-04-16 18:46:30 #13 type.registry] 
New type java.util.Vector<domain.Question>

[2020-04-16 18:46:30 #14 type.registry] 
New type domain.Deporte

[2020-04-16 18:46:30 #15 type] 
Type domain.Pronostico is not enhanced.

[2020-04-16 18:46:30 #16 type] 
Type domain.Question is not enhanced.

[2020-04-16 18:46:30 #17 type.registry] 
New type java.util.Vector<domain.Pronostico>

[2020-04-16 18:46:30 #18 type] 
Type domain.Deporte is not enhanced.

[2020-04-16 18:46:30 #19 type.registry] 
New type java.util.Vector<domain.Event>

[2020-04-16 18:46:30 #20 type.registry] 
New type java.util.Vector<java.lang.Object>

------------------------------------------------------------------------------------------------------------------------

[2020-04-16 18:49:49 #1 store] 
Database 'C:\Users\marko\git\LPCIS\Bets\resources\bets.temp' is opened by 5828@Marcos

[2020-04-16 18:49:49 #2 type.registry] 
New type domain.Usuario

[2020-04-16 18:49:49 #3 type] 
Type domain.Usuario is not enhanced.

[2020-04-16 18:49:49 #4 type.registry] 
New type domain.Apuesta

[2020-04-16 18:49:49 #5 type.registry] 
New type java.util.Vector<domain.Apuesta>

[2020-04-16 18:49:49 #6 type.registry] 
New type domain.Monedero

[2020-04-16 18:49:49 #7 type] 
Type domain.Apuesta is not enhanced.

[2020-04-16 18:49:49 #8 type.registry] 
New type domain.Event

[2020-04-16 18:49:49 #9 type.registry] 
New type domain.Pronostico

[2020-04-16 18:49:49 #10 type] 
Type domain.Monedero is not enhanced.

[2020-04-16 18:49:49 #11 type] 
Type domain.Event is not enhanced.

[2020-04-16 18:49:49 #12 type.registry] 
New type domain.Question

[2020-04-16 18:49:49 #13 type.registry] 
New type java.util.Vector<domain.Question>

[2020-04-16 18:49:49 #14 type.registry] 
New type domain.Deporte

[2020-04-16 18:49:49 #15 type] 
Type domain.Pronostico is not enhanced.

[2020-04-16 18:49:49 #16 type] 
Type domain.Question is not enhanced.

[2020-04-16 18:49:49 #17 type.registry] 
New type java.util.Vector<domain.Pronostico>

[2020-04-16 18:49:49 #18 type] 
Type domain.Deporte is not enhanced.

[2020-04-16 18:49:49 #19 type.registry] 
New type java.util.Vector<domain.Event>

[2020-04-16 18:49:49 #20 type.registry] 
New type java.util.Vector<java.lang.Object>

------------------------------------------------------------------------------------------------------------------------

[2020-04-16 18:50:31 #1 store] 
Database 'C:\Users\marko\git\LPCIS\Bets\resources\bets.temp' is opened by 3128@Marcos

[2020-04-16 18:50:31 #2 type.registry] 
New type domain.Usuario

[2020-04-16 18:50:31 #3 type] 
Type domain.Usuario is not enhanced.

[2020-04-16 18:50:31 #4 type.registry] 
New type domain.Apuesta

[2020-04-16 18:50:31 #5 type.registry] 
New type java.util.Vector<domain.Apuesta>

[2020-04-16 18:50:31 #6 type.registry] 
New type domain.Monedero

[2020-04-16 18:50:31 #7 type] 
Type domain.Apuesta is not enhanced.

[2020-04-16 18:50:31 #8 type.registry] 
New type domain.Event

[2020-04-16 18:50:31 #9 type.registry] 
New type domain.Pronostico

[2020-04-16 18:50:31 #10 type] 
Type domain.Monedero is not enhanced.

[2020-04-16 18:50:31 #11 type] 
Type domain.Event is not enhanced.

[2020-04-16 18:50:31 #12 type.registry] 
New type domain.Question

[2020-04-16 18:50:31 #13 type.registry] 
New type java.util.Vector<domain.Question>

[2020-04-16 18:50:31 #14 type.registry] 
New type domain.Deporte

[2020-04-16 18:50:31 #15 type] 
Type domain.Pronostico is not enhanced.

[2020-04-16 18:50:31 #16 type] 
Type domain.Question is not enhanced.

[2020-04-16 18:50:31 #17 type.registry] 
New type java.util.Vector<domain.Pronostico>

[2020-04-16 18:50:31 #18 type] 
Type domain.Deporte is not enhanced.

[2020-04-16 18:50:31 #19 type.registry] 
New type java.util.Vector<domain.Event>

[2020-04-16 18:50:31 #20 type.registry] 
New type java.util.Vector<java.lang.Object>

------------------------------------------------------------------------------------------------------------------------

[2020-04-16 18:50:34 #1 store] 
Database 'C:\Users\marko\git\LPCIS\Bets\resources\bets.temp' is opened by 11440@Marcos

[2020-04-16 18:50:34 #2 type.registry] 
New type domain.Usuario

[2020-04-16 18:50:34 #3 type] 
Type domain.Usuario is not enhanced.

[2020-04-16 18:50:34 #4 type.registry] 
New type domain.Apuesta

[2020-04-16 18:50:34 #5 type.registry] 
New type java.util.Vector<domain.Apuesta>

[2020-04-16 18:50:34 #6 type.registry] 
New type domain.Monedero

[2020-04-16 18:50:34 #7 type] 
Type domain.Apuesta is not enhanced.

[2020-04-16 18:50:34 #8 type.registry] 
New type domain.Event

[2020-04-16 18:50:34 #9 type.registry] 
New type domain.Pronostico

[2020-04-16 18:50:34 #10 type] 
Type domain.Monedero is not enhanced.

[2020-04-16 18:50:34 #11 type] 
Type domain.Event is not enhanced.

[2020-04-16 18:50:34 #12 type.registry] 
New type domain.Question

[2020-04-16 18:50:34 #13 type.registry] 
New type java.util.Vector<domain.Question>

[2020-04-16 18:50:34 #14 type.registry] 
New type domain.Deporte

[2020-04-16 18:50:34 #15 type] 
Type domain.Pronostico is not enhanced.

[2020-04-16 18:50:34 #16 type] 
Type domain.Question is not enhanced.

[2020-04-16 18:50:34 #17 type.registry] 
New type java.util.Vector<domain.Pronostico>

[2020-04-16 18:50:34 #18 type] 
Type domain.Deporte is not enhanced.

[2020-04-16 18:50:34 #19 type.registry] 
New type java.util.Vector<domain.Event>

[2020-04-16 18:50:34 #20 type.registry] 
New type java.util.Vector<java.lang.Object>

------------------------------------------------------------------------------------------------------------------------

[2020-04-16 18:51:29 #1 store] 
Database 'C:\Users\marko\git\LPCIS\Bets\resources\bets.temp' is opened by 5404@Marcos

[2020-04-16 18:51:29 #2 type.registry] 
New type domain.Usuario

[2020-04-16 18:51:29 #3 type] 
Type domain.Usuario is not enhanced.

[2020-04-16 18:51:29 #4 type.registry] 
New type domain.Apuesta

[2020-04-16 18:51:29 #5 type.registry] 
New type java.util.Vector<domain.Apuesta>

[2020-04-16 18:51:29 #6 type.registry] 
New type domain.Monedero

[2020-04-16 18:51:29 #7 type] 
Type domain.Apuesta is not enhanced.

[2020-04-16 18:51:29 #8 type.registry] 
New type domain.Event

[2020-04-16 18:51:29 #9 type.registry] 
New type domain.Pronostico

[2020-04-16 18:51:29 #10 type] 
Type domain.Monedero is not enhanced.

[2020-04-16 18:51:29 #11 type] 
Type domain.Event is not enhanced.

[2020-04-16 18:51:29 #12 type.registry] 
New type domain.Question

[2020-04-16 18:51:29 #13 type.registry] 
New type java.util.Vector<domain.Question>

[2020-04-16 18:51:29 #14 type.registry] 
New type domain.Deporte

[2020-04-16 18:51:29 #15 type] 
Type domain.Pronostico is not enhanced.

[2020-04-16 18:51:29 #16 type] 
Type domain.Question is not enhanced.

[2020-04-16 18:51:29 #17 type.registry] 
New type java.util.Vector<domain.Pronostico>

[2020-04-16 18:51:29 #18 type] 
Type domain.Deporte is not enhanced.

[2020-04-16 18:51:29 #19 type.registry] 
New type java.util.Vector<domain.Event>

[2020-04-16 18:51:29 #20 type.registry] 
New type java.util.Vector<java.lang.Object>

------------------------------------------------------------------------------------------------------------------------

[2020-04-16 18:51:35 #1 store] 
Database 'C:\Users\marko\git\LPCIS\Bets\resources\bets.temp' is opened by 14212@Marcos

[2020-04-16 18:51:35 #2 type.registry] 
New type domain.Usuario

[2020-04-16 18:51:35 #3 type] 
Type domain.Usuario is not enhanced.

[2020-04-16 18:51:35 #4 type.registry] 
New type domain.Apuesta

[2020-04-16 18:51:35 #5 type.registry] 
New type java.util.Vector<domain.Apuesta>

[2020-04-16 18:51:35 #6 type.registry] 
New type domain.Monedero

[2020-04-16 18:51:35 #7 type] 
Type domain.Apuesta is not enhanced.

[2020-04-16 18:51:35 #8 type.registry] 
New type domain.Event

[2020-04-16 18:51:35 #9 type.registry] 
New type domain.Pronostico

[2020-04-16 18:51:35 #10 type] 
Type domain.Monedero is not enhanced.

[2020-04-16 18:51:35 #11 type] 
Type domain.Event is not enhanced.

[2020-04-16 18:51:35 #12 type.registry] 
New type domain.Question

[2020-04-16 18:51:35 #13 type.registry] 
New type java.util.Vector<domain.Question>

[2020-04-16 18:51:35 #14 type.registry] 
New type domain.Deporte

[2020-04-16 18:51:35 #15 type] 
Type domain.Pronostico is not enhanced.

[2020-04-16 18:51:35 #16 type] 
Type domain.Question is not enhanced.

[2020-04-16 18:51:35 #17 type.registry] 
New type java.util.Vector<domain.Pronostico>

[2020-04-16 18:51:35 #18 type] 
Type domain.Deporte is not enhanced.

[2020-04-16 18:51:35 #19 type.registry] 
New type java.util.Vector<domain.Event>

[2020-04-16 18:51:35 #20 type.registry] 
New type java.util.Vector<java.lang.Object>

------------------------------------------------------------------------------------------------------------------------

[2020-04-16 18:53:26 #1 store] 
Database 'C:\Users\marko\git\LPCIS\Bets\resources\bets.temp' is opened by 1492@Marcos

[2020-04-16 18:53:26 #2 type.registry] 
New type domain.Usuario

[2020-04-16 18:53:26 #3 type] 
Type domain.Usuario is not enhanced.

[2020-04-16 18:53:26 #4 type.registry] 
New type domain.Apuesta

[2020-04-16 18:53:26 #5 type.registry] 
New type java.util.Vector<domain.Apuesta>

[2020-04-16 18:53:26 #6 type.registry] 
New type domain.Monedero

[2020-04-16 18:53:26 #7 type] 
Type domain.Apuesta is not enhanced.

[2020-04-16 18:53:26 #8 type.registry] 
New type domain.Event

[2020-04-16 18:53:26 #9 type.registry] 
New type domain.Pronostico

[2020-04-16 18:53:26 #10 type] 
Type domain.Monedero is not enhanced.

[2020-04-16 18:53:26 #11 type] 
Type domain.Event is not enhanced.

[2020-04-16 18:53:26 #12 type.registry] 
New type domain.Question

[2020-04-16 18:53:26 #13 type.registry] 
New type java.util.Vector<domain.Question>

[2020-04-16 18:53:26 #14 type.registry] 
New type domain.Deporte

[2020-04-16 18:53:26 #15 type] 
Type domain.Pronostico is not enhanced.

[2020-04-16 18:53:26 #16 type] 
Type domain.Question is not enhanced.

[2020-04-16 18:53:26 #17 type.registry] 
New type java.util.Vector<domain.Pronostico>

[2020-04-16 18:53:26 #18 type] 
Type domain.Deporte is not enhanced.

[2020-04-16 18:53:26 #19 type.registry] 
New type java.util.Vector<domain.Event>

[2020-04-16 18:53:26 #20 type.registry] 
New type java.util.Vector<java.lang.Object>

