------------------------------------------------------------------------------------------------------------------------

[2020-05-03 19:56:58 #1 store] 
Database 'C:\Users\marko\git\LPCIS\Bets\resources\bets.temp' is opened by 5100@Marcos

[2020-05-03 19:56:58 #2 type] 
Type domain.Usuario is not enhanced.

[2020-05-03 19:56:58 #3 type] 
Type domain.Apuesta is not enhanced.

[2020-05-03 19:56:58 #4 type] 
Type domain.Monedero is not enhanced.

[2020-05-03 19:56:58 #5 type] 
Type domain.Event is not enhanced.

[2020-05-03 19:56:58 #6 type] 
Type domain.Pronostico is not enhanced.

[2020-05-03 19:56:58 #7 type] 
Type domain.Question is not enhanced.

[2020-05-03 19:56:58 #8 type] 
Type domain.Deporte is not enhanced.

------------------------------------------------------------------------------------------------------------------------

[2020-05-03 20:08:40 #1 store] 
Database 'C:\Users\marko\git\LPCIS\Bets\resources\bets.temp' is opened by 16760@Marcos

[2020-05-03 20:08:40 #2 type] 
Type domain.Usuario is not enhanced.

[2020-05-03 20:08:40 #3 type] 
Type domain.Apuesta is not enhanced.

[2020-05-03 20:08:40 #4 type] 
Type domain.Monedero is not enhanced.

[2020-05-03 20:08:40 #5 type] 
Type domain.Event is not enhanced.

[2020-05-03 20:08:40 #6 type] 
Type domain.Pronostico is not enhanced.

[2020-05-03 20:08:40 #7 type] 
Type domain.Question is not enhanced.

[2020-05-03 20:08:40 #8 type] 
Type domain.Deporte is not enhanced.

------------------------------------------------------------------------------------------------------------------------

[2020-05-03 20:10:04 #1 store] 
Database 'C:\Users\marko\git\LPCIS\Bets\resources\bets.temp' is opened by 16552@Marcos

[2020-05-03 20:10:04 #2 type] 
Type domain.Usuario is not enhanced.

[2020-05-03 20:10:04 #3 type] 
Type domain.Apuesta is not enhanced.

[2020-05-03 20:10:04 #4 type] 
Type domain.Monedero is not enhanced.

[2020-05-03 20:10:04 #5 type] 
Type domain.Event is not enhanced.

[2020-05-03 20:10:04 #6 type] 
Type domain.Pronostico is not enhanced.

[2020-05-03 20:10:04 #7 type] 
Type domain.Question is not enhanced.

[2020-05-03 20:10:04 #8 type] 
Type domain.Deporte is not enhanced.

------------------------------------------------------------------------------------------------------------------------

[2020-05-03 20:18:57 #1 store] 
Database 'C:\Users\marko\git\LPCIS\Bets\resources\bets.temp' is opened by 1540@Marcos

[2020-05-03 20:18:57 #2 type] 
Type domain.Usuario is not enhanced.

[2020-05-03 20:18:57 #3 type] 
Type domain.Apuesta is not enhanced.

[2020-05-03 20:18:57 #4 type] 
Type domain.Monedero is not enhanced.

[2020-05-03 20:18:57 #5 type] 
Type domain.Event is not enhanced.

[2020-05-03 20:18:57 #6 type] 
Type domain.Pronostico is not enhanced.

[2020-05-03 20:18:57 #7 type] 
Type domain.Question is not enhanced.

[2020-05-03 20:18:57 #8 type] 
Type domain.Deporte is not enhanced.

------------------------------------------------------------------------------------------------------------------------

[2020-05-03 20:19:51 #1 store] 
Database 'C:\Users\marko\git\LPCIS\Bets\resources\bets.temp' is opened by 5728@Marcos

[2020-05-03 20:19:51 #2 type] 
Type domain.Usuario is not enhanced.

[2020-05-03 20:19:51 #3 type] 
Type domain.Apuesta is not enhanced.

[2020-05-03 20:19:51 #4 type] 
Type domain.Monedero is not enhanced.

[2020-05-03 20:19:51 #5 type] 
Type domain.Event is not enhanced.

[2020-05-03 20:19:51 #6 type] 
Type domain.Pronostico is not enhanced.

[2020-05-03 20:19:51 #7 type] 
Type domain.Question is not enhanced.

[2020-05-03 20:19:51 #8 type] 
Type domain.Deporte is not enhanced.

------------------------------------------------------------------------------------------------------------------------

[2020-05-03 20:21:05 #1 store] 
Database 'C:\Users\marko\git\LPCIS\Bets\resources\bets.temp' is opened by 17220@Marcos

[2020-05-03 20:21:05 #2 type] 
Type domain.Usuario is not enhanced.

[2020-05-03 20:21:05 #3 type] 
Type domain.Apuesta is not enhanced.

[2020-05-03 20:21:05 #4 type] 
Type domain.Monedero is not enhanced.

[2020-05-03 20:21:05 #5 type] 
Type domain.Event is not enhanced.

[2020-05-03 20:21:05 #6 type] 
Type domain.Pronostico is not enhanced.

[2020-05-03 20:21:05 #7 type] 
Type domain.Question is not enhanced.

[2020-05-03 20:21:05 #8 type] 
Type domain.Deporte is not enhanced.

------------------------------------------------------------------------------------------------------------------------

[2020-05-03 20:21:55 #1 store] 
Database 'C:\Users\marko\git\LPCIS\Bets\resources\bets.temp' is opened by 8176@Marcos

[2020-05-03 20:21:55 #2 type] 
Type domain.Usuario is not enhanced.

[2020-05-03 20:21:55 #3 type] 
Type domain.Apuesta is not enhanced.

[2020-05-03 20:21:55 #4 type] 
Type domain.Monedero is not enhanced.

[2020-05-03 20:21:55 #5 type] 
Type domain.Event is not enhanced.

[2020-05-03 20:21:55 #6 type] 
Type domain.Pronostico is not enhanced.

[2020-05-03 20:21:55 #7 type] 
Type domain.Question is not enhanced.

[2020-05-03 20:21:55 #8 type] 
Type domain.Deporte is not enhanced.

------------------------------------------------------------------------------------------------------------------------

[2020-05-03 20:23:50 #1 store] 
Database 'C:\Users\marko\git\LPCIS\Bets\resources\bets.temp' is opened by 16252@Marcos

[2020-05-03 20:23:50 #2 type] 
Type domain.Usuario is not enhanced.

[2020-05-03 20:23:50 #3 type] 
Type domain.Apuesta is not enhanced.

[2020-05-03 20:23:50 #4 type] 
Type domain.Monedero is not enhanced.

[2020-05-03 20:23:50 #5 type] 
Type domain.Event is not enhanced.

[2020-05-03 20:23:50 #6 type] 
Type domain.Pronostico is not enhanced.

[2020-05-03 20:23:50 #7 type] 
Type domain.Question is not enhanced.

[2020-05-03 20:23:50 #8 type] 
Type domain.Deporte is not enhanced.

------------------------------------------------------------------------------------------------------------------------

[2020-05-03 20:24:54 #1 store] 
Database 'C:\Users\marko\git\LPCIS\Bets\resources\bets.temp' is opened by 13164@Marcos

[2020-05-03 20:24:54 #2 type] 
Type domain.Usuario is not enhanced.

[2020-05-03 20:24:54 #3 type] 
Type domain.Apuesta is not enhanced.

[2020-05-03 20:24:54 #4 type] 
Type domain.Monedero is not enhanced.

[2020-05-03 20:24:54 #5 type] 
Type domain.Event is not enhanced.

[2020-05-03 20:24:54 #6 type] 
Type domain.Pronostico is not enhanced.

[2020-05-03 20:24:54 #7 type] 
Type domain.Question is not enhanced.

[2020-05-03 20:24:54 #8 type] 
Type domain.Deporte is not enhanced.

------------------------------------------------------------------------------------------------------------------------

[2020-05-03 20:32:48 #1 store] 
Database 'C:\Users\marko\git\LPCIS\Bets\resources\bets.temp' is opened by 10520@Marcos

[2020-05-03 20:32:48 #2 type] 
Type domain.Usuario is not enhanced.

[2020-05-03 20:32:48 #3 type] 
Type domain.Apuesta is not enhanced.

[2020-05-03 20:32:48 #4 type] 
Type domain.Monedero is not enhanced.

[2020-05-03 20:32:48 #5 type] 
Type domain.Event is not enhanced.

[2020-05-03 20:32:48 #6 type] 
Type domain.Pronostico is not enhanced.

[2020-05-03 20:32:48 #7 type] 
Type domain.Question is not enhanced.

[2020-05-03 20:32:48 #8 type] 
Type domain.Deporte is not enhanced.

------------------------------------------------------------------------------------------------------------------------

[2020-05-03 20:42:54 #1 store] 
Database 'C:\Users\marko\git\LPCIS\Bets\resources\bets.temp' is opened by 14916@Marcos

[2020-05-03 20:42:54 #2 type] 
Type domain.Usuario is not enhanced.

[2020-05-03 20:42:54 #3 type] 
Type domain.Apuesta is not enhanced.

[2020-05-03 20:42:54 #4 type] 
Type domain.Monedero is not enhanced.

[2020-05-03 20:42:54 #5 type] 
Type domain.Event is not enhanced.

[2020-05-03 20:42:54 #6 type] 
Type domain.Pronostico is not enhanced.

[2020-05-03 20:42:54 #7 type] 
Type domain.Question is not enhanced.

[2020-05-03 20:42:54 #8 type] 
Type domain.Deporte is not enhanced.

------------------------------------------------------------------------------------------------------------------------

[2020-05-03 20:43:29 #1 store] 
Database 'C:\Users\marko\git\LPCIS\Bets\resources\bets.temp' is opened by 10716@Marcos

[2020-05-03 20:43:29 #2 type] 
Type domain.Usuario is not enhanced.

[2020-05-03 20:43:29 #3 type] 
Type domain.Apuesta is not enhanced.

[2020-05-03 20:43:29 #4 type] 
Type domain.Monedero is not enhanced.

[2020-05-03 20:43:29 #5 type] 
Type domain.Event is not enhanced.

[2020-05-03 20:43:29 #6 type] 
Type domain.Pronostico is not enhanced.

[2020-05-03 20:43:29 #7 type] 
Type domain.Question is not enhanced.

[2020-05-03 20:43:29 #8 type] 
Type domain.Deporte is not enhanced.

------------------------------------------------------------------------------------------------------------------------

[2020-05-03 20:47:11 #1 store] 
Database 'C:\Users\marko\git\LPCIS\Bets\resources\bets.temp' has been recovered (tr. 6-6)

[2020-05-03 20:47:11 #2 store] 
Database 'C:\Users\marko\git\LPCIS\Bets\resources\bets.temp' is opened by 7120@Marcos

[2020-05-03 20:47:11 #3 type] 
Type domain.Usuario is not enhanced.

[2020-05-03 20:47:11 #4 type] 
Type domain.Apuesta is not enhanced.

[2020-05-03 20:47:11 #5 type] 
Type domain.Monedero is not enhanced.

[2020-05-03 20:47:11 #6 type] 
Type domain.Event is not enhanced.

[2020-05-03 20:47:11 #7 type] 
Type domain.Pronostico is not enhanced.

[2020-05-03 20:47:11 #8 type] 
Type domain.Question is not enhanced.

[2020-05-03 20:47:11 #9 type] 
Type domain.Deporte is not enhanced.

------------------------------------------------------------------------------------------------------------------------

[2020-05-03 20:47:59 #1 store] 
Database 'C:\Users\marko\git\LPCIS\Bets\resources\bets.temp' is opened by 17144@Marcos

[2020-05-03 20:47:59 #2 type] 
Type domain.Usuario is not enhanced.

[2020-05-03 20:47:59 #3 type] 
Type domain.Apuesta is not enhanced.

[2020-05-03 20:47:59 #4 type] 
Type domain.Monedero is not enhanced.

[2020-05-03 20:47:59 #5 type] 
Type domain.Event is not enhanced.

[2020-05-03 20:47:59 #6 type] 
Type domain.Pronostico is not enhanced.

[2020-05-03 20:47:59 #7 type] 
Type domain.Question is not enhanced.

[2020-05-03 20:47:59 #8 type] 
Type domain.Deporte is not enhanced.

------------------------------------------------------------------------------------------------------------------------

[2020-05-03 20:49:02 #1 store] 
Database 'C:\Users\marko\git\LPCIS\Bets\resources\bets.temp' is opened by 11628@Marcos

[2020-05-03 20:49:03 #2 type] 
Type domain.Usuario is not enhanced.

[2020-05-03 20:49:03 #3 type] 
Type domain.Apuesta is not enhanced.

[2020-05-03 20:49:03 #4 type] 
Type domain.Monedero is not enhanced.

[2020-05-03 20:49:03 #5 type] 
Type domain.Event is not enhanced.

[2020-05-03 20:49:03 #6 type] 
Type domain.Pronostico is not enhanced.

[2020-05-03 20:49:03 #7 type] 
Type domain.Question is not enhanced.

[2020-05-03 20:49:03 #8 type] 
Type domain.Deporte is not enhanced.

------------------------------------------------------------------------------------------------------------------------

[2020-05-03 20:51:06 #1 store] 
Database 'C:\Users\marko\git\LPCIS\Bets\resources\bets.temp' is opened by 5928@Marcos

[2020-05-03 20:51:06 #2 type] 
Type domain.Usuario is not enhanced.

[2020-05-03 20:51:06 #3 type] 
Type domain.Apuesta is not enhanced.

[2020-05-03 20:51:06 #4 type] 
Type domain.Monedero is not enhanced.

[2020-05-03 20:51:06 #5 type] 
Type domain.Event is not enhanced.

[2020-05-03 20:51:06 #6 type] 
Type domain.Pronostico is not enhanced.

[2020-05-03 20:51:06 #7 type] 
Type domain.Question is not enhanced.

[2020-05-03 20:51:06 #8 type] 
Type domain.Deporte is not enhanced.

------------------------------------------------------------------------------------------------------------------------

[2020-05-03 20:51:32 #1 store] 
Database 'C:\Users\marko\git\LPCIS\Bets\resources\bets.temp' is opened by 11372@Marcos

[2020-05-03 20:51:32 #2 type] 
Type domain.Usuario is not enhanced.

[2020-05-03 20:51:32 #3 type] 
Type domain.Apuesta is not enhanced.

[2020-05-03 20:51:32 #4 type] 
Type domain.Monedero is not enhanced.

[2020-05-03 20:51:32 #5 type] 
Type domain.Event is not enhanced.

[2020-05-03 20:51:32 #6 type] 
Type domain.Pronostico is not enhanced.

[2020-05-03 20:51:32 #7 type] 
Type domain.Question is not enhanced.

[2020-05-03 20:51:32 #8 type] 
Type domain.Deporte is not enhanced.

------------------------------------------------------------------------------------------------------------------------

[2020-05-03 21:04:24 #1 store] 
Database 'C:\Users\marko\git\LPCIS\Bets\resources\bets.temp' is opened by 16772@Marcos

[2020-05-03 21:04:24 #2 type] 
Type domain.Usuario is not enhanced.

[2020-05-03 21:04:24 #3 type] 
Type domain.Apuesta is not enhanced.

[2020-05-03 21:04:24 #4 type] 
Type domain.Monedero is not enhanced.

[2020-05-03 21:04:24 #5 type] 
Type domain.Event is not enhanced.

[2020-05-03 21:04:24 #6 type] 
Type domain.Pronostico is not enhanced.

[2020-05-03 21:04:24 #7 type] 
Type domain.Question is not enhanced.

[2020-05-03 21:04:24 #8 type] 
Type domain.Deporte is not enhanced.

------------------------------------------------------------------------------------------------------------------------

[2020-05-03 21:08:04 #1 store] 
Database 'C:\Users\marko\git\LPCIS\Bets\resources\bets.temp' is opened by 2228@Marcos

[2020-05-03 21:08:04 #2 type] 
Type domain.Usuario is not enhanced.

[2020-05-03 21:08:04 #3 type] 
Type domain.Apuesta is not enhanced.

[2020-05-03 21:08:04 #4 type] 
Type domain.Monedero is not enhanced.

[2020-05-03 21:08:04 #5 type] 
Type domain.Event is not enhanced.

[2020-05-03 21:08:04 #6 type] 
Type domain.Pronostico is not enhanced.

[2020-05-03 21:08:04 #7 type] 
Type domain.Question is not enhanced.

[2020-05-03 21:08:04 #8 type] 
Type domain.Deporte is not enhanced.

------------------------------------------------------------------------------------------------------------------------

[2020-05-03 21:10:21 #1 store] 
Database 'C:\Users\marko\git\LPCIS\Bets\resources\bets.temp' is opened by 11444@Marcos

[2020-05-03 21:10:21 #2 type] 
Type domain.Usuario is not enhanced.

[2020-05-03 21:10:21 #3 type] 
Type domain.Apuesta is not enhanced.

[2020-05-03 21:10:21 #4 type] 
Type domain.Monedero is not enhanced.

[2020-05-03 21:10:21 #5 type] 
Type domain.Event is not enhanced.

[2020-05-03 21:10:21 #6 type] 
Type domain.Pronostico is not enhanced.

[2020-05-03 21:10:21 #7 type] 
Type domain.Question is not enhanced.

[2020-05-03 21:10:21 #8 type] 
Type domain.Deporte is not enhanced.

------------------------------------------------------------------------------------------------------------------------

[2020-05-03 21:10:59 #1 store] 
Database 'C:\Users\marko\git\LPCIS\Bets\resources\bets.temp' is opened by 4440@Marcos

[2020-05-03 21:10:59 #2 type] 
Type domain.Usuario is not enhanced.

[2020-05-03 21:10:59 #3 type] 
Type domain.Apuesta is not enhanced.

[2020-05-03 21:10:59 #4 type] 
Type domain.Monedero is not enhanced.

[2020-05-03 21:10:59 #5 type] 
Type domain.Event is not enhanced.

[2020-05-03 21:10:59 #6 type] 
Type domain.Pronostico is not enhanced.

[2020-05-03 21:10:59 #7 type] 
Type domain.Question is not enhanced.

[2020-05-03 21:10:59 #8 type] 
Type domain.Deporte is not enhanced.

------------------------------------------------------------------------------------------------------------------------

[2020-05-03 21:11:30 #1 store] 
Database 'C:\Users\marko\git\LPCIS\Bets\resources\bets.temp' is opened by 10896@Marcos

[2020-05-03 21:11:30 #2 type] 
Type domain.Usuario is not enhanced.

[2020-05-03 21:11:30 #3 type] 
Type domain.Apuesta is not enhanced.

[2020-05-03 21:11:30 #4 type] 
Type domain.Monedero is not enhanced.

[2020-05-03 21:11:30 #5 type] 
Type domain.Event is not enhanced.

[2020-05-03 21:11:30 #6 type] 
Type domain.Pronostico is not enhanced.

[2020-05-03 21:11:30 #7 type] 
Type domain.Question is not enhanced.

[2020-05-03 21:11:30 #8 type] 
Type domain.Deporte is not enhanced.

------------------------------------------------------------------------------------------------------------------------

[2020-05-03 21:19:56 #1 store] 
Database 'C:\Users\marko\git\LPCIS\Bets\resources\bets.temp' is opened by 8164@Marcos

[2020-05-03 21:19:56 #2 type] 
Type domain.Usuario is not enhanced.

[2020-05-03 21:19:56 #3 type] 
Type domain.Apuesta is not enhanced.

[2020-05-03 21:19:56 #4 type] 
Type domain.Monedero is not enhanced.

[2020-05-03 21:19:56 #5 type] 
Type domain.Event is not enhanced.

[2020-05-03 21:19:56 #6 type] 
Type domain.Pronostico is not enhanced.

[2020-05-03 21:19:56 #7 type] 
Type domain.Question is not enhanced.

[2020-05-03 21:19:56 #8 type] 
Type domain.Deporte is not enhanced.

------------------------------------------------------------------------------------------------------------------------

[2020-05-03 21:20:22 #1 store] 
Database 'C:\Users\marko\git\LPCIS\Bets\resources\bets.temp' is opened by 14988@Marcos

[2020-05-03 21:20:22 #2 type] 
Type domain.Usuario is not enhanced.

[2020-05-03 21:20:22 #3 type] 
Type domain.Apuesta is not enhanced.

[2020-05-03 21:20:22 #4 type] 
Type domain.Monedero is not enhanced.

[2020-05-03 21:20:22 #5 type] 
Type domain.Event is not enhanced.

[2020-05-03 21:20:22 #6 type] 
Type domain.Pronostico is not enhanced.

[2020-05-03 21:20:22 #7 type] 
Type domain.Question is not enhanced.

[2020-05-03 21:20:22 #8 type] 
Type domain.Deporte is not enhanced.

------------------------------------------------------------------------------------------------------------------------

[2020-05-03 21:20:43 #1 store] 
Database 'C:\Users\marko\git\LPCIS\Bets\resources\bets.temp' is opened by 14304@Marcos

[2020-05-03 21:20:43 #2 type] 
Type domain.Usuario is not enhanced.

[2020-05-03 21:20:43 #3 type] 
Type domain.Apuesta is not enhanced.

[2020-05-03 21:20:43 #4 type] 
Type domain.Monedero is not enhanced.

[2020-05-03 21:20:43 #5 type] 
Type domain.Event is not enhanced.

[2020-05-03 21:20:43 #6 type] 
Type domain.Pronostico is not enhanced.

[2020-05-03 21:20:43 #7 type] 
Type domain.Question is not enhanced.

[2020-05-03 21:20:43 #8 type] 
Type domain.Deporte is not enhanced.

------------------------------------------------------------------------------------------------------------------------

[2020-05-03 21:22:48 #1 store] 
Database 'C:\Users\marko\git\LPCIS\Bets\resources\bets.temp' is opened by 1348@Marcos

[2020-05-03 21:22:48 #2 type] 
Type domain.Usuario is not enhanced.

[2020-05-03 21:22:48 #3 type] 
Type domain.Apuesta is not enhanced.

[2020-05-03 21:22:48 #4 type] 
Type domain.Monedero is not enhanced.

[2020-05-03 21:22:48 #5 type] 
Type domain.Event is not enhanced.

[2020-05-03 21:22:48 #6 type] 
Type domain.Pronostico is not enhanced.

[2020-05-03 21:22:48 #7 type] 
Type domain.Question is not enhanced.

[2020-05-03 21:22:48 #8 type] 
Type domain.Deporte is not enhanced.

------------------------------------------------------------------------------------------------------------------------

[2020-05-03 21:23:39 #1 store] 
Database 'C:\Users\marko\git\LPCIS\Bets\resources\bets.temp' is opened by 1944@Marcos

[2020-05-03 21:23:39 #2 type] 
Type domain.Usuario is not enhanced.

[2020-05-03 21:23:39 #3 type] 
Type domain.Apuesta is not enhanced.

[2020-05-03 21:23:39 #4 type] 
Type domain.Monedero is not enhanced.

[2020-05-03 21:23:39 #5 type] 
Type domain.Event is not enhanced.

[2020-05-03 21:23:39 #6 type] 
Type domain.Pronostico is not enhanced.

[2020-05-03 21:23:39 #7 type] 
Type domain.Question is not enhanced.

[2020-05-03 21:23:39 #8 type] 
Type domain.Deporte is not enhanced.

------------------------------------------------------------------------------------------------------------------------

[2020-05-03 22:29:31 #1 store] 
Database 'C:\Users\marko\git\LPCIS\Bets\resources\bets.temp' is opened by 18184@Marcos

[2020-05-03 22:29:31 #2 type] 
Type domain.Usuario is not enhanced.

[2020-05-03 22:29:31 #3 type] 
Type domain.Apuesta is not enhanced.

[2020-05-03 22:29:31 #4 type] 
Type domain.Monedero is not enhanced.

[2020-05-03 22:29:31 #5 type] 
Type domain.Event is not enhanced.

[2020-05-03 22:29:31 #6 type] 
Type domain.Pronostico is not enhanced.

[2020-05-03 22:29:31 #7 type] 
Type domain.Question is not enhanced.

[2020-05-03 22:29:31 #8 type] 
Type domain.Deporte is not enhanced.

------------------------------------------------------------------------------------------------------------------------

[2020-05-03 22:30:44 #1 store] 
Database 'C:\Users\marko\git\LPCIS\Bets\resources\bets.temp' is opened by 3020@Marcos

[2020-05-03 22:30:44 #2 type] 
Type domain.Usuario is not enhanced.

[2020-05-03 22:30:44 #3 type] 
Type domain.Apuesta is not enhanced.

[2020-05-03 22:30:44 #4 type] 
Type domain.Monedero is not enhanced.

[2020-05-03 22:30:44 #5 type] 
Type domain.Event is not enhanced.

[2020-05-03 22:30:44 #6 type] 
Type domain.Pronostico is not enhanced.

[2020-05-03 22:30:44 #7 type] 
Type domain.Question is not enhanced.

[2020-05-03 22:30:44 #8 type] 
Type domain.Deporte is not enhanced.

------------------------------------------------------------------------------------------------------------------------

[2020-05-03 22:36:11 #1 store] 
Database 'C:\Users\marko\git\LPCIS\Bets\resources\bets.temp' is opened by 16488@Marcos

[2020-05-03 22:36:11 #2 type] 
Type domain.Usuario is not enhanced.

[2020-05-03 22:36:11 #3 type] 
Type domain.Apuesta is not enhanced.

[2020-05-03 22:36:11 #4 type] 
Type domain.Monedero is not enhanced.

[2020-05-03 22:36:11 #5 type] 
Type domain.Event is not enhanced.

[2020-05-03 22:36:11 #6 type] 
Type domain.Pronostico is not enhanced.

[2020-05-03 22:36:11 #7 type] 
Type domain.Question is not enhanced.

[2020-05-03 22:36:11 #8 type] 
Type domain.Deporte is not enhanced.

------------------------------------------------------------------------------------------------------------------------

[2020-05-03 22:36:39 #1 store] 
Database 'C:\Users\marko\git\LPCIS\Bets\resources\bets.temp' is opened by 17412@Marcos

[2020-05-03 22:36:39 #2 type] 
Type domain.Usuario is not enhanced.

[2020-05-03 22:36:39 #3 type] 
Type domain.Apuesta is not enhanced.

[2020-05-03 22:36:39 #4 type] 
Type domain.Monedero is not enhanced.

[2020-05-03 22:36:39 #5 type] 
Type domain.Event is not enhanced.

[2020-05-03 22:36:39 #6 type] 
Type domain.Pronostico is not enhanced.

[2020-05-03 22:36:39 #7 type] 
Type domain.Question is not enhanced.

[2020-05-03 22:36:39 #8 type] 
Type domain.Deporte is not enhanced.

------------------------------------------------------------------------------------------------------------------------

[2020-05-03 22:39:41 #1 store] 
Database 'C:\Users\marko\git\LPCIS\Bets\resources\bets.temp' is opened by 19176@Marcos

[2020-05-03 22:39:41 #2 type] 
Type domain.Usuario is not enhanced.

[2020-05-03 22:39:41 #3 type] 
Type domain.Apuesta is not enhanced.

[2020-05-03 22:39:41 #4 type] 
Type domain.Monedero is not enhanced.

[2020-05-03 22:39:41 #5 type] 
Type domain.Event is not enhanced.

[2020-05-03 22:39:41 #6 type] 
Type domain.Pronostico is not enhanced.

[2020-05-03 22:39:41 #7 type] 
Type domain.Question is not enhanced.

[2020-05-03 22:39:41 #8 type] 
Type domain.Deporte is not enhanced.

------------------------------------------------------------------------------------------------------------------------

[2020-05-03 22:41:25 #1 store] 
Database 'C:\Users\marko\git\LPCIS\Bets\resources\bets.temp' is opened by 3784@Marcos

[2020-05-03 22:41:25 #2 type] 
Type domain.Usuario is not enhanced.

[2020-05-03 22:41:25 #3 type] 
Type domain.Apuesta is not enhanced.

[2020-05-03 22:41:25 #4 type] 
Type domain.Monedero is not enhanced.

[2020-05-03 22:41:25 #5 type] 
Type domain.Event is not enhanced.

[2020-05-03 22:41:25 #6 type] 
Type domain.Pronostico is not enhanced.

[2020-05-03 22:41:25 #7 type] 
Type domain.Question is not enhanced.

[2020-05-03 22:41:25 #8 type] 
Type domain.Deporte is not enhanced.

------------------------------------------------------------------------------------------------------------------------

[2020-05-03 22:52:25 #1 store] 
Database 'C:\Users\marko\git\LPCIS\Bets\resources\bets.temp' is opened by 18912@Marcos

[2020-05-03 22:52:25 #2 type] 
Type domain.Usuario is not enhanced.

[2020-05-03 22:52:25 #3 type] 
Type domain.Apuesta is not enhanced.

[2020-05-03 22:52:25 #4 type] 
Type domain.Monedero is not enhanced.

[2020-05-03 22:52:25 #5 type] 
Type domain.Event is not enhanced.

[2020-05-03 22:52:25 #6 type] 
Type domain.Pronostico is not enhanced.

[2020-05-03 22:52:25 #7 type] 
Type domain.Question is not enhanced.

[2020-05-03 22:52:25 #8 type] 
Type domain.Deporte is not enhanced.

------------------------------------------------------------------------------------------------------------------------

[2020-05-03 22:53:11 #1 store] 
Database 'C:\Users\marko\git\LPCIS\Bets\resources\bets.temp' is opened by 16084@Marcos

[2020-05-03 22:53:11 #2 type] 
Type domain.Usuario is not enhanced.

[2020-05-03 22:53:11 #3 type] 
Type domain.Apuesta is not enhanced.

[2020-05-03 22:53:11 #4 type] 
Type domain.Monedero is not enhanced.

[2020-05-03 22:53:11 #5 type] 
Type domain.Event is not enhanced.

[2020-05-03 22:53:11 #6 type] 
Type domain.Pronostico is not enhanced.

[2020-05-03 22:53:11 #7 type] 
Type domain.Question is not enhanced.

[2020-05-03 22:53:11 #8 type] 
Type domain.Deporte is not enhanced.

------------------------------------------------------------------------------------------------------------------------

[2020-05-03 22:54:24 #1 store] 
Database 'C:\Users\marko\git\LPCIS\Bets\resources\bets.temp' is opened by 7752@Marcos

[2020-05-03 22:54:24 #2 type] 
Type domain.Usuario is not enhanced.

[2020-05-03 22:54:24 #3 type] 
Type domain.Apuesta is not enhanced.

[2020-05-03 22:54:24 #4 type] 
Type domain.Monedero is not enhanced.

[2020-05-03 22:54:24 #5 type] 
Type domain.Event is not enhanced.

[2020-05-03 22:54:24 #6 type] 
Type domain.Pronostico is not enhanced.

[2020-05-03 22:54:24 #7 type] 
Type domain.Question is not enhanced.

[2020-05-03 22:54:24 #8 type] 
Type domain.Deporte is not enhanced.

------------------------------------------------------------------------------------------------------------------------

[2020-05-03 23:00:32 #1 store] 
Database 'C:\Users\marko\git\LPCIS\Bets\resources\bets.temp' is opened by 10544@Marcos

[2020-05-03 23:00:32 #2 type] 
Type domain.Usuario is not enhanced.

[2020-05-03 23:00:32 #3 type] 
Type domain.Apuesta is not enhanced.

[2020-05-03 23:00:32 #4 type] 
Type domain.Monedero is not enhanced.

[2020-05-03 23:00:32 #5 type] 
Type domain.Event is not enhanced.

[2020-05-03 23:00:32 #6 type] 
Type domain.Pronostico is not enhanced.

[2020-05-03 23:00:32 #7 type] 
Type domain.Question is not enhanced.

[2020-05-03 23:00:32 #8 type] 
Type domain.Deporte is not enhanced.

------------------------------------------------------------------------------------------------------------------------

[2020-05-03 23:06:31 #1 store] 
Database 'C:\Users\marko\git\LPCIS\Bets\resources\bets.temp' is opened by 17656@Marcos

[2020-05-03 23:06:31 #2 type] 
Type domain.Usuario is not enhanced.

[2020-05-03 23:06:31 #3 type] 
Type domain.Apuesta is not enhanced.

[2020-05-03 23:06:31 #4 type] 
Type domain.Monedero is not enhanced.

[2020-05-03 23:06:31 #5 type] 
Type domain.Event is not enhanced.

[2020-05-03 23:06:31 #6 type] 
Type domain.Pronostico is not enhanced.

[2020-05-03 23:06:31 #7 type] 
Type domain.Question is not enhanced.

[2020-05-03 23:06:31 #8 type] 
Type domain.Deporte is not enhanced.

------------------------------------------------------------------------------------------------------------------------

[2020-05-03 23:07:12 #1 store] 
Database 'C:\Users\marko\git\LPCIS\Bets\resources\bets.temp' is opened by 19084@Marcos

[2020-05-03 23:07:12 #2 type] 
Type domain.Usuario is not enhanced.

[2020-05-03 23:07:12 #3 type] 
Type domain.Apuesta is not enhanced.

[2020-05-03 23:07:12 #4 type] 
Type domain.Monedero is not enhanced.

[2020-05-03 23:07:12 #5 type] 
Type domain.Event is not enhanced.

[2020-05-03 23:07:12 #6 type] 
Type domain.Pronostico is not enhanced.

[2020-05-03 23:07:12 #7 type] 
Type domain.Question is not enhanced.

[2020-05-03 23:07:12 #8 type] 
Type domain.Deporte is not enhanced.

------------------------------------------------------------------------------------------------------------------------

[2020-05-03 23:17:06 #1 store] 
Database 'C:\Users\marko\git\LPCIS\Bets\resources\bets.temp' is opened by 16672@Marcos

[2020-05-03 23:17:06 #2 type] 
Type domain.Usuario is not enhanced.

[2020-05-03 23:17:06 #3 type] 
Type domain.Apuesta is not enhanced.

[2020-05-03 23:17:06 #4 type] 
Type domain.Monedero is not enhanced.

[2020-05-03 23:17:06 #5 type] 
Type domain.Event is not enhanced.

[2020-05-03 23:17:06 #6 type] 
Type domain.Pronostico is not enhanced.

[2020-05-03 23:17:06 #7 type] 
Type domain.Question is not enhanced.

[2020-05-03 23:17:06 #8 type] 
Type domain.Deporte is not enhanced.

------------------------------------------------------------------------------------------------------------------------

[2020-05-03 23:18:28 #1 store] 
Database 'C:\Users\marko\git\LPCIS\Bets\resources\bets.temp' is opened by 19404@Marcos

[2020-05-03 23:18:28 #2 type] 
Type domain.Usuario is not enhanced.

[2020-05-03 23:18:28 #3 type] 
Type domain.Apuesta is not enhanced.

[2020-05-03 23:18:28 #4 type] 
Type domain.Monedero is not enhanced.

[2020-05-03 23:18:28 #5 type] 
Type domain.Event is not enhanced.

[2020-05-03 23:18:28 #6 type] 
Type domain.Pronostico is not enhanced.

[2020-05-03 23:18:28 #7 type] 
Type domain.Question is not enhanced.

[2020-05-03 23:18:28 #8 type] 
Type domain.Deporte is not enhanced.

------------------------------------------------------------------------------------------------------------------------

[2020-05-03 23:18:59 #1 store] 
Database 'C:\Users\marko\git\LPCIS\Bets\resources\bets.temp' is opened by 17324@Marcos

[2020-05-03 23:18:59 #2 type] 
Type domain.Usuario is not enhanced.

[2020-05-03 23:18:59 #3 type] 
Type domain.Apuesta is not enhanced.

[2020-05-03 23:18:59 #4 type] 
Type domain.Monedero is not enhanced.

[2020-05-03 23:18:59 #5 type] 
Type domain.Event is not enhanced.

[2020-05-03 23:18:59 #6 type] 
Type domain.Pronostico is not enhanced.

[2020-05-03 23:18:59 #7 type] 
Type domain.Question is not enhanced.

[2020-05-03 23:18:59 #8 type] 
Type domain.Deporte is not enhanced.

------------------------------------------------------------------------------------------------------------------------

[2020-05-03 23:22:29 #1 store] 
Database 'C:\Users\marko\git\LPCIS\Bets\resources\bets.temp' is opened by 4468@Marcos

[2020-05-03 23:22:29 #2 type] 
Type domain.Usuario is not enhanced.

[2020-05-03 23:22:29 #3 type] 
Type domain.Apuesta is not enhanced.

[2020-05-03 23:22:29 #4 type] 
Type domain.Monedero is not enhanced.

[2020-05-03 23:22:29 #5 type] 
Type domain.Event is not enhanced.

[2020-05-03 23:22:29 #6 type] 
Type domain.Pronostico is not enhanced.

[2020-05-03 23:22:29 #7 type] 
Type domain.Question is not enhanced.

[2020-05-03 23:22:29 #8 type] 
Type domain.Deporte is not enhanced.

------------------------------------------------------------------------------------------------------------------------

[2020-05-03 23:23:10 #1 store] 
Database 'C:\Users\marko\git\LPCIS\Bets\resources\bets.temp' is opened by 17636@Marcos

[2020-05-03 23:23:10 #2 type] 
Type domain.Usuario is not enhanced.

[2020-05-03 23:23:10 #3 type] 
Type domain.Apuesta is not enhanced.

[2020-05-03 23:23:10 #4 type] 
Type domain.Monedero is not enhanced.

[2020-05-03 23:23:10 #5 type] 
Type domain.Event is not enhanced.

[2020-05-03 23:23:10 #6 type] 
Type domain.Pronostico is not enhanced.

[2020-05-03 23:23:10 #7 type] 
Type domain.Question is not enhanced.

[2020-05-03 23:23:10 #8 type] 
Type domain.Deporte is not enhanced.

------------------------------------------------------------------------------------------------------------------------

[2020-05-03 23:24:08 #1 store] 
Database 'C:\Users\marko\git\LPCIS\Bets\resources\bets.temp' is opened by 16948@Marcos

[2020-05-03 23:24:08 #2 type] 
Type domain.Usuario is not enhanced.

[2020-05-03 23:24:08 #3 type] 
Type domain.Apuesta is not enhanced.

[2020-05-03 23:24:08 #4 type] 
Type domain.Monedero is not enhanced.

[2020-05-03 23:24:08 #5 type] 
Type domain.Event is not enhanced.

[2020-05-03 23:24:08 #6 type] 
Type domain.Pronostico is not enhanced.

[2020-05-03 23:24:08 #7 type] 
Type domain.Question is not enhanced.

[2020-05-03 23:24:08 #8 type] 
Type domain.Deporte is not enhanced.

------------------------------------------------------------------------------------------------------------------------

[2020-05-03 23:31:51 #1 store] 
Database 'C:\Users\marko\git\LPCIS\Bets\resources\bets.temp' is opened by 8648@Marcos

[2020-05-03 23:31:51 #2 type] 
Type domain.Usuario is not enhanced.

[2020-05-03 23:31:51 #3 type] 
Type domain.Apuesta is not enhanced.

[2020-05-03 23:31:51 #4 type] 
Type domain.Monedero is not enhanced.

[2020-05-03 23:31:51 #5 type] 
Type domain.Event is not enhanced.

[2020-05-03 23:31:51 #6 type] 
Type domain.Pronostico is not enhanced.

[2020-05-03 23:31:51 #7 type] 
Type domain.Question is not enhanced.

[2020-05-03 23:31:51 #8 type] 
Type domain.Deporte is not enhanced.

------------------------------------------------------------------------------------------------------------------------

[2020-05-03 23:33:54 #1 store] 
Database 'C:\Users\marko\git\LPCIS\Bets\resources\bets.temp' is opened by 5804@Marcos

[2020-05-03 23:33:54 #2 type] 
Type domain.Usuario is not enhanced.

[2020-05-03 23:33:54 #3 type] 
Type domain.Apuesta is not enhanced.

[2020-05-03 23:33:54 #4 type] 
Type domain.Monedero is not enhanced.

[2020-05-03 23:33:54 #5 type] 
Type domain.Event is not enhanced.

[2020-05-03 23:33:54 #6 type] 
Type domain.Pronostico is not enhanced.

[2020-05-03 23:33:54 #7 type] 
Type domain.Question is not enhanced.

[2020-05-03 23:33:54 #8 type] 
Type domain.Deporte is not enhanced.

------------------------------------------------------------------------------------------------------------------------

[2020-05-03 23:35:33 #1 store] 
Database 'C:\Users\marko\git\LPCIS\Bets\resources\bets.temp' is opened by 3128@Marcos

[2020-05-03 23:35:34 #2 type] 
Type domain.Usuario is not enhanced.

[2020-05-03 23:35:34 #3 type] 
Type domain.Apuesta is not enhanced.

[2020-05-03 23:35:34 #4 type] 
Type domain.Monedero is not enhanced.

[2020-05-03 23:35:34 #5 type] 
Type domain.Event is not enhanced.

[2020-05-03 23:35:34 #6 type] 
Type domain.Pronostico is not enhanced.

[2020-05-03 23:35:34 #7 type] 
Type domain.Question is not enhanced.

[2020-05-03 23:35:34 #8 type] 
Type domain.Deporte is not enhanced.

------------------------------------------------------------------------------------------------------------------------

[2020-05-03 23:36:57 #1 store] 
Database 'C:\Users\marko\git\LPCIS\Bets\resources\bets.temp' is opened by 12648@Marcos

[2020-05-03 23:36:57 #2 type] 
Type domain.Usuario is not enhanced.

[2020-05-03 23:36:57 #3 type] 
Type domain.Apuesta is not enhanced.

[2020-05-03 23:36:57 #4 type] 
Type domain.Monedero is not enhanced.

[2020-05-03 23:36:57 #5 type] 
Type domain.Event is not enhanced.

[2020-05-03 23:36:57 #6 type] 
Type domain.Pronostico is not enhanced.

[2020-05-03 23:36:57 #7 type] 
Type domain.Question is not enhanced.

[2020-05-03 23:36:57 #8 type] 
Type domain.Deporte is not enhanced.

------------------------------------------------------------------------------------------------------------------------

[2020-05-03 23:52:49 #1 store] 
Database 'C:\Users\marko\git\LPCIS\Bets\resources\bets.temp' is opened by 5432@Marcos

[2020-05-03 23:52:49 #2 type] 
Type domain.Usuario is not enhanced.

[2020-05-03 23:52:49 #3 type] 
Type domain.Apuesta is not enhanced.

[2020-05-03 23:52:49 #4 type] 
Type domain.Monedero is not enhanced.

[2020-05-03 23:52:49 #5 type] 
Type domain.Event is not enhanced.

[2020-05-03 23:52:49 #6 type] 
Type domain.Pronostico is not enhanced.

[2020-05-03 23:52:49 #7 type] 
Type domain.Question is not enhanced.

[2020-05-03 23:52:49 #8 type] 
Type domain.Deporte is not enhanced.

------------------------------------------------------------------------------------------------------------------------

[2020-05-03 23:55:46 #1 store] 
Database 'C:\Users\marko\git\LPCIS\Bets\resources\bets.temp' is opened by 3584@Marcos

[2020-05-03 23:55:46 #2 type] 
Type domain.Usuario is not enhanced.

[2020-05-03 23:55:46 #3 type] 
Type domain.Apuesta is not enhanced.

[2020-05-03 23:55:46 #4 type] 
Type domain.Monedero is not enhanced.

[2020-05-03 23:55:46 #5 type] 
Type domain.Event is not enhanced.

[2020-05-03 23:55:46 #6 type] 
Type domain.Pronostico is not enhanced.

[2020-05-03 23:55:46 #7 type] 
Type domain.Question is not enhanced.

[2020-05-03 23:55:46 #8 type] 
Type domain.Deporte is not enhanced.

------------------------------------------------------------------------------------------------------------------------

[2020-05-03 23:57:41 #1 store] 
Database 'C:\Users\marko\git\LPCIS\Bets\resources\bets.temp' is opened by 11496@Marcos

[2020-05-03 23:57:41 #2 type] 
Type domain.Usuario is not enhanced.

[2020-05-03 23:57:41 #3 type] 
Type domain.Apuesta is not enhanced.

[2020-05-03 23:57:41 #4 type] 
Type domain.Monedero is not enhanced.

[2020-05-03 23:57:41 #5 type] 
Type domain.Event is not enhanced.

[2020-05-03 23:57:41 #6 type] 
Type domain.Pronostico is not enhanced.

[2020-05-03 23:57:41 #7 type] 
Type domain.Question is not enhanced.

[2020-05-03 23:57:41 #8 type] 
Type domain.Deporte is not enhanced.

