------------------------------------------------------------------------------------------------------------------------

[2020-03-03 15:16:25 #1 store] 
Database '/home/marcos/Desktop/IS/Bets/resources/bets.temp' is opened by 3468@marcos-N552VX

[2020-03-03 15:16:25 #2 type] 
Type domain.Usuario is not enhanced.

[2020-03-03 15:16:25 #3 type] 
Type domain.Question is not enhanced.

[2020-03-03 15:16:25 #4 type] 
Type domain.Event is not enhanced.

[2020-03-03 15:16:25 #5 type] 
Type domain.Pronostico is not enhanced.

------------------------------------------------------------------------------------------------------------------------

[2020-03-03 15:17:22 #1 store] 
Database '/home/marcos/Desktop/IS/Bets/resources/bets.temp' is opened by 3540@marcos-N552VX

[2020-03-03 15:17:22 #2 type] 
Type domain.Usuario is not enhanced.

[2020-03-03 15:17:22 #3 type] 
Type domain.Question is not enhanced.

[2020-03-03 15:17:22 #4 type] 
Type domain.Event is not enhanced.

[2020-03-03 15:17:22 #5 type] 
Type domain.Pronostico is not enhanced.

------------------------------------------------------------------------------------------------------------------------

[2020-03-03 15:18:54 #1 store] 
Database '/home/marcos/Desktop/IS/Bets/resources/bets.temp' is opened by 3743@marcos-N552VX

[2020-03-03 15:18:54 #2 type] 
Type domain.Usuario is not enhanced.

[2020-03-03 15:18:54 #3 type] 
Type domain.Question is not enhanced.

[2020-03-03 15:18:54 #4 type] 
Type domain.Event is not enhanced.

[2020-03-03 15:18:54 #5 type] 
Type domain.Pronostico is not enhanced.

------------------------------------------------------------------------------------------------------------------------

[2020-03-03 15:19:46 #1 store] 
Database '/home/marcos/Desktop/IS/Bets/resources/bets.temp' is opened by 3852@marcos-N552VX

[2020-03-03 15:19:46 #2 type] 
Type domain.Usuario is not enhanced.

[2020-03-03 15:19:46 #3 type] 
Type domain.Question is not enhanced.

[2020-03-03 15:19:46 #4 type] 
Type domain.Event is not enhanced.

[2020-03-03 15:19:46 #5 type] 
Type domain.Pronostico is not enhanced.

------------------------------------------------------------------------------------------------------------------------

[2020-03-03 15:21:16 #1 store] 
Database '/home/marcos/Desktop/IS/Bets/resources/bets.temp' is opened by 3967@marcos-N552VX

[2020-03-03 15:21:16 #2 type] 
Type domain.Usuario is not enhanced.

[2020-03-03 15:21:16 #3 type] 
Type domain.Question is not enhanced.

[2020-03-03 15:21:16 #4 type] 
Type domain.Event is not enhanced.

[2020-03-03 15:21:16 #5 type] 
Type domain.Pronostico is not enhanced.

------------------------------------------------------------------------------------------------------------------------

[2020-03-03 15:27:02 #1 store] 
Database '/home/marcos/Desktop/IS/Bets/resources/bets.temp' is opened by 4168@marcos-N552VX

[2020-03-03 15:27:02 #2 type] 
Type domain.Usuario is not enhanced.

[2020-03-03 15:27:02 #3 type] 
Type domain.Question is not enhanced.

[2020-03-03 15:27:02 #4 type] 
Type domain.Event is not enhanced.

[2020-03-03 15:27:02 #5 type] 
Type domain.Pronostico is not enhanced.

------------------------------------------------------------------------------------------------------------------------

[2020-03-03 15:29:31 #1 store] 
Database '/home/marcos/Desktop/IS/Bets/resources/bets.temp' is opened by 4365@marcos-N552VX

[2020-03-03 15:29:31 #2 type] 
Type domain.Usuario is not enhanced.

[2020-03-03 15:29:31 #3 type] 
Type domain.Question is not enhanced.

[2020-03-03 15:29:31 #4 type] 
Type domain.Event is not enhanced.

[2020-03-03 15:29:31 #5 type] 
Type domain.Pronostico is not enhanced.

------------------------------------------------------------------------------------------------------------------------

[2020-03-03 15:29:53 #1 store] 
Database '/home/marcos/Desktop/IS/Bets/resources/bets.temp' is opened by 4408@marcos-N552VX

[2020-03-03 15:29:53 #2 type] 
Type domain.Usuario is not enhanced.

[2020-03-03 15:29:54 #3 type] 
Type domain.Question is not enhanced.

[2020-03-03 15:29:54 #4 type] 
Type domain.Event is not enhanced.

[2020-03-03 15:29:54 #5 type] 
Type domain.Pronostico is not enhanced.

------------------------------------------------------------------------------------------------------------------------

[2020-03-03 15:38:36 #1 store] 
Database '/home/marcos/Desktop/IS/Bets/resources/bets.temp' is opened by 4801@marcos-N552VX

[2020-03-03 15:38:36 #2 type] 
Type domain.Usuario is not enhanced.

[2020-03-03 15:38:36 #3 type] 
Type domain.Question is not enhanced.

[2020-03-03 15:38:37 #4 type] 
Type domain.Event is not enhanced.

[2020-03-03 15:38:37 #5 type] 
Type domain.Pronostico is not enhanced.

------------------------------------------------------------------------------------------------------------------------

[2020-03-03 15:39:07 #1 store] 
Database '/home/marcos/Desktop/IS/Bets/resources/bets.temp' is opened by 4839@marcos-N552VX

[2020-03-03 15:39:07 #2 type] 
Type domain.Usuario is not enhanced.

[2020-03-03 15:39:07 #3 type] 
Type domain.Question is not enhanced.

[2020-03-03 15:39:07 #4 type] 
Type domain.Event is not enhanced.

[2020-03-03 15:39:07 #5 type] 
Type domain.Pronostico is not enhanced.

------------------------------------------------------------------------------------------------------------------------

[2020-03-03 15:47:44 #1 store] 
Database '/home/marcos/Desktop/IS/Bets/resources/bets.temp' is opened by 5482@marcos-N552VX

[2020-03-03 15:47:44 #2 type] 
Type domain.Usuario is not enhanced.

[2020-03-03 15:47:44 #3 type] 
Type domain.Question is not enhanced.

[2020-03-03 15:47:44 #4 type] 
Type domain.Event is not enhanced.

[2020-03-03 15:47:44 #5 type] 
Type domain.Pronostico is not enhanced.

------------------------------------------------------------------------------------------------------------------------

[2020-03-03 15:49:22 #1 store] 
Database '/home/marcos/Desktop/IS/Bets/resources/bets.temp' is opened by 5607@marcos-N552VX

[2020-03-03 15:49:22 #2 type] 
Type domain.Usuario is not enhanced.

[2020-03-03 15:49:22 #3 type] 
Type domain.Question is not enhanced.

[2020-03-03 15:49:22 #4 type] 
Type domain.Event is not enhanced.

[2020-03-03 15:49:22 #5 type] 
Type domain.Pronostico is not enhanced.

------------------------------------------------------------------------------------------------------------------------

[2020-03-03 15:56:30 #1 store] 
Database '/home/marcos/Desktop/IS/Bets/resources/bets.temp' is opened by 5808@marcos-N552VX

[2020-03-03 15:56:30 #2 type] 
Type domain.Usuario is not enhanced.

[2020-03-03 15:56:30 #3 type] 
Type domain.Question is not enhanced.

[2020-03-03 15:56:30 #4 type] 
Type domain.Event is not enhanced.

[2020-03-03 15:56:30 #5 type] 
Type domain.Pronostico is not enhanced.

------------------------------------------------------------------------------------------------------------------------

[2020-03-03 15:57:07 #1 store] 
Database '/home/marcos/Desktop/IS/Bets/resources/bets.temp' is opened by 5859@marcos-N552VX

[2020-03-03 15:57:07 #2 type] 
Type domain.Usuario is not enhanced.

[2020-03-03 15:57:07 #3 type] 
Type domain.Question is not enhanced.

[2020-03-03 15:57:07 #4 type] 
Type domain.Event is not enhanced.

[2020-03-03 15:57:07 #5 type] 
Type domain.Pronostico is not enhanced.

------------------------------------------------------------------------------------------------------------------------

[2020-03-03 15:58:24 #1 store] 
Database '/home/marcos/Desktop/IS/Bets/resources/bets.temp' is opened by 5896@marcos-N552VX

[2020-03-03 15:58:24 #2 type] 
Type domain.Usuario is not enhanced.

[2020-03-03 15:58:24 #3 type] 
Type domain.Question is not enhanced.

[2020-03-03 15:58:24 #4 type] 
Type domain.Event is not enhanced.

[2020-03-03 15:58:24 #5 type] 
Type domain.Pronostico is not enhanced.

------------------------------------------------------------------------------------------------------------------------

[2020-03-03 16:50:14 #1 store] 
Database '/home/marcos/Desktop/IS/Bets/resources/bets.temp' is opened by 8016@marcos-N552VX

[2020-03-03 16:50:14 #2 type.registry] 
New type domain.Usuario

[2020-03-03 16:50:14 #3 type] 
Type domain.Usuario is not enhanced.

[2020-03-03 16:50:14 #4 type.registry] 
New type domain.Question

[2020-03-03 16:50:14 #5 type] 
Type domain.Question is not enhanced.

[2020-03-03 16:50:14 #6 type.registry] 
New type domain.Pronostico

[2020-03-03 16:50:14 #7 type.registry] 
New type java.util.Vector<domain.Pronostico>

[2020-03-03 16:50:14 #8 type.registry] 
New type domain.Event

[2020-03-03 16:50:14 #9 type] 
Type domain.Pronostico is not enhanced.

[2020-03-03 16:50:14 #10 type] 
Type domain.Event is not enhanced.

[2020-03-03 16:50:14 #11 type.registry] 
New type java.util.Vector<domain.Question>

[2020-03-03 16:50:14 #12 type.registry] 
New type java.util.Vector<java.lang.Object>

------------------------------------------------------------------------------------------------------------------------

[2020-03-03 16:50:47 #1 store] 
Database '/home/marcos/Desktop/IS/Bets/resources/bets.temp' has been recovered (tr. 1-6)

[2020-03-03 16:50:47 #2 store] 
Database '/home/marcos/Desktop/IS/Bets/resources/bets.temp' is opened by 8092@marcos-N552VX

[2020-03-03 16:50:47 #3 type] 
Type domain.Usuario is not enhanced.

[2020-03-03 16:50:47 #4 type] 
Type domain.Question is not enhanced.

[2020-03-03 16:50:47 #5 type] 
Type domain.Pronostico is not enhanced.

[2020-03-03 16:50:47 #6 type] 
Type domain.Event is not enhanced.

------------------------------------------------------------------------------------------------------------------------

[2020-03-03 16:52:46 #1 store] 
Database '/home/marcos/Desktop/IS/Bets/resources/bets.temp' is opened by 8196@marcos-N552VX

[2020-03-03 16:52:46 #2 type] 
Type domain.Usuario is not enhanced.

[2020-03-03 16:52:46 #3 type] 
Type domain.Question is not enhanced.

[2020-03-03 16:52:46 #4 type] 
Type domain.Pronostico is not enhanced.

[2020-03-03 16:52:46 #5 type] 
Type domain.Event is not enhanced.

------------------------------------------------------------------------------------------------------------------------

[2020-03-03 16:58:35 #1 store] 
Database '/home/marcos/Desktop/IS/Bets/resources/bets.temp' is opened by 8441@marcos-N552VX

[2020-03-03 16:58:35 #2 type] 
Type domain.Usuario is not enhanced.

[2020-03-03 16:58:35 #3 type] 
Type domain.Question is not enhanced.

[2020-03-03 16:58:35 #4 type] 
Type domain.Pronostico is not enhanced.

[2020-03-03 16:58:35 #5 type] 
Type domain.Event is not enhanced.

------------------------------------------------------------------------------------------------------------------------

[2020-03-03 17:02:33 #1 store] 
Database '/home/marcos/Desktop/IS/Bets/resources/bets.temp' is opened by 8540@marcos-N552VX

[2020-03-03 17:02:33 #2 type] 
Type domain.Usuario is not enhanced.

[2020-03-03 17:02:33 #3 type] 
Type domain.Question is not enhanced.

[2020-03-03 17:02:33 #4 type] 
Type domain.Pronostico is not enhanced.

[2020-03-03 17:02:33 #5 type] 
Type domain.Event is not enhanced.

------------------------------------------------------------------------------------------------------------------------

[2020-03-03 17:04:13 #1 store] 
Database '/home/marcos/Desktop/IS/Bets/resources/bets.temp' has been recovered (tr. 7-7)

[2020-03-03 17:04:13 #2 store] 
Database '/home/marcos/Desktop/IS/Bets/resources/bets.temp' is opened by 8607@marcos-N552VX

[2020-03-03 17:04:13 #3 type] 
Type domain.Usuario is not enhanced.

[2020-03-03 17:04:13 #4 type] 
Type domain.Question is not enhanced.

[2020-03-03 17:04:13 #5 type] 
Type domain.Pronostico is not enhanced.

[2020-03-03 17:04:13 #6 type] 
Type domain.Event is not enhanced.

------------------------------------------------------------------------------------------------------------------------

[2020-03-03 17:09:05 #1 store] 
Database '/home/marcos/Desktop/IS/Bets/resources/bets.temp' is opened by 8816@marcos-N552VX

[2020-03-03 17:09:06 #2 type.registry] 
New type domain.Usuario

[2020-03-03 17:09:06 #3 type] 
Type domain.Usuario is not enhanced.

[2020-03-03 17:09:06 #4 type.registry] 
New type domain.Question

[2020-03-03 17:09:06 #5 type] 
Type domain.Question is not enhanced.

[2020-03-03 17:09:06 #6 type.registry] 
New type domain.Pronostico

[2020-03-03 17:09:06 #7 type.registry] 
New type java.util.Vector<domain.Pronostico>

[2020-03-03 17:09:06 #8 type.registry] 
New type domain.Event

[2020-03-03 17:09:06 #9 type] 
Type domain.Pronostico is not enhanced.

[2020-03-03 17:09:06 #10 type] 
Type domain.Event is not enhanced.

[2020-03-03 17:09:06 #11 type.registry] 
New type java.util.Vector<domain.Question>

[2020-03-03 17:09:06 #12 type.registry] 
New type java.util.Vector<java.lang.Object>

------------------------------------------------------------------------------------------------------------------------

[2020-03-03 17:09:35 #1 store] 
Database '/home/marcos/Desktop/IS/Bets/resources/bets.temp' is opened by 8869@marcos-N552VX

[2020-03-03 17:09:35 #2 type.registry] 
New type domain.Usuario

[2020-03-03 17:09:35 #3 type] 
Type domain.Usuario is not enhanced.

[2020-03-03 17:09:35 #4 type.registry] 
New type domain.Question

[2020-03-03 17:09:35 #5 type] 
Type domain.Question is not enhanced.

[2020-03-03 17:09:35 #6 type.registry] 
New type domain.Pronostico

[2020-03-03 17:09:35 #7 type.registry] 
New type java.util.Vector<domain.Pronostico>

[2020-03-03 17:09:35 #8 type.registry] 
New type domain.Event

[2020-03-03 17:09:35 #9 type] 
Type domain.Pronostico is not enhanced.

[2020-03-03 17:09:35 #10 type] 
Type domain.Event is not enhanced.

[2020-03-03 17:09:35 #11 type.registry] 
New type java.util.Vector<domain.Question>

[2020-03-03 17:09:35 #12 type.registry] 
New type java.util.Vector<java.lang.Object>

------------------------------------------------------------------------------------------------------------------------

[2020-03-03 17:11:12 #1 store] 
Database '/home/marcos/Desktop/IS/Bets/resources/bets.temp' is opened by 8913@marcos-N552VX

[2020-03-03 17:11:12 #2 type.registry] 
New type domain.Usuario

[2020-03-03 17:11:12 #3 type] 
Type domain.Usuario is not enhanced.

[2020-03-03 17:11:12 #4 type.registry] 
New type domain.Question

[2020-03-03 17:11:12 #5 type] 
Type domain.Question is not enhanced.

[2020-03-03 17:11:12 #6 type.registry] 
New type domain.Pronostico

[2020-03-03 17:11:12 #7 type.registry] 
New type java.util.Vector<domain.Pronostico>

[2020-03-03 17:11:12 #8 type.registry] 
New type domain.Event

[2020-03-03 17:11:12 #9 type] 
Type domain.Pronostico is not enhanced.

[2020-03-03 17:11:12 #10 type] 
Type domain.Event is not enhanced.

[2020-03-03 17:11:12 #11 type.registry] 
New type java.util.Vector<domain.Question>

[2020-03-03 17:11:12 #12 type.registry] 
New type java.util.Vector<java.lang.Object>

------------------------------------------------------------------------------------------------------------------------

[2020-03-03 17:12:29 #1 store] 
Database '/home/marcos/Desktop/IS/Bets/resources/bets.temp' is opened by 9011@marcos-N552VX

[2020-03-03 17:12:29 #2 type.registry] 
New type domain.Usuario

[2020-03-03 17:12:29 #3 type] 
Type domain.Usuario is not enhanced.

[2020-03-03 17:12:29 #4 type.registry] 
New type domain.Question

[2020-03-03 17:12:29 #5 type] 
Type domain.Question is not enhanced.

[2020-03-03 17:12:29 #6 type.registry] 
New type domain.Pronostico

[2020-03-03 17:12:29 #7 type.registry] 
New type java.util.Vector<domain.Pronostico>

[2020-03-03 17:12:29 #8 type.registry] 
New type domain.Event

[2020-03-03 17:12:29 #9 type] 
Type domain.Pronostico is not enhanced.

[2020-03-03 17:12:29 #10 type] 
Type domain.Event is not enhanced.

[2020-03-03 17:12:29 #11 type.registry] 
New type java.util.Vector<domain.Question>

[2020-03-03 17:12:29 #12 type.registry] 
New type java.util.Vector<java.lang.Object>

------------------------------------------------------------------------------------------------------------------------

[2020-03-03 17:13:47 #1 store] 
Database '/home/marcos/Desktop/IS/Bets/resources/bets.temp' is opened by 9077@marcos-N552VX

[2020-03-03 17:13:47 #2 type.registry] 
New type domain.Usuario

[2020-03-03 17:13:47 #3 type] 
Type domain.Usuario is not enhanced.

[2020-03-03 17:13:47 #4 type.registry] 
New type domain.Question

[2020-03-03 17:13:47 #5 type] 
Type domain.Question is not enhanced.

[2020-03-03 17:13:47 #6 type.registry] 
New type domain.Pronostico

[2020-03-03 17:13:47 #7 type.registry] 
New type java.util.Vector<domain.Pronostico>

[2020-03-03 17:13:47 #8 type.registry] 
New type domain.Event

[2020-03-03 17:13:47 #9 type] 
Type domain.Pronostico is not enhanced.

[2020-03-03 17:13:47 #10 type] 
Type domain.Event is not enhanced.

[2020-03-03 17:13:47 #11 type.registry] 
New type java.util.Vector<domain.Question>

[2020-03-03 17:13:47 #12 type.registry] 
New type java.util.Vector<java.lang.Object>

------------------------------------------------------------------------------------------------------------------------

[2020-03-03 17:22:46 #1 store] 
Database '/home/marcos/Desktop/IS/Bets/resources/bets.temp' is opened by 9280@marcos-N552VX

[2020-03-03 17:22:46 #2 type.registry] 
New type domain.Usuario

[2020-03-03 17:22:46 #3 type] 
Type domain.Usuario is not enhanced.

[2020-03-03 17:22:46 #4 type.registry] 
New type domain.Question

[2020-03-03 17:22:46 #5 type] 
Type domain.Question is not enhanced.

[2020-03-03 17:22:46 #6 type.registry] 
New type domain.Pronostico

[2020-03-03 17:22:46 #7 type.registry] 
New type java.util.Vector<domain.Pronostico>

[2020-03-03 17:22:46 #8 type.registry] 
New type domain.Event

[2020-03-03 17:22:46 #9 type] 
Type domain.Pronostico is not enhanced.

[2020-03-03 17:22:46 #10 type] 
Type domain.Event is not enhanced.

[2020-03-03 17:22:46 #11 type.registry] 
New type java.util.Vector<domain.Question>

[2020-03-03 17:22:46 #12 type.registry] 
New type java.util.Vector<java.lang.Object>

------------------------------------------------------------------------------------------------------------------------

[2020-03-03 17:36:54 #1 store] 
Database '/home/marcos/Desktop/IS/Bets/resources/bets.temp' is opened by 9702@marcos-N552VX

[2020-03-03 17:36:54 #2 type.registry] 
New type domain.Usuario

[2020-03-03 17:36:54 #3 type] 
Type domain.Usuario is not enhanced.

[2020-03-03 17:36:54 #4 type.registry] 
New type domain.Question

[2020-03-03 17:36:54 #5 type] 
Type domain.Question is not enhanced.

[2020-03-03 17:36:54 #6 type.registry] 
New type domain.Pronostico

[2020-03-03 17:36:54 #7 type.registry] 
New type java.util.Vector<domain.Pronostico>

[2020-03-03 17:36:54 #8 type.registry] 
New type domain.Event

[2020-03-03 17:36:54 #9 type] 
Type domain.Pronostico is not enhanced.

[2020-03-03 17:36:54 #10 type] 
Type domain.Event is not enhanced.

[2020-03-03 17:36:54 #11 type.registry] 
New type java.util.Vector<domain.Question>

[2020-03-03 17:36:54 #12 type.registry] 
New type java.util.Vector<java.lang.Object>

------------------------------------------------------------------------------------------------------------------------

[2020-03-03 17:40:54 #1 store] 
Database '/home/marcos/Desktop/IS/Bets/resources/bets.temp' is opened by 9886@marcos-N552VX

[2020-03-03 17:40:54 #2 type.registry] 
New type domain.Usuario

[2020-03-03 17:40:54 #3 type] 
Type domain.Usuario is not enhanced.

[2020-03-03 17:40:54 #4 type.registry] 
New type domain.Question

[2020-03-03 17:40:54 #5 type] 
Type domain.Question is not enhanced.

[2020-03-03 17:40:54 #6 type.registry] 
New type domain.Pronostico

[2020-03-03 17:40:54 #7 type.registry] 
New type java.util.Vector<domain.Pronostico>

[2020-03-03 17:40:54 #8 type.registry] 
New type domain.Event

[2020-03-03 17:40:54 #9 type] 
Type domain.Pronostico is not enhanced.

[2020-03-03 17:40:54 #10 type] 
Type domain.Event is not enhanced.

[2020-03-03 17:40:54 #11 type.registry] 
New type java.util.Vector<domain.Question>

[2020-03-03 17:40:54 #12 type.registry] 
New type java.util.Vector<java.lang.Object>

------------------------------------------------------------------------------------------------------------------------

[2020-03-03 17:41:35 #1 store] 
Database '/home/marcos/Desktop/IS/Bets/resources/bets.temp' is opened by 9938@marcos-N552VX

[2020-03-03 17:41:35 #2 type.registry] 
New type domain.Usuario

[2020-03-03 17:41:35 #3 type] 
Type domain.Usuario is not enhanced.

[2020-03-03 17:41:35 #4 type.registry] 
New type domain.Question

[2020-03-03 17:41:35 #5 type] 
Type domain.Question is not enhanced.

[2020-03-03 17:41:35 #6 type.registry] 
New type domain.Pronostico

[2020-03-03 17:41:35 #7 type.registry] 
New type java.util.Vector<domain.Pronostico>

[2020-03-03 17:41:35 #8 type.registry] 
New type domain.Event

[2020-03-03 17:41:35 #9 type] 
Type domain.Pronostico is not enhanced.

[2020-03-03 17:41:35 #10 type] 
Type domain.Event is not enhanced.

[2020-03-03 17:41:35 #11 type.registry] 
New type java.util.Vector<domain.Question>

[2020-03-03 17:41:35 #12 type.registry] 
New type java.util.Vector<java.lang.Object>

------------------------------------------------------------------------------------------------------------------------

[2020-03-03 17:46:40 #1 store] 
Database '/home/marcos/Desktop/IS/Bets/resources/bets.temp' is opened by 10065@marcos-N552VX

[2020-03-03 17:46:40 #2 type.registry] 
New type domain.Usuario

[2020-03-03 17:46:40 #3 type] 
Type domain.Usuario is not enhanced.

[2020-03-03 17:46:40 #4 type.registry] 
New type domain.Question

[2020-03-03 17:46:40 #5 type] 
Type domain.Question is not enhanced.

[2020-03-03 17:46:40 #6 type.registry] 
New type domain.Pronostico

[2020-03-03 17:46:40 #7 type.registry] 
New type java.util.Vector<domain.Pronostico>

[2020-03-03 17:46:40 #8 type.registry] 
New type domain.Event

[2020-03-03 17:46:40 #9 type] 
Type domain.Pronostico is not enhanced.

[2020-03-03 17:46:40 #10 type] 
Type domain.Event is not enhanced.

[2020-03-03 17:46:40 #11 type.registry] 
New type java.util.Vector<domain.Question>

[2020-03-03 17:46:40 #12 type.registry] 
New type java.util.Vector<java.lang.Object>

------------------------------------------------------------------------------------------------------------------------

[2020-03-03 17:48:04 #1 store] 
Database '/home/marcos/Desktop/IS/Bets/resources/bets.temp' is opened by 10106@marcos-N552VX

[2020-03-03 17:48:04 #2 type.registry] 
New type domain.Usuario

[2020-03-03 17:48:04 #3 type] 
Type domain.Usuario is not enhanced.

[2020-03-03 17:48:04 #4 type.registry] 
New type domain.Question

[2020-03-03 17:48:04 #5 type] 
Type domain.Question is not enhanced.

[2020-03-03 17:48:04 #6 type.registry] 
New type domain.Pronostico

[2020-03-03 17:48:04 #7 type.registry] 
New type java.util.Vector<domain.Pronostico>

[2020-03-03 17:48:04 #8 type.registry] 
New type domain.Event

[2020-03-03 17:48:04 #9 type] 
Type domain.Pronostico is not enhanced.

[2020-03-03 17:48:04 #10 type] 
Type domain.Event is not enhanced.

[2020-03-03 17:48:04 #11 type.registry] 
New type java.util.Vector<domain.Question>

[2020-03-03 17:48:04 #12 type.registry] 
New type java.util.Vector<java.lang.Object>

------------------------------------------------------------------------------------------------------------------------

[2020-03-03 17:56:53 #1 store] 
Database '/home/marcos/Desktop/IS/Bets/resources/bets.temp' is opened by 10747@marcos-N552VX

[2020-03-03 17:56:53 #2 type.registry] 
New type domain.Usuario

[2020-03-03 17:56:53 #3 type] 
Type domain.Usuario is not enhanced.

[2020-03-03 17:56:54 #4 type.registry] 
New type domain.Question

[2020-03-03 17:56:54 #5 type] 
Type domain.Question is not enhanced.

[2020-03-03 17:56:54 #6 type.registry] 
New type domain.Pronostico

[2020-03-03 17:56:54 #7 type.registry] 
New type java.util.Vector<domain.Pronostico>

[2020-03-03 17:56:54 #8 type.registry] 
New type domain.Event

[2020-03-03 17:56:54 #9 type] 
Type domain.Pronostico is not enhanced.

[2020-03-03 17:56:54 #10 type] 
Type domain.Event is not enhanced.

[2020-03-03 17:56:54 #11 type.registry] 
New type java.util.Vector<domain.Question>

[2020-03-03 17:56:54 #12 type.registry] 
New type java.util.Vector<java.lang.Object>

------------------------------------------------------------------------------------------------------------------------

[2020-03-03 17:58:12 #1 store] 
Database '/home/marcos/Desktop/IS/Bets/resources/bets.temp' is opened by 10798@marcos-N552VX

[2020-03-03 17:58:12 #2 type.registry] 
New type domain.Usuario

[2020-03-03 17:58:12 #3 type] 
Type domain.Usuario is not enhanced.

[2020-03-03 17:58:12 #4 type.registry] 
New type domain.Question

[2020-03-03 17:58:12 #5 type] 
Type domain.Question is not enhanced.

[2020-03-03 17:58:12 #6 type.registry] 
New type domain.Pronostico

[2020-03-03 17:58:12 #7 type.registry] 
New type java.util.Vector<domain.Pronostico>

[2020-03-03 17:58:12 #8 type.registry] 
New type domain.Event

[2020-03-03 17:58:12 #9 type] 
Type domain.Pronostico is not enhanced.

[2020-03-03 17:58:12 #10 type] 
Type domain.Event is not enhanced.

[2020-03-03 17:58:12 #11 type.registry] 
New type java.util.Vector<domain.Question>

[2020-03-03 17:58:12 #12 type.registry] 
New type java.util.Vector<java.lang.Object>

------------------------------------------------------------------------------------------------------------------------

[2020-03-03 17:59:12 #1 store] 
Database '/home/marcos/Desktop/IS/Bets/resources/bets.temp' has been recovered (tr. 1-6)

[2020-03-03 17:59:12 #2 store] 
Database '/home/marcos/Desktop/IS/Bets/resources/bets.temp' is opened by 10845@marcos-N552VX

[2020-03-03 17:59:12 #3 type] 
Type domain.Usuario is not enhanced.

[2020-03-03 17:59:12 #4 type] 
Type domain.Question is not enhanced.

[2020-03-03 17:59:12 #5 type] 
Type domain.Pronostico is not enhanced.

[2020-03-03 17:59:12 #6 type] 
Type domain.Event is not enhanced.

------------------------------------------------------------------------------------------------------------------------

[2020-03-03 18:09:30 #1 store] 
Database '/home/marcos/Desktop/IS/Bets/resources/bets.temp' has been recovered (tr. 7-10)

[2020-03-03 18:09:30 #2 store] 
Database '/home/marcos/Desktop/IS/Bets/resources/bets.temp' is opened by 11099@marcos-N552VX

[2020-03-03 18:09:31 #3 type] 
Type domain.Usuario is not enhanced.

[2020-03-03 18:09:31 #4 type] 
Type domain.Question is not enhanced.

[2020-03-03 18:09:31 #5 type] 
Type domain.Pronostico is not enhanced.

[2020-03-03 18:09:31 #6 type] 
Type domain.Event is not enhanced.

------------------------------------------------------------------------------------------------------------------------

[2020-03-03 18:16:11 #1 store] 
Database '/home/marcos/Desktop/IS/Bets/resources/bets.temp' is opened by 11469@marcos-N552VX

[2020-03-03 18:16:11 #2 type] 
Type domain.Usuario is not enhanced.

[2020-03-03 18:16:11 #3 type] 
Type domain.Question is not enhanced.

[2020-03-03 18:16:11 #4 type] 
Type domain.Pronostico is not enhanced.

[2020-03-03 18:16:11 #5 type] 
Type domain.Event is not enhanced.

------------------------------------------------------------------------------------------------------------------------

[2020-03-03 18:50:11 #1 store] 
Database 'C:\Users\unais\eclipse-workspace\Bets\resources\bets.temp' is opened by 13396@DESKTOP-9ERLLO7

[2020-03-03 18:50:11 #2 type.registry] 
New type domain.Usuario

[2020-03-03 18:50:11 #3 type] 
Type domain.Usuario is not enhanced.

[2020-03-03 18:50:11 #4 type.registry] 
New type domain.Question

[2020-03-03 18:50:11 #5 type] 
Type domain.Question is not enhanced.

[2020-03-03 18:50:11 #6 type.registry] 
New type domain.Pronostico

[2020-03-03 18:50:11 #7 type.registry] 
New type java.util.Vector<domain.Pronostico>

[2020-03-03 18:50:11 #8 type.registry] 
New type domain.Event

[2020-03-03 18:50:11 #9 type] 
Type domain.Pronostico is not enhanced.

[2020-03-03 18:50:11 #10 type] 
Type domain.Event is not enhanced.

[2020-03-03 18:50:11 #11 type.registry] 
New type java.util.Vector<domain.Question>

[2020-03-03 18:50:11 #12 type.registry] 
New type java.util.Vector<java.lang.Object>

------------------------------------------------------------------------------------------------------------------------

[2020-03-03 18:59:22 #1 store] 
Database 'C:\Users\unais\eclipse-workspace\Bets\resources\bets.temp' is opened by 3036@DESKTOP-9ERLLO7

[2020-03-03 18:59:22 #2 type] 
Type domain.Usuario is not enhanced.

[2020-03-03 18:59:22 #3 type] 
Type domain.Question is not enhanced.

[2020-03-03 18:59:22 #4 type] 
Type domain.Pronostico is not enhanced.

[2020-03-03 18:59:22 #5 type] 
Type domain.Event is not enhanced.

------------------------------------------------------------------------------------------------------------------------

[2020-03-03 19:04:27 #1 store] 
Database 'C:\Users\unais\eclipse-workspace\Bets\resources\bets.temp' is opened by 13908@DESKTOP-9ERLLO7

[2020-03-03 19:04:27 #2 type.registry] 
New type domain.Usuario

[2020-03-03 19:04:27 #3 type] 
Type domain.Usuario is not enhanced.

[2020-03-03 19:04:27 #4 type.registry] 
New type domain.Question

[2020-03-03 19:04:27 #5 type] 
Type domain.Question is not enhanced.

[2020-03-03 19:04:27 #6 type.registry] 
New type domain.Pronostico

[2020-03-03 19:04:27 #7 type.registry] 
New type java.util.Vector<domain.Pronostico>

[2020-03-03 19:04:27 #8 type.registry] 
New type domain.Event

[2020-03-03 19:04:27 #9 type] 
Type domain.Pronostico is not enhanced.

[2020-03-03 19:04:27 #10 type] 
Type domain.Event is not enhanced.

[2020-03-03 19:04:27 #11 type.registry] 
New type java.util.Vector<domain.Question>

[2020-03-03 19:04:27 #12 type.registry] 
New type java.util.Vector<java.lang.Object>

------------------------------------------------------------------------------------------------------------------------

[2020-03-03 19:07:29 #1 store] 
Database 'C:\Users\unais\eclipse-workspace\Bets\resources\bets.temp' is opened by 7300@DESKTOP-9ERLLO7

[2020-03-03 19:07:30 #2 type] 
Type domain.Usuario is not enhanced.

[2020-03-03 19:07:30 #3 type] 
Type domain.Question is not enhanced.

[2020-03-03 19:07:30 #4 type] 
Type domain.Pronostico is not enhanced.

[2020-03-03 19:07:30 #5 type] 
Type domain.Event is not enhanced.

------------------------------------------------------------------------------------------------------------------------

[2020-03-03 19:13:14 #1 store] 
Database 'C:\Users\unais\eclipse-workspace\Bets\resources\bets.temp' is opened by 8320@DESKTOP-9ERLLO7

[2020-03-03 19:13:14 #2 type] 
Type domain.Usuario is not enhanced.

[2020-03-03 19:13:14 #3 type] 
Type domain.Question is not enhanced.

[2020-03-03 19:13:14 #4 type] 
Type domain.Pronostico is not enhanced.

[2020-03-03 19:13:14 #5 type] 
Type domain.Event is not enhanced.

------------------------------------------------------------------------------------------------------------------------

[2020-03-03 19:15:11 #1 store] 
Database 'C:\Users\unais\eclipse-workspace\Bets\resources\bets.temp' is opened by 9820@DESKTOP-9ERLLO7

[2020-03-03 19:15:11 #2 type] 
Type domain.Usuario is not enhanced.

[2020-03-03 19:15:11 #3 type] 
Type domain.Question is not enhanced.

[2020-03-03 19:15:11 #4 type] 
Type domain.Pronostico is not enhanced.

[2020-03-03 19:15:11 #5 type] 
Type domain.Event is not enhanced.

------------------------------------------------------------------------------------------------------------------------

[2020-03-03 19:16:49 #1 store] 
Database 'C:\Users\unais\eclipse-workspace\Bets\resources\bets.temp' has been recovered (tr. 11-11)

[2020-03-03 19:16:49 #2 store] 
Database 'C:\Users\unais\eclipse-workspace\Bets\resources\bets.temp' is opened by 14300@DESKTOP-9ERLLO7

[2020-03-03 19:16:49 #3 type] 
Type domain.Usuario is not enhanced.

[2020-03-03 19:16:49 #4 type] 
Type domain.Question is not enhanced.

[2020-03-03 19:16:49 #5 type] 
Type domain.Pronostico is not enhanced.

[2020-03-03 19:16:49 #6 type] 
Type domain.Event is not enhanced.

------------------------------------------------------------------------------------------------------------------------

[2020-03-03 19:21:34 #1 store] 
Database 'C:\Users\unais\eclipse-workspace\Bets\resources\bets.temp' is opened by 3328@DESKTOP-9ERLLO7

[2020-03-03 19:21:34 #2 type.registry] 
New type domain.Usuario

[2020-03-03 19:21:34 #3 type] 
Type domain.Usuario is not enhanced.

[2020-03-03 19:21:34 #4 type.registry] 
New type domain.Question

[2020-03-03 19:21:34 #5 type] 
Type domain.Question is not enhanced.

[2020-03-03 19:21:34 #6 type.registry] 
New type domain.Pronostico

[2020-03-03 19:21:34 #7 type.registry] 
New type java.util.Vector<domain.Pronostico>

[2020-03-03 19:21:34 #8 type.registry] 
New type domain.Event

[2020-03-03 19:21:34 #9 type] 
Type domain.Pronostico is not enhanced.

[2020-03-03 19:21:34 #10 type] 
Type domain.Event is not enhanced.

[2020-03-03 19:21:34 #11 type.registry] 
New type java.util.Vector<domain.Question>

[2020-03-03 19:21:34 #12 type.registry] 
New type java.util.Vector<java.lang.Object>

------------------------------------------------------------------------------------------------------------------------

[2020-03-03 19:25:18 #1 store] 
Database 'C:\Users\unais\eclipse-workspace\Bets\resources\bets.temp' is opened by 14096@DESKTOP-9ERLLO7

[2020-03-03 19:25:18 #2 type] 
Type domain.Usuario is not enhanced.

[2020-03-03 19:25:18 #3 type] 
Type domain.Question is not enhanced.

[2020-03-03 19:25:18 #4 type] 
Type domain.Pronostico is not enhanced.

[2020-03-03 19:25:18 #5 type] 
Type domain.Event is not enhanced.

------------------------------------------------------------------------------------------------------------------------

[2020-03-03 19:27:03 #1 store] 
Database 'C:\Users\unais\eclipse-workspace\Bets\resources\bets.temp' is opened by 8952@DESKTOP-9ERLLO7

[2020-03-03 19:27:03 #2 type.registry] 
New type domain.Usuario

[2020-03-03 19:27:03 #3 type] 
Type domain.Usuario is not enhanced.

[2020-03-03 19:27:03 #4 type.registry] 
New type domain.Question

[2020-03-03 19:27:03 #5 type] 
Type domain.Question is not enhanced.

[2020-03-03 19:27:03 #6 type.registry] 
New type domain.Pronostico

[2020-03-03 19:27:03 #7 type.registry] 
New type java.util.Vector<domain.Pronostico>

[2020-03-03 19:27:03 #8 type.registry] 
New type domain.Event

[2020-03-03 19:27:03 #9 type] 
Type domain.Pronostico is not enhanced.

[2020-03-03 19:27:03 #10 type] 
Type domain.Event is not enhanced.

[2020-03-03 19:27:03 #11 type.registry] 
New type java.util.Vector<domain.Question>

[2020-03-03 19:27:03 #12 type.registry] 
New type java.util.Vector<java.lang.Object>

------------------------------------------------------------------------------------------------------------------------

[2020-03-03 19:29:06 #1 store] 
Database 'C:\Users\unais\eclipse-workspace\Bets\resources\bets.temp' is opened by 6232@DESKTOP-9ERLLO7

[2020-03-03 19:29:06 #2 type] 
Type domain.Usuario is not enhanced.

[2020-03-03 19:29:06 #3 type] 
Type domain.Question is not enhanced.

[2020-03-03 19:29:06 #4 type] 
Type domain.Pronostico is not enhanced.

[2020-03-03 19:29:06 #5 type] 
Type domain.Event is not enhanced.

------------------------------------------------------------------------------------------------------------------------

[2020-03-03 19:34:24 #1 store] 
Database 'C:\Users\unais\eclipse-workspace\Bets\resources\bets.temp' has been recovered (tr. 7-9)

[2020-03-03 19:34:24 #2 store] 
Database 'C:\Users\unais\eclipse-workspace\Bets\resources\bets.temp' is opened by 7192@DESKTOP-9ERLLO7

[2020-03-03 19:34:24 #3 type] 
Type domain.Usuario is not enhanced.

[2020-03-03 19:34:24 #4 type] 
Type domain.Question is not enhanced.

[2020-03-03 19:34:24 #5 type] 
Type domain.Pronostico is not enhanced.

[2020-03-03 19:34:24 #6 type] 
Type domain.Event is not enhanced.

------------------------------------------------------------------------------------------------------------------------

[2020-03-03 19:35:27 #1 store] 
Database 'C:\Users\unais\eclipse-workspace\Bets\resources\bets.temp' is opened by 4164@DESKTOP-9ERLLO7

[2020-03-03 19:35:27 #2 type] 
Type domain.Usuario is not enhanced.

[2020-03-03 19:35:27 #3 type] 
Type domain.Question is not enhanced.

[2020-03-03 19:35:27 #4 type] 
Type domain.Pronostico is not enhanced.

[2020-03-03 19:35:27 #5 type] 
Type domain.Event is not enhanced.

------------------------------------------------------------------------------------------------------------------------

[2020-03-03 19:36:50 #1 store] 
Database 'C:\Users\unais\eclipse-workspace\Bets\resources\bets.temp' is opened by 10488@DESKTOP-9ERLLO7

[2020-03-03 19:36:50 #2 type] 
Type domain.Usuario is not enhanced.

[2020-03-03 19:36:50 #3 type] 
Type domain.Question is not enhanced.

[2020-03-03 19:36:50 #4 type] 
Type domain.Pronostico is not enhanced.

[2020-03-03 19:36:50 #5 type] 
Type domain.Event is not enhanced.

------------------------------------------------------------------------------------------------------------------------

[2020-03-03 19:37:39 #1 store] 
Database 'C:\Users\unais\eclipse-workspace\Bets\resources\bets.temp' is opened by 14188@DESKTOP-9ERLLO7

[2020-03-03 19:37:39 #2 type.registry] 
New type domain.Usuario

[2020-03-03 19:37:39 #3 type] 
Type domain.Usuario is not enhanced.

[2020-03-03 19:37:39 #4 type.registry] 
New type domain.Question

[2020-03-03 19:37:39 #5 type] 
Type domain.Question is not enhanced.

[2020-03-03 19:37:39 #6 type.registry] 
New type domain.Pronostico

[2020-03-03 19:37:39 #7 type.registry] 
New type java.util.Vector<domain.Pronostico>

[2020-03-03 19:37:39 #8 type.registry] 
New type domain.Event

[2020-03-03 19:37:39 #9 type] 
Type domain.Pronostico is not enhanced.

[2020-03-03 19:37:39 #10 type] 
Type domain.Event is not enhanced.

[2020-03-03 19:37:39 #11 type.registry] 
New type java.util.Vector<domain.Question>

[2020-03-03 19:37:39 #12 type.registry] 
New type java.util.Vector<java.lang.Object>

------------------------------------------------------------------------------------------------------------------------

[2020-03-03 19:42:35 #1 store] 
Database 'C:\Users\unais\eclipse-workspace\Bets\resources\bets.temp' is opened by 6672@DESKTOP-9ERLLO7

[2020-03-03 19:42:35 #2 type] 
Type domain.Usuario is not enhanced.

[2020-03-03 19:42:35 #3 type] 
Type domain.Question is not enhanced.

[2020-03-03 19:42:35 #4 type] 
Type domain.Pronostico is not enhanced.

[2020-03-03 19:42:35 #5 type] 
Type domain.Event is not enhanced.

------------------------------------------------------------------------------------------------------------------------

[2020-03-03 19:44:19 #1 store] 
Database 'C:\Users\unais\eclipse-workspace\Bets\resources\bets.temp' is opened by 12684@DESKTOP-9ERLLO7

[2020-03-03 19:44:19 #2 type] 
Type domain.Usuario is not enhanced.

[2020-03-03 19:44:19 #3 type] 
Type domain.Question is not enhanced.

[2020-03-03 19:44:19 #4 type] 
Type domain.Pronostico is not enhanced.

[2020-03-03 19:44:19 #5 type] 
Type domain.Event is not enhanced.

------------------------------------------------------------------------------------------------------------------------

[2020-03-03 19:49:47 #1 store] 
Database 'C:\Users\unais\eclipse-workspace\Bets\resources\bets.temp' is opened by 15308@DESKTOP-9ERLLO7

[2020-03-03 19:49:47 #2 type] 
Type domain.Usuario is not enhanced.

[2020-03-03 19:49:47 #3 type] 
Type domain.Question is not enhanced.

[2020-03-03 19:49:47 #4 type] 
Type domain.Pronostico is not enhanced.

[2020-03-03 19:49:47 #5 type] 
Type domain.Event is not enhanced.

------------------------------------------------------------------------------------------------------------------------

[2020-03-03 20:29:09 #1 store] 
Database 'C:\Users\unais\eclipse-workspace\Bets\resources\bets.temp' is opened by 9080@DESKTOP-9ERLLO7

[2020-03-03 20:29:09 #2 type.registry] 
New type domain.Usuario

[2020-03-03 20:29:09 #3 type] 
Type domain.Usuario is not enhanced.

[2020-03-03 20:29:09 #4 type.registry] 
New type domain.Question

[2020-03-03 20:29:09 #5 type] 
Type domain.Question is not enhanced.

[2020-03-03 20:29:09 #6 type.registry] 
New type domain.Pronostico

[2020-03-03 20:29:09 #7 type.registry] 
New type java.util.Vector<domain.Pronostico>

[2020-03-03 20:29:09 #8 type.registry] 
New type domain.Event

[2020-03-03 20:29:09 #9 type] 
Type domain.Pronostico is not enhanced.

[2020-03-03 20:29:09 #10 type] 
Type domain.Event is not enhanced.

[2020-03-03 20:29:09 #11 type.registry] 
New type java.util.Vector<domain.Question>

[2020-03-03 20:29:09 #12 type.registry] 
New type java.util.Vector<java.lang.Object>

