------------------------------------------------------------------------------------------------------------------------

[2020-03-31 14:29:09 #1 store] 
Database '/Users/haizea/Desktop/ISFM/Bets/resources/bets.temp' is opened by 12069@MacBook-Pro-de-Haizea.local

[2020-03-31 14:29:09 #2 type.registry] 
New type domain.Usuario

[2020-03-31 14:29:09 #3 type] 
Type domain.Usuario is not enhanced.

[2020-03-31 14:29:09 #4 type.registry] 
New type domain.Apuesta

[2020-03-31 14:29:09 #5 type.registry] 
New type java.util.Vector<domain.Apuesta>

[2020-03-31 14:29:09 #6 type.registry] 
New type domain.Monedero

[2020-03-31 14:29:09 #7 type] 
Type domain.Apuesta is not enhanced.

[2020-03-31 14:29:09 #8 type] 
Type domain.Monedero is not enhanced.

[2020-03-31 14:29:09 #9 type.registry] 
New type domain.Question

[2020-03-31 14:29:09 #10 type] 
Type domain.Question is not enhanced.

[2020-03-31 14:29:09 #11 type.registry] 
New type domain.Pronostico

[2020-03-31 14:29:09 #12 type.registry] 
New type java.util.Vector<domain.Pronostico>

[2020-03-31 14:29:09 #13 type.registry] 
New type domain.Event

[2020-03-31 14:29:09 #14 type] 
Type domain.Pronostico is not enhanced.

[2020-03-31 14:29:09 #15 type] 
Type domain.Event is not enhanced.

[2020-03-31 14:29:09 #16 type.registry] 
New type java.util.Vector<domain.Question>

[2020-03-31 14:29:09 #17 type.registry] 
New type java.util.Vector<java.lang.Object>

------------------------------------------------------------------------------------------------------------------------

[2020-03-31 15:04:46 #1 store] 
Database '/Users/haizea/Desktop/ISFM/Bets/resources/bets.temp' is opened by 12108@MacBook-Pro-de-Haizea.local

[2020-03-31 15:04:47 #2 type.registry] 
New type domain.Usuario

[2020-03-31 15:04:47 #3 type] 
Type domain.Usuario is not enhanced.

[2020-03-31 15:04:47 #4 type.registry] 
New type domain.Apuesta

[2020-03-31 15:04:47 #5 type.registry] 
New type java.util.Vector<domain.Apuesta>

[2020-03-31 15:04:47 #6 type.registry] 
New type domain.Monedero

[2020-03-31 15:04:47 #7 type] 
Type domain.Apuesta is not enhanced.

[2020-03-31 15:04:47 #8 type] 
Type domain.Monedero is not enhanced.

[2020-03-31 15:04:47 #9 type.registry] 
New type domain.Question

[2020-03-31 15:04:47 #10 type] 
Type domain.Question is not enhanced.

[2020-03-31 15:04:47 #11 type.registry] 
New type domain.Pronostico

[2020-03-31 15:04:47 #12 type.registry] 
New type java.util.Vector<domain.Pronostico>

[2020-03-31 15:04:47 #13 type.registry] 
New type domain.Event

[2020-03-31 15:04:47 #14 type] 
Type domain.Pronostico is not enhanced.

[2020-03-31 15:04:47 #15 type] 
Type domain.Event is not enhanced.

[2020-03-31 15:04:47 #16 type.registry] 
New type java.util.Vector<domain.Question>

[2020-03-31 15:04:47 #17 type.registry] 
New type java.util.Vector<java.lang.Object>

------------------------------------------------------------------------------------------------------------------------

[2020-03-31 15:06:45 #1 store] 
Database '/Users/haizea/Desktop/ISFM/Bets/resources/bets.temp' is opened by 12119@MacBook-Pro-de-Haizea.local

[2020-03-31 15:06:45 #2 type.registry] 
New type domain.Usuario

[2020-03-31 15:06:45 #3 type] 
Type domain.Usuario is not enhanced.

[2020-03-31 15:06:45 #4 type.registry] 
New type domain.Apuesta

[2020-03-31 15:06:45 #5 type.registry] 
New type java.util.Vector<domain.Apuesta>

[2020-03-31 15:06:45 #6 type.registry] 
New type domain.Monedero

[2020-03-31 15:06:45 #7 type] 
Type domain.Apuesta is not enhanced.

[2020-03-31 15:06:45 #8 type] 
Type domain.Monedero is not enhanced.

[2020-03-31 15:06:45 #9 type.registry] 
New type domain.Question

[2020-03-31 15:06:45 #10 type] 
Type domain.Question is not enhanced.

[2020-03-31 15:06:45 #11 type.registry] 
New type domain.Pronostico

[2020-03-31 15:06:45 #12 type.registry] 
New type java.util.Vector<domain.Pronostico>

[2020-03-31 15:06:45 #13 type.registry] 
New type domain.Event

[2020-03-31 15:06:45 #14 type] 
Type domain.Pronostico is not enhanced.

[2020-03-31 15:06:45 #15 type] 
Type domain.Event is not enhanced.

[2020-03-31 15:06:45 #16 type.registry] 
New type java.util.Vector<domain.Question>

[2020-03-31 15:06:45 #17 type.registry] 
New type java.util.Vector<java.lang.Object>

------------------------------------------------------------------------------------------------------------------------

[2020-03-31 15:21:57 #1 store] 
Database '/Users/haizea/Desktop/ISFM/Bets/resources/bets.temp' is opened by 12150@MacBook-Pro-de-Haizea.local

[2020-03-31 15:21:57 #2 type.registry] 
New type domain.Usuario

[2020-03-31 15:21:57 #3 type] 
Type domain.Usuario is not enhanced.

[2020-03-31 15:21:57 #4 type.registry] 
New type domain.Apuesta

[2020-03-31 15:21:57 #5 type.registry] 
New type java.util.Vector<domain.Apuesta>

[2020-03-31 15:21:57 #6 type.registry] 
New type domain.Monedero

[2020-03-31 15:21:57 #7 type] 
Type domain.Apuesta is not enhanced.

[2020-03-31 15:21:57 #8 type] 
Type domain.Monedero is not enhanced.

[2020-03-31 15:21:57 #9 type.registry] 
New type domain.Question

[2020-03-31 15:21:57 #10 type] 
Type domain.Question is not enhanced.

[2020-03-31 15:21:57 #11 type.registry] 
New type domain.Pronostico

[2020-03-31 15:21:57 #12 type.registry] 
New type java.util.Vector<domain.Pronostico>

[2020-03-31 15:21:57 #13 type.registry] 
New type domain.Event

[2020-03-31 15:21:57 #14 type] 
Type domain.Pronostico is not enhanced.

[2020-03-31 15:21:57 #15 type] 
Type domain.Event is not enhanced.

[2020-03-31 15:21:57 #16 type.registry] 
New type java.util.Vector<domain.Question>

[2020-03-31 15:21:57 #17 type.registry] 
New type java.util.Vector<java.lang.Object>

------------------------------------------------------------------------------------------------------------------------

[2020-03-31 15:24:53 #1 store] 
Database '/Users/haizea/Desktop/ISFM/Bets/resources/bets.temp' is opened by 12154@MacBook-Pro-de-Haizea.local

[2020-03-31 15:24:53 #2 type.registry] 
New type domain.Usuario

[2020-03-31 15:24:53 #3 type] 
Type domain.Usuario is not enhanced.

[2020-03-31 15:24:53 #4 type.registry] 
New type domain.Apuesta

[2020-03-31 15:24:53 #5 type.registry] 
New type java.util.Vector<domain.Apuesta>

[2020-03-31 15:24:53 #6 type.registry] 
New type domain.Monedero

[2020-03-31 15:24:53 #7 type] 
Type domain.Apuesta is not enhanced.

[2020-03-31 15:24:53 #8 type] 
Type domain.Monedero is not enhanced.

[2020-03-31 15:24:53 #9 type.registry] 
New type domain.Question

[2020-03-31 15:24:53 #10 type] 
Type domain.Question is not enhanced.

[2020-03-31 15:24:53 #11 type.registry] 
New type domain.Pronostico

[2020-03-31 15:24:53 #12 type.registry] 
New type java.util.Vector<domain.Pronostico>

[2020-03-31 15:24:53 #13 type.registry] 
New type domain.Event

[2020-03-31 15:24:53 #14 type] 
Type domain.Pronostico is not enhanced.

[2020-03-31 15:24:53 #15 type] 
Type domain.Event is not enhanced.

[2020-03-31 15:24:53 #16 type.registry] 
New type java.util.Vector<domain.Question>

[2020-03-31 15:24:53 #17 type.registry] 
New type java.util.Vector<java.lang.Object>

------------------------------------------------------------------------------------------------------------------------

[2020-03-31 15:34:54 #1 store] 
Database '/Users/haizea/Desktop/ISFM/Bets/resources/bets.temp' is opened by 12161@MacBook-Pro-de-Haizea.local

[2020-03-31 15:34:54 #2 type.registry] 
New type domain.Usuario

[2020-03-31 15:34:54 #3 type] 
Type domain.Usuario is not enhanced.

[2020-03-31 15:34:54 #4 type.registry] 
New type domain.Apuesta

[2020-03-31 15:34:54 #5 type.registry] 
New type java.util.Vector<domain.Apuesta>

[2020-03-31 15:34:54 #6 type.registry] 
New type domain.Monedero

[2020-03-31 15:34:54 #7 type] 
Type domain.Apuesta is not enhanced.

[2020-03-31 15:34:54 #8 type] 
Type domain.Monedero is not enhanced.

[2020-03-31 15:34:54 #9 type.registry] 
New type domain.Question

[2020-03-31 15:34:54 #10 type] 
Type domain.Question is not enhanced.

[2020-03-31 15:34:54 #11 type.registry] 
New type domain.Pronostico

[2020-03-31 15:34:54 #12 type.registry] 
New type java.util.Vector<domain.Pronostico>

[2020-03-31 15:34:54 #13 type.registry] 
New type domain.Event

[2020-03-31 15:34:54 #14 type] 
Type domain.Pronostico is not enhanced.

[2020-03-31 15:34:54 #15 type] 
Type domain.Event is not enhanced.

[2020-03-31 15:34:54 #16 type.registry] 
New type java.util.Vector<domain.Question>

[2020-03-31 15:34:54 #17 type.registry] 
New type java.util.Vector<java.lang.Object>

------------------------------------------------------------------------------------------------------------------------

[2020-03-31 15:46:02 #1 store] 
Database '/Users/haizea/Desktop/ISFM/Bets/resources/bets.temp' is opened by 12166@MacBook-Pro-de-Haizea.local

[2020-03-31 15:46:02 #2 type.registry] 
New type domain.Usuario

[2020-03-31 15:46:02 #3 type] 
Type domain.Usuario is not enhanced.

[2020-03-31 15:46:02 #4 type.registry] 
New type domain.Apuesta

[2020-03-31 15:46:02 #5 type.registry] 
New type java.util.Vector<domain.Apuesta>

[2020-03-31 15:46:02 #6 type.registry] 
New type domain.Monedero

[2020-03-31 15:46:02 #7 type] 
Type domain.Apuesta is not enhanced.

[2020-03-31 15:46:02 #8 type] 
Type domain.Monedero is not enhanced.

[2020-03-31 15:46:02 #9 type.registry] 
New type domain.Question

[2020-03-31 15:46:02 #10 type] 
Type domain.Question is not enhanced.

[2020-03-31 15:46:02 #11 type.registry] 
New type domain.Pronostico

[2020-03-31 15:46:02 #12 type.registry] 
New type java.util.Vector<domain.Pronostico>

[2020-03-31 15:46:02 #13 type.registry] 
New type domain.Event

[2020-03-31 15:46:02 #14 type] 
Type domain.Pronostico is not enhanced.

[2020-03-31 15:46:02 #15 type] 
Type domain.Event is not enhanced.

[2020-03-31 15:46:02 #16 type.registry] 
New type java.util.Vector<domain.Question>

[2020-03-31 15:46:02 #17 type.registry] 
New type java.util.Vector<java.lang.Object>

------------------------------------------------------------------------------------------------------------------------

[2020-03-31 15:49:43 #1 store] 
Database '/Users/haizea/Desktop/ISFM/Bets/resources/bets.temp' is opened by 12169@MacBook-Pro-de-Haizea.local

[2020-03-31 15:49:43 #2 type.registry] 
New type domain.Usuario

[2020-03-31 15:49:43 #3 type] 
Type domain.Usuario is not enhanced.

[2020-03-31 15:49:43 #4 type.registry] 
New type domain.Apuesta

[2020-03-31 15:49:43 #5 type.registry] 
New type java.util.Vector<domain.Apuesta>

[2020-03-31 15:49:43 #6 type.registry] 
New type domain.Monedero

[2020-03-31 15:49:43 #7 type] 
Type domain.Apuesta is not enhanced.

[2020-03-31 15:49:43 #8 type] 
Type domain.Monedero is not enhanced.

[2020-03-31 15:49:43 #9 type.registry] 
New type domain.Question

[2020-03-31 15:49:43 #10 type] 
Type domain.Question is not enhanced.

[2020-03-31 15:49:43 #11 type.registry] 
New type domain.Pronostico

[2020-03-31 15:49:43 #12 type.registry] 
New type java.util.Vector<domain.Pronostico>

[2020-03-31 15:49:43 #13 type.registry] 
New type domain.Event

[2020-03-31 15:49:43 #14 type] 
Type domain.Pronostico is not enhanced.

[2020-03-31 15:49:43 #15 type] 
Type domain.Event is not enhanced.

[2020-03-31 15:49:43 #16 type.registry] 
New type java.util.Vector<domain.Question>

[2020-03-31 15:49:43 #17 type.registry] 
New type java.util.Vector<java.lang.Object>

------------------------------------------------------------------------------------------------------------------------

[2020-03-31 15:51:44 #1 store] 
Database '/Users/haizea/Desktop/ISFM/Bets/resources/bets.temp' is opened by 12171@MacBook-Pro-de-Haizea.local

[2020-03-31 15:51:45 #2 type.registry] 
New type domain.Usuario

[2020-03-31 15:51:45 #3 type] 
Type domain.Usuario is not enhanced.

[2020-03-31 15:51:45 #4 type.registry] 
New type domain.Apuesta

[2020-03-31 15:51:45 #5 type.registry] 
New type java.util.Vector<domain.Apuesta>

[2020-03-31 15:51:45 #6 type.registry] 
New type domain.Monedero

[2020-03-31 15:51:45 #7 type] 
Type domain.Apuesta is not enhanced.

[2020-03-31 15:51:45 #8 type] 
Type domain.Monedero is not enhanced.

[2020-03-31 15:51:45 #9 type.registry] 
New type domain.Question

[2020-03-31 15:51:45 #10 type] 
Type domain.Question is not enhanced.

[2020-03-31 15:51:45 #11 type.registry] 
New type domain.Pronostico

[2020-03-31 15:51:45 #12 type.registry] 
New type java.util.Vector<domain.Pronostico>

[2020-03-31 15:51:45 #13 type.registry] 
New type domain.Event

[2020-03-31 15:51:45 #14 type] 
Type domain.Pronostico is not enhanced.

[2020-03-31 15:51:45 #15 type] 
Type domain.Event is not enhanced.

[2020-03-31 15:51:45 #16 type.registry] 
New type java.util.Vector<domain.Question>

[2020-03-31 15:51:45 #17 type.registry] 
New type java.util.Vector<java.lang.Object>

------------------------------------------------------------------------------------------------------------------------

[2020-03-31 15:54:04 #1 store] 
Database '/Users/haizea/Desktop/ISFM/Bets/resources/bets.temp' has been recovered (tr. 1-6)

[2020-03-31 15:54:10 #2 store] 
Database '/Users/haizea/Desktop/ISFM/Bets/resources/bets.temp' is opened by 12175@MacBook-Pro-de-Haizea.local

[2020-03-31 15:54:10 #3 type] 
Type domain.Usuario is not enhanced.

[2020-03-31 15:54:10 #4 type] 
Type domain.Apuesta is not enhanced.

[2020-03-31 15:54:10 #5 type] 
Type domain.Monedero is not enhanced.

[2020-03-31 15:54:10 #6 type] 
Type domain.Question is not enhanced.

[2020-03-31 15:54:10 #7 type] 
Type domain.Pronostico is not enhanced.

[2020-03-31 15:54:10 #8 type] 
Type domain.Event is not enhanced.

------------------------------------------------------------------------------------------------------------------------

[2020-03-31 15:56:52 #1 store] 
Database '/Users/haizea/Desktop/ISFM/Bets/resources/bets.temp' has been recovered (tr. 7-7)

[2020-03-31 15:56:57 #2 store] 
Database '/Users/haizea/Desktop/ISFM/Bets/resources/bets.temp' is opened by 12180@MacBook-Pro-de-Haizea.local

[2020-03-31 15:56:58 #3 type] 
Type domain.Usuario is not enhanced.

[2020-03-31 15:56:58 #4 type] 
Type domain.Apuesta is not enhanced.

[2020-03-31 15:56:58 #5 type] 
Type domain.Monedero is not enhanced.

[2020-03-31 15:56:58 #6 type] 
Type domain.Question is not enhanced.

[2020-03-31 15:56:58 #7 type] 
Type domain.Pronostico is not enhanced.

[2020-03-31 15:56:58 #8 type] 
Type domain.Event is not enhanced.

------------------------------------------------------------------------------------------------------------------------

[2020-03-31 16:00:14 #1 store] 
Database '/Users/haizea/Desktop/ISFM/Bets/resources/bets.temp' is opened by 12182@MacBook-Pro-de-Haizea.local

[2020-03-31 16:00:14 #2 type] 
Type domain.Usuario is not enhanced.

[2020-03-31 16:00:14 #3 type] 
Type domain.Apuesta is not enhanced.

[2020-03-31 16:00:14 #4 type] 
Type domain.Monedero is not enhanced.

[2020-03-31 16:00:14 #5 type] 
Type domain.Question is not enhanced.

[2020-03-31 16:00:14 #6 type] 
Type domain.Pronostico is not enhanced.

[2020-03-31 16:00:14 #7 type] 
Type domain.Event is not enhanced.

------------------------------------------------------------------------------------------------------------------------

[2020-03-31 16:03:37 #1 store] 
Database '/Users/haizea/Desktop/ISFM/Bets/resources/bets.temp' is opened by 12184@MacBook-Pro-de-Haizea.local

[2020-03-31 16:03:38 #2 type] 
Type domain.Usuario is not enhanced.

[2020-03-31 16:03:38 #3 type] 
Type domain.Apuesta is not enhanced.

[2020-03-31 16:03:38 #4 type] 
Type domain.Monedero is not enhanced.

[2020-03-31 16:03:38 #5 type] 
Type domain.Question is not enhanced.

[2020-03-31 16:03:38 #6 type] 
Type domain.Pronostico is not enhanced.

[2020-03-31 16:03:38 #7 type] 
Type domain.Event is not enhanced.

------------------------------------------------------------------------------------------------------------------------

[2020-03-31 16:06:41 #1 store] 
Database '/Users/haizea/Desktop/ISFM/Bets/resources/bets.temp' is opened by 12192@MacBook-Pro-de-Haizea.local

[2020-03-31 16:06:41 #2 type] 
Type domain.Usuario is not enhanced.

[2020-03-31 16:06:41 #3 type] 
Type domain.Apuesta is not enhanced.

[2020-03-31 16:06:41 #4 type] 
Type domain.Monedero is not enhanced.

[2020-03-31 16:06:41 #5 type] 
Type domain.Question is not enhanced.

[2020-03-31 16:06:41 #6 type] 
Type domain.Pronostico is not enhanced.

[2020-03-31 16:06:42 #7 type] 
Type domain.Event is not enhanced.

------------------------------------------------------------------------------------------------------------------------

[2020-03-31 16:12:55 #1 store] 
Database '/Users/haizea/Desktop/ISFM/Bets/resources/bets.temp' is opened by 12195@MacBook-Pro-de-Haizea.local

[2020-03-31 16:12:55 #2 type] 
Type domain.Usuario is not enhanced.

[2020-03-31 16:12:55 #3 type] 
Type domain.Apuesta is not enhanced.

[2020-03-31 16:12:55 #4 type] 
Type domain.Monedero is not enhanced.

[2020-03-31 16:12:55 #5 type] 
Type domain.Question is not enhanced.

[2020-03-31 16:12:55 #6 type] 
Type domain.Pronostico is not enhanced.

[2020-03-31 16:12:55 #7 type] 
Type domain.Event is not enhanced.

------------------------------------------------------------------------------------------------------------------------

[2020-03-31 16:14:28 #1 store] 
Database '/Users/haizea/Desktop/ISFM/Bets/resources/bets.temp' is opened by 12197@MacBook-Pro-de-Haizea.local

[2020-03-31 16:14:28 #2 type] 
Type domain.Usuario is not enhanced.

[2020-03-31 16:14:28 #3 type] 
Type domain.Apuesta is not enhanced.

[2020-03-31 16:14:28 #4 type] 
Type domain.Monedero is not enhanced.

[2020-03-31 16:14:28 #5 type] 
Type domain.Question is not enhanced.

[2020-03-31 16:14:28 #6 type] 
Type domain.Pronostico is not enhanced.

[2020-03-31 16:14:28 #7 type] 
Type domain.Event is not enhanced.

------------------------------------------------------------------------------------------------------------------------

[2020-03-31 16:19:10 #1 store] 
Database '/Users/haizea/Desktop/ISFM/Bets/resources/bets.temp' is opened by 12200@MacBook-Pro-de-Haizea.local

[2020-03-31 16:19:11 #2 type] 
Type domain.Usuario is not enhanced.

[2020-03-31 16:19:11 #3 type] 
Type domain.Apuesta is not enhanced.

[2020-03-31 16:19:11 #4 type] 
Type domain.Monedero is not enhanced.

[2020-03-31 16:19:11 #5 type] 
Type domain.Question is not enhanced.

[2020-03-31 16:19:11 #6 type] 
Type domain.Pronostico is not enhanced.

[2020-03-31 16:19:11 #7 type] 
Type domain.Event is not enhanced.

------------------------------------------------------------------------------------------------------------------------

[2020-03-31 16:24:08 #1 store] 
Database '/Users/haizea/Desktop/ISFM/Bets/resources/bets.temp' is opened by 12205@MacBook-Pro-de-Haizea.local

[2020-03-31 16:24:08 #2 type] 
Type domain.Usuario is not enhanced.

[2020-03-31 16:24:08 #3 type] 
Type domain.Apuesta is not enhanced.

[2020-03-31 16:24:08 #4 type] 
Type domain.Monedero is not enhanced.

[2020-03-31 16:24:08 #5 type] 
Type domain.Question is not enhanced.

[2020-03-31 16:24:08 #6 type] 
Type domain.Pronostico is not enhanced.

[2020-03-31 16:24:08 #7 type] 
Type domain.Event is not enhanced.

------------------------------------------------------------------------------------------------------------------------

[2020-03-31 16:41:04 #1 store] 
Database '/Users/haizea/Desktop/ISFM/Bets/resources/bets.temp' is opened by 12210@MacBook-Pro-de-Haizea.local

[2020-03-31 16:41:04 #2 type] 
Type domain.Usuario is not enhanced.

[2020-03-31 16:41:04 #3 type] 
Type domain.Apuesta is not enhanced.

[2020-03-31 16:41:04 #4 type] 
Type domain.Monedero is not enhanced.

[2020-03-31 16:41:04 #5 type] 
Type domain.Question is not enhanced.

[2020-03-31 16:41:04 #6 type] 
Type domain.Pronostico is not enhanced.

[2020-03-31 16:41:04 #7 type] 
Type domain.Event is not enhanced.

------------------------------------------------------------------------------------------------------------------------

[2020-03-31 16:42:45 #1 store] 
Database '/Users/haizea/Desktop/ISFM/Bets/resources/bets.temp' is opened by 12212@MacBook-Pro-de-Haizea.local

[2020-03-31 16:42:45 #2 type] 
Type domain.Usuario is not enhanced.

[2020-03-31 16:42:45 #3 type] 
Type domain.Apuesta is not enhanced.

[2020-03-31 16:42:45 #4 type] 
Type domain.Monedero is not enhanced.

[2020-03-31 16:42:45 #5 type] 
Type domain.Question is not enhanced.

[2020-03-31 16:42:45 #6 type] 
Type domain.Pronostico is not enhanced.

[2020-03-31 16:42:45 #7 type] 
Type domain.Event is not enhanced.

------------------------------------------------------------------------------------------------------------------------

[2020-03-31 16:49:27 #1 store] 
Database '/Users/haizea/Desktop/ISFM/Bets/resources/bets.temp' is opened by 12218@MacBook-Pro-de-Haizea.local

[2020-03-31 16:49:27 #2 type] 
Type domain.Usuario is not enhanced.

[2020-03-31 16:49:27 #3 type] 
Type domain.Apuesta is not enhanced.

[2020-03-31 16:49:27 #4 type] 
Type domain.Monedero is not enhanced.

[2020-03-31 16:49:27 #5 type] 
Type domain.Question is not enhanced.

[2020-03-31 16:49:27 #6 type] 
Type domain.Pronostico is not enhanced.

[2020-03-31 16:49:27 #7 type] 
Type domain.Event is not enhanced.

------------------------------------------------------------------------------------------------------------------------

[2020-03-31 16:52:45 #1 store] 
Database '/Users/haizea/Desktop/ISFM/Bets/resources/bets.temp' is opened by 12221@MacBook-Pro-de-Haizea.local

[2020-03-31 16:52:45 #2 type] 
Type domain.Usuario is not enhanced.

[2020-03-31 16:52:45 #3 type] 
Type domain.Apuesta is not enhanced.

[2020-03-31 16:52:45 #4 type] 
Type domain.Monedero is not enhanced.

[2020-03-31 16:52:45 #5 type] 
Type domain.Question is not enhanced.

[2020-03-31 16:52:45 #6 type] 
Type domain.Pronostico is not enhanced.

[2020-03-31 16:52:45 #7 type] 
Type domain.Event is not enhanced.

------------------------------------------------------------------------------------------------------------------------

[2020-03-31 16:56:05 #1 store] 
Database '/Users/haizea/Desktop/ISFM/Bets/resources/bets.temp' is opened by 12223@MacBook-Pro-de-Haizea.local

[2020-03-31 16:56:05 #2 type] 
Type domain.Usuario is not enhanced.

[2020-03-31 16:56:05 #3 type] 
Type domain.Apuesta is not enhanced.

[2020-03-31 16:56:05 #4 type] 
Type domain.Monedero is not enhanced.

[2020-03-31 16:56:05 #5 type] 
Type domain.Question is not enhanced.

[2020-03-31 16:56:05 #6 type] 
Type domain.Pronostico is not enhanced.

[2020-03-31 16:56:05 #7 type] 
Type domain.Event is not enhanced.

------------------------------------------------------------------------------------------------------------------------

[2020-03-31 17:03:14 #1 store] 
Database '/Users/haizea/Desktop/ISFM/Bets/resources/bets.temp' is opened by 12237@MacBook-Pro-de-Haizea.local

[2020-03-31 17:03:14 #2 type] 
Type domain.Usuario is not enhanced.

[2020-03-31 17:03:14 #3 type] 
Type domain.Apuesta is not enhanced.

[2020-03-31 17:03:14 #4 type] 
Type domain.Monedero is not enhanced.

[2020-03-31 17:03:14 #5 type] 
Type domain.Question is not enhanced.

[2020-03-31 17:03:14 #6 type] 
Type domain.Pronostico is not enhanced.

[2020-03-31 17:03:14 #7 type] 
Type domain.Event is not enhanced.

------------------------------------------------------------------------------------------------------------------------

[2020-03-31 17:28:41 #1 store] 
Database '/Users/haizea/Desktop/ISFM/Bets/resources/bets.temp' is opened by 12309@MacBook-Pro-de-Haizea.local

[2020-03-31 17:28:42 #2 type] 
Type domain.Usuario is not enhanced.

[2020-03-31 17:28:42 #3 type] 
Type domain.Apuesta is not enhanced.

[2020-03-31 17:28:42 #4 type] 
Type domain.Monedero is not enhanced.

[2020-03-31 17:28:42 #5 type] 
Type domain.Question is not enhanced.

[2020-03-31 17:28:42 #6 type] 
Type domain.Pronostico is not enhanced.

[2020-03-31 17:28:42 #7 type] 
Type domain.Event is not enhanced.

------------------------------------------------------------------------------------------------------------------------

[2020-03-31 18:15:05 #1 store] 
Database '/Users/haizea/Desktop/ISFM/Bets/resources/bets.temp' is opened by 12373@MacBook-Pro-de-Haizea.local

[2020-03-31 18:15:06 #2 type] 
Type domain.Usuario is not enhanced.

[2020-03-31 18:15:06 #3 type] 
Type domain.Apuesta is not enhanced.

[2020-03-31 18:15:06 #4 type] 
Type domain.Monedero is not enhanced.

[2020-03-31 18:15:06 #5 type] 
Type domain.Question is not enhanced.

[2020-03-31 18:15:06 #6 type] 
Type domain.Pronostico is not enhanced.

[2020-03-31 18:15:06 #7 type] 
Type domain.Event is not enhanced.

------------------------------------------------------------------------------------------------------------------------

[2020-03-31 18:41:24 #1 store] 
Database '/Users/haizea/Desktop/ISFM/Bets/resources/bets.temp' is opened by 12385@MacBook-Pro-de-Haizea.local

[2020-03-31 18:41:24 #2 type] 
Type domain.Usuario is not enhanced.

[2020-03-31 18:41:24 #3 type] 
Type domain.Apuesta is not enhanced.

[2020-03-31 18:41:24 #4 type] 
Type domain.Monedero is not enhanced.

[2020-03-31 18:41:24 #5 type] 
Type domain.Question is not enhanced.

[2020-03-31 18:41:24 #6 type] 
Type domain.Pronostico is not enhanced.

[2020-03-31 18:41:24 #7 type] 
Type domain.Event is not enhanced.

------------------------------------------------------------------------------------------------------------------------

[2020-03-31 18:45:43 #1 store] 
Database '/Users/haizea/Desktop/ISFM/Bets/resources/bets.temp' is opened by 12395@MacBook-Pro-de-Haizea.local

[2020-03-31 18:45:43 #2 type] 
Type domain.Usuario is not enhanced.

[2020-03-31 18:45:43 #3 type] 
Type domain.Apuesta is not enhanced.

[2020-03-31 18:45:43 #4 type] 
Type domain.Monedero is not enhanced.

[2020-03-31 18:45:43 #5 type] 
Type domain.Question is not enhanced.

[2020-03-31 18:45:43 #6 type] 
Type domain.Pronostico is not enhanced.

[2020-03-31 18:45:43 #7 type] 
Type domain.Event is not enhanced.

------------------------------------------------------------------------------------------------------------------------

[2020-03-31 18:57:50 #1 store] 
Database '/Users/haizea/Desktop/ISFM/Bets/resources/bets.temp' is opened by 12397@MacBook-Pro-de-Haizea.local

[2020-03-31 18:57:50 #2 type] 
Type domain.Usuario is not enhanced.

[2020-03-31 18:57:50 #3 type] 
Type domain.Apuesta is not enhanced.

[2020-03-31 18:57:50 #4 type] 
Type domain.Monedero is not enhanced.

[2020-03-31 18:57:50 #5 type] 
Type domain.Question is not enhanced.

[2020-03-31 18:57:50 #6 type] 
Type domain.Pronostico is not enhanced.

[2020-03-31 18:57:50 #7 type] 
Type domain.Event is not enhanced.

------------------------------------------------------------------------------------------------------------------------

[2020-03-31 18:59:22 #1 store] 
Database '/Users/haizea/Desktop/ISFM/Bets/resources/bets.temp' is opened by 12400@MacBook-Pro-de-Haizea.local

[2020-03-31 18:59:22 #2 type] 
Type domain.Usuario is not enhanced.

[2020-03-31 18:59:22 #3 type] 
Type domain.Apuesta is not enhanced.

[2020-03-31 18:59:22 #4 type] 
Type domain.Monedero is not enhanced.

[2020-03-31 18:59:22 #5 type] 
Type domain.Question is not enhanced.

[2020-03-31 18:59:22 #6 type] 
Type domain.Pronostico is not enhanced.

[2020-03-31 18:59:22 #7 type] 
Type domain.Event is not enhanced.

------------------------------------------------------------------------------------------------------------------------

[2020-03-31 19:17:29 #1 store] 
Database '/Users/haizea/Desktop/ISFM/Bets/resources/bets.temp' is opened by 12421@MacBook-Pro-de-Haizea.local

[2020-03-31 19:17:29 #2 type] 
Type domain.Usuario is not enhanced.

[2020-03-31 19:17:29 #3 type] 
Type domain.Apuesta is not enhanced.

[2020-03-31 19:17:29 #4 type] 
Type domain.Monedero is not enhanced.

[2020-03-31 19:17:29 #5 type] 
Type domain.Question is not enhanced.

[2020-03-31 19:17:29 #6 type] 
Type domain.Pronostico is not enhanced.

[2020-03-31 19:17:29 #7 type] 
Type domain.Event is not enhanced.

