------------------------------------------------------------------------------------------------------------------------

[2020-03-28 14:13:14 #1 store] 
Database 'C:\Users\marko\OneDrive\Documentos\GitHub\LPCIS\Bets\resources\bets.temp' is opened by 10196@Marcos

[2020-03-28 14:13:14 #2 type.registry] 
New type domain.Usuario

[2020-03-28 14:13:14 #3 type] 
Type domain.Usuario is not enhanced.

[2020-03-28 14:13:14 #4 type.registry] 
New type domain.Apuesta

[2020-03-28 14:13:15 #5 type.registry] 
New type java.util.Vector<domain.Apuesta>

[2020-03-28 14:13:15 #6 type.registry] 
New type domain.Monedero

[2020-03-28 14:13:15 #7 type] 
Type domain.Apuesta is not enhanced.

[2020-03-28 14:13:15 #8 type] 
Type domain.Monedero is not enhanced.

[2020-03-28 14:13:15 #9 type.registry] 
New type domain.Question

[2020-03-28 14:13:15 #10 type] 
Type domain.Question is not enhanced.

[2020-03-28 14:13:15 #11 type.registry] 
New type domain.Pronostico

[2020-03-28 14:13:15 #12 type.registry] 
New type java.util.Vector<domain.Pronostico>

[2020-03-28 14:13:15 #13 type.registry] 
New type domain.Event

[2020-03-28 14:13:15 #14 type] 
Type domain.Pronostico is not enhanced.

[2020-03-28 14:13:15 #15 type] 
Type domain.Event is not enhanced.

[2020-03-28 14:13:15 #16 type.registry] 
New type java.util.Vector<domain.Question>

[2020-03-28 14:13:15 #17 type.registry] 
New type java.util.Vector<java.lang.Object>

------------------------------------------------------------------------------------------------------------------------

[2020-03-28 14:13:50 #1 store] 
Database 'C:\Users\marko\OneDrive\Documentos\GitHub\LPCIS\Bets\resources\bets.temp' is opened by 14476@Marcos

[2020-03-28 14:13:50 #2 type.registry] 
New type domain.Usuario

[2020-03-28 14:13:50 #3 type] 
Type domain.Usuario is not enhanced.

[2020-03-28 14:13:50 #4 type.registry] 
New type domain.Apuesta

[2020-03-28 14:13:50 #5 type.registry] 
New type java.util.Vector<domain.Apuesta>

[2020-03-28 14:13:50 #6 type.registry] 
New type domain.Monedero

[2020-03-28 14:13:50 #7 type] 
Type domain.Apuesta is not enhanced.

[2020-03-28 14:13:50 #8 type] 
Type domain.Monedero is not enhanced.

[2020-03-28 14:13:50 #9 type.registry] 
New type domain.Question

[2020-03-28 14:13:50 #10 type] 
Type domain.Question is not enhanced.

[2020-03-28 14:13:50 #11 type.registry] 
New type domain.Pronostico

[2020-03-28 14:13:50 #12 type.registry] 
New type java.util.Vector<domain.Pronostico>

[2020-03-28 14:13:50 #13 type.registry] 
New type domain.Event

[2020-03-28 14:13:50 #14 type] 
Type domain.Pronostico is not enhanced.

[2020-03-28 14:13:50 #15 type] 
Type domain.Event is not enhanced.

[2020-03-28 14:13:50 #16 type.registry] 
New type java.util.Vector<domain.Question>

[2020-03-28 14:13:50 #17 type.registry] 
New type java.util.Vector<java.lang.Object>

------------------------------------------------------------------------------------------------------------------------

[2020-03-28 14:13:59 #1 store] 
Database 'C:\Users\marko\OneDrive\Documentos\GitHub\LPCIS\Bets\resources\bets.temp' is opened by 14152@Marcos

[2020-03-28 14:13:59 #2 type.registry] 
New type domain.Usuario

[2020-03-28 14:13:59 #3 type] 
Type domain.Usuario is not enhanced.

[2020-03-28 14:13:59 #4 type.registry] 
New type domain.Apuesta

[2020-03-28 14:13:59 #5 type.registry] 
New type java.util.Vector<domain.Apuesta>

[2020-03-28 14:13:59 #6 type.registry] 
New type domain.Monedero

[2020-03-28 14:13:59 #7 type] 
Type domain.Apuesta is not enhanced.

[2020-03-28 14:13:59 #8 type] 
Type domain.Monedero is not enhanced.

[2020-03-28 14:13:59 #9 type.registry] 
New type domain.Question

[2020-03-28 14:13:59 #10 type] 
Type domain.Question is not enhanced.

[2020-03-28 14:13:59 #11 type.registry] 
New type domain.Pronostico

[2020-03-28 14:13:59 #12 type.registry] 
New type java.util.Vector<domain.Pronostico>

[2020-03-28 14:13:59 #13 type.registry] 
New type domain.Event

[2020-03-28 14:13:59 #14 type] 
Type domain.Pronostico is not enhanced.

[2020-03-28 14:13:59 #15 type] 
Type domain.Event is not enhanced.

[2020-03-28 14:13:59 #16 type.registry] 
New type java.util.Vector<domain.Question>

[2020-03-28 14:13:59 #17 type.registry] 
New type java.util.Vector<java.lang.Object>

------------------------------------------------------------------------------------------------------------------------

[2020-03-28 14:16:43 #1 store] 
Database 'C:\Users\marko\OneDrive\Documentos\GitHub\LPCIS\Bets\resources\bets.temp' is opened by 3728@Marcos

[2020-03-28 14:16:43 #2 type.registry] 
New type domain.Usuario

[2020-03-28 14:16:43 #3 type] 
Type domain.Usuario is not enhanced.

[2020-03-28 14:16:43 #4 type.registry] 
New type domain.Apuesta

[2020-03-28 14:16:43 #5 type.registry] 
New type java.util.Vector<domain.Apuesta>

[2020-03-28 14:16:43 #6 type.registry] 
New type domain.Monedero

[2020-03-28 14:16:43 #7 type] 
Type domain.Apuesta is not enhanced.

[2020-03-28 14:16:43 #8 type] 
Type domain.Monedero is not enhanced.

[2020-03-28 14:16:43 #9 type.registry] 
New type domain.Question

[2020-03-28 14:16:43 #10 type] 
Type domain.Question is not enhanced.

[2020-03-28 14:16:43 #11 type.registry] 
New type domain.Pronostico

[2020-03-28 14:16:43 #12 type.registry] 
New type java.util.Vector<domain.Pronostico>

[2020-03-28 14:16:43 #13 type.registry] 
New type domain.Event

[2020-03-28 14:16:43 #14 type] 
Type domain.Pronostico is not enhanced.

[2020-03-28 14:16:43 #15 type] 
Type domain.Event is not enhanced.

[2020-03-28 14:16:43 #16 type.registry] 
New type java.util.Vector<domain.Question>

[2020-03-28 14:16:43 #17 type.registry] 
New type java.util.Vector<java.lang.Object>

------------------------------------------------------------------------------------------------------------------------

[2020-03-28 14:19:15 #1 store] 
Database 'C:\Users\marko\OneDrive\Documentos\GitHub\LPCIS\Bets\resources\bets.temp' is opened by 14820@Marcos

[2020-03-28 14:19:15 #2 type.registry] 
New type domain.Usuario

[2020-03-28 14:19:15 #3 type] 
Type domain.Usuario is not enhanced.

[2020-03-28 14:19:15 #4 type.registry] 
New type domain.Apuesta

[2020-03-28 14:19:15 #5 type.registry] 
New type java.util.Vector<domain.Apuesta>

[2020-03-28 14:19:15 #6 type.registry] 
New type domain.Monedero

[2020-03-28 14:19:15 #7 type] 
Type domain.Apuesta is not enhanced.

[2020-03-28 14:19:15 #8 type] 
Type domain.Monedero is not enhanced.

[2020-03-28 14:19:15 #9 type.registry] 
New type domain.Question

[2020-03-28 14:19:15 #10 type] 
Type domain.Question is not enhanced.

[2020-03-28 14:19:15 #11 type.registry] 
New type domain.Pronostico

[2020-03-28 14:19:15 #12 type.registry] 
New type java.util.Vector<domain.Pronostico>

[2020-03-28 14:19:15 #13 type.registry] 
New type domain.Event

[2020-03-28 14:19:15 #14 type] 
Type domain.Pronostico is not enhanced.

[2020-03-28 14:19:15 #15 type] 
Type domain.Event is not enhanced.

[2020-03-28 14:19:15 #16 type.registry] 
New type java.util.Vector<domain.Question>

[2020-03-28 14:19:15 #17 type.registry] 
New type java.util.Vector<java.lang.Object>

------------------------------------------------------------------------------------------------------------------------

[2020-03-28 14:22:41 #1 store] 
Database 'C:\Users\marko\OneDrive\Documentos\GitHub\LPCIS\Bets\resources\bets.temp' is opened by 12088@Marcos

[2020-03-28 14:22:41 #2 type.registry] 
New type domain.Usuario

[2020-03-28 14:22:41 #3 type] 
Type domain.Usuario is not enhanced.

[2020-03-28 14:22:41 #4 type.registry] 
New type domain.Apuesta

[2020-03-28 14:22:41 #5 type.registry] 
New type java.util.Vector<domain.Apuesta>

[2020-03-28 14:22:41 #6 type.registry] 
New type domain.Monedero

[2020-03-28 14:22:41 #7 type] 
Type domain.Apuesta is not enhanced.

[2020-03-28 14:22:41 #8 type] 
Type domain.Monedero is not enhanced.

[2020-03-28 14:22:41 #9 type.registry] 
New type domain.Question

[2020-03-28 14:22:41 #10 type] 
Type domain.Question is not enhanced.

[2020-03-28 14:22:41 #11 type.registry] 
New type domain.Pronostico

[2020-03-28 14:22:41 #12 type.registry] 
New type java.util.Vector<domain.Pronostico>

[2020-03-28 14:22:41 #13 type.registry] 
New type domain.Event

[2020-03-28 14:22:41 #14 type] 
Type domain.Pronostico is not enhanced.

[2020-03-28 14:22:41 #15 type] 
Type domain.Event is not enhanced.

[2020-03-28 14:22:41 #16 type.registry] 
New type java.util.Vector<domain.Question>

[2020-03-28 14:22:41 #17 type.registry] 
New type java.util.Vector<java.lang.Object>

------------------------------------------------------------------------------------------------------------------------

[2020-03-28 14:58:17 #1 store] 
Database 'C:\Users\unais\Desktop\bets-workspace\LPCIS\Bets\resources\bets.temp' is opened by 4580@DESKTOP-9ERLLO7

[2020-03-28 14:58:17 #2 type.registry] 
New type domain.Usuario

[2020-03-28 14:58:17 #3 type] 
Type domain.Usuario is not enhanced.

[2020-03-28 14:58:17 #4 type.registry] 
New type domain.Apuesta

[2020-03-28 14:58:17 #5 type.registry] 
New type java.util.Vector<domain.Apuesta>

[2020-03-28 14:58:17 #6 type.registry] 
New type domain.Monedero

[2020-03-28 14:58:17 #7 type] 
Type domain.Apuesta is not enhanced.

[2020-03-28 14:58:17 #8 type] 
Type domain.Monedero is not enhanced.

[2020-03-28 14:58:17 #9 type.registry] 
New type domain.Question

[2020-03-28 14:58:17 #10 type] 
Type domain.Question is not enhanced.

[2020-03-28 14:58:17 #11 type.registry] 
New type domain.Pronostico

[2020-03-28 14:58:17 #12 type.registry] 
New type java.util.Vector<domain.Pronostico>

[2020-03-28 14:58:17 #13 type.registry] 
New type domain.Event

[2020-03-28 14:58:17 #14 type] 
Type domain.Pronostico is not enhanced.

[2020-03-28 14:58:17 #15 type] 
Type domain.Event is not enhanced.

[2020-03-28 14:58:17 #16 type.registry] 
New type java.util.Vector<domain.Question>

[2020-03-28 14:58:17 #17 type.registry] 
New type java.util.Vector<java.lang.Object>

------------------------------------------------------------------------------------------------------------------------

[2020-03-28 15:02:17 #1 store] 
Database 'C:\Users\unais\Desktop\bets-workspace\LPCIS\Bets\resources\bets.temp' is opened by 10068@DESKTOP-9ERLLO7

[2020-03-28 15:02:18 #2 type.registry] 
New type domain.Usuario

[2020-03-28 15:02:18 #3 type] 
Type domain.Usuario is not enhanced.

[2020-03-28 15:02:18 #4 type.registry] 
New type domain.Apuesta

[2020-03-28 15:02:18 #5 type.registry] 
New type java.util.Vector<domain.Apuesta>

[2020-03-28 15:02:18 #6 type.registry] 
New type domain.Monedero

[2020-03-28 15:02:18 #7 type] 
Type domain.Apuesta is not enhanced.

[2020-03-28 15:02:18 #8 type] 
Type domain.Monedero is not enhanced.

[2020-03-28 15:02:18 #9 type.registry] 
New type domain.Question

[2020-03-28 15:02:18 #10 type] 
Type domain.Question is not enhanced.

[2020-03-28 15:02:18 #11 type.registry] 
New type domain.Pronostico

[2020-03-28 15:02:18 #12 type.registry] 
New type java.util.Vector<domain.Pronostico>

[2020-03-28 15:02:18 #13 type.registry] 
New type domain.Event

[2020-03-28 15:02:18 #14 type] 
Type domain.Pronostico is not enhanced.

[2020-03-28 15:02:18 #15 type] 
Type domain.Event is not enhanced.

[2020-03-28 15:02:18 #16 type.registry] 
New type java.util.Vector<domain.Question>

[2020-03-28 15:02:18 #17 type.registry] 
New type java.util.Vector<java.lang.Object>

------------------------------------------------------------------------------------------------------------------------

[2020-03-28 15:09:36 #1 store] 
Database 'C:\Users\unais\Desktop\bets-workspace\LPCIS\Bets\resources\bets.temp' is opened by 16820@DESKTOP-9ERLLO7

[2020-03-28 15:09:37 #2 type.registry] 
New type domain.Usuario

[2020-03-28 15:09:37 #3 type] 
Type domain.Usuario is not enhanced.

[2020-03-28 15:09:37 #4 type.registry] 
New type domain.Apuesta

[2020-03-28 15:09:37 #5 type.registry] 
New type java.util.Vector<domain.Apuesta>

[2020-03-28 15:09:37 #6 type.registry] 
New type domain.Monedero

[2020-03-28 15:09:37 #7 type] 
Type domain.Apuesta is not enhanced.

[2020-03-28 15:09:37 #8 type] 
Type domain.Monedero is not enhanced.

[2020-03-28 15:09:37 #9 type.registry] 
New type domain.Question

[2020-03-28 15:09:37 #10 type] 
Type domain.Question is not enhanced.

[2020-03-28 15:09:37 #11 type.registry] 
New type domain.Pronostico

[2020-03-28 15:09:37 #12 type.registry] 
New type java.util.Vector<domain.Pronostico>

[2020-03-28 15:09:37 #13 type.registry] 
New type domain.Event

[2020-03-28 15:09:37 #14 type] 
Type domain.Pronostico is not enhanced.

[2020-03-28 15:09:37 #15 type] 
Type domain.Event is not enhanced.

[2020-03-28 15:09:37 #16 type.registry] 
New type java.util.Vector<domain.Question>

[2020-03-28 15:09:37 #17 type.registry] 
New type java.util.Vector<java.lang.Object>

------------------------------------------------------------------------------------------------------------------------

[2020-03-28 15:19:17 #1 store] 
Database 'C:\Users\unais\Desktop\bets-workspace\LPCIS\Bets\resources\bets.temp' is opened by 13464@DESKTOP-9ERLLO7

[2020-03-28 15:19:17 #2 type.registry] 
New type domain.Usuario

[2020-03-28 15:19:17 #3 type] 
Type domain.Usuario is not enhanced.

[2020-03-28 15:19:17 #4 type.registry] 
New type domain.Apuesta

[2020-03-28 15:19:17 #5 type.registry] 
New type java.util.Vector<domain.Apuesta>

[2020-03-28 15:19:17 #6 type.registry] 
New type domain.Monedero

[2020-03-28 15:19:17 #7 type] 
Type domain.Apuesta is not enhanced.

[2020-03-28 15:19:17 #8 type] 
Type domain.Monedero is not enhanced.

[2020-03-28 15:19:17 #9 type.registry] 
New type domain.Question

[2020-03-28 15:19:17 #10 type] 
Type domain.Question is not enhanced.

[2020-03-28 15:19:17 #11 type.registry] 
New type domain.Pronostico

[2020-03-28 15:19:17 #12 type.registry] 
New type java.util.Vector<domain.Pronostico>

[2020-03-28 15:19:17 #13 type.registry] 
New type domain.Event

[2020-03-28 15:19:17 #14 type] 
Type domain.Pronostico is not enhanced.

[2020-03-28 15:19:17 #15 type] 
Type domain.Event is not enhanced.

[2020-03-28 15:19:17 #16 type.registry] 
New type java.util.Vector<domain.Question>

[2020-03-28 15:19:17 #17 type.registry] 
New type java.util.Vector<java.lang.Object>

------------------------------------------------------------------------------------------------------------------------

[2020-03-28 15:33:40 #1 store] 
Database 'C:\Users\unais\Desktop\bets-workspace\LPCIS\Bets\resources\bets.temp' is opened by 6900@DESKTOP-9ERLLO7

[2020-03-28 15:33:41 #2 type.registry] 
New type domain.Usuario

[2020-03-28 15:33:41 #3 type] 
Type domain.Usuario is not enhanced.

[2020-03-28 15:33:41 #4 type.registry] 
New type domain.Apuesta

[2020-03-28 15:33:41 #5 type.registry] 
New type java.util.Vector<domain.Apuesta>

[2020-03-28 15:33:41 #6 type.registry] 
New type domain.Monedero

[2020-03-28 15:33:41 #7 type] 
Type domain.Apuesta is not enhanced.

[2020-03-28 15:33:41 #8 type] 
Type domain.Monedero is not enhanced.

[2020-03-28 15:33:41 #9 type.registry] 
New type domain.Question

[2020-03-28 15:33:41 #10 type] 
Type domain.Question is not enhanced.

[2020-03-28 15:33:41 #11 type.registry] 
New type domain.Pronostico

[2020-03-28 15:33:41 #12 type.registry] 
New type java.util.Vector<domain.Pronostico>

[2020-03-28 15:33:41 #13 type.registry] 
New type domain.Event

[2020-03-28 15:33:41 #14 type] 
Type domain.Pronostico is not enhanced.

[2020-03-28 15:33:41 #15 type] 
Type domain.Event is not enhanced.

[2020-03-28 15:33:41 #16 type.registry] 
New type java.util.Vector<domain.Question>

[2020-03-28 15:33:41 #17 type.registry] 
New type java.util.Vector<java.lang.Object>

------------------------------------------------------------------------------------------------------------------------

[2020-03-28 15:36:22 #1 store] 
Database 'C:\Users\unais\Desktop\bets-workspace\LPCIS\Bets\resources\bets.temp' is opened by 2836@DESKTOP-9ERLLO7

[2020-03-28 15:36:22 #2 type.registry] 
New type domain.Usuario

[2020-03-28 15:36:22 #3 type] 
Type domain.Usuario is not enhanced.

[2020-03-28 15:36:22 #4 type.registry] 
New type domain.Apuesta

[2020-03-28 15:36:22 #5 type.registry] 
New type java.util.Vector<domain.Apuesta>

[2020-03-28 15:36:22 #6 type.registry] 
New type domain.Monedero

[2020-03-28 15:36:22 #7 type] 
Type domain.Apuesta is not enhanced.

[2020-03-28 15:36:22 #8 type] 
Type domain.Monedero is not enhanced.

[2020-03-28 15:36:22 #9 type.registry] 
New type domain.Question

[2020-03-28 15:36:22 #10 type] 
Type domain.Question is not enhanced.

[2020-03-28 15:36:22 #11 type.registry] 
New type domain.Pronostico

[2020-03-28 15:36:22 #12 type.registry] 
New type java.util.Vector<domain.Pronostico>

[2020-03-28 15:36:22 #13 type.registry] 
New type domain.Event

[2020-03-28 15:36:22 #14 type] 
Type domain.Pronostico is not enhanced.

[2020-03-28 15:36:22 #15 type] 
Type domain.Event is not enhanced.

[2020-03-28 15:36:22 #16 type.registry] 
New type java.util.Vector<domain.Question>

[2020-03-28 15:36:22 #17 type.registry] 
New type java.util.Vector<java.lang.Object>

------------------------------------------------------------------------------------------------------------------------

[2020-03-28 16:25:55 #1 store] 
Database 'C:\Users\unais\Desktop\bets-workspace\LPCIS\Bets\resources\bets.temp' is opened by 9640@DESKTOP-9ERLLO7

[2020-03-28 16:25:55 #2 type.registry] 
New type domain.Usuario

[2020-03-28 16:25:55 #3 type] 
Type domain.Usuario is not enhanced.

[2020-03-28 16:25:55 #4 type.registry] 
New type domain.Apuesta

[2020-03-28 16:25:55 #5 type.registry] 
New type java.util.Vector<domain.Apuesta>

[2020-03-28 16:25:55 #6 type.registry] 
New type domain.Monedero

[2020-03-28 16:25:55 #7 type] 
Type domain.Apuesta is not enhanced.

[2020-03-28 16:25:55 #8 type] 
Type domain.Monedero is not enhanced.

[2020-03-28 16:25:55 #9 type.registry] 
New type domain.Question

[2020-03-28 16:25:55 #10 type] 
Type domain.Question is not enhanced.

[2020-03-28 16:25:55 #11 type.registry] 
New type domain.Pronostico

[2020-03-28 16:25:55 #12 type.registry] 
New type java.util.Vector<domain.Pronostico>

[2020-03-28 16:25:55 #13 type.registry] 
New type domain.Event

[2020-03-28 16:25:55 #14 type] 
Type domain.Pronostico is not enhanced.

[2020-03-28 16:25:55 #15 type] 
Type domain.Event is not enhanced.

[2020-03-28 16:25:55 #16 type.registry] 
New type java.util.Vector<domain.Question>

[2020-03-28 16:25:55 #17 type.registry] 
New type java.util.Vector<java.lang.Object>

