------------------------------------------------------------------------------------------------------------------------

[2020-03-22 12:03:44 #1 store] 
Database '/Users/adriansanse/git/LPCIS/Bets/resources/bets.temp' is opened by 511@pc-1-128.customer.ask4.lan

[2020-03-22 12:03:44 #2 type.registry] 
New type domain.Usuario

[2020-03-22 12:03:44 #3 type] 
Type domain.Usuario is not enhanced.

[2020-03-22 12:03:44 #4 type.registry] 
New type domain.Monedero

[2020-03-22 12:03:44 #5 type] 
Type domain.Monedero is not enhanced.

[2020-03-22 12:03:44 #6 type.registry] 
New type domain.Question

[2020-03-22 12:03:44 #7 type] 
Type domain.Question is not enhanced.

[2020-03-22 12:03:44 #8 type.registry] 
New type domain.Pronostico

[2020-03-22 12:03:44 #9 type.registry] 
New type java.util.Vector<domain.Pronostico>

[2020-03-22 12:03:44 #10 type.registry] 
New type domain.Event

[2020-03-22 12:03:44 #11 type] 
Type domain.Pronostico is not enhanced.

[2020-03-22 12:03:44 #12 type] 
Type domain.Event is not enhanced.

[2020-03-22 12:03:44 #13 type.registry] 
New type java.util.Vector<domain.Question>

[2020-03-22 12:03:44 #14 type.registry] 
New type java.util.Vector<java.lang.Object>

------------------------------------------------------------------------------------------------------------------------

[2020-03-22 12:15:09 #1 store] 
Database '/Users/adriansanse/git/LPCIS/Bets/resources/bets.temp' is opened by 553@pc-1-128.customer.ask4.lan

[2020-03-22 12:15:09 #2 type.registry] 
New type domain.Usuario

[2020-03-22 12:15:09 #3 type] 
Type domain.Usuario is not enhanced.

[2020-03-22 12:15:09 #4 type.registry] 
New type domain.Monedero

[2020-03-22 12:15:09 #5 type] 
Type domain.Monedero is not enhanced.

[2020-03-22 12:15:09 #6 type.registry] 
New type domain.Question

[2020-03-22 12:15:09 #7 type] 
Type domain.Question is not enhanced.

[2020-03-22 12:15:09 #8 type.registry] 
New type domain.Pronostico

[2020-03-22 12:15:09 #9 type.registry] 
New type java.util.Vector<domain.Pronostico>

[2020-03-22 12:15:09 #10 type.registry] 
New type domain.Event

[2020-03-22 12:15:09 #11 type] 
Type domain.Pronostico is not enhanced.

[2020-03-22 12:15:09 #12 type] 
Type domain.Event is not enhanced.

[2020-03-22 12:15:09 #13 type.registry] 
New type java.util.Vector<domain.Question>

[2020-03-22 12:15:09 #14 type.registry] 
New type java.util.Vector<java.lang.Object>

------------------------------------------------------------------------------------------------------------------------

[2020-03-22 12:19:50 #1 store] 
Database '/Users/adriansanse/git/LPCIS/Bets/resources/bets.temp' is opened by 555@pc-1-128.customer.ask4.lan

[2020-03-22 12:19:50 #2 type.registry] 
New type domain.Usuario

[2020-03-22 12:19:50 #3 type] 
Type domain.Usuario is not enhanced.

[2020-03-22 12:19:50 #4 type.registry] 
New type domain.Monedero

[2020-03-22 12:19:50 #5 type] 
Type domain.Monedero is not enhanced.

[2020-03-22 12:19:50 #6 type.registry] 
New type domain.Question

[2020-03-22 12:19:50 #7 type] 
Type domain.Question is not enhanced.

[2020-03-22 12:19:50 #8 type.registry] 
New type domain.Pronostico

[2020-03-22 12:19:50 #9 type.registry] 
New type java.util.Vector<domain.Pronostico>

[2020-03-22 12:19:50 #10 type.registry] 
New type domain.Event

[2020-03-22 12:19:50 #11 type] 
Type domain.Pronostico is not enhanced.

[2020-03-22 12:19:50 #12 type] 
Type domain.Event is not enhanced.

[2020-03-22 12:19:50 #13 type.registry] 
New type java.util.Vector<domain.Question>

[2020-03-22 12:19:50 #14 type.registry] 
New type java.util.Vector<java.lang.Object>

------------------------------------------------------------------------------------------------------------------------

[2020-03-22 12:21:24 #1 store] 
Database '/Users/adriansanse/git/LPCIS/Bets/resources/bets.temp' is opened by 557@pc-1-128.customer.ask4.lan

[2020-03-22 12:21:24 #2 type.registry] 
New type domain.Usuario

[2020-03-22 12:21:24 #3 type] 
Type domain.Usuario is not enhanced.

[2020-03-22 12:21:24 #4 type.registry] 
New type domain.Monedero

[2020-03-22 12:21:24 #5 type] 
Type domain.Monedero is not enhanced.

[2020-03-22 12:21:24 #6 type.registry] 
New type domain.Question

[2020-03-22 12:21:24 #7 type] 
Type domain.Question is not enhanced.

[2020-03-22 12:21:24 #8 type.registry] 
New type domain.Pronostico

[2020-03-22 12:21:24 #9 type.registry] 
New type java.util.Vector<domain.Pronostico>

[2020-03-22 12:21:24 #10 type.registry] 
New type domain.Event

[2020-03-22 12:21:24 #11 type] 
Type domain.Pronostico is not enhanced.

[2020-03-22 12:21:24 #12 type] 
Type domain.Event is not enhanced.

[2020-03-22 12:21:24 #13 type.registry] 
New type java.util.Vector<domain.Question>

[2020-03-22 12:21:24 #14 type.registry] 
New type java.util.Vector<java.lang.Object>

------------------------------------------------------------------------------------------------------------------------

[2020-03-22 12:22:59 #1 store] 
Database '/Users/adriansanse/git/LPCIS/Bets/resources/bets.temp' is opened by 559@pc-1-128.customer.ask4.lan

[2020-03-22 12:22:59 #2 type.registry] 
New type domain.Usuario

[2020-03-22 12:22:59 #3 type] 
Type domain.Usuario is not enhanced.

[2020-03-22 12:22:59 #4 type.registry] 
New type domain.Monedero

[2020-03-22 12:22:59 #5 type] 
Type domain.Monedero is not enhanced.

[2020-03-22 12:22:59 #6 type.registry] 
New type domain.Question

[2020-03-22 12:22:59 #7 type] 
Type domain.Question is not enhanced.

[2020-03-22 12:22:59 #8 type.registry] 
New type domain.Pronostico

[2020-03-22 12:22:59 #9 type.registry] 
New type java.util.Vector<domain.Pronostico>

[2020-03-22 12:22:59 #10 type.registry] 
New type domain.Event

[2020-03-22 12:22:59 #11 type] 
Type domain.Pronostico is not enhanced.

[2020-03-22 12:22:59 #12 type] 
Type domain.Event is not enhanced.

[2020-03-22 12:22:59 #13 type.registry] 
New type java.util.Vector<domain.Question>

[2020-03-22 12:22:59 #14 type.registry] 
New type java.util.Vector<java.lang.Object>

------------------------------------------------------------------------------------------------------------------------

[2020-03-22 12:23:52 #1 store] 
Database '/Users/adriansanse/git/LPCIS/Bets/resources/bets.temp' is opened by 561@pc-1-128.customer.ask4.lan

[2020-03-22 12:23:52 #2 type.registry] 
New type domain.Usuario

[2020-03-22 12:23:52 #3 type] 
Type domain.Usuario is not enhanced.

[2020-03-22 12:23:52 #4 type.registry] 
New type domain.Monedero

[2020-03-22 12:23:52 #5 type] 
Type domain.Monedero is not enhanced.

[2020-03-22 12:23:52 #6 type.registry] 
New type domain.Question

[2020-03-22 12:23:52 #7 type] 
Type domain.Question is not enhanced.

[2020-03-22 12:23:52 #8 type.registry] 
New type domain.Pronostico

[2020-03-22 12:23:52 #9 type.registry] 
New type java.util.Vector<domain.Pronostico>

[2020-03-22 12:23:52 #10 type.registry] 
New type domain.Event

[2020-03-22 12:23:52 #11 type] 
Type domain.Pronostico is not enhanced.

[2020-03-22 12:23:52 #12 type] 
Type domain.Event is not enhanced.

[2020-03-22 12:23:52 #13 type.registry] 
New type java.util.Vector<domain.Question>

[2020-03-22 12:23:52 #14 type.registry] 
New type java.util.Vector<java.lang.Object>

------------------------------------------------------------------------------------------------------------------------

[2020-03-22 12:39:48 #1 store] 
Database '/Users/adriansanse/git/LPCIS/Bets/resources/bets.temp' is opened by 569@pc-1-128.customer.ask4.lan

[2020-03-22 12:39:48 #2 type.registry] 
New type domain.Usuario

[2020-03-22 12:39:48 #3 type] 
Type domain.Usuario is not enhanced.

[2020-03-22 12:39:48 #4 type.registry] 
New type domain.Monedero

[2020-03-22 12:39:48 #5 type] 
Type domain.Monedero is not enhanced.

[2020-03-22 12:39:48 #6 type.registry] 
New type domain.Question

[2020-03-22 12:39:48 #7 type] 
Type domain.Question is not enhanced.

[2020-03-22 12:39:48 #8 type.registry] 
New type domain.Pronostico

[2020-03-22 12:39:48 #9 type.registry] 
New type java.util.Vector<domain.Pronostico>

[2020-03-22 12:39:48 #10 type.registry] 
New type domain.Event

[2020-03-22 12:39:48 #11 type] 
Type domain.Pronostico is not enhanced.

[2020-03-22 12:39:48 #12 type] 
Type domain.Event is not enhanced.

[2020-03-22 12:39:48 #13 type.registry] 
New type java.util.Vector<domain.Question>

[2020-03-22 12:39:48 #14 type.registry] 
New type java.util.Vector<java.lang.Object>

------------------------------------------------------------------------------------------------------------------------

[2020-03-22 12:45:35 #1 store] 
Database '/Users/adriansanse/git/LPCIS/Bets/resources/bets.temp' is opened by 572@pc-1-128.customer.ask4.lan

[2020-03-22 12:45:35 #2 type.registry] 
New type domain.Usuario

[2020-03-22 12:45:35 #3 type] 
Type domain.Usuario is not enhanced.

[2020-03-22 12:45:35 #4 type.registry] 
New type domain.Monedero

[2020-03-22 12:45:35 #5 type] 
Type domain.Monedero is not enhanced.

[2020-03-22 12:45:35 #6 type.registry] 
New type domain.Question

[2020-03-22 12:45:35 #7 type] 
Type domain.Question is not enhanced.

[2020-03-22 12:45:35 #8 type.registry] 
New type domain.Pronostico

[2020-03-22 12:45:35 #9 type.registry] 
New type java.util.Vector<domain.Pronostico>

[2020-03-22 12:45:35 #10 type.registry] 
New type domain.Event

[2020-03-22 12:45:35 #11 type] 
Type domain.Pronostico is not enhanced.

[2020-03-22 12:45:35 #12 type] 
Type domain.Event is not enhanced.

[2020-03-22 12:45:35 #13 type.registry] 
New type java.util.Vector<domain.Question>

[2020-03-22 12:45:35 #14 type.registry] 
New type java.util.Vector<java.lang.Object>

------------------------------------------------------------------------------------------------------------------------

[2020-03-22 12:48:05 #1 store] 
Database '/Users/adriansanse/git/LPCIS/Bets/resources/bets.temp' is opened by 574@pc-1-128.customer.ask4.lan

[2020-03-22 12:48:06 #2 type.registry] 
New type domain.Usuario

[2020-03-22 12:48:06 #3 type] 
Type domain.Usuario is not enhanced.

[2020-03-22 12:48:06 #4 type.registry] 
New type domain.Monedero

[2020-03-22 12:48:06 #5 type] 
Type domain.Monedero is not enhanced.

[2020-03-22 12:48:06 #6 type.registry] 
New type domain.Question

[2020-03-22 12:48:06 #7 type] 
Type domain.Question is not enhanced.

[2020-03-22 12:48:06 #8 type.registry] 
New type domain.Pronostico

[2020-03-22 12:48:06 #9 type.registry] 
New type java.util.Vector<domain.Pronostico>

[2020-03-22 12:48:06 #10 type.registry] 
New type domain.Event

[2020-03-22 12:48:06 #11 type] 
Type domain.Pronostico is not enhanced.

[2020-03-22 12:48:06 #12 type] 
Type domain.Event is not enhanced.

[2020-03-22 12:48:06 #13 type.registry] 
New type java.util.Vector<domain.Question>

[2020-03-22 12:48:06 #14 type.registry] 
New type java.util.Vector<java.lang.Object>

------------------------------------------------------------------------------------------------------------------------

[2020-03-22 12:51:49 #1 store] 
Database '/Users/adriansanse/git/LPCIS/Bets/resources/bets.temp' is opened by 579@pc-1-128.customer.ask4.lan

[2020-03-22 12:51:49 #2 type.registry] 
New type domain.Usuario

[2020-03-22 12:51:49 #3 type] 
Type domain.Usuario is not enhanced.

[2020-03-22 12:51:49 #4 type.registry] 
New type domain.Monedero

[2020-03-22 12:51:49 #5 type] 
Type domain.Monedero is not enhanced.

[2020-03-22 12:51:49 #6 type.registry] 
New type domain.Question

[2020-03-22 12:51:49 #7 type] 
Type domain.Question is not enhanced.

[2020-03-22 12:51:49 #8 type.registry] 
New type domain.Pronostico

[2020-03-22 12:51:49 #9 type.registry] 
New type java.util.Vector<domain.Pronostico>

[2020-03-22 12:51:49 #10 type.registry] 
New type domain.Event

[2020-03-22 12:51:49 #11 type] 
Type domain.Pronostico is not enhanced.

[2020-03-22 12:51:49 #12 type] 
Type domain.Event is not enhanced.

[2020-03-22 12:51:49 #13 type.registry] 
New type java.util.Vector<domain.Question>

[2020-03-22 12:51:49 #14 type.registry] 
New type java.util.Vector<java.lang.Object>

------------------------------------------------------------------------------------------------------------------------

[2020-03-22 12:55:21 #1 store] 
Database '/Users/adriansanse/git/LPCIS/Bets/resources/bets.temp' is opened by 580@pc-1-128.customer.ask4.lan

[2020-03-22 12:55:21 #2 type.registry] 
New type domain.Usuario

[2020-03-22 12:55:21 #3 type] 
Type domain.Usuario is not enhanced.

[2020-03-22 12:55:21 #4 type.registry] 
New type domain.Monedero

[2020-03-22 12:55:21 #5 type] 
Type domain.Monedero is not enhanced.

[2020-03-22 12:55:21 #6 type.registry] 
New type domain.Question

[2020-03-22 12:55:21 #7 type] 
Type domain.Question is not enhanced.

[2020-03-22 12:55:21 #8 type.registry] 
New type domain.Pronostico

[2020-03-22 12:55:21 #9 type.registry] 
New type java.util.Vector<domain.Pronostico>

[2020-03-22 12:55:21 #10 type.registry] 
New type domain.Event

[2020-03-22 12:55:21 #11 type] 
Type domain.Pronostico is not enhanced.

[2020-03-22 12:55:21 #12 type] 
Type domain.Event is not enhanced.

[2020-03-22 12:55:21 #13 type.registry] 
New type java.util.Vector<domain.Question>

[2020-03-22 12:55:21 #14 type.registry] 
New type java.util.Vector<java.lang.Object>

------------------------------------------------------------------------------------------------------------------------

[2020-03-22 12:58:16 #1 store] 
Database '/Users/adriansanse/git/LPCIS/Bets/resources/bets.temp' is opened by 585@pc-1-128.customer.ask4.lan

[2020-03-22 12:58:16 #2 type.registry] 
New type domain.Usuario

[2020-03-22 12:58:16 #3 type] 
Type domain.Usuario is not enhanced.

[2020-03-22 12:58:16 #4 type.registry] 
New type domain.Monedero

[2020-03-22 12:58:16 #5 type] 
Type domain.Monedero is not enhanced.

[2020-03-22 12:58:16 #6 type.registry] 
New type domain.Question

[2020-03-22 12:58:16 #7 type] 
Type domain.Question is not enhanced.

[2020-03-22 12:58:16 #8 type.registry] 
New type domain.Pronostico

[2020-03-22 12:58:16 #9 type.registry] 
New type java.util.Vector<domain.Pronostico>

[2020-03-22 12:58:16 #10 type.registry] 
New type domain.Event

[2020-03-22 12:58:16 #11 type] 
Type domain.Pronostico is not enhanced.

[2020-03-22 12:58:16 #12 type] 
Type domain.Event is not enhanced.

[2020-03-22 12:58:16 #13 type.registry] 
New type java.util.Vector<domain.Question>

[2020-03-22 12:58:16 #14 type.registry] 
New type java.util.Vector<java.lang.Object>

------------------------------------------------------------------------------------------------------------------------

[2020-03-22 12:59:34 #1 store] 
Database '/Users/adriansanse/git/LPCIS/Bets/resources/bets.temp' is opened by 587@pc-1-128.customer.ask4.lan

[2020-03-22 12:59:34 #2 type.registry] 
New type domain.Usuario

[2020-03-22 12:59:34 #3 type] 
Type domain.Usuario is not enhanced.

[2020-03-22 12:59:34 #4 type.registry] 
New type domain.Monedero

[2020-03-22 12:59:34 #5 type] 
Type domain.Monedero is not enhanced.

[2020-03-22 12:59:34 #6 type.registry] 
New type domain.Question

[2020-03-22 12:59:34 #7 type] 
Type domain.Question is not enhanced.

[2020-03-22 12:59:34 #8 type.registry] 
New type domain.Pronostico

[2020-03-22 12:59:34 #9 type.registry] 
New type java.util.Vector<domain.Pronostico>

[2020-03-22 12:59:34 #10 type.registry] 
New type domain.Event

[2020-03-22 12:59:34 #11 type] 
Type domain.Pronostico is not enhanced.

[2020-03-22 12:59:34 #12 type] 
Type domain.Event is not enhanced.

[2020-03-22 12:59:34 #13 type.registry] 
New type java.util.Vector<domain.Question>

[2020-03-22 12:59:34 #14 type.registry] 
New type java.util.Vector<java.lang.Object>

------------------------------------------------------------------------------------------------------------------------

[2020-03-22 13:01:41 #1 store] 
Database '/Users/adriansanse/git/LPCIS/Bets/resources/bets.temp' is opened by 589@pc-1-128.customer.ask4.lan

[2020-03-22 13:01:41 #2 type.registry] 
New type domain.Usuario

[2020-03-22 13:01:41 #3 type] 
Type domain.Usuario is not enhanced.

[2020-03-22 13:01:41 #4 type.registry] 
New type domain.Monedero

[2020-03-22 13:01:41 #5 type] 
Type domain.Monedero is not enhanced.

[2020-03-22 13:01:41 #6 type.registry] 
New type domain.Question

[2020-03-22 13:01:41 #7 type] 
Type domain.Question is not enhanced.

[2020-03-22 13:01:41 #8 type.registry] 
New type domain.Pronostico

[2020-03-22 13:01:41 #9 type.registry] 
New type java.util.Vector<domain.Pronostico>

[2020-03-22 13:01:41 #10 type.registry] 
New type domain.Event

[2020-03-22 13:01:41 #11 type] 
Type domain.Pronostico is not enhanced.

[2020-03-22 13:01:41 #12 type] 
Type domain.Event is not enhanced.

[2020-03-22 13:01:41 #13 type.registry] 
New type java.util.Vector<domain.Question>

[2020-03-22 13:01:41 #14 type.registry] 
New type java.util.Vector<java.lang.Object>

------------------------------------------------------------------------------------------------------------------------

[2020-03-22 18:57:59 #1 store] 
Database '/Users/adriansanse/git/LPCIS/Bets/resources/bets.temp' is opened by 750@pc-1-128.customer.ask4.lan

[2020-03-22 18:57:59 #2 type.registry] 
New type domain.Usuario

[2020-03-22 18:57:59 #3 type] 
Type domain.Usuario is not enhanced.

[2020-03-22 18:57:59 #4 type.registry] 
New type domain.Apuesta

[2020-03-22 18:57:59 #5 type.registry] 
New type domain.Monedero

[2020-03-22 18:57:59 #6 type] 
Type domain.Apuesta is not enhanced.

[2020-03-22 18:57:59 #7 type.registry] 
New type domain.Pronostico

[2020-03-22 18:57:59 #8 type] 
Type domain.Monedero is not enhanced.

[2020-03-22 18:57:59 #9 type] 
Type domain.Pronostico is not enhanced.

[2020-03-22 18:57:59 #10 type.registry] 
New type domain.Question

[2020-03-22 18:57:59 #11 type] 
Type domain.Question is not enhanced.

[2020-03-22 18:57:59 #12 type.registry] 
New type java.util.Vector<domain.Pronostico>

[2020-03-22 18:57:59 #13 type.registry] 
New type domain.Event

[2020-03-22 18:57:59 #14 type] 
Type domain.Event is not enhanced.

[2020-03-22 18:57:59 #15 type.registry] 
New type java.util.Vector<domain.Question>

[2020-03-22 18:57:59 #16 type.registry] 
New type java.util.Vector<java.lang.Object>

------------------------------------------------------------------------------------------------------------------------

[2020-03-22 19:00:10 #1 store] 
Database '/Users/adriansanse/git/LPCIS/Bets/resources/bets.temp' is opened by 753@pc-1-128.customer.ask4.lan

[2020-03-22 19:00:10 #2 type.registry] 
New type domain.Usuario

[2020-03-22 19:00:10 #3 type] 
Type domain.Usuario is not enhanced.

[2020-03-22 19:00:10 #4 type.registry] 
New type domain.Apuesta

[2020-03-22 19:00:10 #5 type.registry] 
New type domain.Monedero

[2020-03-22 19:00:10 #6 type] 
Type domain.Apuesta is not enhanced.

[2020-03-22 19:00:10 #7 type.registry] 
New type domain.Pronostico

[2020-03-22 19:00:10 #8 type] 
Type domain.Monedero is not enhanced.

[2020-03-22 19:00:10 #9 type] 
Type domain.Pronostico is not enhanced.

[2020-03-22 19:00:10 #10 type.registry] 
New type domain.Question

[2020-03-22 19:00:10 #11 type] 
Type domain.Question is not enhanced.

[2020-03-22 19:00:10 #12 type.registry] 
New type java.util.Vector<domain.Pronostico>

[2020-03-22 19:00:10 #13 type.registry] 
New type domain.Event

[2020-03-22 19:00:10 #14 type] 
Type domain.Event is not enhanced.

[2020-03-22 19:00:10 #15 type.registry] 
New type java.util.Vector<domain.Question>

[2020-03-22 19:00:10 #16 type.registry] 
New type java.util.Vector<java.lang.Object>

------------------------------------------------------------------------------------------------------------------------

[2020-03-22 19:03:33 #1 store] 
Database '/Users/adriansanse/git/LPCIS/Bets/resources/bets.temp' is opened by 755@pc-1-128.customer.ask4.lan

[2020-03-22 19:03:33 #2 type.registry] 
New type domain.Usuario

[2020-03-22 19:03:33 #3 type] 
Type domain.Usuario is not enhanced.

[2020-03-22 19:03:33 #4 type.registry] 
New type domain.Apuesta

[2020-03-22 19:03:33 #5 type.registry] 
New type domain.Monedero

[2020-03-22 19:03:33 #6 type] 
Type domain.Apuesta is not enhanced.

[2020-03-22 19:03:33 #7 type.registry] 
New type domain.Pronostico

[2020-03-22 19:03:33 #8 type] 
Type domain.Monedero is not enhanced.

[2020-03-22 19:03:33 #9 type] 
Type domain.Pronostico is not enhanced.

[2020-03-22 19:03:33 #10 type.registry] 
New type domain.Question

[2020-03-22 19:03:33 #11 type] 
Type domain.Question is not enhanced.

[2020-03-22 19:03:33 #12 type.registry] 
New type java.util.Vector<domain.Pronostico>

[2020-03-22 19:03:33 #13 type.registry] 
New type domain.Event

[2020-03-22 19:03:33 #14 type] 
Type domain.Event is not enhanced.

[2020-03-22 19:03:33 #15 type.registry] 
New type java.util.Vector<domain.Question>

[2020-03-22 19:03:33 #16 type.registry] 
New type java.util.Vector<java.lang.Object>

------------------------------------------------------------------------------------------------------------------------

[2020-03-22 19:05:59 #1 store] 
Database '/Users/adriansanse/git/LPCIS/Bets/resources/bets.temp' is opened by 759@pc-1-128.customer.ask4.lan

[2020-03-22 19:05:59 #2 type.registry] 
New type domain.Usuario

[2020-03-22 19:05:59 #3 type] 
Type domain.Usuario is not enhanced.

[2020-03-22 19:05:59 #4 type.registry] 
New type domain.Apuesta

[2020-03-22 19:05:59 #5 type.registry] 
New type domain.Monedero

[2020-03-22 19:05:59 #6 type] 
Type domain.Apuesta is not enhanced.

[2020-03-22 19:05:59 #7 type.registry] 
New type domain.Pronostico

[2020-03-22 19:05:59 #8 type] 
Type domain.Monedero is not enhanced.

[2020-03-22 19:05:59 #9 type] 
Type domain.Pronostico is not enhanced.

[2020-03-22 19:05:59 #10 type.registry] 
New type domain.Question

[2020-03-22 19:05:59 #11 type] 
Type domain.Question is not enhanced.

[2020-03-22 19:05:59 #12 type.registry] 
New type java.util.Vector<domain.Pronostico>

[2020-03-22 19:05:59 #13 type.registry] 
New type domain.Event

[2020-03-22 19:05:59 #14 type] 
Type domain.Event is not enhanced.

[2020-03-22 19:05:59 #15 type.registry] 
New type java.util.Vector<domain.Question>

[2020-03-22 19:05:59 #16 type.registry] 
New type java.util.Vector<java.lang.Object>

------------------------------------------------------------------------------------------------------------------------

[2020-03-22 19:09:27 #1 store] 
Database '/Users/adriansanse/git/LPCIS/Bets/resources/bets.temp' is opened by 762@pc-1-128.customer.ask4.lan

[2020-03-22 19:09:27 #2 type.registry] 
New type domain.Usuario

[2020-03-22 19:09:27 #3 type] 
Type domain.Usuario is not enhanced.

[2020-03-22 19:09:27 #4 type.registry] 
New type domain.Apuesta

[2020-03-22 19:09:27 #5 type.registry] 
New type java.util.Vector<domain.Apuesta>

[2020-03-22 19:09:27 #6 type.registry] 
New type domain.Monedero

[2020-03-22 19:09:27 #7 type] 
Type domain.Apuesta is not enhanced.

[2020-03-22 19:09:27 #8 type.registry] 
New type domain.Pronostico

[2020-03-22 19:09:27 #9 type] 
Type domain.Monedero is not enhanced.

[2020-03-22 19:09:27 #10 type] 
Type domain.Pronostico is not enhanced.

[2020-03-22 19:09:27 #11 type.registry] 
New type domain.Question

[2020-03-22 19:09:27 #12 type] 
Type domain.Question is not enhanced.

[2020-03-22 19:09:27 #13 type.registry] 
New type java.util.Vector<domain.Pronostico>

[2020-03-22 19:09:27 #14 type.registry] 
New type domain.Event

[2020-03-22 19:09:27 #15 type] 
Type domain.Event is not enhanced.

[2020-03-22 19:09:27 #16 type.registry] 
New type java.util.Vector<domain.Question>

[2020-03-22 19:09:27 #17 type.registry] 
New type java.util.Vector<java.lang.Object>

------------------------------------------------------------------------------------------------------------------------

[2020-03-22 19:18:58 #1 store] 
Database '/Users/adriansanse/git/LPCIS/Bets/resources/bets.temp' is opened by 774@pc-1-128.customer.ask4.lan

[2020-03-22 19:18:58 #2 type.registry] 
New type domain.Usuario

[2020-03-22 19:18:58 #3 type] 
Type domain.Usuario is not enhanced.

[2020-03-22 19:18:58 #4 type.registry] 
New type domain.Apuesta

[2020-03-22 19:18:58 #5 type.registry] 
New type java.util.Vector<domain.Apuesta>

[2020-03-22 19:18:58 #6 type.registry] 
New type domain.Monedero

[2020-03-22 19:18:58 #7 type] 
Type domain.Apuesta is not enhanced.

[2020-03-22 19:18:58 #8 type] 
Type domain.Monedero is not enhanced.

[2020-03-22 19:18:58 #9 type.registry] 
New type domain.Question

[2020-03-22 19:18:58 #10 type] 
Type domain.Question is not enhanced.

[2020-03-22 19:18:58 #11 type.registry] 
New type domain.Pronostico

[2020-03-22 19:18:58 #12 type.registry] 
New type java.util.Vector<domain.Pronostico>

[2020-03-22 19:18:58 #13 type.registry] 
New type domain.Event

[2020-03-22 19:18:58 #14 type] 
Type domain.Pronostico is not enhanced.

[2020-03-22 19:18:58 #15 type] 
Type domain.Event is not enhanced.

[2020-03-22 19:18:58 #16 type.registry] 
New type java.util.Vector<domain.Question>

[2020-03-22 19:18:58 #17 type.registry] 
New type java.util.Vector<java.lang.Object>

------------------------------------------------------------------------------------------------------------------------

[2020-03-22 19:24:43 #1 store] 
Database '/Users/adriansanse/git/LPCIS/Bets/resources/bets.temp' is opened by 793@pc-1-128.customer.ask4.lan

[2020-03-22 19:24:43 #2 type.registry] 
New type domain.Usuario

[2020-03-22 19:24:43 #3 type] 
Type domain.Usuario is not enhanced.

[2020-03-22 19:24:43 #4 type.registry] 
New type domain.Apuesta

[2020-03-22 19:24:43 #5 type.registry] 
New type java.util.Vector<domain.Apuesta>

[2020-03-22 19:24:43 #6 type.registry] 
New type domain.Monedero

[2020-03-22 19:24:43 #7 type] 
Type domain.Apuesta is not enhanced.

[2020-03-22 19:24:43 #8 type] 
Type domain.Monedero is not enhanced.

[2020-03-22 19:24:43 #9 type.registry] 
New type domain.Question

[2020-03-22 19:24:43 #10 type] 
Type domain.Question is not enhanced.

[2020-03-22 19:24:43 #11 type.registry] 
New type domain.Pronostico

[2020-03-22 19:24:43 #12 type.registry] 
New type java.util.Vector<domain.Pronostico>

[2020-03-22 19:24:43 #13 type.registry] 
New type domain.Event

[2020-03-22 19:24:43 #14 type] 
Type domain.Pronostico is not enhanced.

[2020-03-22 19:24:43 #15 type] 
Type domain.Event is not enhanced.

[2020-03-22 19:24:43 #16 type.registry] 
New type java.util.Vector<domain.Question>

[2020-03-22 19:24:44 #17 type.registry] 
New type java.util.Vector<java.lang.Object>

------------------------------------------------------------------------------------------------------------------------

[2020-03-22 19:34:42 #1 store] 
Database '/Users/adriansanse/git/LPCIS/Bets/resources/bets.temp' is opened by 797@pc-1-128.customer.ask4.lan

[2020-03-22 19:34:42 #2 type.registry] 
New type domain.Usuario

[2020-03-22 19:34:42 #3 type] 
Type domain.Usuario is not enhanced.

[2020-03-22 19:34:42 #4 type.registry] 
New type domain.Apuesta

[2020-03-22 19:34:42 #5 type.registry] 
New type java.util.Vector<domain.Apuesta>

[2020-03-22 19:34:42 #6 type.registry] 
New type domain.Monedero

[2020-03-22 19:34:42 #7 type] 
Type domain.Apuesta is not enhanced.

[2020-03-22 19:34:42 #8 type] 
Type domain.Monedero is not enhanced.

[2020-03-22 19:34:42 #9 type.registry] 
New type domain.Question

[2020-03-22 19:34:42 #10 type] 
Type domain.Question is not enhanced.

[2020-03-22 19:34:42 #11 type.registry] 
New type domain.Pronostico

[2020-03-22 19:34:42 #12 type.registry] 
New type java.util.Vector<domain.Pronostico>

[2020-03-22 19:34:42 #13 type.registry] 
New type domain.Event

[2020-03-22 19:34:42 #14 type] 
Type domain.Pronostico is not enhanced.

[2020-03-22 19:34:42 #15 type] 
Type domain.Event is not enhanced.

[2020-03-22 19:34:42 #16 type.registry] 
New type java.util.Vector<domain.Question>

[2020-03-22 19:34:42 #17 type.registry] 
New type java.util.Vector<java.lang.Object>

------------------------------------------------------------------------------------------------------------------------

[2020-03-22 19:39:20 #1 store] 
Database '/Users/adriansanse/git/LPCIS/Bets/resources/bets.temp' is opened by 800@pc-1-128.customer.ask4.lan

[2020-03-22 19:39:20 #2 type.registry] 
New type domain.Usuario

[2020-03-22 19:39:20 #3 type] 
Type domain.Usuario is not enhanced.

[2020-03-22 19:39:20 #4 type.registry] 
New type domain.Apuesta

[2020-03-22 19:39:20 #5 type.registry] 
New type domain.Monedero

[2020-03-22 19:39:20 #6 type] 
Type domain.Apuesta is not enhanced.

[2020-03-22 19:39:20 #7 type] 
Type domain.Monedero is not enhanced.

[2020-03-22 19:39:20 #8 type.registry] 
New type domain.Question

[2020-03-22 19:39:20 #9 type] 
Type domain.Question is not enhanced.

[2020-03-22 19:39:20 #10 type.registry] 
New type domain.Pronostico

[2020-03-22 19:39:20 #11 type.registry] 
New type java.util.Vector<domain.Pronostico>

[2020-03-22 19:39:20 #12 type.registry] 
New type domain.Event

[2020-03-22 19:39:20 #13 type] 
Type domain.Pronostico is not enhanced.

[2020-03-22 19:39:20 #14 type] 
Type domain.Event is not enhanced.

[2020-03-22 19:39:20 #15 type.registry] 
New type java.util.Vector<domain.Question>

[2020-03-22 19:39:20 #16 type.registry] 
New type java.util.Vector<java.lang.Object>

[2020-03-22 19:39:20 #17 type.registry] 
New type java.util.Vector<domain.Apuesta>

------------------------------------------------------------------------------------------------------------------------

[2020-03-22 19:41:50 #1 store] 
Database '/Users/adriansanse/git/LPCIS/Bets/resources/bets.temp' is opened by 803@pc-1-128.customer.ask4.lan

[2020-03-22 19:41:50 #2 type.registry] 
New type domain.Usuario

[2020-03-22 19:41:50 #3 type] 
Type domain.Usuario is not enhanced.

[2020-03-22 19:41:50 #4 type.registry] 
New type domain.Apuesta

[2020-03-22 19:41:50 #5 type.registry] 
New type domain.Monedero

[2020-03-22 19:41:50 #6 type] 
Type domain.Apuesta is not enhanced.

[2020-03-22 19:41:50 #7 type] 
Type domain.Monedero is not enhanced.

[2020-03-22 19:41:50 #8 type.registry] 
New type domain.Question

[2020-03-22 19:41:50 #9 type] 
Type domain.Question is not enhanced.

[2020-03-22 19:41:50 #10 type.registry] 
New type domain.Pronostico

[2020-03-22 19:41:50 #11 type.registry] 
New type java.util.Vector<domain.Pronostico>

[2020-03-22 19:41:50 #12 type.registry] 
New type domain.Event

[2020-03-22 19:41:50 #13 type] 
Type domain.Pronostico is not enhanced.

[2020-03-22 19:41:50 #14 type] 
Type domain.Event is not enhanced.

[2020-03-22 19:41:50 #15 type.registry] 
New type java.util.Vector<domain.Question>

[2020-03-22 19:41:50 #16 type.registry] 
New type java.util.ArrayList<java.lang.Object>

[2020-03-22 19:41:50 #17 type.registry] 
New type java.util.Vector<java.lang.Object>

[2020-03-22 19:41:50 #18 type.registry] 
New type java.util.ArrayList<domain.Apuesta>

------------------------------------------------------------------------------------------------------------------------

[2020-03-22 19:44:34 #1 store] 
Database '/Users/adriansanse/git/LPCIS/Bets/resources/bets.temp' is opened by 805@pc-1-128.customer.ask4.lan

[2020-03-22 19:44:34 #2 type.registry] 
New type domain.Usuario

[2020-03-22 19:44:34 #3 type] 
Type domain.Usuario is not enhanced.

[2020-03-22 19:44:34 #4 type.registry] 
New type domain.Apuesta

[2020-03-22 19:44:34 #5 type.registry] 
New type java.util.Vector<domain.Apuesta>

[2020-03-22 19:44:34 #6 type.registry] 
New type domain.Monedero

[2020-03-22 19:44:34 #7 type] 
Type domain.Apuesta is not enhanced.

[2020-03-22 19:44:34 #8 type] 
Type domain.Monedero is not enhanced.

[2020-03-22 19:44:34 #9 type.registry] 
New type domain.Question

[2020-03-22 19:44:34 #10 type] 
Type domain.Question is not enhanced.

[2020-03-22 19:44:34 #11 type.registry] 
New type domain.Pronostico

[2020-03-22 19:44:34 #12 type.registry] 
New type java.util.Vector<domain.Pronostico>

[2020-03-22 19:44:34 #13 type.registry] 
New type domain.Event

[2020-03-22 19:44:34 #14 type] 
Type domain.Pronostico is not enhanced.

[2020-03-22 19:44:34 #15 type] 
Type domain.Event is not enhanced.

[2020-03-22 19:44:34 #16 type.registry] 
New type java.util.Vector<domain.Question>

[2020-03-22 19:44:34 #17 type.registry] 
New type java.util.Vector<java.lang.Object>

------------------------------------------------------------------------------------------------------------------------

[2020-03-22 19:47:50 #1 store] 
Database '/Users/adriansanse/git/LPCIS/Bets/resources/bets.temp' is opened by 807@pc-1-128.customer.ask4.lan

[2020-03-22 19:47:50 #2 type.registry] 
New type domain.Usuario

[2020-03-22 19:47:50 #3 type] 
Type domain.Usuario is not enhanced.

[2020-03-22 19:47:50 #4 type.registry] 
New type domain.Apuesta

[2020-03-22 19:47:50 #5 type.registry] 
New type java.util.Vector<domain.Apuesta>

[2020-03-22 19:47:50 #6 type.registry] 
New type domain.Monedero

[2020-03-22 19:47:50 #7 type] 
Type domain.Apuesta is not enhanced.

[2020-03-22 19:47:50 #8 type] 
Type domain.Monedero is not enhanced.

[2020-03-22 19:47:50 #9 type.registry] 
New type domain.Question

[2020-03-22 19:47:50 #10 type] 
Type domain.Question is not enhanced.

[2020-03-22 19:47:50 #11 type.registry] 
New type domain.Pronostico

[2020-03-22 19:47:50 #12 type.registry] 
New type java.util.Vector<domain.Pronostico>

[2020-03-22 19:47:50 #13 type.registry] 
New type domain.Event

[2020-03-22 19:47:50 #14 type] 
Type domain.Pronostico is not enhanced.

[2020-03-22 19:47:50 #15 type] 
Type domain.Event is not enhanced.

[2020-03-22 19:47:50 #16 type.registry] 
New type java.util.Vector<domain.Question>

[2020-03-22 19:47:50 #17 type.registry] 
New type java.util.Vector<java.lang.Object>

------------------------------------------------------------------------------------------------------------------------

[2020-03-22 19:49:29 #1 store] 
Database '/Users/adriansanse/git/LPCIS/Bets/resources/bets.temp' is opened by 810@pc-1-128.customer.ask4.lan

[2020-03-22 19:49:29 #2 type.registry] 
New type domain.Usuario

[2020-03-22 19:49:29 #3 type] 
Type domain.Usuario is not enhanced.

[2020-03-22 19:49:29 #4 type.registry] 
New type domain.Apuesta

[2020-03-22 19:49:29 #5 type.registry] 
New type java.util.Vector<domain.Apuesta>

[2020-03-22 19:49:29 #6 type.registry] 
New type domain.Monedero

[2020-03-22 19:49:29 #7 type] 
Type domain.Apuesta is not enhanced.

[2020-03-22 19:49:29 #8 type] 
Type domain.Monedero is not enhanced.

[2020-03-22 19:49:29 #9 type.registry] 
New type domain.Question

[2020-03-22 19:49:29 #10 type] 
Type domain.Question is not enhanced.

[2020-03-22 19:49:29 #11 type.registry] 
New type domain.Pronostico

[2020-03-22 19:49:29 #12 type.registry] 
New type java.util.Vector<domain.Pronostico>

[2020-03-22 19:49:29 #13 type.registry] 
New type domain.Event

[2020-03-22 19:49:29 #14 type] 
Type domain.Pronostico is not enhanced.

[2020-03-22 19:49:29 #15 type] 
Type domain.Event is not enhanced.

[2020-03-22 19:49:29 #16 type.registry] 
New type java.util.Vector<domain.Question>

[2020-03-22 19:49:29 #17 type.registry] 
New type java.util.Vector<java.lang.Object>

------------------------------------------------------------------------------------------------------------------------

[2020-03-22 19:52:43 #1 store] 
Database '/Users/adriansanse/git/LPCIS/Bets/resources/bets.temp' is opened by 817@pc-1-128.customer.ask4.lan

[2020-03-22 19:52:43 #2 type.registry] 
New type domain.Usuario

[2020-03-22 19:52:43 #3 type] 
Type domain.Usuario is not enhanced.

[2020-03-22 19:52:43 #4 type.registry] 
New type domain.Apuesta

[2020-03-22 19:52:43 #5 type.registry] 
New type java.util.Vector<domain.Apuesta>

[2020-03-22 19:52:43 #6 type.registry] 
New type domain.Monedero

[2020-03-22 19:52:43 #7 type] 
Type domain.Apuesta is not enhanced.

[2020-03-22 19:52:43 #8 type] 
Type domain.Monedero is not enhanced.

[2020-03-22 19:52:43 #9 type.registry] 
New type domain.Question

[2020-03-22 19:52:43 #10 type] 
Type domain.Question is not enhanced.

[2020-03-22 19:52:43 #11 type.registry] 
New type domain.Pronostico

[2020-03-22 19:52:43 #12 type.registry] 
New type java.util.Vector<domain.Pronostico>

[2020-03-22 19:52:43 #13 type.registry] 
New type domain.Event

[2020-03-22 19:52:43 #14 type] 
Type domain.Pronostico is not enhanced.

[2020-03-22 19:52:43 #15 type] 
Type domain.Event is not enhanced.

[2020-03-22 19:52:43 #16 type.registry] 
New type java.util.Vector<domain.Question>

[2020-03-22 19:52:43 #17 type.registry] 
New type java.util.Vector<java.lang.Object>

------------------------------------------------------------------------------------------------------------------------

[2020-03-22 19:57:10 #1 store] 
Database '/Users/adriansanse/git/LPCIS/Bets/resources/bets.temp' is opened by 820@pc-1-128.customer.ask4.lan

[2020-03-22 19:57:10 #2 type.registry] 
New type domain.Usuario

[2020-03-22 19:57:10 #3 type] 
Type domain.Usuario is not enhanced.

[2020-03-22 19:57:10 #4 type.registry] 
New type domain.Apuesta

[2020-03-22 19:57:10 #5 type.registry] 
New type java.util.Vector<domain.Apuesta>

[2020-03-22 19:57:10 #6 type.registry] 
New type domain.Monedero

[2020-03-22 19:57:10 #7 type] 
Type domain.Apuesta is not enhanced.

[2020-03-22 19:57:10 #8 type] 
Type domain.Monedero is not enhanced.

[2020-03-22 19:57:10 #9 type.registry] 
New type domain.Question

[2020-03-22 19:57:10 #10 type] 
Type domain.Question is not enhanced.

[2020-03-22 19:57:10 #11 type.registry] 
New type domain.Pronostico

[2020-03-22 19:57:10 #12 type.registry] 
New type java.util.Vector<domain.Pronostico>

[2020-03-22 19:57:10 #13 type.registry] 
New type domain.Event

[2020-03-22 19:57:10 #14 type] 
Type domain.Pronostico is not enhanced.

[2020-03-22 19:57:10 #15 type] 
Type domain.Event is not enhanced.

[2020-03-22 19:57:10 #16 type.registry] 
New type java.util.Vector<domain.Question>

[2020-03-22 19:57:10 #17 type.registry] 
New type java.util.Vector<java.lang.Object>

------------------------------------------------------------------------------------------------------------------------

[2020-03-22 20:02:15 #1 store] 
Database 'C:\Users\marko\OneDrive\Documentos\GitHub\LPCIS\Bets\resources\bets.temp' is opened by 16528@Marcos

[2020-03-22 20:02:15 #2 type.registry] 
New type domain.Usuario

[2020-03-22 20:02:15 #3 type] 
Type domain.Usuario is not enhanced.

[2020-03-22 20:02:15 #4 type.registry] 
New type domain.Apuesta

[2020-03-22 20:02:15 #5 type.registry] 
New type java.util.Vector<domain.Apuesta>

[2020-03-22 20:02:15 #6 type.registry] 
New type domain.Monedero

[2020-03-22 20:02:15 #7 type] 
Type domain.Apuesta is not enhanced.

[2020-03-22 20:02:15 #8 type] 
Type domain.Monedero is not enhanced.

[2020-03-22 20:02:15 #9 type.registry] 
New type domain.Question

[2020-03-22 20:02:15 #10 type] 
Type domain.Question is not enhanced.

[2020-03-22 20:02:15 #11 type.registry] 
New type domain.Pronostico

[2020-03-22 20:02:15 #12 type.registry] 
New type java.util.Vector<domain.Pronostico>

[2020-03-22 20:02:15 #13 type.registry] 
New type domain.Event

[2020-03-22 20:02:15 #14 type] 
Type domain.Pronostico is not enhanced.

[2020-03-22 20:02:15 #15 type] 
Type domain.Event is not enhanced.

[2020-03-22 20:02:15 #16 type.registry] 
New type java.util.Vector<domain.Question>

[2020-03-22 20:02:15 #17 type.registry] 
New type java.util.Vector<java.lang.Object>

------------------------------------------------------------------------------------------------------------------------

[2020-03-22 20:02:25 #1 store] 
Database 'C:\Users\marko\OneDrive\Documentos\GitHub\LPCIS\Bets\resources\bets.temp' has been recovered (tr. 1-6)

[2020-03-22 20:02:25 #2 store] 
Database 'C:\Users\marko\OneDrive\Documentos\GitHub\LPCIS\Bets\resources\bets.temp' is opened by 9340@Marcos

[2020-03-22 20:02:25 #3 type] 
Type domain.Usuario is not enhanced.

[2020-03-22 20:02:25 #4 type] 
Type domain.Apuesta is not enhanced.

[2020-03-22 20:02:25 #5 type] 
Type domain.Monedero is not enhanced.

[2020-03-22 20:02:25 #6 type] 
Type domain.Question is not enhanced.

[2020-03-22 20:02:25 #7 type] 
Type domain.Pronostico is not enhanced.

[2020-03-22 20:02:25 #8 type] 
Type domain.Event is not enhanced.

------------------------------------------------------------------------------------------------------------------------

[2020-03-22 20:08:05 #1 store] 
Database 'C:\Users\marko\OneDrive\Documentos\GitHub\LPCIS\Bets\resources\bets.temp' has been recovered (tr. 7-12)

[2020-03-22 20:08:05 #2 store] 
Database 'C:\Users\marko\OneDrive\Documentos\GitHub\LPCIS\Bets\resources\bets.temp' is opened by 10664@Marcos

[2020-03-22 20:08:05 #3 type] 
Type domain.Usuario is not enhanced.

[2020-03-22 20:08:05 #4 type] 
Type domain.Apuesta is not enhanced.

[2020-03-22 20:08:05 #5 type] 
Type domain.Monedero is not enhanced.

[2020-03-22 20:08:05 #6 type] 
Type domain.Question is not enhanced.

[2020-03-22 20:08:05 #7 type] 
Type domain.Pronostico is not enhanced.

[2020-03-22 20:08:05 #8 type] 
Type domain.Event is not enhanced.

