------------------------------------------------------------------------------------------------------------------------

[2020-03-24 14:44:58 #1 store] 
Database 'C:\Users\marko\OneDrive\Documentos\GitHub\LPCIS\Bets\resources\bets.temp' is opened by 11368@Marcos

[2020-03-24 14:44:58 #2 type] 
Type domain.Usuario is not enhanced.

[2020-03-24 14:44:58 #3 type] 
Type domain.Apuesta is not enhanced.

[2020-03-24 14:44:58 #4 type] 
Type domain.Monedero is not enhanced.

[2020-03-24 14:44:58 #5 type] 
Type domain.Question is not enhanced.

[2020-03-24 14:44:58 #6 type] 
Type domain.Pronostico is not enhanced.

[2020-03-24 14:44:58 #7 type] 
Type domain.Event is not enhanced.

------------------------------------------------------------------------------------------------------------------------

[2020-03-24 15:21:18 #1 store] 
Database 'C:\Users\marko\OneDrive\Documentos\GitHub\LPCIS\Bets\resources\bets.temp' is opened by 1416@Marcos

[2020-03-24 15:21:18 #2 type] 
Type domain.Usuario is not enhanced.

[2020-03-24 15:21:18 #3 type] 
Type domain.Apuesta is not enhanced.

[2020-03-24 15:21:18 #4 type] 
Type domain.Monedero is not enhanced.

[2020-03-24 15:21:18 #5 type] 
Type domain.Question is not enhanced.

[2020-03-24 15:21:18 #6 type] 
Type domain.Pronostico is not enhanced.

[2020-03-24 15:21:18 #7 type] 
Type domain.Event is not enhanced.

------------------------------------------------------------------------------------------------------------------------

[2020-03-24 15:24:52 #1 store] 
Database 'C:\Users\marko\OneDrive\Documentos\GitHub\LPCIS\Bets\resources\bets.temp' is opened by 308@Marcos

[2020-03-24 15:24:52 #2 type] 
Type domain.Usuario is not enhanced.

[2020-03-24 15:24:52 #3 type] 
Type domain.Apuesta is not enhanced.

[2020-03-24 15:24:52 #4 type] 
Type domain.Monedero is not enhanced.

[2020-03-24 15:24:52 #5 type] 
Type domain.Question is not enhanced.

[2020-03-24 15:24:52 #6 type] 
Type domain.Pronostico is not enhanced.

[2020-03-24 15:24:52 #7 type] 
Type domain.Event is not enhanced.

------------------------------------------------------------------------------------------------------------------------

[2020-03-24 15:27:06 #1 store] 
Database 'C:\Users\marko\OneDrive\Documentos\GitHub\LPCIS\Bets\resources\bets.temp' is opened by 10156@Marcos

[2020-03-24 15:27:06 #2 type] 
Type domain.Usuario is not enhanced.

[2020-03-24 15:27:06 #3 type] 
Type domain.Apuesta is not enhanced.

[2020-03-24 15:27:06 #4 type] 
Type domain.Monedero is not enhanced.

[2020-03-24 15:27:06 #5 type] 
Type domain.Question is not enhanced.

[2020-03-24 15:27:06 #6 type] 
Type domain.Pronostico is not enhanced.

[2020-03-24 15:27:06 #7 type] 
Type domain.Event is not enhanced.

------------------------------------------------------------------------------------------------------------------------

[2020-03-24 15:34:11 #1 store] 
Database 'C:\Users\marko\OneDrive\Documentos\GitHub\LPCIS\Bets\resources\bets.temp' is opened by 4792@Marcos

[2020-03-24 15:34:11 #2 type] 
Type domain.Usuario is not enhanced.

[2020-03-24 15:34:11 #3 type] 
Type domain.Apuesta is not enhanced.

[2020-03-24 15:34:11 #4 type] 
Type domain.Monedero is not enhanced.

[2020-03-24 15:34:11 #5 type] 
Type domain.Question is not enhanced.

[2020-03-24 15:34:11 #6 type] 
Type domain.Pronostico is not enhanced.

[2020-03-24 15:34:11 #7 type] 
Type domain.Event is not enhanced.

------------------------------------------------------------------------------------------------------------------------

[2020-03-24 15:44:28 #1 store] 
Database 'C:\Users\marko\OneDrive\Documentos\GitHub\LPCIS\Bets\resources\bets.temp' is opened by 5576@Marcos

[2020-03-24 15:44:29 #2 type] 
Type domain.Usuario is not enhanced.

[2020-03-24 15:44:29 #3 type] 
Type domain.Apuesta is not enhanced.

[2020-03-24 15:44:29 #4 type] 
Type domain.Monedero is not enhanced.

[2020-03-24 15:44:29 #5 type] 
Type domain.Question is not enhanced.

[2020-03-24 15:44:29 #6 type] 
Type domain.Pronostico is not enhanced.

[2020-03-24 15:44:29 #7 type] 
Type domain.Event is not enhanced.

------------------------------------------------------------------------------------------------------------------------

[2020-03-24 15:44:44 #1 store] 
Database 'C:\Users\marko\OneDrive\Documentos\GitHub\LPCIS\Bets\resources\bets.temp' is opened by 8260@Marcos

[2020-03-24 15:44:44 #2 type] 
Type domain.Usuario is not enhanced.

[2020-03-24 15:44:44 #3 type] 
Type domain.Apuesta is not enhanced.

[2020-03-24 15:44:44 #4 type] 
Type domain.Monedero is not enhanced.

[2020-03-24 15:44:44 #5 type] 
Type domain.Question is not enhanced.

[2020-03-24 15:44:44 #6 type] 
Type domain.Pronostico is not enhanced.

[2020-03-24 15:44:44 #7 type] 
Type domain.Event is not enhanced.

------------------------------------------------------------------------------------------------------------------------

[2020-03-24 15:57:26 #1 store] 
Database 'C:\Users\marko\OneDrive\Documentos\GitHub\LPCIS\Bets\resources\bets.temp' is opened by 10444@Marcos

[2020-03-24 15:57:27 #2 type] 
Type domain.Usuario is not enhanced.

[2020-03-24 15:57:27 #3 type] 
Type domain.Apuesta is not enhanced.

[2020-03-24 15:57:27 #4 type] 
Type domain.Monedero is not enhanced.

[2020-03-24 15:57:27 #5 type] 
Type domain.Question is not enhanced.

[2020-03-24 15:57:27 #6 type] 
Type domain.Pronostico is not enhanced.

[2020-03-24 15:57:27 #7 type] 
Type domain.Event is not enhanced.

------------------------------------------------------------------------------------------------------------------------

[2020-03-24 16:01:39 #1 store] 
Database 'C:\Users\marko\OneDrive\Documentos\GitHub\LPCIS\Bets\resources\bets.temp' is opened by 11364@Marcos

[2020-03-24 16:01:39 #2 type] 
Type domain.Usuario is not enhanced.

[2020-03-24 16:01:39 #3 type] 
Type domain.Apuesta is not enhanced.

[2020-03-24 16:01:39 #4 type] 
Type domain.Monedero is not enhanced.

[2020-03-24 16:01:39 #5 type] 
Type domain.Question is not enhanced.

[2020-03-24 16:01:39 #6 type] 
Type domain.Pronostico is not enhanced.

[2020-03-24 16:01:39 #7 type] 
Type domain.Event is not enhanced.

------------------------------------------------------------------------------------------------------------------------

[2020-03-24 16:15:04 #1 store] 
Database 'C:\Users\marko\OneDrive\Documentos\GitHub\LPCIS\Bets\resources\bets.temp' is opened by 1492@Marcos

[2020-03-24 16:15:04 #2 type] 
Type domain.Usuario is not enhanced.

[2020-03-24 16:15:04 #3 type] 
Type domain.Apuesta is not enhanced.

[2020-03-24 16:15:04 #4 type] 
Type domain.Monedero is not enhanced.

[2020-03-24 16:15:04 #5 type] 
Type domain.Question is not enhanced.

[2020-03-24 16:15:04 #6 type] 
Type domain.Pronostico is not enhanced.

[2020-03-24 16:15:04 #7 type] 
Type domain.Event is not enhanced.

------------------------------------------------------------------------------------------------------------------------

[2020-03-24 16:19:13 #1 store] 
Database 'C:\Users\marko\OneDrive\Documentos\GitHub\LPCIS\Bets\resources\bets.temp' is opened by 11552@Marcos

[2020-03-24 16:19:13 #2 type] 
Type domain.Usuario is not enhanced.

[2020-03-24 16:19:13 #3 type] 
Type domain.Apuesta is not enhanced.

[2020-03-24 16:19:13 #4 type] 
Type domain.Monedero is not enhanced.

[2020-03-24 16:19:13 #5 type] 
Type domain.Question is not enhanced.

[2020-03-24 16:19:13 #6 type] 
Type domain.Pronostico is not enhanced.

[2020-03-24 16:19:13 #7 type] 
Type domain.Event is not enhanced.

------------------------------------------------------------------------------------------------------------------------

[2020-03-24 16:20:47 #1 store] 
Database 'C:\Users\marko\OneDrive\Documentos\GitHub\LPCIS\Bets\resources\bets.temp' is opened by 11368@Marcos

[2020-03-24 16:20:47 #2 type] 
Type domain.Usuario is not enhanced.

[2020-03-24 16:20:47 #3 type] 
Type domain.Apuesta is not enhanced.

[2020-03-24 16:20:47 #4 type] 
Type domain.Monedero is not enhanced.

[2020-03-24 16:20:47 #5 type] 
Type domain.Question is not enhanced.

[2020-03-24 16:20:47 #6 type] 
Type domain.Pronostico is not enhanced.

[2020-03-24 16:20:47 #7 type] 
Type domain.Event is not enhanced.

------------------------------------------------------------------------------------------------------------------------

[2020-03-24 16:30:33 #1 store] 
Database 'C:\Users\marko\OneDrive\Documentos\GitHub\LPCIS\Bets\resources\bets.temp' is opened by 3548@Marcos

[2020-03-24 16:30:33 #2 type] 
Type domain.Usuario is not enhanced.

[2020-03-24 16:30:33 #3 type] 
Type domain.Apuesta is not enhanced.

[2020-03-24 16:30:33 #4 type] 
Type domain.Monedero is not enhanced.

[2020-03-24 16:30:33 #5 type] 
Type domain.Question is not enhanced.

[2020-03-24 16:30:33 #6 type] 
Type domain.Pronostico is not enhanced.

[2020-03-24 16:30:33 #7 type] 
Type domain.Event is not enhanced.

------------------------------------------------------------------------------------------------------------------------

[2020-03-24 16:33:10 #1 store] 
Database 'C:\Users\marko\OneDrive\Documentos\GitHub\LPCIS\Bets\resources\bets.temp' is opened by 16392@Marcos

[2020-03-24 16:33:10 #2 type] 
Type domain.Usuario is not enhanced.

[2020-03-24 16:33:10 #3 type] 
Type domain.Apuesta is not enhanced.

[2020-03-24 16:33:10 #4 type] 
Type domain.Monedero is not enhanced.

[2020-03-24 16:33:10 #5 type] 
Type domain.Question is not enhanced.

[2020-03-24 16:33:10 #6 type] 
Type domain.Pronostico is not enhanced.

[2020-03-24 16:33:10 #7 type] 
Type domain.Event is not enhanced.

------------------------------------------------------------------------------------------------------------------------

[2020-03-24 16:34:55 #1 store] 
Database 'C:\Users\marko\OneDrive\Documentos\GitHub\LPCIS\Bets\resources\bets.temp' is opened by 3960@Marcos

[2020-03-24 16:34:55 #2 type] 
Type domain.Usuario is not enhanced.

[2020-03-24 16:34:55 #3 type] 
Type domain.Apuesta is not enhanced.

[2020-03-24 16:34:55 #4 type] 
Type domain.Monedero is not enhanced.

[2020-03-24 16:34:55 #5 type] 
Type domain.Question is not enhanced.

[2020-03-24 16:34:55 #6 type] 
Type domain.Pronostico is not enhanced.

[2020-03-24 16:34:55 #7 type] 
Type domain.Event is not enhanced.

------------------------------------------------------------------------------------------------------------------------

[2020-03-24 16:38:08 #1 store] 
Database 'C:\Users\marko\OneDrive\Documentos\GitHub\LPCIS\Bets\resources\bets.temp' is opened by 12784@Marcos

[2020-03-24 16:38:08 #2 type] 
Type domain.Usuario is not enhanced.

[2020-03-24 16:38:08 #3 type] 
Type domain.Apuesta is not enhanced.

[2020-03-24 16:38:08 #4 type] 
Type domain.Monedero is not enhanced.

[2020-03-24 16:38:08 #5 type] 
Type domain.Question is not enhanced.

[2020-03-24 16:38:08 #6 type] 
Type domain.Pronostico is not enhanced.

[2020-03-24 16:38:08 #7 type] 
Type domain.Event is not enhanced.

------------------------------------------------------------------------------------------------------------------------

[2020-03-24 16:40:25 #1 store] 
Database 'C:\Users\marko\OneDrive\Documentos\GitHub\LPCIS\Bets\resources\bets.temp' is opened by 15608@Marcos

[2020-03-24 16:40:25 #2 type] 
Type domain.Usuario is not enhanced.

[2020-03-24 16:40:25 #3 type] 
Type domain.Apuesta is not enhanced.

[2020-03-24 16:40:25 #4 type] 
Type domain.Monedero is not enhanced.

[2020-03-24 16:40:25 #5 type] 
Type domain.Question is not enhanced.

[2020-03-24 16:40:25 #6 type] 
Type domain.Pronostico is not enhanced.

[2020-03-24 16:40:25 #7 type] 
Type domain.Event is not enhanced.

------------------------------------------------------------------------------------------------------------------------

[2020-03-24 16:42:40 #1 store] 
Database 'C:\Users\marko\OneDrive\Documentos\GitHub\LPCIS\Bets\resources\bets.temp' is opened by 5104@Marcos

[2020-03-24 16:42:40 #2 type] 
Type domain.Usuario is not enhanced.

[2020-03-24 16:42:40 #3 type] 
Type domain.Apuesta is not enhanced.

[2020-03-24 16:42:40 #4 type] 
Type domain.Monedero is not enhanced.

[2020-03-24 16:42:40 #5 type] 
Type domain.Question is not enhanced.

[2020-03-24 16:42:40 #6 type] 
Type domain.Pronostico is not enhanced.

[2020-03-24 16:42:40 #7 type] 
Type domain.Event is not enhanced.

------------------------------------------------------------------------------------------------------------------------

[2020-03-24 20:53:42 #1 store] 
Database 'C:\Users\marko\OneDrive\Documentos\GitHub\LPCIS\Bets\resources\bets.temp' has been recovered (tr. 16-18)

[2020-03-24 20:53:42 #2 store] 
Database 'C:\Users\marko\OneDrive\Documentos\GitHub\LPCIS\Bets\resources\bets.temp' is opened by 18052@Marcos

[2020-03-24 20:53:42 #3 type] 
Type domain.Usuario is not enhanced.

[2020-03-24 20:53:42 #4 type] 
Type domain.Apuesta is not enhanced.

[2020-03-24 20:53:42 #5 type] 
Type domain.Monedero is not enhanced.

[2020-03-24 20:53:42 #6 type] 
Type domain.Question is not enhanced.

[2020-03-24 20:53:42 #7 type] 
Type domain.Pronostico is not enhanced.

[2020-03-24 20:53:42 #8 type] 
Type domain.Event is not enhanced.

------------------------------------------------------------------------------------------------------------------------

[2020-03-24 20:54:06 #1 store] 
Database 'C:\Users\marko\OneDrive\Documentos\GitHub\LPCIS\Bets\resources\bets.temp' is opened by 11372@Marcos

[2020-03-24 20:54:07 #2 type.registry] 
New type domain.Usuario

[2020-03-24 20:54:07 #3 type] 
Type domain.Usuario is not enhanced.

[2020-03-24 20:54:07 #4 type.registry] 
New type domain.Apuesta

[2020-03-24 20:54:07 #5 type.registry] 
New type java.util.Vector<domain.Apuesta>

[2020-03-24 20:54:07 #6 type.registry] 
New type domain.Monedero

[2020-03-24 20:54:07 #7 type] 
Type domain.Apuesta is not enhanced.

[2020-03-24 20:54:07 #8 type] 
Type domain.Monedero is not enhanced.

[2020-03-24 20:54:07 #9 type.registry] 
New type domain.Question

[2020-03-24 20:54:07 #10 type] 
Type domain.Question is not enhanced.

[2020-03-24 20:54:07 #11 type.registry] 
New type domain.Pronostico

[2020-03-24 20:54:07 #12 type.registry] 
New type java.util.Vector<domain.Pronostico>

[2020-03-24 20:54:07 #13 type.registry] 
New type domain.Event

[2020-03-24 20:54:07 #14 type] 
Type domain.Pronostico is not enhanced.

[2020-03-24 20:54:07 #15 type] 
Type domain.Event is not enhanced.

[2020-03-24 20:54:07 #16 type.registry] 
New type java.util.Vector<domain.Question>

[2020-03-24 20:54:07 #17 type.registry] 
New type java.util.Vector<java.lang.Object>

------------------------------------------------------------------------------------------------------------------------

[2020-03-24 21:23:58 #1 store] 
Database 'C:\Users\marko\OneDrive\Documentos\GitHub\LPCIS\Bets\resources\bets.temp' has been recovered (tr. 1-6)

[2020-03-24 21:23:58 #2 store] 
Database 'C:\Users\marko\OneDrive\Documentos\GitHub\LPCIS\Bets\resources\bets.temp' is opened by 8692@Marcos

[2020-03-24 21:23:58 #3 type] 
Type domain.Usuario is not enhanced.

[2020-03-24 21:23:58 #4 type] 
Type domain.Apuesta is not enhanced.

[2020-03-24 21:23:58 #5 type] 
Type domain.Monedero is not enhanced.

[2020-03-24 21:23:58 #6 type] 
Type domain.Question is not enhanced.

[2020-03-24 21:23:58 #7 type] 
Type domain.Pronostico is not enhanced.

[2020-03-24 21:23:58 #8 type] 
Type domain.Event is not enhanced.

------------------------------------------------------------------------------------------------------------------------

[2020-03-24 21:24:12 #1 store] 
Database 'C:\Users\marko\OneDrive\Documentos\GitHub\LPCIS\Bets\resources\bets.temp' is opened by 15064@Marcos

[2020-03-24 21:24:12 #2 type] 
Type domain.Usuario is not enhanced.

[2020-03-24 21:24:12 #3 type] 
Type domain.Apuesta is not enhanced.

[2020-03-24 21:24:12 #4 type] 
Type domain.Monedero is not enhanced.

[2020-03-24 21:24:12 #5 type] 
Type domain.Question is not enhanced.

[2020-03-24 21:24:12 #6 type] 
Type domain.Pronostico is not enhanced.

[2020-03-24 21:24:12 #7 type] 
Type domain.Event is not enhanced.

------------------------------------------------------------------------------------------------------------------------

[2020-03-24 21:27:14 #1 store] 
Database 'C:\Users\marko\OneDrive\Documentos\GitHub\LPCIS\Bets\resources\bets.temp' has been recovered (tr. 7-13)

[2020-03-24 21:27:14 #2 store] 
Database 'C:\Users\marko\OneDrive\Documentos\GitHub\LPCIS\Bets\resources\bets.temp' is opened by 1188@Marcos

[2020-03-24 21:27:14 #3 type] 
Type domain.Usuario is not enhanced.

[2020-03-24 21:27:14 #4 type] 
Type domain.Apuesta is not enhanced.

[2020-03-24 21:27:14 #5 type] 
Type domain.Monedero is not enhanced.

[2020-03-24 21:27:14 #6 type] 
Type domain.Question is not enhanced.

[2020-03-24 21:27:14 #7 type] 
Type domain.Pronostico is not enhanced.

[2020-03-24 21:27:14 #8 type] 
Type domain.Event is not enhanced.

------------------------------------------------------------------------------------------------------------------------

[2020-03-24 21:28:26 #1 store] 
Database 'C:\Users\marko\OneDrive\Documentos\GitHub\LPCIS\Bets\resources\bets.temp' has been recovered (tr. 14-14)

[2020-03-24 21:28:26 #2 store] 
Database 'C:\Users\marko\OneDrive\Documentos\GitHub\LPCIS\Bets\resources\bets.temp' is opened by 11364@Marcos

[2020-03-24 21:28:26 #3 type] 
Type domain.Usuario is not enhanced.

[2020-03-24 21:28:26 #4 type] 
Type domain.Apuesta is not enhanced.

[2020-03-24 21:28:26 #5 type] 
Type domain.Monedero is not enhanced.

[2020-03-24 21:28:26 #6 type] 
Type domain.Question is not enhanced.

[2020-03-24 21:28:26 #7 type] 
Type domain.Pronostico is not enhanced.

[2020-03-24 21:28:26 #8 type] 
Type domain.Event is not enhanced.

------------------------------------------------------------------------------------------------------------------------

[2020-03-24 21:31:59 #1 store] 
Database 'C:\Users\marko\OneDrive\Documentos\GitHub\LPCIS\Bets\resources\bets.temp' has been recovered (tr. 15-15)

[2020-03-24 21:31:59 #2 store] 
Database 'C:\Users\marko\OneDrive\Documentos\GitHub\LPCIS\Bets\resources\bets.temp' is opened by 19400@Marcos

[2020-03-24 21:31:59 #3 type] 
Type domain.Usuario is not enhanced.

[2020-03-24 21:31:59 #4 type] 
Type domain.Apuesta is not enhanced.

[2020-03-24 21:31:59 #5 type] 
Type domain.Monedero is not enhanced.

[2020-03-24 21:31:59 #6 type] 
Type domain.Question is not enhanced.

[2020-03-24 21:31:59 #7 type] 
Type domain.Pronostico is not enhanced.

[2020-03-24 21:31:59 #8 type] 
Type domain.Event is not enhanced.

